ERROR: ld.so: object '/home/rsaravan/chipyard/.conda-env/lib/libstdc++.so.6' from LD_PRELOAD cannot be preloaded (wrong ELF class: ELFCLASS64): ignored.
testing $random aa374254
== Loading device model file '/home/rsaravan/chipyard/generators/testchipip/src/main/resources/dramsim2_ini/DDR3_micron_64M_8B_x4_sg15.ini' == 
== Loading system model file '/home/rsaravan/chipyard/generators/testchipip/src/main/resources/dramsim2_ini/system.ini' == 
===== MemorySystem 0 =====
CH. 0 TOTAL_STORAGE : 4096MB | 1 Ranks | 16 Devices per rank
DRAMSim2 Clock Frequency =666666666Hz, CPU Clock Frequency=500000000Hz
C0:         19 [1] pc=[0000000000010040] W[r10=0000000000010040][1] R[r 0=0000000000000000] R[r 0=0000000000000000] inst=[00000517] auipc   a0, 0x0
C0:         20 [1] pc=[0000000000010044] W[r10=0000000000010000][1] R[r10=0000000000010040] R[r 0=0000000000000000] inst=[fc050513] addi    a0, a0, -64
C0:         21 [1] pc=[0000000000010048] W[r 0=0000000000000000][1] R[r10=0000000000010000] R[r 0=0000000000000000] inst=[30551073] csrw    mtvec, a0
C0:         26 [1] pc=[000000000001004c] W[r 5=800000000094112d][1] R[r 0=0000000000000000] R[r 0=0000000000000000] inst=[301022f3] csrr    t0, misa
C0:         29 [1] pc=[0000000000010050] W[r 5=ffffe00000000025][1] R[r 5=800000000094112d] R[r 0=0000000000000000] inst=[4122d293] srai    t0, t0, 18
C0:         30 [1] pc=[0000000000010054] W[r 5=0000000000000001][1] R[r 5=ffffe00000000025] R[r 0=0000000000000000] inst=[0012f293] andi    t0, t0, 1
C0:         31 [1] pc=[0000000000010058] W[r 0=0000000000000000][0] R[r 5=0000000000000001] R[r 0=0000000000000000] inst=[00028463] beqz    t0, pc + 8
C0:         32 [1] pc=[000000000001005c] W[r 0=0000000000000202][1] R[r 0=0000000000000000] R[r 0=0000000000000000] inst=[30301073] csrw    mideleg, zero
C0:         37 [1] pc=[0000000000010060] W[r10=0000000000000008][1] R[r 0=0000000000000000] R[r 0=0000000000000000] inst=[00800513] li      a0, 8
C0:         38 [1] pc=[0000000000010064] W[r 0=0021820f436e91f8][1] R[r10=0000000000000008] R[r 0=0000000000000000] inst=[30451073] csrw    mie, a0
C0:         43 [1] pc=[0000000000010068] W[r 0=0000000a00001800][1] R[r10=0000000000000008] R[r 0=0000000000000000] inst=[30052073] csrs    mstatus, a0
C0:         48 [1] pc=[000000000001006c] W[r 0=0000000000000000][0] R[r 0=0000000000000000] R[r 0=0000000000000000] inst=[10500073] wfi
C0:         51 [0] pc=[0000000000010070] W[r 0=0000000000000000][0] R[r31=0000000000000008] R[r 0=0000000000000000] inst=[ffdff06f] j       pc - 0x4
C0:         70 [1] pc=[0000000000010000] W[r11=0000000002000000][1] R[r 0=0000000000000000] R[r 0=0000000000000000] inst=[020005b7] lui     a1, 0x2000
C0:         71 [1] pc=[0000000000010004] W[r10=0000000000000000][1] R[r 0=0000000000000000] R[r 0=0000000000000000] inst=[f1402573] csrr    a0, mhartid
C0:         74 [1] pc=[0000000000010008] W[r 0=0000000000000000][0] R[r10=0000000000000000] R[r 0=0000000000000000] inst=[00050463] beqz    a0, pc + 8
C0:         78 [1] pc=[0000000000010010] W[r12=0000000002000004][1] R[r11=0000000002000000] R[r 0=0000000000000000] inst=[00458613] addi    a2, a1, 4
C0:         79 [1] pc=[0000000000010014] W[r13=0000000000000001][1] R[r 0=0000000000000000] R[r 0=0000000000000000] inst=[00100693] li      a3, 1
C0:         80 [1] pc=[0000000000010018] W[r 0=0000000000000000][0] R[r12=0000000002000004] R[r13=0000000000000001] inst=[00d62023] sw      a3, 0(a2)
C0:         81 [1] pc=[000000000001001c] W[r12=0000000002000008][1] R[r12=0000000002000004] R[r 0=0000000000000000] inst=[00460613] addi    a2, a2, 4
C0:         87 [1] pc=[0000000000010020] W[r13=0000000000000000][0] R[r12=0000000002000008] R[r 0=0000000000000000] inst=[ffc62683] lw      a3, -4(a2)
C0:         95 [1] pc=[0000000000010024] W[r 0=0000000000000000][0] R[r13=0000000000000000] R[r 0=0000000000000000] inst=[fe069ae3] bnez    a3, pc - 12
C0:         96 [1] pc=[0000000000010028] W[r 0=000000000001002c][1] R[r 0=0000000000000000] R[r 0=0000000000000000] inst=[06c0006f] j       pc + 0x6c
C0:        116 [1] pc=[0000000000010094] W[r 0=0000000000000000][0] R[r11=0000000002000000] R[r 0=0000000000000000] inst=[0005a023] sw      zero, 0(a1)
C0:        117 [1] pc=[0000000000010098] W[r10=0000000000004000][1] R[r 0=0000000000000000] R[r 0=0000000000000000] inst=[00004537] lui     a0, 0x4
C0:        123 [1] pc=[000000000001009c] W[r10=0000000000000000][0] R[r10=0000000000004000] R[r 0=0000000000000000] inst=[00053503] ld      a0, 0(a0)
C0:        135 [1] pc=[00000000000100a0] W[r 0=0000000000010070][1] R[r10=0000000080000000] R[r 0=0000000000000000] inst=[34151073] csrw    mepc, a0
C0:        136 [1] pc=[00000000000100a4] W[r10=0000000000000000][1] R[r 0=0000000000000000] R[r 0=0000000000000000] inst=[f1402573] csrr    a0, mhartid
C0:        137 [1] pc=[00000000000100a8] W[r11=00000000000100a8][1] R[r 0=0000000000000000] R[r 0=0000000000000000] inst=[00000597] auipc   a1, 0x0
C0:        138 [1] pc=[00000000000100ac] W[r11=00000000000100c0][1] R[r11=00000000000100a8] R[r 0=0000000000000000] inst=[01858593] addi    a1, a1, 24
C0:        139 [1] pc=[00000000000100b0] W[r12=0000000000000080][1] R[r 0=0000000000000000] R[r 0=0000000000000000] inst=[08000613] li      a2, 128
C0:        140 [1] pc=[00000000000100b4] W[r 0=0000000a00001880][1] R[r12=0000000000000080] R[r 0=0000000000000000] inst=[30063073] csrc    mstatus, a2
C0:        145 [1] pc=[00000000000100b8] W[r 0=0000000000000000][0] R[r 0=0000000000000000] R[r 0=0000000000000000] inst=[30200073] mret
C0:        166 [1] pc=[0000000080000000] W[r31=0000000080010000][1] R[r 0=0000000000000000] R[r 0=0000000000000000] inst=[00010f97] auipc   t6, 0x10
C0:        167 [1] pc=[0000000080000004] W[r31=0000000080010000][1] R[r31=0000000080010000] R[r 0=0000000000000000] inst=[000f8f93] mv      t6, t6
C0:        212 [1] pc=[0000000080000008] W[r 1=cf5787ae67b88d47][1] R[r31=0000000080010000] R[r 0=0000000000000000] inst=[000fb083] ld      ra, 0(t6)
C0:        213 [1] pc=[000000008000000c] W[r 2=a226ac0809234618][1] R[r31=0000000080010000] R[r 0=0000000000000000] inst=[008fb103] ld      sp, 8(t6)
C0:        214 [1] pc=[0000000080000010] W[r 3=a224b1edbccaf5c8][1] R[r31=0000000080010000] R[r 0=0000000000000000] inst=[010fb183] ld      gp, 16(t6)
C0:        215 [1] pc=[0000000080000014] W[r 4=ad88733310274840][1] R[r31=0000000080010000] R[r 0=0000000000000000] inst=[018fb203] ld      tp, 24(t6)
C0:        216 [1] pc=[0000000080000018] W[r 5=90a8d39e9767c0be][1] R[r31=0000000080010000] R[r 0=0000000000000000] inst=[020fb283] ld      t0, 32(t6)
C0:        217 [1] pc=[000000008000001c] W[r 6=c3fa5066c4a2adec][1] R[r31=0000000080010000] R[r 0=0000000000000000] inst=[028fb303] ld      t1, 40(t6)
C0:        218 [1] pc=[0000000080000020] W[r 7=7db5a7c3e8c78ea5][1] R[r31=0000000080010000] R[r 0=0000000000000000] inst=[030fb383] ld      t2, 48(t6)
C0:        219 [1] pc=[0000000080000024] W[r 8=74ea93c7c646648d][1] R[r31=0000000080010000] R[r 0=0000000000000000] inst=[038fb403] ld      s0, 56(t6)
C0:        265 [1] pc=[0000000080000028] W[r 9=56a4cf0cf30216da][1] R[r31=0000000080010000] R[r 0=0000000000000000] inst=[040fb483] ld      s1, 64(t6)
C0:        266 [1] pc=[000000008000002c] W[r10=8f2434de56720a5f][1] R[r31=0000000080010000] R[r 0=0000000000000000] inst=[048fb503] ld      a0, 72(t6)
C0:        267 [1] pc=[0000000080000030] W[r11=3875c34903104f5e][1] R[r31=0000000080010000] R[r 0=0000000000000000] inst=[050fb583] ld      a1, 80(t6)
C0:        268 [1] pc=[0000000080000034] W[r12=dfe0aec0354a1c6c][1] R[r31=0000000080010000] R[r 0=0000000000000000] inst=[058fb603] ld      a2, 88(t6)
C0:        269 [1] pc=[0000000080000038] W[r13=763a11f068bf4b60][1] R[r31=0000000080010000] R[r 0=0000000000000000] inst=[060fb683] ld      a3, 96(t6)
C0:        270 [1] pc=[000000008000003c] W[r14=2568700922189739][1] R[r31=0000000080010000] R[r 0=0000000000000000] inst=[068fb703] ld      a4, 104(t6)
C0:        320 [1] pc=[0000000080000040] W[r15=2a97ccd3885e3d3c][1] R[r31=0000000080010000] R[r 0=0000000000000000] inst=[070fb783] ld      a5, 112(t6)
C0:        321 [1] pc=[0000000080000044] W[r16=2916419eae0f3d58][1] R[r31=0000000080010000] R[r 0=0000000000000000] inst=[078fb803] ld      a6, 120(t6)
C0:        367 [1] pc=[0000000080000048] W[r17=0cc12165c08f20f0][1] R[r31=0000000080010000] R[r 0=0000000000000000] inst=[080fb883] ld      a7, 128(t6)
C0:        368 [1] pc=[000000008000004c] W[r18=f07cce8f7b55b702][1] R[r31=0000000080010000] R[r 0=0000000000000000] inst=[088fb903] ld      s2, 136(t6)
C0:        369 [1] pc=[0000000080000050] W[r19=0600ff0e74ddcffb][1] R[r31=0000000080010000] R[r 0=0000000000000000] inst=[090fb983] ld      s3, 144(t6)
C0:        370 [1] pc=[0000000080000054] W[r20=ed13803799aa37e5][1] R[r31=0000000080010000] R[r 0=0000000000000000] inst=[098fba03] ld      s4, 152(t6)
C0:        371 [1] pc=[0000000080000058] W[r21=b56ba77dc4b962f1][1] R[r31=0000000080010000] R[r 0=0000000000000000] inst=[0a0fba83] ld      s5, 160(t6)
C0:        372 [1] pc=[000000008000005c] W[r22=3e0771249b59cad7][1] R[r31=0000000080010000] R[r 0=0000000000000000] inst=[0a8fbb03] ld      s6, 168(t6)
C0:        373 [1] pc=[0000000080000060] W[r23=4ae644bbac64d50b][1] R[r31=0000000080010000] R[r 0=0000000000000000] inst=[0b0fbb83] ld      s7, 176(t6)
C0:        374 [1] pc=[0000000080000064] W[r24=e28bf08ccca86021][1] R[r31=0000000080010000] R[r 0=0000000000000000] inst=[0b8fbc03] ld      s8, 184(t6)
C0:        391 [1] pc=[0000000080000068] W[r25=1fa6d1885749bad0][1] R[r31=0000000080010000] R[r 0=0000000000000000] inst=[0c0fbc83] ld      s9, 192(t6)
C0:        392 [1] pc=[000000008000006c] W[r26=ffd41bcab8025a33][1] R[r31=0000000080010000] R[r 0=0000000000000000] inst=[0c8fbd03] ld      s10, 200(t6)
C0:        393 [1] pc=[0000000080000070] W[r27=24a84a540d2692a8][1] R[r31=0000000080010000] R[r 0=0000000000000000] inst=[0d0fbd83] ld      s11, 208(t6)
C0:        394 [1] pc=[0000000080000074] W[r28=eb0a5a434682b2bd][1] R[r31=0000000080010000] R[r 0=0000000000000000] inst=[0d8fbe03] ld      t3, 216(t6)
C0:        395 [1] pc=[0000000080000078] W[r29=e7ed846d1670bbb7][1] R[r31=0000000080010000] R[r 0=0000000000000000] inst=[0e0fbe83] ld      t4, 224(t6)
C0:        396 [1] pc=[000000008000007c] W[r30=ea80f519a9726291][1] R[r31=0000000080010000] R[r 0=0000000000000000] inst=[0e8fbf03] ld      t5, 232(t6)
C0:        418 [1] pc=[0000000080000080] W[r31=333ae616c8858fbf][1] R[r31=0000000080010000] R[r 0=0000000000000000] inst=[0f0fbf83] ld      t6, 240(t6)
C0:        419 [1] pc=[0000000080000084] W[r 0=0000000080000088][1] R[r 0=0000000000000000] R[r 0=0000000000000000] inst=[2f80006f] j       pc + 0x2f8
C0:        442 [1] pc=[000000008000037c] W[r 0=0000000a00000080][1] R[r 0=0000000000000000] R[r 0=0000000000000000] inst=[30005073] csrwi   mstatus, 0
C0:        459 [1] pc=[0000000080000380] W[r10=0000000000000000][1] R[r 0=0000000000000000] R[r 0=0000000000000000] inst=[f1402573] csrr    a0, mhartid
C0:        462 [1] pc=[0000000080000384] W[r 0=0000000000000000][0] R[r10=0000000000000000] R[r 0=0000000000000000] inst=[00051063] bnez    a0, pc + 0
C0:        463 [1] pc=[0000000080000388] W[r 5=0000000080000388][1] R[r 0=0000000000000000] R[r 0=0000000000000000] inst=[00000297] auipc   t0, 0x0
C0:        464 [1] pc=[000000008000038c] W[r 5=00000000800003a0][1] R[r 5=0000000080000388] R[r 0=0000000000000000] inst=[01828293] addi    t0, t0, 24
C0:        465 [1] pc=[0000000080000390] W[r 0=0000000000010000][1] R[r 5=00000000800003a0] R[r 0=0000000000000000] inst=[30529073] csrw    mtvec, t0
C0:        470 [1] pc=[0000000080000394] W[r 0=0000000000e0355d][1] R[r 0=0000000000000000] R[r 0=0000000000000000] inst=[30205073] csrwi   medeleg, 0
C0:        475 [1] pc=[0000000080000398] W[r 0=0000000000000000][1] R[r 0=0000000000000000] R[r 0=0000000000000000] inst=[30305073] csrwi   mideleg, 0
C0:        480 [1] pc=[000000008000039c] W[r 0=0000000000000008][1] R[r 0=0000000000000000] R[r 0=0000000000000000] inst=[30405073] csrwi   mie, 0
C0:        485 [1] pc=[00000000800003a0] W[r 5=00000000800003a0][1] R[r 0=0000000000000000] R[r 0=0000000000000000] inst=[00000297] auipc   t0, 0x0
C0:        486 [1] pc=[00000000800003a4] W[r 5=00000000800003b0][1] R[r 5=00000000800003a0] R[r 0=0000000000000000] inst=[01028293] addi    t0, t0, 16
C0:        487 [1] pc=[00000000800003a8] W[r 0=00000000800003a0][1] R[r 5=00000000800003b0] R[r 0=0000000000000000] inst=[30529073] csrw    mtvec, t0
C0:        492 [1] pc=[00000000800003ac] W[r 0=0000024673b8f237][1] R[r 0=0000000000000000] R[r 0=0000000000000000] inst=[18005073] csrwi   satp, 0
C0:        497 [1] pc=[00000000800003b0] W[r 5=00000000800003b0][1] R[r 0=0000000000000000] R[r 0=0000000000000000] inst=[00000297] auipc   t0, 0x0
C0:        498 [1] pc=[00000000800003b4] W[r 5=00000000800003d4][1] R[r 5=00000000800003b0] R[r 0=0000000000000000] inst=[02428293] addi    t0, t0, 36
C0:        499 [1] pc=[00000000800003b8] W[r 0=00000000800003b0][1] R[r 5=00000000800003d4] R[r 0=0000000000000000] inst=[30529073] csrw    mtvec, t0
C0:        504 [1] pc=[00000000800003bc] W[r 5=0000000000000001][1] R[r 0=0000000000000000] R[r 0=0000000000000000] inst=[0010029b] addiw   t0, zero, 1
C0:        521 [1] pc=[00000000800003c0] W[r 5=0020000000000000][1] R[r 5=0000000000000001] R[r 0=0000000000000000] inst=[03529293] slli    t0, t0, 53
C0:        522 [1] pc=[00000000800003c4] W[r 5=001fffffffffffff][1] R[r 5=0020000000000000] R[r 0=0000000000000000] inst=[fff28293] addi    t0, t0, -1
C0:        523 [1] pc=[00000000800003c8] W[r 0=0000000028d90b3c][1] R[r 5=001fffffffffffff] R[r 0=0000000000000000] inst=[3b029073] csrw    pmpaddr0, t0
C0:        528 [1] pc=[00000000800003cc] W[r 5=000000000000001f][1] R[r 0=0000000000000000] R[r 0=0000000000000000] inst=[01f00293] li      t0, 31
C0:        529 [1] pc=[00000000800003d0] W[r 0=0007010003050304][1] R[r 5=000000000000001f] R[r 0=0000000000000000] inst=[3a029073] csrw    pmpcfg0, t0
C0:        534 [1] pc=[00000000800003d4] W[r 5=00000000800003d4][1] R[r 0=0000000000000000] R[r 0=0000000000000000] inst=[00000297] auipc   t0, 0x0
C0:        535 [1] pc=[00000000800003d8] W[r 5=0000000080000138][1] R[r 5=00000000800003d4] R[r 0=0000000000000000] inst=[d6428293] addi    t0, t0, -668
C0:        536 [1] pc=[00000000800003dc] W[r 0=00000000800003d4][1] R[r 5=0000000080000138] R[r 0=0000000000000000] inst=[30529073] csrw    mtvec, t0
C0:        541 [1] pc=[00000000800003e0] W[r 3=0000000000000000][1] R[r 0=0000000000000000] R[r 0=0000000000000000] inst=[00000193] li      gp, 0
C0:        542 [1] pc=[00000000800003e4] W[r10=0000000000000001][1] R[r 0=0000000000000000] R[r 0=0000000000000000] inst=[00100513] li      a0, 1
C0:        543 [1] pc=[00000000800003e8] W[r10=0000000080000000][1] R[r10=0000000000000001] R[r 0=0000000000000000] inst=[01f51513] slli    a0, a0, 31
C0:        544 [1] pc=[00000000800003ec] W[r 0=0000000000000000][0] R[r10=0000000080000000] R[r 0=0000000000000000] inst=[00055c63] bgez    a0, pc + 24
C0:        569 [1] pc=[0000000080000404] W[r 5=0000000080000404][1] R[r 0=0000000000000000] R[r 0=0000000000000000] inst=[00000297] auipc   t0, 0x0
C0:        570 [1] pc=[0000000080000408] W[r 5=0000000080000114][1] R[r 5=0000000080000404] R[r 0=0000000000000000] inst=[d1028293] addi    t0, t0, -752
C0:        571 [1] pc=[000000008000040c] W[r 0=ffffffd6f995f0c8][1] R[r 5=0000000080000114] R[r 0=0000000000000000] inst=[10529073] csrw    stvec, t0
C0:        576 [1] pc=[0000000080000410] W[r 5=000000000000b000][1] R[r 0=0000000000000000] R[r 0=0000000000000000] inst=[0000b2b7] lui     t0, 0xb
C0:        577 [1] pc=[0000000080000414] W[r 5=000000000000b109][1] R[r 5=000000000000b000] R[r 0=0000000000000000] inst=[1092829b] addiw   t0, t0, 265
C0:        578 [1] pc=[0000000080000418] W[r 0=0000000000000000][1] R[r 5=000000000000b109] R[r 0=0000000000000000] inst=[3022a073] csrs    medeleg, t0
C0:        583 [1] pc=[000000008000041c] W[r10=0000000000006000][1] R[r 0=0000000000000000] R[r 0=0000000000000000] inst=[00006537] lui     a0, 0x6
C0:        584 [1] pc=[0000000080000420] W[r 0=0000000a00000000][1] R[r10=0000000000006000] R[r 0=0000000000000000] inst=[30052073] csrs    mstatus, a0
C0:        589 [1] pc=[0000000080000424] W[r 0=000000000000003f][1] R[r 0=0000000000000000] R[r 0=0000000000000000] inst=[00305073] csrwi   fcsr, 0
C0:        594 [1] pc=[0000000080000428] W[r 1=000000008000042c][1] R[r 0=0000000000000000] R[r 0=0000000000000000] inst=[c61ff0ef] jal     pc - 0x3a0
C0:        595 [1] pc=[0000000080000088] W[r31=0000000080020088][1] R[r 0=0000000000000000] R[r 0=0000000000000000] inst=[00020f97] auipc   t6, 0x20
C0:        596 [1] pc=[000000008000008c] W[r31=0000000080020000][1] R[r31=0000000080020088] R[r 0=0000000000000000] inst=[f78f8f93] addi    t6, t6, -136
C0:        641 [1] pc=[0000000080000090] W[r 0=0000000000000000][0] R[r31=0000000080020000] R[r 0=0000000000000000] inst=[000fa007] flw     ft0, 0(t6)
C0:        642 [1] pc=[0000000080000094] W[r 1=0000000000000000][0] R[r31=0000000080020000] R[r 0=0000000000000000] inst=[008fa087] flw     ft1, 8(t6)
C0:        643 [1] pc=[0000000080000098] W[r 2=0000000000000000][0] R[r31=0000000080020000] R[r 0=0000000000000000] inst=[010fa107] flw     ft2, 16(t6)
C0:        644 [1] pc=[000000008000009c] W[r 3=0000000000000000][0] R[r31=0000000080020000] R[r 0=0000000000000000] inst=[018fb187] fld     ft3, 24(t6)
C0:        645 [1] pc=[00000000800000a0] W[r 4=0000000000000000][0] R[r31=0000000080020000] R[r 0=0000000000000000] inst=[020fb207] fld     ft4, 32(t6)
C0:        646 [1] pc=[00000000800000a4] W[r 5=0000000000000000][0] R[r31=0000000080020000] R[r 0=0000000000000000] inst=[028fb287] fld     ft5, 40(t6)
C0:        647 [1] pc=[00000000800000a8] W[r 6=0000000000000000][0] R[r31=0000000080020000] R[r 0=0000000000000000] inst=[030fb307] fld     ft6, 48(t6)
C0:        648 [1] pc=[00000000800000ac] W[r 7=0000000000000000][0] R[r31=0000000080020000] R[r 0=0000000000000000] inst=[038fa387] flw     ft7, 56(t6)
C0:        692 [1] pc=[00000000800000b0] W[r 8=0000000000000000][0] R[r31=0000000080020000] R[r 0=0000000000000000] inst=[040fb407] fld     fs0, 64(t6)
C0:        693 [1] pc=[00000000800000b4] W[r 9=0000000000000000][0] R[r31=0000000080020000] R[r 0=0000000000000000] inst=[048fb487] fld     fs1, 72(t6)
C0:        694 [1] pc=[00000000800000b8] W[r10=0000000000000000][0] R[r31=0000000080020000] R[r 0=0000000000000000] inst=[050fa507] flw     fa0, 80(t6)
C0:        695 [1] pc=[00000000800000bc] W[r11=0000000000000000][0] R[r31=0000000080020000] R[r 0=0000000000000000] inst=[058fb587] fld     fa1, 88(t6)
C0:        747 [1] pc=[00000000800000c0] W[r12=0000000000000000][0] R[r31=0000000080020000] R[r 0=0000000000000000] inst=[060fb607] fld     fa2, 96(t6)
C0:        748 [1] pc=[00000000800000c4] W[r13=0000000000000000][0] R[r31=0000000080020000] R[r 0=0000000000000000] inst=[068fb687] fld     fa3, 104(t6)
C0:        749 [1] pc=[00000000800000c8] W[r14=0000000000000000][0] R[r31=0000000080020000] R[r 0=0000000000000000] inst=[070fa707] flw     fa4, 112(t6)
C0:        750 [1] pc=[00000000800000cc] W[r15=0000000000000000][0] R[r31=0000000080020000] R[r 0=0000000000000000] inst=[078fb787] fld     fa5, 120(t6)
C0:        796 [1] pc=[00000000800000d0] W[r16=0000000000000000][0] R[r31=0000000080020000] R[r 0=0000000000000000] inst=[080fb807] fld     fa6, 128(t6)
C0:        797 [1] pc=[00000000800000d4] W[r17=0000000000000000][0] R[r31=0000000080020000] R[r 0=0000000000000000] inst=[088fa887] flw     fa7, 136(t6)
C0:        798 [1] pc=[00000000800000d8] W[r18=0000000000000000][0] R[r31=0000000080020000] R[r 0=0000000000000000] inst=[090fa907] flw     fs2, 144(t6)
C0:        799 [1] pc=[00000000800000dc] W[r19=0000000000000000][0] R[r31=0000000080020000] R[r 0=0000000000000000] inst=[098fa987] flw     fs3, 152(t6)
C0:        800 [1] pc=[00000000800000e0] W[r20=0000000000000000][0] R[r31=0000000080020000] R[r 0=0000000000000000] inst=[0a0fba07] fld     fs4, 160(t6)
C0:        801 [1] pc=[00000000800000e4] W[r21=0000000000000000][0] R[r31=0000000080020000] R[r 0=0000000000000000] inst=[0a8faa87] flw     fs5, 168(t6)
C0:        802 [1] pc=[00000000800000e8] W[r22=0000000000000000][0] R[r31=0000000080020000] R[r 0=0000000000000000] inst=[0b0fbb07] fld     fs6, 176(t6)
C0:        803 [1] pc=[00000000800000ec] W[r23=0000000000000000][0] R[r31=0000000080020000] R[r 0=0000000000000000] inst=[0b8fbb87] fld     fs7, 184(t6)
C0:        854 [1] pc=[00000000800000f0] W[r24=0000000000000000][0] R[r31=0000000080020000] R[r 0=0000000000000000] inst=[0c0fbc07] fld     fs8, 192(t6)
C0:        855 [1] pc=[00000000800000f4] W[r25=0000000000000000][0] R[r31=0000000080020000] R[r 0=0000000000000000] inst=[0c8fbc87] fld     fs9, 200(t6)
C0:        856 [1] pc=[00000000800000f8] W[r26=0000000000000000][0] R[r31=0000000080020000] R[r 0=0000000000000000] inst=[0d0fbd07] fld     fs10, 208(t6)
C0:        857 [1] pc=[00000000800000fc] W[r27=0000000000000000][0] R[r31=0000000080020000] R[r 0=0000000000000000] inst=[0d8fbd87] fld     fs11, 216(t6)
C0:        879 [1] pc=[0000000080000100] W[r28=0000000000000000][0] R[r31=0000000080020000] R[r 0=0000000000000000] inst=[0e0fbe07] fld     ft8, 224(t6)
C0:        880 [1] pc=[0000000080000104] W[r29=0000000000000000][0] R[r31=0000000080020000] R[r 0=0000000000000000] inst=[0e8fae87] flw     ft9, 232(t6)
C0:        881 [1] pc=[0000000080000108] W[r30=0000000000000000][0] R[r31=0000000080020000] R[r 0=0000000000000000] inst=[0f0faf07] flw     ft10, 240(t6)
C0:        882 [1] pc=[000000008000010c] W[r31=0000000000000000][0] R[r31=0000000080020000] R[r 0=0000000000000000] inst=[0f8faf87] flw     ft11, 248(t6)
C0:        883 [1] pc=[0000000080000110] W[r 0=0000000080000114][1] R[r 1=000000008000042c] R[r 0=0000000000000000] inst=[00008067] ret
C0:        885 [1] pc=[000000008000042c] W[r 0=000000000000008c][1] R[r 0=0000000000000000] R[r 0=0000000000000000] inst=[b0201073] csrw    minstret, zero
C0:        890 [1] pc=[0000000080000430] W[r10=0000000000000000][1] R[r 0=0000000000000000] R[r 0=0000000000000000] inst=[f1402573] csrr    a0, mhartid
C0:        891 [1] pc=[0000000080000434] W[r 5=0000000080000434][1] R[r 0=0000000000000000] R[r 0=0000000000000000] inst=[00000297] auipc   t0, 0x0
C0:        892 [1] pc=[0000000080000438] W[r 5=0000000080000480][1] R[r 5=0000000080000434] R[r 0=0000000000000000] inst=[04c28293] addi    t0, t0, 76
C0:        893 [1] pc=[000000008000043c] W[r 0=0000000080000000][1] R[r 5=0000000080000480] R[r 0=0000000000000000] inst=[34129073] csrw    mepc, t0
C0:        915 [1] pc=[0000000080000440] W[r 5=0000000000000000][1] R[r 0=0000000000000000] R[r 0=0000000000000000] inst=[00000293] li      t0, 0
C0:        916 [1] pc=[0000000080000444] W[r 0=0000000000000000][0] R[r 0=0000000000000000] R[r 0=0000000000000000] inst=[30200073] mret
C0:        937 [1] pc=[0000000080000480] W[r15=0000000000000000][0] R[r28=eb0a5a434682b2bd] R[r 4=ad88733310274840] inst=[024e67b3] rem     a5, t3, tp
C0:        938 [1] pc=[0000000080000484] W[r28=0000000080040484][1] R[r 0=0000000000000000] R[r 0=0000000000000000] inst=[00040e17] auipc   t3, 0x40
C0:        939 [1] pc=[0000000080000488] W[r28=0000000080040120][1] R[r28=0000000080040484] R[r 0=0000000000000000] inst=[c9ce0e13] addi    t3, t3, -868
C0:        940 [1] pc=[000000008000048c] W[r28=0000000080040138][1] R[r28=0000000080040120] R[r 0=0000000000000000] inst=[018e0e13] addi    t3, t3, 24
C0:        957 [1] pc=[0000000080000490] W[r 6=3e0b54b77a89d3cb][1] R[r28=0000000080040138] R[r 0=0000000000000000] inst=[100e332f] lr.d    t1, (t3)
C0:        958 [1] pc=[0000000080000494] W[r15=0000000000000000][0] R[r22=000000008004013b] R[r24=ad88733310274843] inst=[298b07d3] fmin.s  fa5, fs6, fs8
C0:       1006 [1] pc=[0000000080000498] W[r12=0000000000000000][0] R[r 2=a226ac0809234618] R[r24=e28bf08ccca86021] inst=[03810633] mul     a2, sp, s8
C0:       1007 [1] pc=[000000008000049c] W[r 4=000000008001049c][1] R[r 0=0000000000000000] R[r 0=0000000000000000] inst=[00010217] auipc   tp, 0x10
C0:       1008 [1] pc=[00000000800004a0] W[r 4=00000000800100f0][1] R[r 4=000000008001049c] R[r 0=0000000000000000] inst=[c5420213] addi    tp, tp, -940
C0:       1009 [1] pc=[00000000800004a4] W[r 4=00000000800100f8][1] R[r 4=00000000800100f0] R[r 0=0000000000000000] inst=[00820213] addi    tp, tp, 8
C0:       1055 [1] pc=[00000000800004a8] W[r 5=e25c6d4ad872f0b9][1] R[r 4=00000000800100f8] R[r14=2568700922189739] inst=[00e232af] amoadd.d t0, a4, (tp)
C0:       1056 [1] pc=[00000000800004ac] W[r18=ffffffffffffffbd][1] R[r14=2568700922189739] R[r 0=0000000000000000] inst=[e8c76913] ori     s2, a4, -372
C0:       1057 [1] pc=[00000000800004b0] W[r28=0000000000000000][0] R[r 3=0000000000000000] R[r 0=0000000000000000] inst=[d0218e53] fcvt.s.l ft8, gp
C0:       1058 [1] pc=[00000000800004b4] W[r 0=0000000000000000][0] R[r30=ea80f519a9726291] R[r17=0cc12165c08f20f0] inst=[0f1f5063] bge     t5, a7, pc + 224
C0:       1059 [1] pc=[00000000800004b8] W[r13=00000000800304b8][1] R[r 0=0000000000000000] R[r 0=0000000000000000] inst=[00030697] auipc   a3, 0x30
C0:       1060 [1] pc=[00000000800004bc] W[r13=0000000080030020][1] R[r13=00000000800304b8] R[r 0=0000000000000000] inst=[b6868693] addi    a3, a3, -1176
C0:       1098 [1] pc=[00000000800004c0] W[r22=0000000009fe59c0][1] R[r13=0000000080030020] R[r 0=0000000000000000] inst=[0006eb03] lwu     s6, 0(a3)
C0:       1099 [1] pc=[00000000800004c4] W[r16=00000000800504c4][1] R[r 0=0000000000000000] R[r 0=0000000000000000] inst=[00050817] auipc   a6, 0x50
C0:       1100 [1] pc=[00000000800004c8] W[r16=0000000080050060][1] R[r16=00000000800504c4] R[r 0=0000000000000000] inst=[b9c80813] addi    a6, a6, -1124
C0:       1101 [1] pc=[00000000800004cc] W[r16=0000000080050050][1] R[r16=0000000080050060] R[r 0=0000000000000000] inst=[ff080813] addi    a6, a6, -16
C0:       1154 [1] pc=[00000000800004d0] W[r16=152d547d273ddaf0][1] R[r16=0000000080050050] R[r 0=0000000000000000] inst=[1008382f] lr.d    a6, (a6)
C0:       1155 [1] pc=[00000000800004d4] W[r30=0000000000000000][0] R[r13=0000000080050053] R[r20=0cc12165c08f20f3] inst=[29469f53] fmax.s  ft10, fa3, fs4
C0:       1156 [1] pc=[00000000800004d8] W[r 5=000000000003c617][1] R[r17=0000000080050053] R[r 0=0000000000000000] inst=[c01892d3] fcvt.wu.s t0, fa7
C0:       1157 [1] pc=[00000000800004dc] W[r17=0000000000000000][0] R[r24=0000000080050053] R[r22=0cc12165c08f20f3] inst=[216c28d3] fsgnjx.s fa7, fs8, fs6
C0:       1158 [1] pc=[00000000800004e0] W[r 4=00000000800204e0][1] R[r 0=0000000000000000] R[r 0=0000000000000000] inst=[00020217] auipc   tp, 0x20
C0:       1159 [1] pc=[00000000800004e4] W[r 4=00000000800201c0][1] R[r 4=00000000800204e0] R[r 0=0000000000000000] inst=[ce020213] addi    tp, tp, -800
C0:       1160 [1] pc=[00000000800004e8] W[r 4=00000000800201b8][1] R[r 4=00000000800201c0] R[r 0=0000000000000000] inst=[ff820213] addi    tp, tp, -8
C0:       1205 [1] pc=[00000000800004ec] W[r 2=219aacff02d46773][1] R[r 4=00000000800201b8] R[r27=24a84a540d2692a8] inst=[41b2312f] amoor.d sp, s11, (tp)
C0:       1206 [1] pc=[00000000800004f0] W[r31=0000000000000000][0] R[r13=0000000080030020] R[r 0=0000000000000000] inst=[d0368fd3] fcvt.s.lu ft11, a3
C0:       1207 [1] pc=[00000000800004f4] W[r12=0000000000000000][0] R[r23=0000000080030023] R[r28=24a84a540d2692ab] inst=[09cb8653] fsub.s  fa2, fs7, ft8
C0:       1208 [1] pc=[00000000800004f8] W[r30=00000000800204f8][1] R[r 0=0000000000000000] R[r 0=0000000000000000] inst=[00020f17] auipc   t5, 0x20
C0:       1209 [1] pc=[00000000800004fc] W[r30=0000000080020110][1] R[r30=00000000800204f8] R[r 0=0000000000000000] inst=[c18f0f13] addi    t5, t5, -1000
C0:       1231 [1] pc=[0000000080000500] W[r30=00000000800200f8][1] R[r30=0000000080020110] R[r 0=0000000000000000] inst=[fe8f0f13] addi    t5, t5, -24
C0:       1248 [1] pc=[0000000080000504] W[r 2=4f205cc2b313d6ab][1] R[r30=00000000800200f8] R[r 3=0000000000000000] inst=[603f312f] amoand.d sp, gp, (t5)
C0:       1249 [1] pc=[0000000080000508] W[r 6=0000000080060508][1] R[r 0=0000000000000000] R[r 0=0000000000000000] inst=[00060317] auipc   t1, 0x60
C0:       1250 [1] pc=[000000008000050c] W[r 6=0000000080060030][1] R[r 6=0000000080060508] R[r 0=0000000000000000] inst=[b2830313] addi    t1, t1, -1240
C0:       1251 [1] pc=[0000000080000510] W[r 6=0000000080060018][1] R[r 6=0000000080060030] R[r 0=0000000000000000] inst=[fe830313] addi    t1, t1, -24
C0:       1303 [1] pc=[0000000080000514] W[r20=482a938e91b1177c][1] R[r 6=0000000080060018] R[r 6=0000000080060018] inst=[20633a2f] amoxor.d s4, t1, (t1)
C0:       1304 [1] pc=[0000000080000518] W[r30=0000000080060518][1] R[r 0=0000000000000000] R[r 0=0000000000000000] inst=[00060f17] auipc   t5, 0x60
C0:       1305 [1] pc=[000000008000051c] W[r30=0000000080060110][1] R[r30=0000000080060518] R[r 0=0000000000000000] inst=[bf8f0f13] addi    t5, t5, -1032
C0:       1322 [1] pc=[0000000080000520] W[r29=8dfb7943f490b727][1] R[r30=0000000080060110] R[r 0=0000000000000000] inst=[000f3e83] ld      t4, 0(t5)
C0:       1323 [1] pc=[0000000080000524] W[r19=0000000000000001][1] R[r20=482a938e91b1177c] R[r 0=0000000000000000] inst=[c0ca3993] sltiu   s3, s4, -1012
C0:       1324 [1] pc=[0000000080000528] W[r13=0000000000000000][1] R[r11=482a938e91b1177f] R[r31=000000008006001b] inst=[a1f596d3] flt.s   a3, fa1, ft11
C0:       1325 [1] pc=[000000008000052c] W[r 7=0000000000000000][0] R[r27=24a84a540d2692a8] R[r 0=0000000000000000] inst=[f00d83d3] fmv.w.x ft7, s11
C0:       1326 [1] pc=[0000000080000530] W[r14=0000000080010530][1] R[r 0=0000000000000000] R[r 0=0000000000000000] inst=[00010717] auipc   a4, 0x10
C0:       1327 [1] pc=[0000000080000534] W[r14=00000000800101b0][1] R[r14=0000000080010530] R[r 0=0000000000000000] inst=[c8070713] addi    a4, a4, -896
C0:       1328 [1] pc=[0000000080000538] W[r14=00000000800101ac][1] R[r14=00000000800101b0] R[r 0=0000000000000000] inst=[ffc70713] addi    a4, a4, -4
C0:       1373 [1] pc=[000000008000053c] W[r17=000000001c879f75][1] R[r14=00000000800101ac] R[r 2=4f205cc2b313d6ab] inst=[202728af] amoxor.w a7, sp, (a4)
C0:       1375 [1] pc=[0000000080000540] W[r17=0000000080060540][1] R[r 0=0000000000000000] R[r 0=0000000000000000] inst=[00060897] auipc   a7, 0x60
C0:       1376 [1] pc=[0000000080000544] W[r17=00000000800600e0][1] R[r17=0000000080060540] R[r 0=0000000000000000] inst=[ba088893] addi    a7, a7, -1120
C0:       1377 [1] pc=[0000000080000548] W[r17=00000000800600f0][1] R[r17=00000000800600e0] R[r 0=0000000000000000] inst=[01088893] addi    a7, a7, 16
C0:       1421 [1] pc=[000000008000054c] W[r13=cfd42ab22a9a1048][1] R[r17=00000000800600f0] R[r26=ffd41bcab8025a33] inst=[21a8b6af] amoxor.d a3, s10, (a7)
C0:       1422 [1] pc=[0000000080000550] W[r 5=0000000080020550][1] R[r 0=0000000000000000] R[r 0=0000000000000000] inst=[00020297] auipc   t0, 0x20
C0:       1423 [1] pc=[0000000080000554] W[r 5=00000000800201c0][1] R[r 5=0000000080020550] R[r 0=0000000000000000] inst=[c7028293] addi    t0, t0, -912
C0:       1424 [1] pc=[0000000080000558] W[r 5=00000000800201c0][1] R[r 5=00000000800201c0] R[r 0=0000000000000000] inst=[00028293] mv      t0, t0
C0:       1469 [1] pc=[000000008000055c] W[r10=59570bb3859fdd09][1] R[r 5=00000000800201c0] R[r 4=00000000800201b8] inst=[6042b52f] amoand.d a0, tp, (t0)
C0:       1470 [1] pc=[0000000080000560] W[r16=0000000080000560][1] R[r 0=0000000000000000] R[r 0=0000000000000000] inst=[00000817] auipc   a6, 0x0
C0:       1471 [1] pc=[0000000080000564] W[r16=000000008000066c][1] R[r16=0000000080000560] R[r 0=0000000000000000] inst=[10c80813] addi    a6, a6, 268
C0:       1472 [1] pc=[0000000080000568] W[r16=0000000040000336][1] R[r16=000000008000066c] R[r 0=0000000000000000] inst=[40185813] srai    a6, a6, 1
C0:       1473 [0] pc=[000000008000056c] W[r13=0000000000000000][0] R[r16=000000003b4816f3] R[r 0=0000000000000000] inst=[3b4816f3] csrrw   a3, pmpaddr4, a6
C0:       1478 [1] pc=[0000000080000138] W[r 1=0000000080002138][1] R[r 0=0000000000000000] R[r 0=0000000000000000] inst=[00002097] auipc   ra, 0x2
C0:       1479 [1] pc=[000000008000013c] W[r 1=0000000080002200][1] R[r 1=0000000080002138] R[r 0=0000000000000000] inst=[0c808093] addi    ra, ra, 200
C0:       1501 [1] pc=[0000000080000140] W[r 2=8000000200006000][1] R[r 0=0000000000000000] R[r 0=0000000000000000] inst=[10002173] csrr    sp, sstatus
C0:       1520 [1] pc=[0000000080000144] W[r 0=0000000000000000][0] R[r 1=0000000080002200] R[r 2=8000000200006000] inst=[0420bc23] sd      sp, 88(ra)
C0:       1521 [1] pc=[0000000080000148] W[r 2=0000000000000000][1] R[r 0=0000000000000000] R[r 0=0000000000000000] inst=[10402173] csrr    sp, sie
C0:       1524 [1] pc=[000000008000014c] W[r 0=0000000000000000][0] R[r 1=0000000080002200] R[r 2=0000000000000000] inst=[0620b823] sd      sp, 112(ra)
C0:       1525 [1] pc=[0000000080000150] W[r 2=0000000080000114][1] R[r 0=0000000000000000] R[r 0=0000000000000000] inst=[10502173] csrr    sp, stvec
C0:       1528 [1] pc=[0000000080000154] W[r 0=0000000000000000][0] R[r 1=0000000080002200] R[r 2=0000000080000114] inst=[0620bc23] sd      sp, 120(ra)
C0:       1529 [1] pc=[0000000080000158] W[r 2=0000000000000005][1] R[r 0=0000000000000000] R[r 0=0000000000000000] inst=[10602173] csrr    sp, scounteren
C0:       1548 [1] pc=[000000008000015c] W[r 0=0000000000000000][0] R[r 1=0000000080002200] R[r 2=0000000000000005] inst=[0820b023] sd      sp, 128(ra)
C0:       1549 [1] pc=[0000000080000160] W[r 2=03705509c02a405b][1] R[r 0=0000000000000000] R[r 0=0000000000000000] inst=[14002173] csrr    sp, sscratch
C0:       1552 [1] pc=[0000000080000164] W[r 0=0000000000000000][0] R[r 1=0000000080002200] R[r 2=03705509c02a405b] inst=[0820b423] sd      sp, 136(ra)
C0:       1553 [1] pc=[0000000080000168] W[r 2=ffffffe8c44d51a4][1] R[r 0=0000000000000000] R[r 0=0000000000000000] inst=[14102173] csrr    sp, sepc
C0:       1556 [1] pc=[000000008000016c] W[r 0=0000000000000000][0] R[r 1=0000000080002200] R[r 2=ffffffe8c44d51a4] inst=[0820b823] sd      sp, 144(ra)
C0:       1557 [1] pc=[0000000080000170] W[r 2=5243e39961efb2ea][1] R[r 0=0000000000000000] R[r 0=0000000000000000] inst=[14202173] csrr    sp, scause
C0:       1560 [1] pc=[0000000080000174] W[r 0=0000000000000000][0] R[r 1=0000000080002200] R[r 2=5243e39961efb2ea] inst=[0820bc23] sd      sp, 152(ra)
C0:       1561 [1] pc=[0000000080000178] W[r 2=000000753c17b906][1] R[r 0=0000000000000000] R[r 0=0000000000000000] inst=[14302173] csrr    sp, stval
C0:       1564 [1] pc=[000000008000017c] W[r 0=0000000000000000][0] R[r 1=0000000080002200] R[r 2=000000753c17b906] inst=[0a20b023] sd      sp, 160(ra)
C0:       1586 [1] pc=[0000000080000180] W[r 2=0000000000000000][1] R[r 0=0000000000000000] R[r 0=0000000000000000] inst=[14402173] csrr    sp, sip
C0:       1589 [1] pc=[0000000080000184] W[r 2=0000000000000000][1] R[r 2=0000000000000000] R[r 0=0000000000000000] inst=[f7f17113] andi    sp, sp, -129
C0:       1590 [1] pc=[0000000080000188] W[r 0=0000000000000000][0] R[r 1=0000000080002200] R[r 2=0000000000000000] inst=[0a20b423] sd      sp, 168(ra)
C0:       1591 [1] pc=[000000008000018c] W[r 2=0000000000000000][1] R[r 0=0000000000000000] R[r 0=0000000000000000] inst=[18002173] csrr    sp, satp
C0:       1594 [1] pc=[0000000080000190] W[r 0=0000000000000000][0] R[r 1=0000000080002200] R[r 2=0000000000000000] inst=[0a20b823] sd      sp, 176(ra)
C0:       1595 [1] pc=[0000000080000194] W[r 2=0000000000000000][1] R[r 0=0000000000000000] R[r 0=0000000000000000] inst=[f1402173] csrr    sp, mhartid
C0:       1598 [1] pc=[0000000080000198] W[r 0=0000000000000000][0] R[r 1=0000000080002200] R[r 2=0000000000000000] inst=[0a20bc23] sd      sp, 184(ra)
C0:       1599 [1] pc=[000000008000019c] W[r 2=8000000a00006000][1] R[r 0=0000000000000000] R[r 0=0000000000000000] inst=[30002173] csrr    sp, mstatus
C0:       1618 [1] pc=[00000000800001a0] W[r 0=0000000000000000][0] R[r 1=0000000080002200] R[r 2=8000000a00006000] inst=[0c20b023] sd      sp, 192(ra)
C0:       1619 [1] pc=[00000000800001a4] W[r 2=000000000000b109][1] R[r 0=0000000000000000] R[r 0=0000000000000000] inst=[30202173] csrr    sp, medeleg
C0:       1622 [1] pc=[00000000800001a8] W[r 0=0000000000000000][0] R[r 1=0000000080002200] R[r 2=000000000000b109] inst=[0c20b423] sd      sp, 200(ra)
C0:       1623 [1] pc=[00000000800001ac] W[r 2=0000000000000000][1] R[r 0=0000000000000000] R[r 0=0000000000000000] inst=[30302173] csrr    sp, mideleg
C0:       1626 [1] pc=[00000000800001b0] W[r 0=0000000000000000][0] R[r 1=0000000080002200] R[r 2=0000000000000000] inst=[0c20b823] sd      sp, 208(ra)
C0:       1627 [1] pc=[00000000800001b4] W[r 2=0000000000000000][1] R[r 0=0000000000000000] R[r 0=0000000000000000] inst=[30402173] csrr    sp, mie
C0:       1630 [1] pc=[00000000800001b8] W[r 0=0000000000000000][0] R[r 1=0000000080002200] R[r 2=0000000000000000] inst=[0c20bc23] sd      sp, 216(ra)
C0:       1631 [1] pc=[00000000800001bc] W[r 2=0000000080000138][1] R[r 0=0000000000000000] R[r 0=0000000000000000] inst=[30502173] csrr    sp, mtvec
C0:       1681 [1] pc=[00000000800001c0] W[r 0=0000000000000000][0] R[r 1=0000000080002200] R[r 2=0000000080000138] inst=[0e20b023] sd      sp, 224(ra)
C0:       1682 [1] pc=[00000000800001c4] W[r 2=0000000000000003][1] R[r 0=0000000000000000] R[r 0=0000000000000000] inst=[30602173] csrr    sp, mcounteren
C0:       1685 [1] pc=[00000000800001c8] W[r 0=0000000000000000][0] R[r 1=0000000080002200] R[r 2=0000000000000003] inst=[0e20b423] sd      sp, 232(ra)
C0:       1686 [1] pc=[00000000800001cc] W[r 2=892fc0120650df0c][1] R[r 0=0000000000000000] R[r 0=0000000000000000] inst=[34002173] csrr    sp, mscratch
C0:       1689 [1] pc=[00000000800001d0] W[r 0=0000000000000000][0] R[r 1=0000000080002200] R[r 2=892fc0120650df0c] inst=[0e20b823] sd      sp, 240(ra)
C0:       1690 [1] pc=[00000000800001d4] W[r 2=000000008000056c][1] R[r 0=0000000000000000] R[r 0=0000000000000000] inst=[34102173] csrr    sp, mepc
C0:       1693 [1] pc=[00000000800001d8] W[r 0=0000000000000000][0] R[r 1=0000000080002200] R[r 2=000000008000056c] inst=[0e20bc23] sd      sp, 248(ra)
C0:       1694 [1] pc=[00000000800001dc] W[r 2=0000000000000002][1] R[r 0=0000000000000000] R[r 0=0000000000000000] inst=[34202173] csrr    sp, mcause
C0:       1713 [1] pc=[00000000800001e0] W[r 0=0000000000000000][0] R[r 1=0000000080002200] R[r 2=0000000000000002] inst=[1020b023] sd      sp, 256(ra)
C0:       1714 [1] pc=[00000000800001e4] W[r 2=000000003b4816f3][1] R[r 0=0000000000000000] R[r 0=0000000000000000] inst=[34302173] csrr    sp, mtval
C0:       1717 [1] pc=[00000000800001e8] W[r 0=0000000000000000][0] R[r 1=0000000080002200] R[r 2=000000003b4816f3] inst=[1020b423] sd      sp, 264(ra)
C0:       1718 [1] pc=[00000000800001ec] W[r 2=0000000000000020][1] R[r 0=0000000000000000] R[r 0=0000000000000000] inst=[34402173] csrr    sp, mip
C0:       1721 [1] pc=[00000000800001f0] W[r 2=0000000000000020][1] R[r 2=0000000000000020] R[r 0=0000000000000000] inst=[f7f17113] andi    sp, sp, -129
C0:       1722 [1] pc=[00000000800001f4] W[r 0=0000000000000000][0] R[r 1=0000000080002200] R[r 2=0000000000000020] inst=[1020b823] sd      sp, 272(ra)
C0:       1723 [1] pc=[00000000800001f8] W[r 2=000000000000001f][1] R[r 0=0000000000000000] R[r 0=0000000000000000] inst=[3a002173] csrr    sp, pmpcfg0
C0:       1726 [1] pc=[00000000800001fc] W[r 0=0000000000000000][0] R[r 1=0000000080002200] R[r 2=000000000000001f] inst=[1020bc23] sd      sp, 280(ra)
C0:       1750 [1] pc=[0000000080000200] W[r 2=000000003fffffff][1] R[r 0=0000000000000000] R[r 0=0000000000000000] inst=[3b002173] csrr    sp, pmpaddr0
C0:       1753 [1] pc=[0000000080000204] W[r 0=0000000000000000][0] R[r 1=0000000080002200] R[r 2=000000003fffffff] inst=[1220bc23] sd      sp, 312(ra)
C0:       1754 [1] pc=[0000000080000208] W[r 2=0000000007955f37][1] R[r 0=0000000000000000] R[r 0=0000000000000000] inst=[3b102173] csrr    sp, pmpaddr1
C0:       1773 [1] pc=[000000008000020c] W[r 0=0000000000000000][0] R[r 1=0000000080002200] R[r 2=0000000007955f37] inst=[1420b023] sd      sp, 320(ra)
C0:       1774 [1] pc=[0000000080000210] W[r 2=00000000040c5558][1] R[r 0=0000000000000000] R[r 0=0000000000000000] inst=[3b202173] csrr    sp, pmpaddr2
C0:       1777 [1] pc=[0000000080000214] W[r 0=0000000000000000][0] R[r 1=0000000080002200] R[r 2=00000000040c5558] inst=[1420b423] sd      sp, 328(ra)
C0:       1778 [1] pc=[0000000080000218] W[r 2=000000000e7595dc][1] R[r 0=0000000000000000] R[r 0=0000000000000000] inst=[3b302173] csrr    sp, pmpaddr3
C0:       1781 [1] pc=[000000008000021c] W[r 0=0000000000000000][0] R[r 1=0000000080002200] R[r 2=000000000e7595dc] inst=[1420b823] sd      sp, 336(ra)
C0:       1782 [1] pc=[0000000080000220] W[r 2=0000000021de349c][1] R[r 0=0000000000000000] R[r 0=0000000000000000] inst=[3b402173] csrr    sp, pmpaddr4
C0:       1785 [1] pc=[0000000080000224] W[r 0=0000000000000000][0] R[r 1=0000000080002200] R[r 2=0000000021de349c] inst=[1420bc23] sd      sp, 344(ra)
C0:       1786 [1] pc=[0000000080000228] W[r 2=000000001b9b4330][1] R[r 0=0000000000000000] R[r 0=0000000000000000] inst=[3b502173] csrr    sp, pmpaddr5
C0:       1789 [1] pc=[000000008000022c] W[r 0=0000000000000000][0] R[r 1=0000000080002200] R[r 2=000000001b9b4330] inst=[1620b023] sd      sp, 352(ra)
C0:       1790 [1] pc=[0000000080000230] W[r 2=00000000060df5d0][1] R[r 0=0000000000000000] R[r 0=0000000000000000] inst=[3b602173] csrr    sp, pmpaddr6
C0:       1793 [1] pc=[0000000080000234] W[r 0=0000000000000000][0] R[r 1=0000000080002200] R[r 2=00000000060df5d0] inst=[1620b423] sd      sp, 360(ra)
C0:       1794 [1] pc=[0000000080000238] W[r 2=000000001a73e500][1] R[r 0=0000000000000000] R[r 0=0000000000000000] inst=[3b702173] csrr    sp, pmpaddr7
C0:       1797 [1] pc=[000000008000023c] W[r 0=0000000000000000][0] R[r 1=0000000080002200] R[r 2=000000001a73e500] inst=[1620b823] sd      sp, 368(ra)
C0:       1819 [1] pc=[0000000080000240] W[r10=0000000000006000][1] R[r 0=0000000000000000] R[r 0=0000000000000000] inst=[00006537] lui     a0, 0x6
C0:       1820 [1] pc=[0000000080000244] W[r 0=8000000a00006000][1] R[r10=0000000000006000] R[r 0=0000000000000000] inst=[30052073] csrs    mstatus, a0
C0:       1825 [1] pc=[0000000080000248] W[r 2=0000000000000011][1] R[r 0=0000000000000000] R[r 0=0000000000000000] inst=[00102173] csrr    sp, fflags
C0:       1828 [1] pc=[000000008000024c] W[r 0=0000000000000000][0] R[r 1=0000000080002200] R[r 2=0000000000000011] inst=[0420b023] sd      sp, 64(ra)
C0:       1829 [1] pc=[0000000080000250] W[r 2=0000000000000000][1] R[r 0=0000000000000000] R[r 0=0000000000000000] inst=[00202173] csrr    sp, frm
C0:       1832 [1] pc=[0000000080000254] W[r 0=0000000000000000][0] R[r 1=0000000080002200] R[r 2=0000000000000000] inst=[0420b423] sd      sp, 72(ra)
C0:       1833 [1] pc=[0000000080000258] W[r 2=0000000000000011][1] R[r 0=0000000000000000] R[r 0=0000000000000000] inst=[00302173] csrr    sp, fcsr
C0:       1836 [1] pc=[000000008000025c] W[r 0=0000000000000000][0] R[r 1=0000000080002200] R[r 2=0000000000000011] inst=[0420b823] sd      sp, 80(ra)
C0:       1837 [1] pc=[0000000080000260] W[r 1=0000000080002260][1] R[r 0=0000000000000000] R[r 0=0000000000000000] inst=[00002097] auipc   ra, 0x2
C0:       1838 [1] pc=[0000000080000264] W[r 1=0000000080002000][1] R[r 1=0000000080002260] R[r 0=0000000000000000] inst=[da008093] addi    ra, ra, -608
C0:       1855 [1] pc=[0000000080000268] W[r 0=0000000000000000][0] R[r 1=0000000080002000] R[r 0=0000000000000000] inst=[0000b023] sd      zero, 0(ra)
C0:       1856 [1] pc=[000000008000026c] W[r 0=0000000000000000][0] R[r 1=0000000080002000] R[r 2=0000000000000011] inst=[0020b823] sd      sp, 16(ra)
C0:       1857 [1] pc=[0000000080000270] W[r 0=0000000000000000][0] R[r 1=0000000080002000] R[r 3=0000000000000000] inst=[0030bc23] sd      gp, 24(ra)
C0:       1858 [1] pc=[0000000080000274] W[r 0=0000000000000000][0] R[r 1=0000000080002000] R[r 4=00000000800201b8] inst=[0240b023] sd      tp, 32(ra)
C0:       1859 [1] pc=[0000000080000278] W[r 0=0000000000000000][0] R[r 1=0000000080002000] R[r 5=00000000800201c0] inst=[0250b423] sd      t0, 40(ra)
C0:       1860 [1] pc=[000000008000027c] W[r 0=0000000000000000][0] R[r 1=0000000080002000] R[r 6=0000000080060018] inst=[0260b823] sd      t1, 48(ra)
C0:       1882 [1] pc=[0000000080000280] W[r 0=0000000000000000][0] R[r 1=0000000080002000] R[r 7=7db5a7c3e8c78ea5] inst=[0270bc23] sd      t2, 56(ra)
C0:       1899 [1] pc=[0000000080000284] W[r 0=0000000000000000][0] R[r 1=0000000080002000] R[r 8=74ea93c7c646648d] inst=[0480b023] sd      s0, 64(ra)
C0:       1900 [1] pc=[0000000080000288] W[r 0=0000000000000000][0] R[r 1=0000000080002000] R[r 9=56a4cf0cf30216da] inst=[0490b423] sd      s1, 72(ra)
C0:       1901 [1] pc=[000000008000028c] W[r 0=0000000000000000][0] R[r 1=0000000080002000] R[r10=0000000000006000] inst=[04a0b823] sd      a0, 80(ra)
C0:       1902 [1] pc=[0000000080000290] W[r 0=0000000000000000][0] R[r 1=0000000080002000] R[r11=3875c34903104f5e] inst=[04b0bc23] sd      a1, 88(ra)
C0:       1903 [1] pc=[0000000080000294] W[r 0=0000000000000000][0] R[r 1=0000000080002000] R[r12=0416209787950918] inst=[06c0b023] sd      a2, 96(ra)
C0:       1904 [1] pc=[0000000080000298] W[r 0=0000000000000000][0] R[r 1=0000000080002000] R[r13=cfd42ab22a9a1048] inst=[06d0b423] sd      a3, 104(ra)
C0:       1905 [1] pc=[000000008000029c] W[r 0=0000000000000000][0] R[r 1=0000000080002000] R[r14=00000000800101ac] inst=[06e0b823] sd      a4, 112(ra)
C0:       1906 [1] pc=[00000000800002a0] W[r 0=0000000000000000][0] R[r 1=0000000080002000] R[r15=eb0a5a434682b2bd] inst=[06f0bc23] sd      a5, 120(ra)
C0:       1923 [1] pc=[00000000800002a4] W[r 0=0000000000000000][0] R[r 1=0000000080002000] R[r16=0000000040000336] inst=[0900b023] sd      a6, 128(ra)
C0:       1924 [1] pc=[00000000800002a8] W[r 0=0000000000000000][0] R[r 1=0000000080002000] R[r17=00000000800600f0] inst=[0910b423] sd      a7, 136(ra)
C0:       1925 [1] pc=[00000000800002ac] W[r 0=0000000000000000][0] R[r 1=0000000080002000] R[r18=ffffffffffffffbd] inst=[0920b823] sd      s2, 144(ra)
C0:       1926 [1] pc=[00000000800002b0] W[r 0=0000000000000000][0] R[r 1=0000000080002000] R[r19=0000000000000001] inst=[0930bc23] sd      s3, 152(ra)
C0:       1927 [1] pc=[00000000800002b4] W[r 0=0000000000000000][0] R[r 1=0000000080002000] R[r20=482a938e91b1177c] inst=[0b40b023] sd      s4, 160(ra)
C0:       1928 [1] pc=[00000000800002b8] W[r 0=0000000000000000][0] R[r 1=0000000080002000] R[r21=b56ba77dc4b962f1] inst=[0b50b423] sd      s5, 168(ra)
C0:       1929 [1] pc=[00000000800002bc] W[r 0=0000000000000000][0] R[r 1=0000000080002000] R[r22=0000000009fe59c0] inst=[0b60b823] sd      s6, 176(ra)
C0:       1951 [1] pc=[00000000800002c0] W[r 0=0000000000000000][0] R[r 1=0000000080002000] R[r23=4ae644bbac64d50b] inst=[0b70bc23] sd      s7, 184(ra)
C0:       1986 [1] pc=[00000000800002c4] W[r 0=0000000000000000][0] R[r 1=0000000080002000] R[r24=e28bf08ccca86021] inst=[0d80b023] sd      s8, 192(ra)
C0:       1987 [1] pc=[00000000800002c8] W[r 0=0000000000000000][0] R[r 1=0000000080002000] R[r25=1fa6d1885749bad0] inst=[0d90b423] sd      s9, 200(ra)
C0:       1988 [1] pc=[00000000800002cc] W[r 0=0000000000000000][0] R[r 1=0000000080002000] R[r27=24a84a540d2692a8] inst=[0db0bc23] sd      s11, 216(ra)
C0:       1989 [1] pc=[00000000800002d0] W[r 0=0000000000000000][0] R[r 1=0000000080002000] R[r28=0000000080040138] inst=[0fc0b023] sd      t3, 224(ra)
C0:       1990 [1] pc=[00000000800002d4] W[r 0=0000000000000000][0] R[r 1=0000000080002000] R[r29=8dfb7943f490b727] inst=[0fd0b423] sd      t4, 232(ra)
C0:       1991 [1] pc=[00000000800002d8] W[r 0=0000000000000000][0] R[r 1=0000000080002000] R[r30=0000000080060110] inst=[0fe0b823] sd      t5, 240(ra)
C0:       1992 [1] pc=[00000000800002dc] W[r 1=00000000800022dc][1] R[r 0=0000000000000000] R[r 0=0000000000000000] inst=[00002097] auipc   ra, 0x2
C0:       1993 [1] pc=[00000000800002e0] W[r 1=0000000080002100][1] R[r 1=00000000800022dc] R[r 0=0000000000000000] inst=[e2408093] addi    ra, ra, -476
C0:       2010 [1] pc=[00000000800002e4] W[r 0=0000000000000000][0] R[r 1=0000000080002100] R[r 1=0000000080060113] inst=[0010a427] fsw     ft1, 8(ra)
C0:       2011 [1] pc=[00000000800002e8] W[r 0=0000000000000000][0] R[r 1=0000000080002100] R[r 2=0000000080060113] inst=[0020a827] fsw     ft2, 16(ra)
C0:       2012 [1] pc=[00000000800002ec] W[r 0=0000000000000000][0] R[r 1=0000000080002100] R[r 7=0000000080060113] inst=[0270ac27] fsw     ft7, 56(ra)
C0:       2029 [1] pc=[00000000800002f0] W[r 0=0000000000000000][0] R[r 1=0000000080002100] R[r 9=0000000080060113] inst=[0490a427] fsw     fs1, 72(ra)
C0:       2030 [1] pc=[00000000800002f4] W[r 0=0000000000000000][0] R[r 1=0000000080002100] R[r10=0000000080060113] inst=[04a0a827] fsw     fa0, 80(ra)
C0:       2031 [1] pc=[00000000800002f8] W[r 0=0000000000000000][0] R[r 1=0000000080002100] R[r12=0000000080060113] inst=[06c0a027] fsw     fa2, 96(ra)
C0:       2032 [1] pc=[00000000800002fc] W[r 0=0000000000000000][0] R[r 1=0000000080002100] R[r13=0000000080060113] inst=[06d0a427] fsw     fa3, 104(ra)
C0:       2070 [1] pc=[0000000080000300] W[r 0=0000000000000000][0] R[r 1=0000000080002100] R[r21=0000000080060113] inst=[0b50a427] fsw     fs5, 168(ra)
C0:       2071 [1] pc=[0000000080000304] W[r 0=0000000000000000][0] R[r 1=0000000080002100] R[r22=0000000080060113] inst=[0b60a827] fsw     fs6, 176(ra)
C0:       2106 [1] pc=[0000000080000308] W[r 0=0000000000000000][0] R[r 1=0000000080002100] R[r25=0000000080060113] inst=[0d90a427] fsw     fs9, 200(ra)
C0:       2107 [1] pc=[000000008000030c] W[r 0=0000000000000000][0] R[r 1=0000000080002100] R[r26=0000000080060113] inst=[0da0a827] fsw     fs10, 208(ra)
C0:       2108 [1] pc=[0000000080000310] W[r 0=0000000000000000][0] R[r 1=0000000080002100] R[r28=0000000080060113] inst=[0fc0a027] fsw     ft8, 224(ra)
C0:       2109 [1] pc=[0000000080000314] W[r 0=0000000000000000][0] R[r 1=0000000080002100] R[r29=0000000080060113] inst=[0fd0a427] fsw     ft9, 232(ra)
C0:       2110 [1] pc=[0000000080000318] W[r 0=0000000000000000][0] R[r 1=0000000080002100] R[r30=0000000080060113] inst=[0fe0a827] fsw     ft10, 240(ra)
C0:       2111 [1] pc=[000000008000031c] W[r 0=0000000000000000][0] R[r 1=0000000080002100] R[r31=0000000080060113] inst=[0ff0ac27] fsw     ft11, 248(ra)
C0:       2112 [1] pc=[0000000080000320] W[r 1=0000000080002320][1] R[r 0=0000000000000000] R[r 0=0000000000000000] inst=[00002097] auipc   ra, 0x2
C0:       2113 [1] pc=[0000000080000324] W[r 1=0000000080002100][1] R[r 1=0000000080002320] R[r 0=0000000000000000] inst=[de008093] addi    ra, ra, -544
C0:       2114 [1] pc=[0000000080000328] W[r 0=0000000000000000][0] R[r 1=0000000080002100] R[r 0=0000000000000000] inst=[0000b027] fsd     ft0, 0(ra)
C0:       2115 [1] pc=[000000008000032c] W[r 0=0000000000000000][0] R[r 1=0000000080002100] R[r 3=0000000080060113] inst=[0030bc27] fsd     ft3, 24(ra)
C0:       2116 [1] pc=[0000000080000330] W[r 0=0000000000000000][0] R[r 1=0000000080002100] R[r 4=0000000080060113] inst=[0240b027] fsd     ft4, 32(ra)
C0:       2117 [1] pc=[0000000080000334] W[r 0=0000000000000000][0] R[r 1=0000000080002100] R[r 5=0000000080060113] inst=[0250b427] fsd     ft5, 40(ra)
C0:       2118 [1] pc=[0000000080000338] W[r 0=0000000000000000][0] R[r 1=0000000080002100] R[r 6=0000000080060113] inst=[0260b827] fsd     ft6, 48(ra)
C0:       2119 [1] pc=[000000008000033c] W[r 0=0000000000000000][0] R[r 1=0000000080002100] R[r 8=0000000080060113] inst=[0480b027] fsd     fs0, 64(ra)
C0:       2120 [1] pc=[0000000080000340] W[r 0=0000000000000000][0] R[r 1=0000000080002100] R[r11=0000000080060113] inst=[04b0bc27] fsd     fa1, 88(ra)
C0:       2121 [1] pc=[0000000080000344] W[r 0=0000000000000000][0] R[r 1=0000000080002100] R[r14=0000000080060113] inst=[06e0b827] fsd     fa4, 112(ra)
C0:       2122 [1] pc=[0000000080000348] W[r 0=0000000000000000][0] R[r 1=0000000080002100] R[r15=0000000080060113] inst=[06f0bc27] fsd     fa5, 120(ra)
C0:       2123 [1] pc=[000000008000034c] W[r 0=0000000000000000][0] R[r 1=0000000080002100] R[r16=0000000080060113] inst=[0900b027] fsd     fa6, 128(ra)
C0:       2124 [1] pc=[0000000080000350] W[r 0=0000000000000000][0] R[r 1=0000000080002100] R[r17=0000000080060113] inst=[0910b427] fsd     fa7, 136(ra)
C0:       2125 [1] pc=[0000000080000354] W[r 0=0000000000000000][0] R[r 1=0000000080002100] R[r18=0000000080060113] inst=[0920b827] fsd     fs2, 144(ra)
C0:       2126 [1] pc=[0000000080000358] W[r 0=0000000000000000][0] R[r 1=0000000080002100] R[r19=0000000080060113] inst=[0930bc27] fsd     fs3, 152(ra)
C0:       2127 [1] pc=[000000008000035c] W[r 0=0000000000000000][0] R[r 1=0000000080002100] R[r20=0000000080060113] inst=[0b40b027] fsd     fs4, 160(ra)
C0:       2128 [1] pc=[0000000080000360] W[r 0=0000000000000000][0] R[r 1=0000000080002100] R[r23=0000000080060113] inst=[0b70bc27] fsd     fs7, 184(ra)
C0:       2129 [1] pc=[0000000080000364] W[r 0=0000000000000000][0] R[r 1=0000000080002100] R[r24=0000000080060113] inst=[0d80b027] fsd     fs8, 192(ra)
C0:       2130 [1] pc=[0000000080000368] W[r 0=0000000000000000][0] R[r 1=0000000080002100] R[r27=0000000080060113] inst=[0db0bc27] fsd     fs11, 216(ra)
C0:       2131 [1] pc=[000000008000036c] W[r 3=0000000000000001][1] R[r 0=0000000000000000] R[r 0=0000000000000000] inst=[00100193] li      gp, 1
C0:       2132 [1] pc=[0000000080000370] W[r30=0000000080001370][1] R[r 0=0000000000000000] R[r 0=0000000000000000] inst=[00001f17] auipc   t5, 0x1
C0:       2149 [1] pc=[0000000080000374] W[r 0=0000000000000000][0] R[r30=0000000080001370] R[r 3=0000000000000001] inst=[c83f2823] sw      gp, -880(t5)
C0:       2150 [1] pc=[0000000080000378] W[r 0=000000008000037c][1] R[r 0=0000000000000000] R[r 0=0000000000000000] inst=[0000006f] j       pc + 0x0
C0:       2154 [1] pc=[0000000080000378] W[r 0=000000008000037c][1] R[r 0=0000000000000000] R[r 0=0000000000000000] inst=[0000006f] j       pc + 0x0
C0:       2156 [1] pc=[0000000080000378] W[r 0=000000008000037c][1] R[r 0=0000000000000000] R[r 0=0000000000000000] inst=[0000006f] j       pc + 0x0
C0:       2157 [1] pc=[0000000080000378] W[r 0=000000008000037c][1] R[r 0=0000000000000000] R[r 0=0000000000000000] inst=[0000006f] j       pc + 0x0
C0:       2158 [1] pc=[0000000080000378] W[r 0=000000008000037c][1] R[r 0=0000000000000000] R[r 0=0000000000000000] inst=[0000006f] j       pc + 0x0
C0:       2160 [1] pc=[0000000080000378] W[r 0=000000008000037c][1] R[r 0=0000000000000000] R[r 0=0000000000000000] inst=[0000006f] j       pc + 0x0
C0:       2162 [1] pc=[0000000080000378] W[r 0=000000008000037c][1] R[r 0=0000000000000000] R[r 0=0000000000000000] inst=[0000006f] j       pc + 0x0
C0:       2163 [1] pc=[0000000080000378] W[r 0=000000008000037c][1] R[r 0=0000000000000000] R[r 0=0000000000000000] inst=[0000006f] j       pc + 0x0
C0:       2164 [1] pc=[0000000080000378] W[r 0=000000008000037c][1] R[r 0=0000000000000000] R[r 0=0000000000000000] inst=[0000006f] j       pc + 0x0
C0:       2166 [1] pc=[0000000080000378] W[r 0=000000008000037c][1] R[r 0=0000000000000000] R[r 0=0000000000000000] inst=[0000006f] j       pc + 0x0
C0:       2168 [1] pc=[0000000080000378] W[r 0=000000008000037c][1] R[r 0=0000000000000000] R[r 0=0000000000000000] inst=[0000006f] j       pc + 0x0
C0:       2169 [1] pc=[0000000080000378] W[r 0=000000008000037c][1] R[r 0=0000000000000000] R[r 0=0000000000000000] inst=[0000006f] j       pc + 0x0
C0:       2170 [1] pc=[0000000080000378] W[r 0=000000008000037c][1] R[r 0=0000000000000000] R[r 0=0000000000000000] inst=[0000006f] j       pc + 0x0
C0:       2172 [1] pc=[0000000080000378] W[r 0=000000008000037c][1] R[r 0=0000000000000000] R[r 0=0000000000000000] inst=[0000006f] j       pc + 0x0
C0:       2174 [1] pc=[0000000080000378] W[r 0=000000008000037c][1] R[r 0=0000000000000000] R[r 0=0000000000000000] inst=[0000006f] j       pc + 0x0
C0:       2175 [1] pc=[0000000080000378] W[r 0=000000008000037c][1] R[r 0=0000000000000000] R[r 0=0000000000000000] inst=[0000006f] j       pc + 0x0
C0:       2176 [1] pc=[0000000080000378] W[r 0=000000008000037c][1] R[r 0=0000000000000000] R[r 0=0000000000000000] inst=[0000006f] j       pc + 0x0
C0:       2178 [1] pc=[0000000080000378] W[r 0=000000008000037c][1] R[r 0=0000000000000000] R[r 0=0000000000000000] inst=[0000006f] j       pc + 0x0
C0:       2180 [1] pc=[0000000080000378] W[r 0=000000008000037c][1] R[r 0=0000000000000000] R[r 0=0000000000000000] inst=[0000006f] j       pc + 0x0
C0:       2181 [1] pc=[0000000080000378] W[r 0=000000008000037c][1] R[r 0=0000000000000000] R[r 0=0000000000000000] inst=[0000006f] j       pc + 0x0
C0:       2182 [1] pc=[0000000080000378] W[r 0=000000008000037c][1] R[r 0=0000000000000000] R[r 0=0000000000000000] inst=[0000006f] j       pc + 0x0
C0:       2184 [1] pc=[0000000080000378] W[r 0=000000008000037c][1] R[r 0=0000000000000000] R[r 0=0000000000000000] inst=[0000006f] j       pc + 0x0
C0:       2186 [1] pc=[0000000080000378] W[r 0=000000008000037c][1] R[r 0=0000000000000000] R[r 0=0000000000000000] inst=[0000006f] j       pc + 0x0
C0:       2187 [1] pc=[0000000080000378] W[r 0=000000008000037c][1] R[r 0=0000000000000000] R[r 0=0000000000000000] inst=[0000006f] j       pc + 0x0
C0:       2188 [1] pc=[0000000080000378] W[r 0=000000008000037c][1] R[r 0=0000000000000000] R[r 0=0000000000000000] inst=[0000006f] j       pc + 0x0
C0:       2190 [1] pc=[0000000080000378] W[r 0=000000008000037c][1] R[r 0=0000000000000000] R[r 0=0000000000000000] inst=[0000006f] j       pc + 0x0
C0:       2192 [1] pc=[0000000080000378] W[r 0=000000008000037c][1] R[r 0=0000000000000000] R[r 0=0000000000000000] inst=[0000006f] j       pc + 0x0
C0:       2193 [1] pc=[0000000080000378] W[r 0=000000008000037c][1] R[r 0=0000000000000000] R[r 0=0000000000000000] inst=[0000006f] j       pc + 0x0
C0:       2194 [1] pc=[0000000080000378] W[r 0=000000008000037c][1] R[r 0=0000000000000000] R[r 0=0000000000000000] inst=[0000006f] j       pc + 0x0
C0:       2196 [1] pc=[0000000080000378] W[r 0=000000008000037c][1] R[r 0=0000000000000000] R[r 0=0000000000000000] inst=[0000006f] j       pc + 0x0
C0:       2198 [1] pc=[0000000080000378] W[r 0=000000008000037c][1] R[r 0=0000000000000000] R[r 0=0000000000000000] inst=[0000006f] j       pc + 0x0
C0:       2199 [1] pc=[0000000080000378] W[r 0=000000008000037c][1] R[r 0=0000000000000000] R[r 0=0000000000000000] inst=[0000006f] j       pc + 0x0
C0:       2200 [1] pc=[0000000080000378] W[r 0=000000008000037c][1] R[r 0=0000000000000000] R[r 0=0000000000000000] inst=[0000006f] j       pc + 0x0
C0:       2202 [1] pc=[0000000080000378] W[r 0=000000008000037c][1] R[r 0=0000000000000000] R[r 0=0000000000000000] inst=[0000006f] j       pc + 0x0
C0:       2204 [1] pc=[0000000080000378] W[r 0=000000008000037c][1] R[r 0=0000000000000000] R[r 0=0000000000000000] inst=[0000006f] j       pc + 0x0
C0:       2205 [1] pc=[0000000080000378] W[r 0=000000008000037c][1] R[r 0=0000000000000000] R[r 0=0000000000000000] inst=[0000006f] j       pc + 0x0
C0:       2206 [1] pc=[0000000080000378] W[r 0=000000008000037c][1] R[r 0=0000000000000000] R[r 0=0000000000000000] inst=[0000006f] j       pc + 0x0
C0:       2208 [1] pc=[0000000080000378] W[r 0=000000008000037c][1] R[r 0=0000000000000000] R[r 0=0000000000000000] inst=[0000006f] j       pc + 0x0
C0:       2210 [1] pc=[0000000080000378] W[r 0=000000008000037c][1] R[r 0=0000000000000000] R[r 0=0000000000000000] inst=[0000006f] j       pc + 0x0
C0:       2211 [1] pc=[0000000080000378] W[r 0=000000008000037c][1] R[r 0=0000000000000000] R[r 0=0000000000000000] inst=[0000006f] j       pc + 0x0
C0:       2212 [1] pc=[0000000080000378] W[r 0=000000008000037c][1] R[r 0=0000000000000000] R[r 0=0000000000000000] inst=[0000006f] j       pc + 0x0
C0:       2214 [1] pc=[0000000080000378] W[r 0=000000008000037c][1] R[r 0=0000000000000000] R[r 0=0000000000000000] inst=[0000006f] j       pc + 0x0
C0:       2216 [1] pc=[0000000080000378] W[r 0=000000008000037c][1] R[r 0=0000000000000000] R[r 0=0000000000000000] inst=[0000006f] j       pc + 0x0
C0:       2217 [1] pc=[0000000080000378] W[r 0=000000008000037c][1] R[r 0=0000000000000000] R[r 0=0000000000000000] inst=[0000006f] j       pc + 0x0
C0:       2218 [1] pc=[0000000080000378] W[r 0=000000008000037c][1] R[r 0=0000000000000000] R[r 0=0000000000000000] inst=[0000006f] j       pc + 0x0
C0:       2220 [1] pc=[0000000080000378] W[r 0=000000008000037c][1] R[r 0=0000000000000000] R[r 0=0000000000000000] inst=[0000006f] j       pc + 0x0
C0:       2222 [1] pc=[0000000080000378] W[r 0=000000008000037c][1] R[r 0=0000000000000000] R[r 0=0000000000000000] inst=[0000006f] j       pc + 0x0
C0:       2223 [1] pc=[0000000080000378] W[r 0=000000008000037c][1] R[r 0=0000000000000000] R[r 0=0000000000000000] inst=[0000006f] j       pc + 0x0
C0:       2224 [1] pc=[0000000080000378] W[r 0=000000008000037c][1] R[r 0=0000000000000000] R[r 0=0000000000000000] inst=[0000006f] j       pc + 0x0
C0:       2226 [1] pc=[0000000080000378] W[r 0=000000008000037c][1] R[r 0=0000000000000000] R[r 0=0000000000000000] inst=[0000006f] j       pc + 0x0
C0:       2228 [1] pc=[0000000080000378] W[r 0=000000008000037c][1] R[r 0=0000000000000000] R[r 0=0000000000000000] inst=[0000006f] j       pc + 0x0
C0:       2229 [1] pc=[0000000080000378] W[r 0=000000008000037c][1] R[r 0=0000000000000000] R[r 0=0000000000000000] inst=[0000006f] j       pc + 0x0
C0:       2230 [1] pc=[0000000080000378] W[r 0=000000008000037c][1] R[r 0=0000000000000000] R[r 0=0000000000000000] inst=[0000006f] j       pc + 0x0
C0:       2232 [1] pc=[0000000080000378] W[r 0=000000008000037c][1] R[r 0=0000000000000000] R[r 0=0000000000000000] inst=[0000006f] j       pc + 0x0
C0:       2234 [1] pc=[0000000080000378] W[r 0=000000008000037c][1] R[r 0=0000000000000000] R[r 0=0000000000000000] inst=[0000006f] j       pc + 0x0
C0:       2235 [1] pc=[0000000080000378] W[r 0=000000008000037c][1] R[r 0=0000000000000000] R[r 0=0000000000000000] inst=[0000006f] j       pc + 0x0
C0:       2236 [1] pc=[0000000080000378] W[r 0=000000008000037c][1] R[r 0=0000000000000000] R[r 0=0000000000000000] inst=[0000006f] j       pc + 0x0
C0:       2238 [1] pc=[0000000080000378] W[r 0=000000008000037c][1] R[r 0=0000000000000000] R[r 0=0000000000000000] inst=[0000006f] j       pc + 0x0
C0:       2240 [1] pc=[0000000080000378] W[r 0=000000008000037c][1] R[r 0=0000000000000000] R[r 0=0000000000000000] inst=[0000006f] j       pc + 0x0
C0:       2241 [1] pc=[0000000080000378] W[r 0=000000008000037c][1] R[r 0=0000000000000000] R[r 0=0000000000000000] inst=[0000006f] j       pc + 0x0
C0:       2242 [1] pc=[0000000080000378] W[r 0=000000008000037c][1] R[r 0=0000000000000000] R[r 0=0000000000000000] inst=[0000006f] j       pc + 0x0
C0:       2244 [1] pc=[0000000080000378] W[r 0=000000008000037c][1] R[r 0=0000000000000000] R[r 0=0000000000000000] inst=[0000006f] j       pc + 0x0
C0:       2246 [1] pc=[0000000080000378] W[r 0=000000008000037c][1] R[r 0=0000000000000000] R[r 0=0000000000000000] inst=[0000006f] j       pc + 0x0
C0:       2247 [1] pc=[0000000080000378] W[r 0=000000008000037c][1] R[r 0=0000000000000000] R[r 0=0000000000000000] inst=[0000006f] j       pc + 0x0
C0:       2248 [1] pc=[0000000080000378] W[r 0=000000008000037c][1] R[r 0=0000000000000000] R[r 0=0000000000000000] inst=[0000006f] j       pc + 0x0
C0:       2250 [1] pc=[0000000080000378] W[r 0=000000008000037c][1] R[r 0=0000000000000000] R[r 0=0000000000000000] inst=[0000006f] j       pc + 0x0
C0:       2252 [1] pc=[0000000080000378] W[r 0=000000008000037c][1] R[r 0=0000000000000000] R[r 0=0000000000000000] inst=[0000006f] j       pc + 0x0
C0:       2253 [1] pc=[0000000080000378] W[r 0=000000008000037c][1] R[r 0=0000000000000000] R[r 0=0000000000000000] inst=[0000006f] j       pc + 0x0
C0:       2254 [1] pc=[0000000080000378] W[r 0=000000008000037c][1] R[r 0=0000000000000000] R[r 0=0000000000000000] inst=[0000006f] j       pc + 0x0
C0:       2256 [1] pc=[0000000080000378] W[r 0=000000008000037c][1] R[r 0=0000000000000000] R[r 0=0000000000000000] inst=[0000006f] j       pc + 0x0
C0:       2258 [1] pc=[0000000080000378] W[r 0=000000008000037c][1] R[r 0=0000000000000000] R[r 0=0000000000000000] inst=[0000006f] j       pc + 0x0
C0:       2259 [1] pc=[0000000080000378] W[r 0=000000008000037c][1] R[r 0=0000000000000000] R[r 0=0000000000000000] inst=[0000006f] j       pc + 0x0
C0:       2260 [1] pc=[0000000080000378] W[r 0=000000008000037c][1] R[r 0=0000000000000000] R[r 0=0000000000000000] inst=[0000006f] j       pc + 0x0
C0:       2262 [1] pc=[0000000080000378] W[r 0=000000008000037c][1] R[r 0=0000000000000000] R[r 0=0000000000000000] inst=[0000006f] j       pc + 0x0
C0:       2264 [1] pc=[0000000080000378] W[r 0=000000008000037c][1] R[r 0=0000000000000000] R[r 0=0000000000000000] inst=[0000006f] j       pc + 0x0
C0:       2265 [1] pc=[0000000080000378] W[r 0=000000008000037c][1] R[r 0=0000000000000000] R[r 0=0000000000000000] inst=[0000006f] j       pc + 0x0
C0:       2266 [1] pc=[0000000080000378] W[r 0=000000008000037c][1] R[r 0=0000000000000000] R[r 0=0000000000000000] inst=[0000006f] j       pc + 0x0
C0:       2268 [1] pc=[0000000080000378] W[r 0=000000008000037c][1] R[r 0=0000000000000000] R[r 0=0000000000000000] inst=[0000006f] j       pc + 0x0
C0:       2270 [1] pc=[0000000080000378] W[r 0=000000008000037c][1] R[r 0=0000000000000000] R[r 0=0000000000000000] inst=[0000006f] j       pc + 0x0
C0:       2271 [1] pc=[0000000080000378] W[r 0=000000008000037c][1] R[r 0=0000000000000000] R[r 0=0000000000000000] inst=[0000006f] j       pc + 0x0
C0:       2272 [1] pc=[0000000080000378] W[r 0=000000008000037c][1] R[r 0=0000000000000000] R[r 0=0000000000000000] inst=[0000006f] j       pc + 0x0
C0:       2274 [1] pc=[0000000080000378] W[r 0=000000008000037c][1] R[r 0=0000000000000000] R[r 0=0000000000000000] inst=[0000006f] j       pc + 0x0
C0:       2276 [1] pc=[0000000080000378] W[r 0=000000008000037c][1] R[r 0=0000000000000000] R[r 0=0000000000000000] inst=[0000006f] j       pc + 0x0
C0:       2277 [1] pc=[0000000080000378] W[r 0=000000008000037c][1] R[r 0=0000000000000000] R[r 0=0000000000000000] inst=[0000006f] j       pc + 0x0
C0:       2278 [1] pc=[0000000080000378] W[r 0=000000008000037c][1] R[r 0=0000000000000000] R[r 0=0000000000000000] inst=[0000006f] j       pc + 0x0
C0:       2280 [1] pc=[0000000080000378] W[r 0=000000008000037c][1] R[r 0=0000000000000000] R[r 0=0000000000000000] inst=[0000006f] j       pc + 0x0
C0:       2282 [1] pc=[0000000080000378] W[r 0=000000008000037c][1] R[r 0=0000000000000000] R[r 0=0000000000000000] inst=[0000006f] j       pc + 0x0
C0:       2283 [1] pc=[0000000080000378] W[r 0=000000008000037c][1] R[r 0=0000000000000000] R[r 0=0000000000000000] inst=[0000006f] j       pc + 0x0
C0:       2284 [1] pc=[0000000080000378] W[r 0=000000008000037c][1] R[r 0=0000000000000000] R[r 0=0000000000000000] inst=[0000006f] j       pc + 0x0
C0:       2286 [1] pc=[0000000080000378] W[r 0=000000008000037c][1] R[r 0=0000000000000000] R[r 0=0000000000000000] inst=[0000006f] j       pc + 0x0
*** PASSED *** Completed after               335236 simulation cycles
