ERROR: ld.so: object '/home/rsaravan/chipyard/.conda-env/lib/libstdc++.so.6' from LD_PRELOAD cannot be preloaded (wrong ELF class: ELFCLASS64): ignored.
testing $random aa374254
== Loading device model file '/home/rsaravan/chipyard/generators/testchipip/src/main/resources/dramsim2_ini/DDR3_micron_64M_8B_x4_sg15.ini' == 
== Loading system model file '/home/rsaravan/chipyard/generators/testchipip/src/main/resources/dramsim2_ini/system.ini' == 
===== MemorySystem 0 =====
CH. 0 TOTAL_STORAGE : 4096MB | 1 Ranks | 16 Devices per rank
DRAMSim2 Clock Frequency =666666666Hz, CPU Clock Frequency=500000000Hz
C0:         19 [1] pc=[0000000000010040] W[r10=0000000000010040][1] R[r 0=0000000000000000] R[r 0=0000000000000000] inst=[00000517] auipc   a0, 0x0
C0:         20 [1] pc=[0000000000010044] W[r10=0000000000010000][1] R[r10=0000000000010040] R[r 0=0000000000000000] inst=[fc050513] addi    a0, a0, -64
C0:         21 [1] pc=[0000000000010048] W[r 0=0000000000000000][1] R[r10=0000000000010000] R[r 0=0000000000000000] inst=[30551073] csrw    mtvec, a0
C0:         26 [1] pc=[000000000001004c] W[r 5=800000000094112d][1] R[r 0=0000000000000000] R[r 0=0000000000000000] inst=[301022f3] csrr    t0, misa
C0:         29 [1] pc=[0000000000010050] W[r 5=ffffe00000000025][1] R[r 5=800000000094112d] R[r 0=0000000000000000] inst=[4122d293] srai    t0, t0, 18
C0:         30 [1] pc=[0000000000010054] W[r 5=0000000000000001][1] R[r 5=ffffe00000000025] R[r 0=0000000000000000] inst=[0012f293] andi    t0, t0, 1
C0:         31 [1] pc=[0000000000010058] W[r 0=0000000000000000][0] R[r 5=0000000000000001] R[r 0=0000000000000000] inst=[00028463] beqz    t0, pc + 8
C0:         32 [1] pc=[000000000001005c] W[r 0=0000000000000202][1] R[r 0=0000000000000000] R[r 0=0000000000000000] inst=[30301073] csrw    mideleg, zero
C0:         37 [1] pc=[0000000000010060] W[r10=0000000000000008][1] R[r 0=0000000000000000] R[r 0=0000000000000000] inst=[00800513] li      a0, 8
C0:         38 [1] pc=[0000000000010064] W[r 0=0021820f436e91f8][1] R[r10=0000000000000008] R[r 0=0000000000000000] inst=[30451073] csrw    mie, a0
C0:         43 [1] pc=[0000000000010068] W[r 0=0000000a00001800][1] R[r10=0000000000000008] R[r 0=0000000000000000] inst=[30052073] csrs    mstatus, a0
C0:         48 [1] pc=[000000000001006c] W[r 0=0000000000000000][0] R[r 0=0000000000000000] R[r 0=0000000000000000] inst=[10500073] wfi
C0:         51 [0] pc=[0000000000010070] W[r 0=0000000000000000][0] R[r31=0000000000000008] R[r 0=0000000000000000] inst=[ffdff06f] j       pc - 0x4
C0:         70 [1] pc=[0000000000010000] W[r11=0000000002000000][1] R[r 0=0000000000000000] R[r 0=0000000000000000] inst=[020005b7] lui     a1, 0x2000
C0:         71 [1] pc=[0000000000010004] W[r10=0000000000000000][1] R[r 0=0000000000000000] R[r 0=0000000000000000] inst=[f1402573] csrr    a0, mhartid
C0:         74 [1] pc=[0000000000010008] W[r 0=0000000000000000][0] R[r10=0000000000000000] R[r 0=0000000000000000] inst=[00050463] beqz    a0, pc + 8
C0:         78 [1] pc=[0000000000010010] W[r12=0000000002000004][1] R[r11=0000000002000000] R[r 0=0000000000000000] inst=[00458613] addi    a2, a1, 4
C0:         79 [1] pc=[0000000000010014] W[r13=0000000000000001][1] R[r 0=0000000000000000] R[r 0=0000000000000000] inst=[00100693] li      a3, 1
C0:         80 [1] pc=[0000000000010018] W[r 0=0000000000000000][0] R[r12=0000000002000004] R[r13=0000000000000001] inst=[00d62023] sw      a3, 0(a2)
C0:         81 [1] pc=[000000000001001c] W[r12=0000000002000008][1] R[r12=0000000002000004] R[r 0=0000000000000000] inst=[00460613] addi    a2, a2, 4
C0:         87 [1] pc=[0000000000010020] W[r13=0000000000000000][0] R[r12=0000000002000008] R[r 0=0000000000000000] inst=[ffc62683] lw      a3, -4(a2)
C0:         95 [1] pc=[0000000000010024] W[r 0=0000000000000000][0] R[r13=0000000000000000] R[r 0=0000000000000000] inst=[fe069ae3] bnez    a3, pc - 12
C0:         96 [1] pc=[0000000000010028] W[r 0=000000000001002c][1] R[r 0=0000000000000000] R[r 0=0000000000000000] inst=[06c0006f] j       pc + 0x6c
C0:        116 [1] pc=[0000000000010094] W[r 0=0000000000000000][0] R[r11=0000000002000000] R[r 0=0000000000000000] inst=[0005a023] sw      zero, 0(a1)
C0:        117 [1] pc=[0000000000010098] W[r10=0000000000004000][1] R[r 0=0000000000000000] R[r 0=0000000000000000] inst=[00004537] lui     a0, 0x4
C0:        123 [1] pc=[000000000001009c] W[r10=0000000000000000][0] R[r10=0000000000004000] R[r 0=0000000000000000] inst=[00053503] ld      a0, 0(a0)
C0:        135 [1] pc=[00000000000100a0] W[r 0=0000000000010070][1] R[r10=0000000080000000] R[r 0=0000000000000000] inst=[34151073] csrw    mepc, a0
C0:        136 [1] pc=[00000000000100a4] W[r10=0000000000000000][1] R[r 0=0000000000000000] R[r 0=0000000000000000] inst=[f1402573] csrr    a0, mhartid
C0:        137 [1] pc=[00000000000100a8] W[r11=00000000000100a8][1] R[r 0=0000000000000000] R[r 0=0000000000000000] inst=[00000597] auipc   a1, 0x0
C0:        138 [1] pc=[00000000000100ac] W[r11=00000000000100c0][1] R[r11=00000000000100a8] R[r 0=0000000000000000] inst=[01858593] addi    a1, a1, 24
C0:        139 [1] pc=[00000000000100b0] W[r12=0000000000000080][1] R[r 0=0000000000000000] R[r 0=0000000000000000] inst=[08000613] li      a2, 128
C0:        140 [1] pc=[00000000000100b4] W[r 0=0000000a00001880][1] R[r12=0000000000000080] R[r 0=0000000000000000] inst=[30063073] csrc    mstatus, a2
C0:        145 [1] pc=[00000000000100b8] W[r 0=0000000000000000][0] R[r 0=0000000000000000] R[r 0=0000000000000000] inst=[30200073] mret
C0:        166 [1] pc=[0000000080000000] W[r31=0000000080010000][1] R[r 0=0000000000000000] R[r 0=0000000000000000] inst=[00010f97] auipc   t6, 0x10
C0:        167 [1] pc=[0000000080000004] W[r31=0000000080010000][1] R[r31=0000000080010000] R[r 0=0000000000000000] inst=[000f8f93] mv      t6, t6
C0:        184 [1] pc=[0000000080000008] W[r 1=3c025c24e32b51e3][1] R[r31=0000000080010000] R[r 0=0000000000000000] inst=[000fb083] ld      ra, 0(t6)
C0:        185 [1] pc=[000000008000000c] W[r 2=ce58b80ed9668c9b][1] R[r31=0000000080010000] R[r 0=0000000000000000] inst=[008fb103] ld      sp, 8(t6)
C0:        186 [1] pc=[0000000080000010] W[r 3=bb4de7d51ab5d9ee][1] R[r31=0000000080010000] R[r 0=0000000000000000] inst=[010fb183] ld      gp, 16(t6)
C0:        187 [1] pc=[0000000080000014] W[r 4=62105dd54c1a5477][1] R[r31=0000000080010000] R[r 0=0000000000000000] inst=[018fb203] ld      tp, 24(t6)
C0:        188 [1] pc=[0000000080000018] W[r 5=81c10450b0bdcc73][1] R[r31=0000000080010000] R[r 0=0000000000000000] inst=[020fb283] ld      t0, 32(t6)
C0:        189 [1] pc=[000000008000001c] W[r 6=2fc0d4a1d86bb1d4][1] R[r31=0000000080010000] R[r 0=0000000000000000] inst=[028fb303] ld      t1, 40(t6)
C0:        190 [1] pc=[0000000080000020] W[r 7=eeaf55ccc1ae2515][1] R[r31=0000000080010000] R[r 0=0000000000000000] inst=[030fb383] ld      t2, 48(t6)
C0:        191 [1] pc=[0000000080000024] W[r 8=438b6db7289b1179][1] R[r31=0000000080010000] R[r 0=0000000000000000] inst=[038fb403] ld      s0, 56(t6)
C0:        208 [1] pc=[0000000080000028] W[r 9=729714a3e5aabb81][1] R[r31=0000000080010000] R[r 0=0000000000000000] inst=[040fb483] ld      s1, 64(t6)
C0:        209 [1] pc=[000000008000002c] W[r10=28b77da872834589][1] R[r31=0000000080010000] R[r 0=0000000000000000] inst=[048fb503] ld      a0, 72(t6)
C0:        210 [1] pc=[0000000080000030] W[r11=c8467087a5501ae5][1] R[r31=0000000080010000] R[r 0=0000000000000000] inst=[050fb583] ld      a1, 80(t6)
C0:        211 [1] pc=[0000000080000034] W[r12=6950ecd260ccd7e8][1] R[r31=0000000080010000] R[r 0=0000000000000000] inst=[058fb603] ld      a2, 88(t6)
C0:        212 [1] pc=[0000000080000038] W[r13=b1242be91dcb4e8a][1] R[r31=0000000080010000] R[r 0=0000000000000000] inst=[060fb683] ld      a3, 96(t6)
C0:        213 [1] pc=[000000008000003c] W[r14=2d899e823b75da0b][1] R[r31=0000000080010000] R[r 0=0000000000000000] inst=[068fb703] ld      a4, 104(t6)
C0:        235 [1] pc=[0000000080000040] W[r15=1ca42d1b23dab990][1] R[r31=0000000080010000] R[r 0=0000000000000000] inst=[070fb783] ld      a5, 112(t6)
C0:        236 [1] pc=[0000000080000044] W[r16=496608b44acb4037][1] R[r31=0000000080010000] R[r 0=0000000000000000] inst=[078fb803] ld      a6, 120(t6)
C0:        282 [1] pc=[0000000080000048] W[r17=f1fde176b5cee63c][1] R[r31=0000000080010000] R[r 0=0000000000000000] inst=[080fb883] ld      a7, 128(t6)
C0:        283 [1] pc=[000000008000004c] W[r18=b32b4855761f4ef2][1] R[r31=0000000080010000] R[r 0=0000000000000000] inst=[088fb903] ld      s2, 136(t6)
C0:        284 [1] pc=[0000000080000050] W[r19=7b19fc1dd10f0d55][1] R[r31=0000000080010000] R[r 0=0000000000000000] inst=[090fb983] ld      s3, 144(t6)
C0:        285 [1] pc=[0000000080000054] W[r20=d265df4a6070ebe7][1] R[r31=0000000080010000] R[r 0=0000000000000000] inst=[098fba03] ld      s4, 152(t6)
C0:        286 [1] pc=[0000000080000058] W[r21=d89c47097843eab3][1] R[r31=0000000080010000] R[r 0=0000000000000000] inst=[0a0fba83] ld      s5, 160(t6)
C0:        287 [1] pc=[000000008000005c] W[r22=0e12ae272c71ea6f][1] R[r31=0000000080010000] R[r 0=0000000000000000] inst=[0a8fbb03] ld      s6, 168(t6)
C0:        288 [1] pc=[0000000080000060] W[r23=04c88d20d2916fa7][1] R[r31=0000000080010000] R[r 0=0000000000000000] inst=[0b0fbb83] ld      s7, 176(t6)
C0:        289 [1] pc=[0000000080000064] W[r24=cd1b5e5d64f06567][1] R[r31=0000000080010000] R[r 0=0000000000000000] inst=[0b8fbc03] ld      s8, 184(t6)
C0:        306 [1] pc=[0000000080000068] W[r25=dcfdb923bbb03869][1] R[r31=0000000080010000] R[r 0=0000000000000000] inst=[0c0fbc83] ld      s9, 192(t6)
C0:        307 [1] pc=[000000008000006c] W[r26=300c789392330bf8][1] R[r31=0000000080010000] R[r 0=0000000000000000] inst=[0c8fbd03] ld      s10, 200(t6)
C0:        308 [1] pc=[0000000080000070] W[r27=9dedfcfe9452346a][1] R[r31=0000000080010000] R[r 0=0000000000000000] inst=[0d0fbd83] ld      s11, 208(t6)
C0:        309 [1] pc=[0000000080000074] W[r28=2dbdd55bd710e2ef][1] R[r31=0000000080010000] R[r 0=0000000000000000] inst=[0d8fbe03] ld      t3, 216(t6)
C0:        310 [1] pc=[0000000080000078] W[r29=2d2aff56ae84d91e][1] R[r31=0000000080010000] R[r 0=0000000000000000] inst=[0e0fbe83] ld      t4, 224(t6)
C0:        311 [1] pc=[000000008000007c] W[r30=542012b2e71b3259][1] R[r31=0000000080010000] R[r 0=0000000000000000] inst=[0e8fbf03] ld      t5, 232(t6)
C0:        333 [1] pc=[0000000080000080] W[r31=65491136ebc3a4f1][1] R[r31=0000000080010000] R[r 0=0000000000000000] inst=[0f0fbf83] ld      t6, 240(t6)
C0:        334 [1] pc=[0000000080000084] W[r 0=0000000080000088][1] R[r 0=0000000000000000] R[r 0=0000000000000000] inst=[2f80006f] j       pc + 0x2f8
C0:        357 [1] pc=[000000008000037c] W[r 0=0000000a00000080][1] R[r 0=0000000000000000] R[r 0=0000000000000000] inst=[30005073] csrwi   mstatus, 0
C0:        374 [1] pc=[0000000080000380] W[r10=0000000000000000][1] R[r 0=0000000000000000] R[r 0=0000000000000000] inst=[f1402573] csrr    a0, mhartid
C0:        377 [1] pc=[0000000080000384] W[r 0=0000000000000000][0] R[r10=0000000000000000] R[r 0=0000000000000000] inst=[00051063] bnez    a0, pc + 0
C0:        378 [1] pc=[0000000080000388] W[r 5=0000000080000388][1] R[r 0=0000000000000000] R[r 0=0000000000000000] inst=[00000297] auipc   t0, 0x0
C0:        379 [1] pc=[000000008000038c] W[r 5=00000000800003a0][1] R[r 5=0000000080000388] R[r 0=0000000000000000] inst=[01828293] addi    t0, t0, 24
C0:        380 [1] pc=[0000000080000390] W[r 0=0000000000010000][1] R[r 5=00000000800003a0] R[r 0=0000000000000000] inst=[30529073] csrw    mtvec, t0
C0:        385 [1] pc=[0000000080000394] W[r 0=0000000000e0355d][1] R[r 0=0000000000000000] R[r 0=0000000000000000] inst=[30205073] csrwi   medeleg, 0
C0:        390 [1] pc=[0000000080000398] W[r 0=0000000000000000][1] R[r 0=0000000000000000] R[r 0=0000000000000000] inst=[30305073] csrwi   mideleg, 0
C0:        395 [1] pc=[000000008000039c] W[r 0=0000000000000008][1] R[r 0=0000000000000000] R[r 0=0000000000000000] inst=[30405073] csrwi   mie, 0
C0:        400 [1] pc=[00000000800003a0] W[r 5=00000000800003a0][1] R[r 0=0000000000000000] R[r 0=0000000000000000] inst=[00000297] auipc   t0, 0x0
C0:        401 [1] pc=[00000000800003a4] W[r 5=00000000800003b0][1] R[r 5=00000000800003a0] R[r 0=0000000000000000] inst=[01028293] addi    t0, t0, 16
C0:        402 [1] pc=[00000000800003a8] W[r 0=00000000800003a0][1] R[r 5=00000000800003b0] R[r 0=0000000000000000] inst=[30529073] csrw    mtvec, t0
C0:        407 [1] pc=[00000000800003ac] W[r 0=0000024673b8f237][1] R[r 0=0000000000000000] R[r 0=0000000000000000] inst=[18005073] csrwi   satp, 0
C0:        412 [1] pc=[00000000800003b0] W[r 5=00000000800003b0][1] R[r 0=0000000000000000] R[r 0=0000000000000000] inst=[00000297] auipc   t0, 0x0
C0:        413 [1] pc=[00000000800003b4] W[r 5=00000000800003d4][1] R[r 5=00000000800003b0] R[r 0=0000000000000000] inst=[02428293] addi    t0, t0, 36
C0:        414 [1] pc=[00000000800003b8] W[r 0=00000000800003b0][1] R[r 5=00000000800003d4] R[r 0=0000000000000000] inst=[30529073] csrw    mtvec, t0
C0:        419 [1] pc=[00000000800003bc] W[r 5=0000000000000001][1] R[r 0=0000000000000000] R[r 0=0000000000000000] inst=[0010029b] addiw   t0, zero, 1
C0:        436 [1] pc=[00000000800003c0] W[r 5=0020000000000000][1] R[r 5=0000000000000001] R[r 0=0000000000000000] inst=[03529293] slli    t0, t0, 53
C0:        437 [1] pc=[00000000800003c4] W[r 5=001fffffffffffff][1] R[r 5=0020000000000000] R[r 0=0000000000000000] inst=[fff28293] addi    t0, t0, -1
C0:        438 [1] pc=[00000000800003c8] W[r 0=0000000028d90b3c][1] R[r 5=001fffffffffffff] R[r 0=0000000000000000] inst=[3b029073] csrw    pmpaddr0, t0
C0:        443 [1] pc=[00000000800003cc] W[r 5=000000000000001f][1] R[r 0=0000000000000000] R[r 0=0000000000000000] inst=[01f00293] li      t0, 31
C0:        444 [1] pc=[00000000800003d0] W[r 0=0007010003050304][1] R[r 5=000000000000001f] R[r 0=0000000000000000] inst=[3a029073] csrw    pmpcfg0, t0
C0:        449 [1] pc=[00000000800003d4] W[r 5=00000000800003d4][1] R[r 0=0000000000000000] R[r 0=0000000000000000] inst=[00000297] auipc   t0, 0x0
C0:        450 [1] pc=[00000000800003d8] W[r 5=0000000080000138][1] R[r 5=00000000800003d4] R[r 0=0000000000000000] inst=[d6428293] addi    t0, t0, -668
C0:        451 [1] pc=[00000000800003dc] W[r 0=00000000800003d4][1] R[r 5=0000000080000138] R[r 0=0000000000000000] inst=[30529073] csrw    mtvec, t0
C0:        456 [1] pc=[00000000800003e0] W[r 3=0000000000000000][1] R[r 0=0000000000000000] R[r 0=0000000000000000] inst=[00000193] li      gp, 0
C0:        457 [1] pc=[00000000800003e4] W[r10=0000000000000001][1] R[r 0=0000000000000000] R[r 0=0000000000000000] inst=[00100513] li      a0, 1
C0:        458 [1] pc=[00000000800003e8] W[r10=0000000080000000][1] R[r10=0000000000000001] R[r 0=0000000000000000] inst=[01f51513] slli    a0, a0, 31
C0:        459 [1] pc=[00000000800003ec] W[r 0=0000000000000000][0] R[r10=0000000080000000] R[r 0=0000000000000000] inst=[00055c63] bgez    a0, pc + 24
C0:        484 [1] pc=[0000000080000404] W[r 5=0000000080000404][1] R[r 0=0000000000000000] R[r 0=0000000000000000] inst=[00000297] auipc   t0, 0x0
C0:        485 [1] pc=[0000000080000408] W[r 5=0000000080000114][1] R[r 5=0000000080000404] R[r 0=0000000000000000] inst=[d1028293] addi    t0, t0, -752
C0:        486 [1] pc=[000000008000040c] W[r 0=ffffffd6f995f0c8][1] R[r 5=0000000080000114] R[r 0=0000000000000000] inst=[10529073] csrw    stvec, t0
C0:        491 [1] pc=[0000000080000410] W[r 5=000000000000b000][1] R[r 0=0000000000000000] R[r 0=0000000000000000] inst=[0000b2b7] lui     t0, 0xb
C0:        492 [1] pc=[0000000080000414] W[r 5=000000000000b109][1] R[r 5=000000000000b000] R[r 0=0000000000000000] inst=[1092829b] addiw   t0, t0, 265
C0:        493 [1] pc=[0000000080000418] W[r 0=0000000000000000][1] R[r 5=000000000000b109] R[r 0=0000000000000000] inst=[3022a073] csrs    medeleg, t0
C0:        498 [1] pc=[000000008000041c] W[r10=0000000000006000][1] R[r 0=0000000000000000] R[r 0=0000000000000000] inst=[00006537] lui     a0, 0x6
C0:        499 [1] pc=[0000000080000420] W[r 0=0000000a00000000][1] R[r10=0000000000006000] R[r 0=0000000000000000] inst=[30052073] csrs    mstatus, a0
C0:        504 [1] pc=[0000000080000424] W[r 0=000000000000003f][1] R[r 0=0000000000000000] R[r 0=0000000000000000] inst=[00305073] csrwi   fcsr, 0
C0:        509 [1] pc=[0000000080000428] W[r 1=000000008000042c][1] R[r 0=0000000000000000] R[r 0=0000000000000000] inst=[c61ff0ef] jal     pc - 0x3a0
C0:        510 [1] pc=[0000000080000088] W[r31=0000000080020088][1] R[r 0=0000000000000000] R[r 0=0000000000000000] inst=[00020f97] auipc   t6, 0x20
C0:        511 [1] pc=[000000008000008c] W[r31=0000000080020000][1] R[r31=0000000080020088] R[r 0=0000000000000000] inst=[f78f8f93] addi    t6, t6, -136
C0:        557 [1] pc=[0000000080000090] W[r 0=0000000000000000][0] R[r31=0000000080020000] R[r 0=0000000000000000] inst=[000fa007] flw     ft0, 0(t6)
C0:        558 [1] pc=[0000000080000094] W[r 1=0000000000000000][0] R[r31=0000000080020000] R[r 0=0000000000000000] inst=[008fa087] flw     ft1, 8(t6)
C0:        559 [1] pc=[0000000080000098] W[r 2=0000000000000000][0] R[r31=0000000080020000] R[r 0=0000000000000000] inst=[010fa107] flw     ft2, 16(t6)
C0:        560 [1] pc=[000000008000009c] W[r 3=0000000000000000][0] R[r31=0000000080020000] R[r 0=0000000000000000] inst=[018fb187] fld     ft3, 24(t6)
C0:        561 [1] pc=[00000000800000a0] W[r 4=0000000000000000][0] R[r31=0000000080020000] R[r 0=0000000000000000] inst=[020fb207] fld     ft4, 32(t6)
C0:        562 [1] pc=[00000000800000a4] W[r 5=0000000000000000][0] R[r31=0000000080020000] R[r 0=0000000000000000] inst=[028fb287] fld     ft5, 40(t6)
C0:        563 [1] pc=[00000000800000a8] W[r 6=0000000000000000][0] R[r31=0000000080020000] R[r 0=0000000000000000] inst=[030fb307] fld     ft6, 48(t6)
C0:        564 [1] pc=[00000000800000ac] W[r 7=0000000000000000][0] R[r31=0000000080020000] R[r 0=0000000000000000] inst=[038fa387] flw     ft7, 56(t6)
C0:        581 [1] pc=[00000000800000b0] W[r 8=0000000000000000][0] R[r31=0000000080020000] R[r 0=0000000000000000] inst=[040fb407] fld     fs0, 64(t6)
C0:        582 [1] pc=[00000000800000b4] W[r 9=0000000000000000][0] R[r31=0000000080020000] R[r 0=0000000000000000] inst=[048fb487] fld     fs1, 72(t6)
C0:        583 [1] pc=[00000000800000b8] W[r10=0000000000000000][0] R[r31=0000000080020000] R[r 0=0000000000000000] inst=[050fa507] flw     fa0, 80(t6)
C0:        584 [1] pc=[00000000800000bc] W[r11=0000000000000000][0] R[r31=0000000080020000] R[r 0=0000000000000000] inst=[058fb587] fld     fa1, 88(t6)
C0:        606 [1] pc=[00000000800000c0] W[r12=0000000000000000][0] R[r31=0000000080020000] R[r 0=0000000000000000] inst=[060fb607] fld     fa2, 96(t6)
C0:        607 [1] pc=[00000000800000c4] W[r13=0000000000000000][0] R[r31=0000000080020000] R[r 0=0000000000000000] inst=[068fb687] fld     fa3, 104(t6)
C0:        608 [1] pc=[00000000800000c8] W[r14=0000000000000000][0] R[r31=0000000080020000] R[r 0=0000000000000000] inst=[070fa707] flw     fa4, 112(t6)
C0:        609 [1] pc=[00000000800000cc] W[r15=0000000000000000][0] R[r31=0000000080020000] R[r 0=0000000000000000] inst=[078fb787] fld     fa5, 120(t6)
C0:        654 [1] pc=[00000000800000d0] W[r16=0000000000000000][0] R[r31=0000000080020000] R[r 0=0000000000000000] inst=[080fb807] fld     fa6, 128(t6)
C0:        655 [1] pc=[00000000800000d4] W[r17=0000000000000000][0] R[r31=0000000080020000] R[r 0=0000000000000000] inst=[088fa887] flw     fa7, 136(t6)
C0:        656 [1] pc=[00000000800000d8] W[r18=0000000000000000][0] R[r31=0000000080020000] R[r 0=0000000000000000] inst=[090fa907] flw     fs2, 144(t6)
C0:        657 [1] pc=[00000000800000dc] W[r19=0000000000000000][0] R[r31=0000000080020000] R[r 0=0000000000000000] inst=[098fa987] flw     fs3, 152(t6)
C0:        658 [1] pc=[00000000800000e0] W[r20=0000000000000000][0] R[r31=0000000080020000] R[r 0=0000000000000000] inst=[0a0fba07] fld     fs4, 160(t6)
C0:        659 [1] pc=[00000000800000e4] W[r21=0000000000000000][0] R[r31=0000000080020000] R[r 0=0000000000000000] inst=[0a8faa87] flw     fs5, 168(t6)
C0:        660 [1] pc=[00000000800000e8] W[r22=0000000000000000][0] R[r31=0000000080020000] R[r 0=0000000000000000] inst=[0b0fbb07] fld     fs6, 176(t6)
C0:        661 [1] pc=[00000000800000ec] W[r23=0000000000000000][0] R[r31=0000000080020000] R[r 0=0000000000000000] inst=[0b8fbb87] fld     fs7, 184(t6)
C0:        678 [1] pc=[00000000800000f0] W[r24=0000000000000000][0] R[r31=0000000080020000] R[r 0=0000000000000000] inst=[0c0fbc07] fld     fs8, 192(t6)
C0:        679 [1] pc=[00000000800000f4] W[r25=0000000000000000][0] R[r31=0000000080020000] R[r 0=0000000000000000] inst=[0c8fbc87] fld     fs9, 200(t6)
C0:        680 [1] pc=[00000000800000f8] W[r26=0000000000000000][0] R[r31=0000000080020000] R[r 0=0000000000000000] inst=[0d0fbd07] fld     fs10, 208(t6)
C0:        681 [1] pc=[00000000800000fc] W[r27=0000000000000000][0] R[r31=0000000080020000] R[r 0=0000000000000000] inst=[0d8fbd87] fld     fs11, 216(t6)
C0:        703 [1] pc=[0000000080000100] W[r28=0000000000000000][0] R[r31=0000000080020000] R[r 0=0000000000000000] inst=[0e0fbe07] fld     ft8, 224(t6)
C0:        704 [1] pc=[0000000080000104] W[r29=0000000000000000][0] R[r31=0000000080020000] R[r 0=0000000000000000] inst=[0e8fae87] flw     ft9, 232(t6)
C0:        705 [1] pc=[0000000080000108] W[r30=0000000000000000][0] R[r31=0000000080020000] R[r 0=0000000000000000] inst=[0f0faf07] flw     ft10, 240(t6)
C0:        706 [1] pc=[000000008000010c] W[r31=0000000000000000][0] R[r31=0000000080020000] R[r 0=0000000000000000] inst=[0f8faf87] flw     ft11, 248(t6)
C0:        707 [1] pc=[0000000080000110] W[r 0=0000000080000114][1] R[r 1=000000008000042c] R[r 0=0000000000000000] inst=[00008067] ret
C0:        709 [1] pc=[000000008000042c] W[r 0=000000000000008c][1] R[r 0=0000000000000000] R[r 0=0000000000000000] inst=[b0201073] csrw    minstret, zero
C0:        714 [1] pc=[0000000080000430] W[r10=0000000000000000][1] R[r 0=0000000000000000] R[r 0=0000000000000000] inst=[f1402573] csrr    a0, mhartid
C0:        715 [1] pc=[0000000080000434] W[r11=0000000000000000][1] R[r 0=0000000000000000] R[r 0=0000000000000000] inst=[304065f3] csrrsi  a1, mie, 0
C0:        716 [1] pc=[0000000080000438] W[r14=0000000080060438][1] R[r 0=0000000000000000] R[r 0=0000000000000000] inst=[00060717] auipc   a4, 0x60
C0:        717 [1] pc=[000000008000043c] W[r14=0000000080060050][1] R[r14=0000000080060438] R[r 0=0000000000000000] inst=[c1870713] addi    a4, a4, -1000
C0:        739 [1] pc=[0000000080000440] W[r14=0000000040030028][1] R[r14=0000000080060050] R[r 0=0000000000000000] inst=[40175713] srai    a4, a4, 1
C0:        740 [1] pc=[0000000080000444] W[r12=00000000060df5d0][1] R[r14=0000000040030028] R[r 0=0000000000000000] inst=[3b671673] csrrw   a2, pmpaddr6, a4
C0:        745 [1] pc=[0000000080000448] W[r12=0000000000000000][1] R[r12=00000000060df5d0] R[r12=00000000060df5d0] inst=[00c64633] xor     a2, a2, a2
C0:        746 [1] pc=[000000008000044c] W[r11=0000000000000001][1] R[r 0=0000000000000000] R[r 0=0000000000000000] inst=[00100593] li      a1, 1
C0:        747 [1] pc=[0000000080000450] W[r11=0000000004000000][1] R[r11=0000000000000001] R[r 0=0000000000000000] inst=[01a59593] slli    a1, a1, 26
C0:        748 [1] pc=[0000000080000454] W[r12=0000000004000000][1] R[r12=0000000000000000] R[r11=0000000004000000] inst=[00b60633] add     a2, a2, a1
C0:        749 [1] pc=[0000000080000458] W[r10=0000000000000001][1] R[r 0=0000000000000000] R[r 0=0000000000000000] inst=[00100513] li      a0, 1
C0:        750 [1] pc=[000000008000045c] W[r10=0000000000400000][1] R[r10=0000000000000001] R[r 0=0000000000000000] inst=[01651513] slli    a0, a0, 22
C0:        751 [1] pc=[0000000080000460] W[r12=0000000004400000][1] R[r12=0000000004000000] R[r10=0000000000400000] inst=[00a60633] add     a2, a2, a0
C0:        752 [1] pc=[0000000080000464] W[r10=000000000000b109][1] R[r12=0000000004400000] R[r 0=0000000000000000] inst=[30262573] csrrs   a0, medeleg, a2
C0:        757 [1] pc=[0000000080000468] W[r 5=0000000080000468][1] R[r 0=0000000000000000] R[r 0=0000000000000000] inst=[00000297] auipc   t0, 0x0
C0:        758 [1] pc=[000000008000046c] W[r 5=0000000080000480][1] R[r 5=0000000080000468] R[r 0=0000000000000000] inst=[01828293] addi    t0, t0, 24
C0:        759 [1] pc=[0000000080000470] W[r 0=0000000080000000][1] R[r 5=0000000080000480] R[r 0=0000000000000000] inst=[34129073] csrw    mepc, t0
C0:        760 [1] pc=[0000000080000474] W[r 5=0000000000000000][1] R[r 0=0000000000000000] R[r 0=0000000000000000] inst=[00000293] li      t0, 0
C0:        761 [1] pc=[0000000080000478] W[r 0=0000000000000000][0] R[r 0=0000000000000000] R[r 0=0000000000000000] inst=[30200073] mret
C0:        782 [1] pc=[0000000080000480] W[r 0=0000000000000000][0] R[r 0=0000000000000000] R[r 0=0000000000000000] inst=[0ff0000f] fence   iorw,iorw
C0:        783 [1] pc=[0000000080000484] W[r 8=0000000000000000][0] R[r30=0000000004000003] R[r 4=00000000060df5d3] inst=[084f3453] fsub.s  fs0, ft10, ft4
C0:        784 [1] pc=[0000000080000488] W[r 3=0000000000000000][1] R[r21=d89c47097843eab3] R[r 0=0000000000000000] inst=[01fad19b] srliw   gp, s5, 31
C0:        785 [1] pc=[000000008000048c] W[r30=0000000000248cc2][1] R[r26=300c789392330bf8] R[r27=9dedfcfe9452346a] inst=[01bd5f3b] srlw    t5, s10, s11
C0:        786 [1] pc=[0000000080000490] W[r21=fffffffff802b000][1] R[r 0=0000000000000000] R[r 0=0000000000000000] inst=[f802bab7] lui     s5, 0xf802b
C0:        787 [1] pc=[0000000080000494] W[r23=0000000000000000][1] R[r28=300c789392330bfb] R[r 4=9dedfcfe9452346b] inst=[a04e0bd3] fle.s   s7, ft8, ft4
C0:        788 [1] pc=[0000000080000498] W[r21=0000000080050498][1] R[r 0=0000000000000000] R[r 0=0000000000000000] inst=[00050a97] auipc   s5, 0x50
C0:        789 [1] pc=[000000008000049c] W[r21=00000000800501b0][1] R[r21=0000000080050498] R[r 0=0000000000000000] inst=[d18a8a93] addi    s5, s5, -744
C0:        790 [1] pc=[00000000800004a0] W[r21=00000000800501b0][1] R[r21=00000000800501b0] R[r 0=0000000000000000] inst=[000a8a93] mv      s5, s5
C0:        807 [1] pc=[00000000800004a4] W[r23=c16b92238e98bc8f][1] R[r21=00000000800501b0] R[r20=d265df4a6070ebe7] inst=[094abbaf] amoswap.d s7, s4, (s5)
C0:        808 [1] pc=[00000000800004a8] W[r15=00000000800404a8][1] R[r 0=0000000000000000] R[r 0=0000000000000000] inst=[00040797] auipc   a5, 0x40
C0:        809 [1] pc=[00000000800004ac] W[r15=00000000800400c0][1] R[r15=00000000800404a8] R[r 0=0000000000000000] inst=[c1878793] addi    a5, a5, -1000
C0:        810 [1] pc=[00000000800004b0] W[r15=00000000800400d8][1] R[r15=00000000800400c0] R[r 0=0000000000000000] inst=[01878793] addi    a5, a5, 24
C0:        827 [1] pc=[00000000800004b4] W[r 7=a41df19fd7d39922][1] R[r15=00000000800400d8] R[r 8=438b6db7289b1179] inst=[6087b3af] amoand.d t2, s0, (a5)
C0:        828 [1] pc=[00000000800004b8] W[r30=00000000800204b8][1] R[r 0=0000000000000000] R[r 0=0000000000000000] inst=[00020f17] auipc   t5, 0x20
C0:        829 [1] pc=[00000000800004bc] W[r30=00000000800200e0][1] R[r30=00000000800204b8] R[r 0=0000000000000000] inst=[c28f0f13] addi    t5, t5, -984
C0:        885 [1] pc=[00000000800004c0] W[r 0=0000000000000000][0] R[r30=00000000800200e0] R[r 9=729714a3e5aabb81] inst=[009f2023] sw      s1, 0(t5)
C0:        886 [1] pc=[00000000800004c4] W[r 1=0000000027876ac0][1] R[r 7=00000000800200e3] R[r 0=0000000000000000] inst=[c033b0d3] fcvt.lu.s ra, ft7
C0:        889 [1] pc=[00000000800004c8] W[r 1=ffffffffd8794649][1] R[r10=000000000000b109] R[r 1=0000000027876ac0] inst=[401500bb] subw    ra, a0, ra
C0:        890 [1] pc=[00000000800004cc] W[r17=000000007fffffff][1] R[r28=000000000000b10b] R[r 0=0000000000000000] inst=[c00e48d3] fcvt.w.s a7, ft8
C0:        891 [1] pc=[00000000800004d0] W[r10=0000000000000000][0] R[r27=9dedfcfe9452346a] R[r11=0000000004000000] inst=[02bda533] mulhsu  a0, s11, a1
C0:        893 [1] pc=[00000000800004d4] W[r17=ffffffffdb10e2ef][1] R[r28=2dbdd55bd710e2ef] R[r11=0000000004000000] inst=[00be08bb] addw    a7, t3, a1
C0:        894 [1] pc=[00000000800004d8] W[r 8=0000000000000000][0] R[r20=2dbdd55bd710e2ef] R[r19=0000000004000003] inst=[f13a0447] fmsub.s fs0, fs4, fs3, ft10
C0:        895 [1] pc=[00000000800004dc] W[r22=000000001d59e5e0][1] R[r28=2dbdd55bd710e2ef] R[r 0=0000000000000000] inst=[e00e0b53] fmv.x.w s6, ft8
C0:        896 [1] pc=[00000000800004e0] W[r18=00000000800004e4][1] R[r 0=0000000000000000] R[r 0=0000000000000000] inst=[21c0096f] jal     s2, pc + 0x21c
C0:        918 [1] pc=[00000000800006fc] W[r20=ffffffffffff0008][1] R[r15=00000000800400d8] R[r 0=0000000000000000] inst=[40f7da1b] sraiw   s4, a5, 15
C0:        935 [1] pc=[0000000080000700] W[r20=0000000080020700][1] R[r 0=0000000000000000] R[r 0=0000000000000000] inst=[00020a17] auipc   s4, 0x20
C0:        936 [1] pc=[0000000080000704] W[r20=00000000800200c0][1] R[r20=0000000080020700] R[r 0=0000000000000000] inst=[9c0a0a13] addi    s4, s4, -1600
C0:        937 [1] pc=[0000000080000708] W[r20=00000000800200c0][1] R[r20=00000000800200c0] R[r 0=0000000000000000] inst=[000a0a13] mv      s4, s4
C0:        938 [1] pc=[000000008000070c] W[r15=ffffffff87af7d37][1] R[r20=00000000800200c0] R[r12=0000000004400000] inst=[80ca27af] amomin.w a5, a2, (s4)
C0:        939 [1] pc=[0000000080000710] W[r 0=0000000000000000][0] R[r30=00000000800200e0] R[r29=2d2aff56ae84d91e] inst=[03df7463] bgeu    t5, t4, pc + 40
C0:        940 [1] pc=[0000000080000714] W[r11=0000000000000000][0] R[r13=b1242be91dcb4e8a] R[r 0=0000000000000000] inst=[d026b5d3] fcvt.s.l fa1, a3
C0:        941 [1] pc=[0000000080000718] W[r 8=00000000000001b0][1] R[r21=00000000800501b0] R[r 0=0000000000000000] inst=[3f4af413] andi    s0, s5, 1012
C0:        942 [1] pc=[000000008000071c] W[r17=000000001d59e7f1][1] R[r22=000000001d59e5e0] R[r 0=0000000000000000] inst=[7d1b6893] ori     a7, s6, 2001
C0:        943 [1] pc=[0000000080000720] W[r 4=0000000080050720][1] R[r 0=0000000000000000] R[r 0=0000000000000000] inst=[00050217] auipc   tp, 0x50
C0:        944 [1] pc=[0000000080000724] W[r 4=0000000080050190][1] R[r 4=0000000080050720] R[r 0=0000000000000000] inst=[a7020213] addi    tp, tp, -1424
C0:        945 [1] pc=[0000000080000728] W[r 4=00000000800501ac][1] R[r 4=0000000080050190] R[r 0=0000000000000000] inst=[01c20213] addi    tp, tp, 28
C0:        946 [1] pc=[000000008000072c] W[r25=00000000749cac53][1] R[r 4=00000000800501ac] R[r26=300c789392330bf8] inst=[21a22caf] amoxor.w s9, s10, (tp)
C0:        947 [1] pc=[0000000080000730] W[r19=0000000000000000][0] R[r29=2d2aff56ae84d91e] R[r28=2dbdd55bd710e2ef] inst=[03cef9bb] remuw   s3, t4, t3
C0:        948 [0] pc=[0000000080000734] W[r 8=0000000000000000][0] R[r 0=0000000000000000] R[r 0=0000000000000000] inst=[14416473] csrrsi  s0, sip, 2
C0:        953 [1] pc=[0000000080000138] W[r 1=0000000080002138][1] R[r 0=0000000000000000] R[r 0=0000000000000000] inst=[00002097] auipc   ra, 0x2
C0:        954 [1] pc=[000000008000013c] W[r 1=0000000080002200][1] R[r 1=0000000080002138] R[r 0=0000000000000000] inst=[0c808093] addi    ra, ra, 200
C0:       1006 [1] pc=[0000000080000140] W[r 2=8000000200006000][1] R[r 0=0000000000000000] R[r 0=0000000000000000] inst=[10002173] csrr    sp, sstatus
C0:       1025 [1] pc=[0000000080000144] W[r 0=0000000000000000][0] R[r 1=0000000080002200] R[r 2=8000000200006000] inst=[0420bc23] sd      sp, 88(ra)
C0:       1026 [1] pc=[0000000080000148] W[r 2=0000000000000000][1] R[r 0=0000000000000000] R[r 0=0000000000000000] inst=[10402173] csrr    sp, sie
C0:       1029 [1] pc=[000000008000014c] W[r 0=0000000000000000][0] R[r 1=0000000080002200] R[r 2=0000000000000000] inst=[0620b823] sd      sp, 112(ra)
C0:       1030 [1] pc=[0000000080000150] W[r 2=0000000080000114][1] R[r 0=0000000000000000] R[r 0=0000000000000000] inst=[10502173] csrr    sp, stvec
C0:       1033 [1] pc=[0000000080000154] W[r 0=0000000000000000][0] R[r 1=0000000080002200] R[r 2=0000000080000114] inst=[0620bc23] sd      sp, 120(ra)
C0:       1034 [1] pc=[0000000080000158] W[r 2=0000000000000005][1] R[r 0=0000000000000000] R[r 0=0000000000000000] inst=[10602173] csrr    sp, scounteren
C0:       1053 [1] pc=[000000008000015c] W[r 0=0000000000000000][0] R[r 1=0000000080002200] R[r 2=0000000000000005] inst=[0820b023] sd      sp, 128(ra)
C0:       1054 [1] pc=[0000000080000160] W[r 2=03705509c02a405b][1] R[r 0=0000000000000000] R[r 0=0000000000000000] inst=[14002173] csrr    sp, sscratch
C0:       1057 [1] pc=[0000000080000164] W[r 0=0000000000000000][0] R[r 1=0000000080002200] R[r 2=03705509c02a405b] inst=[0820b423] sd      sp, 136(ra)
C0:       1058 [1] pc=[0000000080000168] W[r 2=ffffffe8c44d51a4][1] R[r 0=0000000000000000] R[r 0=0000000000000000] inst=[14102173] csrr    sp, sepc
C0:       1061 [1] pc=[000000008000016c] W[r 0=0000000000000000][0] R[r 1=0000000080002200] R[r 2=ffffffe8c44d51a4] inst=[0820b823] sd      sp, 144(ra)
C0:       1062 [1] pc=[0000000080000170] W[r 2=5243e39961efb2ea][1] R[r 0=0000000000000000] R[r 0=0000000000000000] inst=[14202173] csrr    sp, scause
C0:       1065 [1] pc=[0000000080000174] W[r 0=0000000000000000][0] R[r 1=0000000080002200] R[r 2=5243e39961efb2ea] inst=[0820bc23] sd      sp, 152(ra)
C0:       1066 [1] pc=[0000000080000178] W[r 2=000000753c17b906][1] R[r 0=0000000000000000] R[r 0=0000000000000000] inst=[14302173] csrr    sp, stval
C0:       1069 [1] pc=[000000008000017c] W[r 0=0000000000000000][0] R[r 1=0000000080002200] R[r 2=000000753c17b906] inst=[0a20b023] sd      sp, 160(ra)
C0:       1119 [1] pc=[0000000080000180] W[r 2=0000000000000000][1] R[r 0=0000000000000000] R[r 0=0000000000000000] inst=[14402173] csrr    sp, sip
C0:       1122 [1] pc=[0000000080000184] W[r 2=0000000000000000][1] R[r 2=0000000000000000] R[r 0=0000000000000000] inst=[f7f17113] andi    sp, sp, -129
C0:       1123 [1] pc=[0000000080000188] W[r 0=0000000000000000][0] R[r 1=0000000080002200] R[r 2=0000000000000000] inst=[0a20b423] sd      sp, 168(ra)
C0:       1124 [1] pc=[000000008000018c] W[r 2=0000000000000000][1] R[r 0=0000000000000000] R[r 0=0000000000000000] inst=[18002173] csrr    sp, satp
C0:       1127 [1] pc=[0000000080000190] W[r 0=0000000000000000][0] R[r 1=0000000080002200] R[r 2=0000000000000000] inst=[0a20b823] sd      sp, 176(ra)
C0:       1128 [1] pc=[0000000080000194] W[r 2=0000000000000000][1] R[r 0=0000000000000000] R[r 0=0000000000000000] inst=[f1402173] csrr    sp, mhartid
C0:       1131 [1] pc=[0000000080000198] W[r 0=0000000000000000][0] R[r 1=0000000080002200] R[r 2=0000000000000000] inst=[0a20bc23] sd      sp, 184(ra)
C0:       1132 [1] pc=[000000008000019c] W[r 2=8000000a00006000][1] R[r 0=0000000000000000] R[r 0=0000000000000000] inst=[30002173] csrr    sp, mstatus
C0:       1151 [1] pc=[00000000800001a0] W[r 0=0000000000000000][0] R[r 1=0000000080002200] R[r 2=8000000a00006000] inst=[0c20b023] sd      sp, 192(ra)
C0:       1152 [1] pc=[00000000800001a4] W[r 2=000000000040b109][1] R[r 0=0000000000000000] R[r 0=0000000000000000] inst=[30202173] csrr    sp, medeleg
C0:       1155 [1] pc=[00000000800001a8] W[r 0=0000000000000000][0] R[r 1=0000000080002200] R[r 2=000000000040b109] inst=[0c20b423] sd      sp, 200(ra)
C0:       1156 [1] pc=[00000000800001ac] W[r 2=0000000000000000][1] R[r 0=0000000000000000] R[r 0=0000000000000000] inst=[30302173] csrr    sp, mideleg
C0:       1159 [1] pc=[00000000800001b0] W[r 0=0000000000000000][0] R[r 1=0000000080002200] R[r 2=0000000000000000] inst=[0c20b823] sd      sp, 208(ra)
C0:       1160 [1] pc=[00000000800001b4] W[r 2=0000000000000000][1] R[r 0=0000000000000000] R[r 0=0000000000000000] inst=[30402173] csrr    sp, mie
C0:       1163 [1] pc=[00000000800001b8] W[r 0=0000000000000000][0] R[r 1=0000000080002200] R[r 2=0000000000000000] inst=[0c20bc23] sd      sp, 216(ra)
C0:       1164 [1] pc=[00000000800001bc] W[r 2=0000000080000138][1] R[r 0=0000000000000000] R[r 0=0000000000000000] inst=[30502173] csrr    sp, mtvec
C0:       1214 [1] pc=[00000000800001c0] W[r 0=0000000000000000][0] R[r 1=0000000080002200] R[r 2=0000000080000138] inst=[0e20b023] sd      sp, 224(ra)
C0:       1215 [1] pc=[00000000800001c4] W[r 2=0000000000000003][1] R[r 0=0000000000000000] R[r 0=0000000000000000] inst=[30602173] csrr    sp, mcounteren
C0:       1218 [1] pc=[00000000800001c8] W[r 0=0000000000000000][0] R[r 1=0000000080002200] R[r 2=0000000000000003] inst=[0e20b423] sd      sp, 232(ra)
C0:       1219 [1] pc=[00000000800001cc] W[r 2=892fc0120650df0c][1] R[r 0=0000000000000000] R[r 0=0000000000000000] inst=[34002173] csrr    sp, mscratch
C0:       1222 [1] pc=[00000000800001d0] W[r 0=0000000000000000][0] R[r 1=0000000080002200] R[r 2=892fc0120650df0c] inst=[0e20b823] sd      sp, 240(ra)
C0:       1223 [1] pc=[00000000800001d4] W[r 2=0000000080000734][1] R[r 0=0000000000000000] R[r 0=0000000000000000] inst=[34102173] csrr    sp, mepc
C0:       1226 [1] pc=[00000000800001d8] W[r 0=0000000000000000][0] R[r 1=0000000080002200] R[r 2=0000000080000734] inst=[0e20bc23] sd      sp, 248(ra)
C0:       1227 [1] pc=[00000000800001dc] W[r 2=0000000000000002][1] R[r 0=0000000000000000] R[r 0=0000000000000000] inst=[34202173] csrr    sp, mcause
C0:       1246 [1] pc=[00000000800001e0] W[r 0=0000000000000000][0] R[r 1=0000000080002200] R[r 2=0000000000000002] inst=[1020b023] sd      sp, 256(ra)
C0:       1247 [1] pc=[00000000800001e4] W[r 2=0000000014416473][1] R[r 0=0000000000000000] R[r 0=0000000000000000] inst=[34302173] csrr    sp, mtval
C0:       1250 [1] pc=[00000000800001e8] W[r 0=0000000000000000][0] R[r 1=0000000080002200] R[r 2=0000000014416473] inst=[1020b423] sd      sp, 264(ra)
C0:       1251 [1] pc=[00000000800001ec] W[r 2=0000000000000020][1] R[r 0=0000000000000000] R[r 0=0000000000000000] inst=[34402173] csrr    sp, mip
C0:       1254 [1] pc=[00000000800001f0] W[r 2=0000000000000020][1] R[r 2=0000000000000020] R[r 0=0000000000000000] inst=[f7f17113] andi    sp, sp, -129
C0:       1255 [1] pc=[00000000800001f4] W[r 0=0000000000000000][0] R[r 1=0000000080002200] R[r 2=0000000000000020] inst=[1020b823] sd      sp, 272(ra)
C0:       1256 [1] pc=[00000000800001f8] W[r 2=000000000000001f][1] R[r 0=0000000000000000] R[r 0=0000000000000000] inst=[3a002173] csrr    sp, pmpcfg0
C0:       1259 [1] pc=[00000000800001fc] W[r 0=0000000000000000][0] R[r 1=0000000080002200] R[r 2=000000000000001f] inst=[1020bc23] sd      sp, 280(ra)
C0:       1281 [1] pc=[0000000080000200] W[r 2=000000003fffffff][1] R[r 0=0000000000000000] R[r 0=0000000000000000] inst=[3b002173] csrr    sp, pmpaddr0
C0:       1284 [1] pc=[0000000080000204] W[r 0=0000000000000000][0] R[r 1=0000000080002200] R[r 2=000000003fffffff] inst=[1220bc23] sd      sp, 312(ra)
C0:       1285 [1] pc=[0000000080000208] W[r 2=0000000007955f37][1] R[r 0=0000000000000000] R[r 0=0000000000000000] inst=[3b102173] csrr    sp, pmpaddr1
C0:       1304 [1] pc=[000000008000020c] W[r 0=0000000000000000][0] R[r 1=0000000080002200] R[r 2=0000000007955f37] inst=[1420b023] sd      sp, 320(ra)
C0:       1305 [1] pc=[0000000080000210] W[r 2=00000000040c5558][1] R[r 0=0000000000000000] R[r 0=0000000000000000] inst=[3b202173] csrr    sp, pmpaddr2
C0:       1308 [1] pc=[0000000080000214] W[r 0=0000000000000000][0] R[r 1=0000000080002200] R[r 2=00000000040c5558] inst=[1420b423] sd      sp, 328(ra)
C0:       1309 [1] pc=[0000000080000218] W[r 2=000000000e7595dc][1] R[r 0=0000000000000000] R[r 0=0000000000000000] inst=[3b302173] csrr    sp, pmpaddr3
C0:       1312 [1] pc=[000000008000021c] W[r 0=0000000000000000][0] R[r 1=0000000080002200] R[r 2=000000000e7595dc] inst=[1420b823] sd      sp, 336(ra)
C0:       1313 [1] pc=[0000000080000220] W[r 2=0000000021de349c][1] R[r 0=0000000000000000] R[r 0=0000000000000000] inst=[3b402173] csrr    sp, pmpaddr4
C0:       1316 [1] pc=[0000000080000224] W[r 0=0000000000000000][0] R[r 1=0000000080002200] R[r 2=0000000021de349c] inst=[1420bc23] sd      sp, 344(ra)
C0:       1317 [1] pc=[0000000080000228] W[r 2=000000001b9b4330][1] R[r 0=0000000000000000] R[r 0=0000000000000000] inst=[3b502173] csrr    sp, pmpaddr5
C0:       1320 [1] pc=[000000008000022c] W[r 0=0000000000000000][0] R[r 1=0000000080002200] R[r 2=000000001b9b4330] inst=[1620b023] sd      sp, 352(ra)
C0:       1321 [1] pc=[0000000080000230] W[r 2=0000000000030028][1] R[r 0=0000000000000000] R[r 0=0000000000000000] inst=[3b602173] csrr    sp, pmpaddr6
C0:       1324 [1] pc=[0000000080000234] W[r 0=0000000000000000][0] R[r 1=0000000080002200] R[r 2=0000000000030028] inst=[1620b423] sd      sp, 360(ra)
C0:       1325 [1] pc=[0000000080000238] W[r 2=000000001a73e500][1] R[r 0=0000000000000000] R[r 0=0000000000000000] inst=[3b702173] csrr    sp, pmpaddr7
C0:       1328 [1] pc=[000000008000023c] W[r 0=0000000000000000][0] R[r 1=0000000080002200] R[r 2=000000001a73e500] inst=[1620b823] sd      sp, 368(ra)
C0:       1350 [1] pc=[0000000080000240] W[r10=0000000000006000][1] R[r 0=0000000000000000] R[r 0=0000000000000000] inst=[00006537] lui     a0, 0x6
C0:       1351 [1] pc=[0000000080000244] W[r 0=8000000a00006000][1] R[r10=0000000000006000] R[r 0=0000000000000000] inst=[30052073] csrs    mstatus, a0
C0:       1356 [1] pc=[0000000080000248] W[r 2=0000000000000011][1] R[r 0=0000000000000000] R[r 0=0000000000000000] inst=[00102173] csrr    sp, fflags
C0:       1359 [1] pc=[000000008000024c] W[r 0=0000000000000000][0] R[r 1=0000000080002200] R[r 2=0000000000000011] inst=[0420b023] sd      sp, 64(ra)
C0:       1360 [1] pc=[0000000080000250] W[r 2=0000000000000000][1] R[r 0=0000000000000000] R[r 0=0000000000000000] inst=[00202173] csrr    sp, frm
C0:       1363 [1] pc=[0000000080000254] W[r 0=0000000000000000][0] R[r 1=0000000080002200] R[r 2=0000000000000000] inst=[0420b423] sd      sp, 72(ra)
C0:       1364 [1] pc=[0000000080000258] W[r 2=0000000000000011][1] R[r 0=0000000000000000] R[r 0=0000000000000000] inst=[00302173] csrr    sp, fcsr
C0:       1367 [1] pc=[000000008000025c] W[r 0=0000000000000000][0] R[r 1=0000000080002200] R[r 2=0000000000000011] inst=[0420b823] sd      sp, 80(ra)
C0:       1368 [1] pc=[0000000080000260] W[r 1=0000000080002260][1] R[r 0=0000000000000000] R[r 0=0000000000000000] inst=[00002097] auipc   ra, 0x2
C0:       1369 [1] pc=[0000000080000264] W[r 1=0000000080002000][1] R[r 1=0000000080002260] R[r 0=0000000000000000] inst=[da008093] addi    ra, ra, -608
C0:       1386 [1] pc=[0000000080000268] W[r 0=0000000000000000][0] R[r 1=0000000080002000] R[r 0=0000000000000000] inst=[0000b023] sd      zero, 0(ra)
C0:       1387 [1] pc=[000000008000026c] W[r 0=0000000000000000][0] R[r 1=0000000080002000] R[r 2=0000000000000011] inst=[0020b823] sd      sp, 16(ra)
C0:       1388 [1] pc=[0000000080000270] W[r 0=0000000000000000][0] R[r 1=0000000080002000] R[r 3=0000000000000000] inst=[0030bc23] sd      gp, 24(ra)
C0:       1389 [1] pc=[0000000080000274] W[r 0=0000000000000000][0] R[r 1=0000000080002000] R[r 4=00000000800501ac] inst=[0240b023] sd      tp, 32(ra)
C0:       1390 [1] pc=[0000000080000278] W[r 0=0000000000000000][0] R[r 1=0000000080002000] R[r 5=0000000000000000] inst=[0250b423] sd      t0, 40(ra)
C0:       1391 [1] pc=[000000008000027c] W[r 0=0000000000000000][0] R[r 1=0000000080002000] R[r 6=2fc0d4a1d86bb1d4] inst=[0260b823] sd      t1, 48(ra)
C0:       1413 [1] pc=[0000000080000280] W[r 0=0000000000000000][0] R[r 1=0000000080002000] R[r 7=a41df19fd7d39922] inst=[0270bc23] sd      t2, 56(ra)
C0:       1430 [1] pc=[0000000080000284] W[r 0=0000000000000000][0] R[r 1=0000000080002000] R[r 8=00000000000001b0] inst=[0480b023] sd      s0, 64(ra)
C0:       1431 [1] pc=[0000000080000288] W[r 0=0000000000000000][0] R[r 1=0000000080002000] R[r 9=729714a3e5aabb81] inst=[0490b423] sd      s1, 72(ra)
C0:       1432 [1] pc=[000000008000028c] W[r 0=0000000000000000][0] R[r 1=0000000080002000] R[r10=0000000000006000] inst=[04a0b823] sd      a0, 80(ra)
C0:       1433 [1] pc=[0000000080000290] W[r 0=0000000000000000][0] R[r 1=0000000080002000] R[r11=0000000004000000] inst=[04b0bc23] sd      a1, 88(ra)
C0:       1434 [1] pc=[0000000080000294] W[r 0=0000000000000000][0] R[r 1=0000000080002000] R[r12=0000000004400000] inst=[06c0b023] sd      a2, 96(ra)
C0:       1435 [1] pc=[0000000080000298] W[r 0=0000000000000000][0] R[r 1=0000000080002000] R[r13=b1242be91dcb4e8a] inst=[06d0b423] sd      a3, 104(ra)
C0:       1436 [1] pc=[000000008000029c] W[r 0=0000000000000000][0] R[r 1=0000000080002000] R[r14=0000000040030028] inst=[06e0b823] sd      a4, 112(ra)
C0:       1437 [1] pc=[00000000800002a0] W[r 0=0000000000000000][0] R[r 1=0000000080002000] R[r15=ffffffff87af7d37] inst=[06f0bc23] sd      a5, 120(ra)
C0:       1454 [1] pc=[00000000800002a4] W[r 0=0000000000000000][0] R[r 1=0000000080002000] R[r16=496608b44acb4037] inst=[0900b023] sd      a6, 128(ra)
C0:       1455 [1] pc=[00000000800002a8] W[r 0=0000000000000000][0] R[r 1=0000000080002000] R[r17=000000001d59e7f1] inst=[0910b423] sd      a7, 136(ra)
C0:       1456 [1] pc=[00000000800002ac] W[r 0=0000000000000000][0] R[r 1=0000000080002000] R[r18=00000000800004e4] inst=[0920b823] sd      s2, 144(ra)
C0:       1457 [1] pc=[00000000800002b0] W[r 0=0000000000000000][0] R[r 1=0000000080002000] R[r19=ffffffffae84d91e] inst=[0930bc23] sd      s3, 152(ra)
C0:       1458 [1] pc=[00000000800002b4] W[r 0=0000000000000000][0] R[r 1=0000000080002000] R[r20=00000000800200c0] inst=[0b40b023] sd      s4, 160(ra)
C0:       1459 [1] pc=[00000000800002b8] W[r 0=0000000000000000][0] R[r 1=0000000080002000] R[r21=00000000800501b0] inst=[0b50b423] sd      s5, 168(ra)
C0:       1460 [1] pc=[00000000800002bc] W[r 0=0000000000000000][0] R[r 1=0000000080002000] R[r22=000000001d59e5e0] inst=[0b60b823] sd      s6, 176(ra)
C0:       1482 [1] pc=[00000000800002c0] W[r 0=0000000000000000][0] R[r 1=0000000080002000] R[r23=c16b92238e98bc8f] inst=[0b70bc23] sd      s7, 184(ra)
C0:       1517 [1] pc=[00000000800002c4] W[r 0=0000000000000000][0] R[r 1=0000000080002000] R[r24=cd1b5e5d64f06567] inst=[0d80b023] sd      s8, 192(ra)
C0:       1518 [1] pc=[00000000800002c8] W[r 0=0000000000000000][0] R[r 1=0000000080002000] R[r25=00000000749cac53] inst=[0d90b423] sd      s9, 200(ra)
C0:       1519 [1] pc=[00000000800002cc] W[r 0=0000000000000000][0] R[r 1=0000000080002000] R[r27=9dedfcfe9452346a] inst=[0db0bc23] sd      s11, 216(ra)
C0:       1520 [1] pc=[00000000800002d0] W[r 0=0000000000000000][0] R[r 1=0000000080002000] R[r28=2dbdd55bd710e2ef] inst=[0fc0b023] sd      t3, 224(ra)
C0:       1521 [1] pc=[00000000800002d4] W[r 0=0000000000000000][0] R[r 1=0000000080002000] R[r29=2d2aff56ae84d91e] inst=[0fd0b423] sd      t4, 232(ra)
C0:       1522 [1] pc=[00000000800002d8] W[r 0=0000000000000000][0] R[r 1=0000000080002000] R[r30=00000000800200e0] inst=[0fe0b823] sd      t5, 240(ra)
C0:       1523 [1] pc=[00000000800002dc] W[r 1=00000000800022dc][1] R[r 0=0000000000000000] R[r 0=0000000000000000] inst=[00002097] auipc   ra, 0x2
C0:       1524 [1] pc=[00000000800002e0] W[r 1=0000000080002100][1] R[r 1=00000000800022dc] R[r 0=0000000000000000] inst=[e2408093] addi    ra, ra, -476
C0:       1541 [1] pc=[00000000800002e4] W[r 0=0000000000000000][0] R[r 1=0000000080002100] R[r 1=00000000800200e3] inst=[0010a427] fsw     ft1, 8(ra)
C0:       1542 [1] pc=[00000000800002e8] W[r 0=0000000000000000][0] R[r 1=0000000080002100] R[r 2=00000000800200e3] inst=[0020a827] fsw     ft2, 16(ra)
C0:       1543 [1] pc=[00000000800002ec] W[r 0=0000000000000000][0] R[r 1=0000000080002100] R[r 7=00000000800200e3] inst=[0270ac27] fsw     ft7, 56(ra)
C0:       1560 [1] pc=[00000000800002f0] W[r 0=0000000000000000][0] R[r 1=0000000080002100] R[r 9=00000000800200e3] inst=[0490a427] fsw     fs1, 72(ra)
C0:       1561 [1] pc=[00000000800002f4] W[r 0=0000000000000000][0] R[r 1=0000000080002100] R[r10=00000000800200e3] inst=[04a0a827] fsw     fa0, 80(ra)
C0:       1562 [1] pc=[00000000800002f8] W[r 0=0000000000000000][0] R[r 1=0000000080002100] R[r12=00000000800200e3] inst=[06c0a027] fsw     fa2, 96(ra)
C0:       1563 [1] pc=[00000000800002fc] W[r 0=0000000000000000][0] R[r 1=0000000080002100] R[r13=00000000800200e3] inst=[06d0a427] fsw     fa3, 104(ra)
C0:       1601 [1] pc=[0000000080000300] W[r 0=0000000000000000][0] R[r 1=0000000080002100] R[r21=00000000800200e3] inst=[0b50a427] fsw     fs5, 168(ra)
C0:       1602 [1] pc=[0000000080000304] W[r 0=0000000000000000][0] R[r 1=0000000080002100] R[r22=00000000800200e3] inst=[0b60a827] fsw     fs6, 176(ra)
C0:       1619 [1] pc=[0000000080000308] W[r 0=0000000000000000][0] R[r 1=0000000080002100] R[r25=00000000800200e3] inst=[0d90a427] fsw     fs9, 200(ra)
C0:       1620 [1] pc=[000000008000030c] W[r 0=0000000000000000][0] R[r 1=0000000080002100] R[r26=00000000800200e3] inst=[0da0a827] fsw     fs10, 208(ra)
C0:       1621 [1] pc=[0000000080000310] W[r 0=0000000000000000][0] R[r 1=0000000080002100] R[r28=00000000800200e3] inst=[0fc0a027] fsw     ft8, 224(ra)
C0:       1622 [1] pc=[0000000080000314] W[r 0=0000000000000000][0] R[r 1=0000000080002100] R[r29=00000000800200e3] inst=[0fd0a427] fsw     ft9, 232(ra)
C0:       1623 [1] pc=[0000000080000318] W[r 0=0000000000000000][0] R[r 1=0000000080002100] R[r30=00000000800200e3] inst=[0fe0a827] fsw     ft10, 240(ra)
C0:       1624 [1] pc=[000000008000031c] W[r 0=0000000000000000][0] R[r 1=0000000080002100] R[r31=00000000800200e3] inst=[0ff0ac27] fsw     ft11, 248(ra)
C0:       1625 [1] pc=[0000000080000320] W[r 1=0000000080002320][1] R[r 0=0000000000000000] R[r 0=0000000000000000] inst=[00002097] auipc   ra, 0x2
C0:       1626 [1] pc=[0000000080000324] W[r 1=0000000080002100][1] R[r 1=0000000080002320] R[r 0=0000000000000000] inst=[de008093] addi    ra, ra, -544
C0:       1627 [1] pc=[0000000080000328] W[r 0=0000000000000000][0] R[r 1=0000000080002100] R[r 0=0000000000000000] inst=[0000b027] fsd     ft0, 0(ra)
C0:       1628 [1] pc=[000000008000032c] W[r 0=0000000000000000][0] R[r 1=0000000080002100] R[r 3=00000000800200e3] inst=[0030bc27] fsd     ft3, 24(ra)
C0:       1629 [1] pc=[0000000080000330] W[r 0=0000000000000000][0] R[r 1=0000000080002100] R[r 4=00000000800200e3] inst=[0240b027] fsd     ft4, 32(ra)
C0:       1630 [1] pc=[0000000080000334] W[r 0=0000000000000000][0] R[r 1=0000000080002100] R[r 5=00000000800200e3] inst=[0250b427] fsd     ft5, 40(ra)
C0:       1631 [1] pc=[0000000080000338] W[r 0=0000000000000000][0] R[r 1=0000000080002100] R[r 6=00000000800200e3] inst=[0260b827] fsd     ft6, 48(ra)
C0:       1632 [1] pc=[000000008000033c] W[r 0=0000000000000000][0] R[r 1=0000000080002100] R[r 8=00000000800200e3] inst=[0480b027] fsd     fs0, 64(ra)
C0:       1633 [1] pc=[0000000080000340] W[r 0=0000000000000000][0] R[r 1=0000000080002100] R[r11=00000000800200e3] inst=[04b0bc27] fsd     fa1, 88(ra)
C0:       1634 [1] pc=[0000000080000344] W[r 0=0000000000000000][0] R[r 1=0000000080002100] R[r14=00000000800200e3] inst=[06e0b827] fsd     fa4, 112(ra)
C0:       1635 [1] pc=[0000000080000348] W[r 0=0000000000000000][0] R[r 1=0000000080002100] R[r15=00000000800200e3] inst=[06f0bc27] fsd     fa5, 120(ra)
C0:       1636 [1] pc=[000000008000034c] W[r 0=0000000000000000][0] R[r 1=0000000080002100] R[r16=00000000800200e3] inst=[0900b027] fsd     fa6, 128(ra)
C0:       1637 [1] pc=[0000000080000350] W[r 0=0000000000000000][0] R[r 1=0000000080002100] R[r17=00000000800200e3] inst=[0910b427] fsd     fa7, 136(ra)
C0:       1638 [1] pc=[0000000080000354] W[r 0=0000000000000000][0] R[r 1=0000000080002100] R[r18=00000000800200e3] inst=[0920b827] fsd     fs2, 144(ra)
C0:       1639 [1] pc=[0000000080000358] W[r 0=0000000000000000][0] R[r 1=0000000080002100] R[r19=00000000800200e3] inst=[0930bc27] fsd     fs3, 152(ra)
C0:       1640 [1] pc=[000000008000035c] W[r 0=0000000000000000][0] R[r 1=0000000080002100] R[r20=00000000800200e3] inst=[0b40b027] fsd     fs4, 160(ra)
C0:       1641 [1] pc=[0000000080000360] W[r 0=0000000000000000][0] R[r 1=0000000080002100] R[r23=00000000800200e3] inst=[0b70bc27] fsd     fs7, 184(ra)
C0:       1642 [1] pc=[0000000080000364] W[r 0=0000000000000000][0] R[r 1=0000000080002100] R[r24=00000000800200e3] inst=[0d80b027] fsd     fs8, 192(ra)
C0:       1643 [1] pc=[0000000080000368] W[r 0=0000000000000000][0] R[r 1=0000000080002100] R[r27=00000000800200e3] inst=[0db0bc27] fsd     fs11, 216(ra)
C0:       1644 [1] pc=[000000008000036c] W[r 3=0000000000000001][1] R[r 0=0000000000000000] R[r 0=0000000000000000] inst=[00100193] li      gp, 1
C0:       1645 [1] pc=[0000000080000370] W[r30=0000000080001370][1] R[r 0=0000000000000000] R[r 0=0000000000000000] inst=[00001f17] auipc   t5, 0x1
C0:       1662 [1] pc=[0000000080000374] W[r 0=0000000000000000][0] R[r30=0000000080001370] R[r 3=0000000000000001] inst=[c83f2823] sw      gp, -880(t5)
C0:       1663 [1] pc=[0000000080000378] W[r 0=000000008000037c][1] R[r 0=0000000000000000] R[r 0=0000000000000000] inst=[0000006f] j       pc + 0x0
C0:       1667 [1] pc=[0000000080000378] W[r 0=000000008000037c][1] R[r 0=0000000000000000] R[r 0=0000000000000000] inst=[0000006f] j       pc + 0x0
C0:       1669 [1] pc=[0000000080000378] W[r 0=000000008000037c][1] R[r 0=0000000000000000] R[r 0=0000000000000000] inst=[0000006f] j       pc + 0x0
C0:       1670 [1] pc=[0000000080000378] W[r 0=000000008000037c][1] R[r 0=0000000000000000] R[r 0=0000000000000000] inst=[0000006f] j       pc + 0x0
C0:       1671 [1] pc=[0000000080000378] W[r 0=000000008000037c][1] R[r 0=0000000000000000] R[r 0=0000000000000000] inst=[0000006f] j       pc + 0x0
C0:       1673 [1] pc=[0000000080000378] W[r 0=000000008000037c][1] R[r 0=0000000000000000] R[r 0=0000000000000000] inst=[0000006f] j       pc + 0x0
C0:       1675 [1] pc=[0000000080000378] W[r 0=000000008000037c][1] R[r 0=0000000000000000] R[r 0=0000000000000000] inst=[0000006f] j       pc + 0x0
C0:       1676 [1] pc=[0000000080000378] W[r 0=000000008000037c][1] R[r 0=0000000000000000] R[r 0=0000000000000000] inst=[0000006f] j       pc + 0x0
C0:       1677 [1] pc=[0000000080000378] W[r 0=000000008000037c][1] R[r 0=0000000000000000] R[r 0=0000000000000000] inst=[0000006f] j       pc + 0x0
C0:       1679 [1] pc=[0000000080000378] W[r 0=000000008000037c][1] R[r 0=0000000000000000] R[r 0=0000000000000000] inst=[0000006f] j       pc + 0x0
C0:       1681 [1] pc=[0000000080000378] W[r 0=000000008000037c][1] R[r 0=0000000000000000] R[r 0=0000000000000000] inst=[0000006f] j       pc + 0x0
C0:       1682 [1] pc=[0000000080000378] W[r 0=000000008000037c][1] R[r 0=0000000000000000] R[r 0=0000000000000000] inst=[0000006f] j       pc + 0x0
C0:       1683 [1] pc=[0000000080000378] W[r 0=000000008000037c][1] R[r 0=0000000000000000] R[r 0=0000000000000000] inst=[0000006f] j       pc + 0x0
C0:       1685 [1] pc=[0000000080000378] W[r 0=000000008000037c][1] R[r 0=0000000000000000] R[r 0=0000000000000000] inst=[0000006f] j       pc + 0x0
C0:       1687 [1] pc=[0000000080000378] W[r 0=000000008000037c][1] R[r 0=0000000000000000] R[r 0=0000000000000000] inst=[0000006f] j       pc + 0x0
C0:       1688 [1] pc=[0000000080000378] W[r 0=000000008000037c][1] R[r 0=0000000000000000] R[r 0=0000000000000000] inst=[0000006f] j       pc + 0x0
C0:       1689 [1] pc=[0000000080000378] W[r 0=000000008000037c][1] R[r 0=0000000000000000] R[r 0=0000000000000000] inst=[0000006f] j       pc + 0x0
C0:       1691 [1] pc=[0000000080000378] W[r 0=000000008000037c][1] R[r 0=0000000000000000] R[r 0=0000000000000000] inst=[0000006f] j       pc + 0x0
C0:       1693 [1] pc=[0000000080000378] W[r 0=000000008000037c][1] R[r 0=0000000000000000] R[r 0=0000000000000000] inst=[0000006f] j       pc + 0x0
C0:       1694 [1] pc=[0000000080000378] W[r 0=000000008000037c][1] R[r 0=0000000000000000] R[r 0=0000000000000000] inst=[0000006f] j       pc + 0x0
C0:       1695 [1] pc=[0000000080000378] W[r 0=000000008000037c][1] R[r 0=0000000000000000] R[r 0=0000000000000000] inst=[0000006f] j       pc + 0x0
C0:       1697 [1] pc=[0000000080000378] W[r 0=000000008000037c][1] R[r 0=0000000000000000] R[r 0=0000000000000000] inst=[0000006f] j       pc + 0x0
C0:       1699 [1] pc=[0000000080000378] W[r 0=000000008000037c][1] R[r 0=0000000000000000] R[r 0=0000000000000000] inst=[0000006f] j       pc + 0x0
C0:       1700 [1] pc=[0000000080000378] W[r 0=000000008000037c][1] R[r 0=0000000000000000] R[r 0=0000000000000000] inst=[0000006f] j       pc + 0x0
C0:       1701 [1] pc=[0000000080000378] W[r 0=000000008000037c][1] R[r 0=0000000000000000] R[r 0=0000000000000000] inst=[0000006f] j       pc + 0x0
C0:       1703 [1] pc=[0000000080000378] W[r 0=000000008000037c][1] R[r 0=0000000000000000] R[r 0=0000000000000000] inst=[0000006f] j       pc + 0x0
C0:       1705 [1] pc=[0000000080000378] W[r 0=000000008000037c][1] R[r 0=0000000000000000] R[r 0=0000000000000000] inst=[0000006f] j       pc + 0x0
C0:       1706 [1] pc=[0000000080000378] W[r 0=000000008000037c][1] R[r 0=0000000000000000] R[r 0=0000000000000000] inst=[0000006f] j       pc + 0x0
C0:       1707 [1] pc=[0000000080000378] W[r 0=000000008000037c][1] R[r 0=0000000000000000] R[r 0=0000000000000000] inst=[0000006f] j       pc + 0x0
C0:       1709 [1] pc=[0000000080000378] W[r 0=000000008000037c][1] R[r 0=0000000000000000] R[r 0=0000000000000000] inst=[0000006f] j       pc + 0x0
C0:       1711 [1] pc=[0000000080000378] W[r 0=000000008000037c][1] R[r 0=0000000000000000] R[r 0=0000000000000000] inst=[0000006f] j       pc + 0x0
C0:       1712 [1] pc=[0000000080000378] W[r 0=000000008000037c][1] R[r 0=0000000000000000] R[r 0=0000000000000000] inst=[0000006f] j       pc + 0x0
C0:       1713 [1] pc=[0000000080000378] W[r 0=000000008000037c][1] R[r 0=0000000000000000] R[r 0=0000000000000000] inst=[0000006f] j       pc + 0x0
C0:       1715 [1] pc=[0000000080000378] W[r 0=000000008000037c][1] R[r 0=0000000000000000] R[r 0=0000000000000000] inst=[0000006f] j       pc + 0x0
C0:       1717 [1] pc=[0000000080000378] W[r 0=000000008000037c][1] R[r 0=0000000000000000] R[r 0=0000000000000000] inst=[0000006f] j       pc + 0x0
C0:       1718 [1] pc=[0000000080000378] W[r 0=000000008000037c][1] R[r 0=0000000000000000] R[r 0=0000000000000000] inst=[0000006f] j       pc + 0x0
C0:       1719 [1] pc=[0000000080000378] W[r 0=000000008000037c][1] R[r 0=0000000000000000] R[r 0=0000000000000000] inst=[0000006f] j       pc + 0x0
C0:       1721 [1] pc=[0000000080000378] W[r 0=000000008000037c][1] R[r 0=0000000000000000] R[r 0=0000000000000000] inst=[0000006f] j       pc + 0x0
C0:       1723 [1] pc=[0000000080000378] W[r 0=000000008000037c][1] R[r 0=0000000000000000] R[r 0=0000000000000000] inst=[0000006f] j       pc + 0x0
C0:       1724 [1] pc=[0000000080000378] W[r 0=000000008000037c][1] R[r 0=0000000000000000] R[r 0=0000000000000000] inst=[0000006f] j       pc + 0x0
C0:       1725 [1] pc=[0000000080000378] W[r 0=000000008000037c][1] R[r 0=0000000000000000] R[r 0=0000000000000000] inst=[0000006f] j       pc + 0x0
C0:       1727 [1] pc=[0000000080000378] W[r 0=000000008000037c][1] R[r 0=0000000000000000] R[r 0=0000000000000000] inst=[0000006f] j       pc + 0x0
C0:       1729 [1] pc=[0000000080000378] W[r 0=000000008000037c][1] R[r 0=0000000000000000] R[r 0=0000000000000000] inst=[0000006f] j       pc + 0x0
C0:       1730 [1] pc=[0000000080000378] W[r 0=000000008000037c][1] R[r 0=0000000000000000] R[r 0=0000000000000000] inst=[0000006f] j       pc + 0x0
C0:       1731 [1] pc=[0000000080000378] W[r 0=000000008000037c][1] R[r 0=0000000000000000] R[r 0=0000000000000000] inst=[0000006f] j       pc + 0x0
C0:       1733 [1] pc=[0000000080000378] W[r 0=000000008000037c][1] R[r 0=0000000000000000] R[r 0=0000000000000000] inst=[0000006f] j       pc + 0x0
C0:       1735 [1] pc=[0000000080000378] W[r 0=000000008000037c][1] R[r 0=0000000000000000] R[r 0=0000000000000000] inst=[0000006f] j       pc + 0x0
C0:       1736 [1] pc=[0000000080000378] W[r 0=000000008000037c][1] R[r 0=0000000000000000] R[r 0=0000000000000000] inst=[0000006f] j       pc + 0x0
C0:       1737 [1] pc=[0000000080000378] W[r 0=000000008000037c][1] R[r 0=0000000000000000] R[r 0=0000000000000000] inst=[0000006f] j       pc + 0x0
C0:       1739 [1] pc=[0000000080000378] W[r 0=000000008000037c][1] R[r 0=0000000000000000] R[r 0=0000000000000000] inst=[0000006f] j       pc + 0x0
C0:       1741 [1] pc=[0000000080000378] W[r 0=000000008000037c][1] R[r 0=0000000000000000] R[r 0=0000000000000000] inst=[0000006f] j       pc + 0x0
C0:       1742 [1] pc=[0000000080000378] W[r 0=000000008000037c][1] R[r 0=0000000000000000] R[r 0=0000000000000000] inst=[0000006f] j       pc + 0x0
C0:       1743 [1] pc=[0000000080000378] W[r 0=000000008000037c][1] R[r 0=0000000000000000] R[r 0=0000000000000000] inst=[0000006f] j       pc + 0x0
C0:       1745 [1] pc=[0000000080000378] W[r 0=000000008000037c][1] R[r 0=0000000000000000] R[r 0=0000000000000000] inst=[0000006f] j       pc + 0x0
C0:       1747 [1] pc=[0000000080000378] W[r 0=000000008000037c][1] R[r 0=0000000000000000] R[r 0=0000000000000000] inst=[0000006f] j       pc + 0x0
C0:       1748 [1] pc=[0000000080000378] W[r 0=000000008000037c][1] R[r 0=0000000000000000] R[r 0=0000000000000000] inst=[0000006f] j       pc + 0x0
C0:       1749 [1] pc=[0000000080000378] W[r 0=000000008000037c][1] R[r 0=0000000000000000] R[r 0=0000000000000000] inst=[0000006f] j       pc + 0x0
C0:       1751 [1] pc=[0000000080000378] W[r 0=000000008000037c][1] R[r 0=0000000000000000] R[r 0=0000000000000000] inst=[0000006f] j       pc + 0x0
C0:       1753 [1] pc=[0000000080000378] W[r 0=000000008000037c][1] R[r 0=0000000000000000] R[r 0=0000000000000000] inst=[0000006f] j       pc + 0x0
C0:       1754 [1] pc=[0000000080000378] W[r 0=000000008000037c][1] R[r 0=0000000000000000] R[r 0=0000000000000000] inst=[0000006f] j       pc + 0x0
C0:       1755 [1] pc=[0000000080000378] W[r 0=000000008000037c][1] R[r 0=0000000000000000] R[r 0=0000000000000000] inst=[0000006f] j       pc + 0x0
C0:       1757 [1] pc=[0000000080000378] W[r 0=000000008000037c][1] R[r 0=0000000000000000] R[r 0=0000000000000000] inst=[0000006f] j       pc + 0x0
C0:       1759 [1] pc=[0000000080000378] W[r 0=000000008000037c][1] R[r 0=0000000000000000] R[r 0=0000000000000000] inst=[0000006f] j       pc + 0x0
C0:       1760 [1] pc=[0000000080000378] W[r 0=000000008000037c][1] R[r 0=0000000000000000] R[r 0=0000000000000000] inst=[0000006f] j       pc + 0x0
C0:       1761 [1] pc=[0000000080000378] W[r 0=000000008000037c][1] R[r 0=0000000000000000] R[r 0=0000000000000000] inst=[0000006f] j       pc + 0x0
C0:       1763 [1] pc=[0000000080000378] W[r 0=000000008000037c][1] R[r 0=0000000000000000] R[r 0=0000000000000000] inst=[0000006f] j       pc + 0x0
C0:       1765 [1] pc=[0000000080000378] W[r 0=000000008000037c][1] R[r 0=0000000000000000] R[r 0=0000000000000000] inst=[0000006f] j       pc + 0x0
C0:       1766 [1] pc=[0000000080000378] W[r 0=000000008000037c][1] R[r 0=0000000000000000] R[r 0=0000000000000000] inst=[0000006f] j       pc + 0x0
C0:       1767 [1] pc=[0000000080000378] W[r 0=000000008000037c][1] R[r 0=0000000000000000] R[r 0=0000000000000000] inst=[0000006f] j       pc + 0x0
C0:       1769 [1] pc=[0000000080000378] W[r 0=000000008000037c][1] R[r 0=0000000000000000] R[r 0=0000000000000000] inst=[0000006f] j       pc + 0x0
C0:       1771 [1] pc=[0000000080000378] W[r 0=000000008000037c][1] R[r 0=0000000000000000] R[r 0=0000000000000000] inst=[0000006f] j       pc + 0x0
C0:       1772 [1] pc=[0000000080000378] W[r 0=000000008000037c][1] R[r 0=0000000000000000] R[r 0=0000000000000000] inst=[0000006f] j       pc + 0x0
C0:       1773 [1] pc=[0000000080000378] W[r 0=000000008000037c][1] R[r 0=0000000000000000] R[r 0=0000000000000000] inst=[0000006f] j       pc + 0x0
C0:       1775 [1] pc=[0000000080000378] W[r 0=000000008000037c][1] R[r 0=0000000000000000] R[r 0=0000000000000000] inst=[0000006f] j       pc + 0x0
C0:       1777 [1] pc=[0000000080000378] W[r 0=000000008000037c][1] R[r 0=0000000000000000] R[r 0=0000000000000000] inst=[0000006f] j       pc + 0x0
C0:       1778 [1] pc=[0000000080000378] W[r 0=000000008000037c][1] R[r 0=0000000000000000] R[r 0=0000000000000000] inst=[0000006f] j       pc + 0x0
C0:       1779 [1] pc=[0000000080000378] W[r 0=000000008000037c][1] R[r 0=0000000000000000] R[r 0=0000000000000000] inst=[0000006f] j       pc + 0x0
C0:       1781 [1] pc=[0000000080000378] W[r 0=000000008000037c][1] R[r 0=0000000000000000] R[r 0=0000000000000000] inst=[0000006f] j       pc + 0x0
C0:       1783 [1] pc=[0000000080000378] W[r 0=000000008000037c][1] R[r 0=0000000000000000] R[r 0=0000000000000000] inst=[0000006f] j       pc + 0x0
C0:       1784 [1] pc=[0000000080000378] W[r 0=000000008000037c][1] R[r 0=0000000000000000] R[r 0=0000000000000000] inst=[0000006f] j       pc + 0x0
C0:       1785 [1] pc=[0000000080000378] W[r 0=000000008000037c][1] R[r 0=0000000000000000] R[r 0=0000000000000000] inst=[0000006f] j       pc + 0x0
C0:       1787 [1] pc=[0000000080000378] W[r 0=000000008000037c][1] R[r 0=0000000000000000] R[r 0=0000000000000000] inst=[0000006f] j       pc + 0x0
C0:       1789 [1] pc=[0000000080000378] W[r 0=000000008000037c][1] R[r 0=0000000000000000] R[r 0=0000000000000000] inst=[0000006f] j       pc + 0x0
C0:       1790 [1] pc=[0000000080000378] W[r 0=000000008000037c][1] R[r 0=0000000000000000] R[r 0=0000000000000000] inst=[0000006f] j       pc + 0x0
C0:       1791 [1] pc=[0000000080000378] W[r 0=000000008000037c][1] R[r 0=0000000000000000] R[r 0=0000000000000000] inst=[0000006f] j       pc + 0x0
C0:       1793 [1] pc=[0000000080000378] W[r 0=000000008000037c][1] R[r 0=0000000000000000] R[r 0=0000000000000000] inst=[0000006f] j       pc + 0x0
C0:       1795 [1] pc=[0000000080000378] W[r 0=000000008000037c][1] R[r 0=0000000000000000] R[r 0=0000000000000000] inst=[0000006f] j       pc + 0x0
C0:       1796 [1] pc=[0000000080000378] W[r 0=000000008000037c][1] R[r 0=0000000000000000] R[r 0=0000000000000000] inst=[0000006f] j       pc + 0x0
C0:       1797 [1] pc=[0000000080000378] W[r 0=000000008000037c][1] R[r 0=0000000000000000] R[r 0=0000000000000000] inst=[0000006f] j       pc + 0x0
C0:       1799 [1] pc=[0000000080000378] W[r 0=000000008000037c][1] R[r 0=0000000000000000] R[r 0=0000000000000000] inst=[0000006f] j       pc + 0x0
C0:       1801 [1] pc=[0000000080000378] W[r 0=000000008000037c][1] R[r 0=0000000000000000] R[r 0=0000000000000000] inst=[0000006f] j       pc + 0x0
C0:       1802 [1] pc=[0000000080000378] W[r 0=000000008000037c][1] R[r 0=0000000000000000] R[r 0=0000000000000000] inst=[0000006f] j       pc + 0x0
C0:       1803 [1] pc=[0000000080000378] W[r 0=000000008000037c][1] R[r 0=0000000000000000] R[r 0=0000000000000000] inst=[0000006f] j       pc + 0x0
C0:       1805 [1] pc=[0000000080000378] W[r 0=000000008000037c][1] R[r 0=0000000000000000] R[r 0=0000000000000000] inst=[0000006f] j       pc + 0x0
C0:       1807 [1] pc=[0000000080000378] W[r 0=000000008000037c][1] R[r 0=0000000000000000] R[r 0=0000000000000000] inst=[0000006f] j       pc + 0x0
C0:       1808 [1] pc=[0000000080000378] W[r 0=000000008000037c][1] R[r 0=0000000000000000] R[r 0=0000000000000000] inst=[0000006f] j       pc + 0x0
C0:       1809 [1] pc=[0000000080000378] W[r 0=000000008000037c][1] R[r 0=0000000000000000] R[r 0=0000000000000000] inst=[0000006f] j       pc + 0x0
C0:       1811 [1] pc=[0000000080000378] W[r 0=000000008000037c][1] R[r 0=0000000000000000] R[r 0=0000000000000000] inst=[0000006f] j       pc + 0x0
C0:       1813 [1] pc=[0000000080000378] W[r 0=000000008000037c][1] R[r 0=0000000000000000] R[r 0=0000000000000000] inst=[0000006f] j       pc + 0x0
C0:       1814 [1] pc=[0000000080000378] W[r 0=000000008000037c][1] R[r 0=0000000000000000] R[r 0=0000000000000000] inst=[0000006f] j       pc + 0x0
C0:       1815 [1] pc=[0000000080000378] W[r 0=000000008000037c][1] R[r 0=0000000000000000] R[r 0=0000000000000000] inst=[0000006f] j       pc + 0x0
C0:       1817 [1] pc=[0000000080000378] W[r 0=000000008000037c][1] R[r 0=0000000000000000] R[r 0=0000000000000000] inst=[0000006f] j       pc + 0x0
C0:       1819 [1] pc=[0000000080000378] W[r 0=000000008000037c][1] R[r 0=0000000000000000] R[r 0=0000000000000000] inst=[0000006f] j       pc + 0x0
C0:       1820 [1] pc=[0000000080000378] W[r 0=000000008000037c][1] R[r 0=0000000000000000] R[r 0=0000000000000000] inst=[0000006f] j       pc + 0x0
C0:       1821 [1] pc=[0000000080000378] W[r 0=000000008000037c][1] R[r 0=0000000000000000] R[r 0=0000000000000000] inst=[0000006f] j       pc + 0x0
*** PASSED *** Completed after               330656 simulation cycles
