ERROR: ld.so: object '/home/rsaravan/chipyard/.conda-env/lib/libstdc++.so.6' from LD_PRELOAD cannot be preloaded (wrong ELF class: ELFCLASS64): ignored.
testing $random aa374254
== Loading device model file '/home/rsaravan/chipyard/generators/testchipip/src/main/resources/dramsim2_ini/DDR3_micron_64M_8B_x4_sg15.ini' == 
== Loading system model file '/home/rsaravan/chipyard/generators/testchipip/src/main/resources/dramsim2_ini/system.ini' == 
===== MemorySystem 0 =====
CH. 0 TOTAL_STORAGE : 4096MB | 1 Ranks | 16 Devices per rank
DRAMSim2 Clock Frequency =666666666Hz, CPU Clock Frequency=500000000Hz
C0:         19 [1] pc=[0000000000010040] W[r10=0000000000010040][1] R[r 0=0000000000000000] R[r 0=0000000000000000] inst=[00000517] auipc   a0, 0x0
C0:         20 [1] pc=[0000000000010044] W[r10=0000000000010000][1] R[r10=0000000000010040] R[r 0=0000000000000000] inst=[fc050513] addi    a0, a0, -64
C0:         21 [1] pc=[0000000000010048] W[r 0=0000000000000000][1] R[r10=0000000000010000] R[r 0=0000000000000000] inst=[30551073] csrw    mtvec, a0
C0:         26 [1] pc=[000000000001004c] W[r 5=800000000094112d][1] R[r 0=0000000000000000] R[r 0=0000000000000000] inst=[301022f3] csrr    t0, misa
C0:         29 [1] pc=[0000000000010050] W[r 5=ffffe00000000025][1] R[r 5=800000000094112d] R[r 0=0000000000000000] inst=[4122d293] srai    t0, t0, 18
C0:         30 [1] pc=[0000000000010054] W[r 5=0000000000000001][1] R[r 5=ffffe00000000025] R[r 0=0000000000000000] inst=[0012f293] andi    t0, t0, 1
C0:         31 [1] pc=[0000000000010058] W[r 0=0000000000000000][0] R[r 5=0000000000000001] R[r 0=0000000000000000] inst=[00028463] beqz    t0, pc + 8
C0:         32 [1] pc=[000000000001005c] W[r 0=0000000000000202][1] R[r 0=0000000000000000] R[r 0=0000000000000000] inst=[30301073] csrw    mideleg, zero
C0:         37 [1] pc=[0000000000010060] W[r10=0000000000000008][1] R[r 0=0000000000000000] R[r 0=0000000000000000] inst=[00800513] li      a0, 8
C0:         38 [1] pc=[0000000000010064] W[r 0=0021820f436e91f8][1] R[r10=0000000000000008] R[r 0=0000000000000000] inst=[30451073] csrw    mie, a0
C0:         43 [1] pc=[0000000000010068] W[r 0=0000000a00001800][1] R[r10=0000000000000008] R[r 0=0000000000000000] inst=[30052073] csrs    mstatus, a0
C0:         48 [1] pc=[000000000001006c] W[r 0=0000000000000000][0] R[r 0=0000000000000000] R[r 0=0000000000000000] inst=[10500073] wfi
C0:         51 [0] pc=[0000000000010070] W[r 0=0000000000000000][0] R[r31=0000000000000008] R[r 0=0000000000000000] inst=[ffdff06f] j       pc - 0x4
C0:         70 [1] pc=[0000000000010000] W[r11=0000000002000000][1] R[r 0=0000000000000000] R[r 0=0000000000000000] inst=[020005b7] lui     a1, 0x2000
C0:         71 [1] pc=[0000000000010004] W[r10=0000000000000000][1] R[r 0=0000000000000000] R[r 0=0000000000000000] inst=[f1402573] csrr    a0, mhartid
C0:         74 [1] pc=[0000000000010008] W[r 0=0000000000000000][0] R[r10=0000000000000000] R[r 0=0000000000000000] inst=[00050463] beqz    a0, pc + 8
C0:         78 [1] pc=[0000000000010010] W[r12=0000000002000004][1] R[r11=0000000002000000] R[r 0=0000000000000000] inst=[00458613] addi    a2, a1, 4
C0:         79 [1] pc=[0000000000010014] W[r13=0000000000000001][1] R[r 0=0000000000000000] R[r 0=0000000000000000] inst=[00100693] li      a3, 1
C0:         80 [1] pc=[0000000000010018] W[r 0=0000000000000000][0] R[r12=0000000002000004] R[r13=0000000000000001] inst=[00d62023] sw      a3, 0(a2)
C0:         81 [1] pc=[000000000001001c] W[r12=0000000002000008][1] R[r12=0000000002000004] R[r 0=0000000000000000] inst=[00460613] addi    a2, a2, 4
C0:         87 [1] pc=[0000000000010020] W[r13=0000000000000000][0] R[r12=0000000002000008] R[r 0=0000000000000000] inst=[ffc62683] lw      a3, -4(a2)
C0:         95 [1] pc=[0000000000010024] W[r 0=0000000000000000][0] R[r13=0000000000000000] R[r 0=0000000000000000] inst=[fe069ae3] bnez    a3, pc - 12
C0:         96 [1] pc=[0000000000010028] W[r 0=000000000001002c][1] R[r 0=0000000000000000] R[r 0=0000000000000000] inst=[06c0006f] j       pc + 0x6c
C0:        116 [1] pc=[0000000000010094] W[r 0=0000000000000000][0] R[r11=0000000002000000] R[r 0=0000000000000000] inst=[0005a023] sw      zero, 0(a1)
C0:        117 [1] pc=[0000000000010098] W[r10=0000000000004000][1] R[r 0=0000000000000000] R[r 0=0000000000000000] inst=[00004537] lui     a0, 0x4
C0:        123 [1] pc=[000000000001009c] W[r10=0000000000000000][0] R[r10=0000000000004000] R[r 0=0000000000000000] inst=[00053503] ld      a0, 0(a0)
C0:        135 [1] pc=[00000000000100a0] W[r 0=0000000000010070][1] R[r10=0000000080000000] R[r 0=0000000000000000] inst=[34151073] csrw    mepc, a0
C0:        136 [1] pc=[00000000000100a4] W[r10=0000000000000000][1] R[r 0=0000000000000000] R[r 0=0000000000000000] inst=[f1402573] csrr    a0, mhartid
C0:        137 [1] pc=[00000000000100a8] W[r11=00000000000100a8][1] R[r 0=0000000000000000] R[r 0=0000000000000000] inst=[00000597] auipc   a1, 0x0
C0:        138 [1] pc=[00000000000100ac] W[r11=00000000000100c0][1] R[r11=00000000000100a8] R[r 0=0000000000000000] inst=[01858593] addi    a1, a1, 24
C0:        139 [1] pc=[00000000000100b0] W[r12=0000000000000080][1] R[r 0=0000000000000000] R[r 0=0000000000000000] inst=[08000613] li      a2, 128
C0:        140 [1] pc=[00000000000100b4] W[r 0=0000000a00001880][1] R[r12=0000000000000080] R[r 0=0000000000000000] inst=[30063073] csrc    mstatus, a2
C0:        145 [1] pc=[00000000000100b8] W[r 0=0000000000000000][0] R[r 0=0000000000000000] R[r 0=0000000000000000] inst=[30200073] mret
C0:        194 [1] pc=[0000000080000000] W[r31=0000000080010000][1] R[r 0=0000000000000000] R[r 0=0000000000000000] inst=[00010f97] auipc   t6, 0x10
C0:        195 [1] pc=[0000000080000004] W[r31=0000000080010000][1] R[r31=0000000080010000] R[r 0=0000000000000000] inst=[000f8f93] mv      t6, t6
C0:        239 [1] pc=[0000000080000008] W[r 1=752391cca9eb9208][1] R[r31=0000000080010000] R[r 0=0000000000000000] inst=[000fb083] ld      ra, 0(t6)
C0:        240 [1] pc=[000000008000000c] W[r 2=19cee785e077bc71][1] R[r31=0000000080010000] R[r 0=0000000000000000] inst=[008fb103] ld      sp, 8(t6)
C0:        241 [1] pc=[0000000080000010] W[r 3=36c1d43df67a6778][1] R[r31=0000000080010000] R[r 0=0000000000000000] inst=[010fb183] ld      gp, 16(t6)
C0:        242 [1] pc=[0000000080000014] W[r 4=10fff50b88bee33f][1] R[r31=0000000080010000] R[r 0=0000000000000000] inst=[018fb203] ld      tp, 24(t6)
C0:        243 [1] pc=[0000000080000018] W[r 5=bfe7230c0002ffe1][1] R[r31=0000000080010000] R[r 0=0000000000000000] inst=[020fb283] ld      t0, 32(t6)
C0:        244 [1] pc=[000000008000001c] W[r 6=66737ebce11e9702][1] R[r31=0000000080010000] R[r 0=0000000000000000] inst=[028fb303] ld      t1, 40(t6)
C0:        245 [1] pc=[0000000080000020] W[r 7=54a3b6e31e41c6bf][1] R[r31=0000000080010000] R[r 0=0000000000000000] inst=[030fb383] ld      t2, 48(t6)
C0:        246 [1] pc=[0000000080000024] W[r 8=946a7765e21eddf6][1] R[r31=0000000080010000] R[r 0=0000000000000000] inst=[038fb403] ld      s0, 56(t6)
C0:        263 [1] pc=[0000000080000028] W[r 9=9cd37f9b90321f43][1] R[r31=0000000080010000] R[r 0=0000000000000000] inst=[040fb483] ld      s1, 64(t6)
C0:        264 [1] pc=[000000008000002c] W[r10=0f63741c1f12f7fc][1] R[r31=0000000080010000] R[r 0=0000000000000000] inst=[048fb503] ld      a0, 72(t6)
C0:        265 [1] pc=[0000000080000030] W[r11=509f067bba543ae9][1] R[r31=0000000080010000] R[r 0=0000000000000000] inst=[050fb583] ld      a1, 80(t6)
C0:        266 [1] pc=[0000000080000034] W[r12=92fbe0cc11ebf125][1] R[r31=0000000080010000] R[r 0=0000000000000000] inst=[058fb603] ld      a2, 88(t6)
C0:        267 [1] pc=[0000000080000038] W[r13=402c0ae9c7922f95][1] R[r31=0000000080010000] R[r 0=0000000000000000] inst=[060fb683] ld      a3, 96(t6)
C0:        268 [1] pc=[000000008000003c] W[r14=5b66a61d17989b2f][1] R[r31=0000000080010000] R[r 0=0000000000000000] inst=[068fb703] ld      a4, 104(t6)
C0:        290 [1] pc=[0000000080000040] W[r15=87670e067a297322][1] R[r31=0000000080010000] R[r 0=0000000000000000] inst=[070fb783] ld      a5, 112(t6)
C0:        291 [1] pc=[0000000080000044] W[r16=7f7a42e1268233ea][1] R[r31=0000000080010000] R[r 0=0000000000000000] inst=[078fb803] ld      a6, 120(t6)
C0:        308 [1] pc=[0000000080000048] W[r17=95832f3891a294c2][1] R[r31=0000000080010000] R[r 0=0000000000000000] inst=[080fb883] ld      a7, 128(t6)
C0:        309 [1] pc=[000000008000004c] W[r18=e09d224ee56c19ff][1] R[r31=0000000080010000] R[r 0=0000000000000000] inst=[088fb903] ld      s2, 136(t6)
C0:        310 [1] pc=[0000000080000050] W[r19=0a760c9a0d633066][1] R[r31=0000000080010000] R[r 0=0000000000000000] inst=[090fb983] ld      s3, 144(t6)
C0:        311 [1] pc=[0000000080000054] W[r20=b301495dfbe68c9e][1] R[r31=0000000080010000] R[r 0=0000000000000000] inst=[098fba03] ld      s4, 152(t6)
C0:        312 [1] pc=[0000000080000058] W[r21=08fb980b6a0347b3][1] R[r31=0000000080010000] R[r 0=0000000000000000] inst=[0a0fba83] ld      s5, 160(t6)
C0:        313 [1] pc=[000000008000005c] W[r22=e93ba0ee909301d9][1] R[r31=0000000080010000] R[r 0=0000000000000000] inst=[0a8fbb03] ld      s6, 168(t6)
C0:        314 [1] pc=[0000000080000060] W[r23=f48729ebb4dc4215][1] R[r31=0000000080010000] R[r 0=0000000000000000] inst=[0b0fbb83] ld      s7, 176(t6)
C0:        315 [1] pc=[0000000080000064] W[r24=163c1cc57f9e9dbb][1] R[r31=0000000080010000] R[r 0=0000000000000000] inst=[0b8fbc03] ld      s8, 184(t6)
C0:        361 [1] pc=[0000000080000068] W[r25=17078b39003ceacd][1] R[r31=0000000080010000] R[r 0=0000000000000000] inst=[0c0fbc83] ld      s9, 192(t6)
C0:        362 [1] pc=[000000008000006c] W[r26=1f572dd105baa496][1] R[r31=0000000080010000] R[r 0=0000000000000000] inst=[0c8fbd03] ld      s10, 200(t6)
C0:        363 [1] pc=[0000000080000070] W[r27=b5545ee56b7277d7][1] R[r31=0000000080010000] R[r 0=0000000000000000] inst=[0d0fbd83] ld      s11, 208(t6)
C0:        364 [1] pc=[0000000080000074] W[r28=497f9b76af2a8dea][1] R[r31=0000000080010000] R[r 0=0000000000000000] inst=[0d8fbe03] ld      t3, 216(t6)
C0:        365 [1] pc=[0000000080000078] W[r29=6ca43d1471f5d694][1] R[r31=0000000080010000] R[r 0=0000000000000000] inst=[0e0fbe83] ld      t4, 224(t6)
C0:        366 [1] pc=[000000008000007c] W[r30=0e3b60c2813ad146][1] R[r31=0000000080010000] R[r 0=0000000000000000] inst=[0e8fbf03] ld      t5, 232(t6)
C0:        416 [1] pc=[0000000080000080] W[r31=e99e4951cae3e6c1][1] R[r31=0000000080010000] R[r 0=0000000000000000] inst=[0f0fbf83] ld      t6, 240(t6)
C0:        417 [1] pc=[0000000080000084] W[r 0=0000000080000088][1] R[r 0=0000000000000000] R[r 0=0000000000000000] inst=[2d80006f] j       pc + 0x2d8
C0:        440 [1] pc=[000000008000035c] W[r 0=0000000a00000080][1] R[r 0=0000000000000000] R[r 0=0000000000000000] inst=[30005073] csrwi   mstatus, 0
C0:        445 [1] pc=[0000000080000360] W[r10=0000000000000000][1] R[r 0=0000000000000000] R[r 0=0000000000000000] inst=[f1402573] csrr    a0, mhartid
C0:        448 [1] pc=[0000000080000364] W[r 0=0000000000000000][0] R[r10=0000000000000000] R[r 0=0000000000000000] inst=[00051063] bnez    a0, pc + 0
C0:        449 [1] pc=[0000000080000368] W[r 5=0000000080000368][1] R[r 0=0000000000000000] R[r 0=0000000000000000] inst=[00000297] auipc   t0, 0x0
C0:        450 [1] pc=[000000008000036c] W[r 5=0000000080000380][1] R[r 5=0000000080000368] R[r 0=0000000000000000] inst=[01828293] addi    t0, t0, 24
C0:        451 [1] pc=[0000000080000370] W[r 0=0000000000010000][1] R[r 5=0000000080000380] R[r 0=0000000000000000] inst=[30529073] csrw    mtvec, t0
C0:        456 [1] pc=[0000000080000374] W[r 0=0000000000e0355d][1] R[r 0=0000000000000000] R[r 0=0000000000000000] inst=[30205073] csrwi   medeleg, 0
C0:        461 [1] pc=[0000000080000378] W[r 0=0000000000000000][1] R[r 0=0000000000000000] R[r 0=0000000000000000] inst=[30305073] csrwi   mideleg, 0
C0:        466 [1] pc=[000000008000037c] W[r 0=0000000000000008][1] R[r 0=0000000000000000] R[r 0=0000000000000000] inst=[30405073] csrwi   mie, 0
C0:        483 [1] pc=[0000000080000380] W[r 5=0000000080000380][1] R[r 0=0000000000000000] R[r 0=0000000000000000] inst=[00000297] auipc   t0, 0x0
C0:        484 [1] pc=[0000000080000384] W[r 5=0000000080000390][1] R[r 5=0000000080000380] R[r 0=0000000000000000] inst=[01028293] addi    t0, t0, 16
C0:        485 [1] pc=[0000000080000388] W[r 0=0000000080000380][1] R[r 5=0000000080000390] R[r 0=0000000000000000] inst=[30529073] csrw    mtvec, t0
C0:        490 [1] pc=[000000008000038c] W[r 0=0000024673b8f237][1] R[r 0=0000000000000000] R[r 0=0000000000000000] inst=[18005073] csrwi   satp, 0
C0:        495 [1] pc=[0000000080000390] W[r 5=0000000080000390][1] R[r 0=0000000000000000] R[r 0=0000000000000000] inst=[00000297] auipc   t0, 0x0
C0:        496 [1] pc=[0000000080000394] W[r 5=00000000800003b4][1] R[r 5=0000000080000390] R[r 0=0000000000000000] inst=[02428293] addi    t0, t0, 36
C0:        497 [1] pc=[0000000080000398] W[r 0=0000000080000390][1] R[r 5=00000000800003b4] R[r 0=0000000000000000] inst=[30529073] csrw    mtvec, t0
C0:        502 [1] pc=[000000008000039c] W[r 5=0000000000000001][1] R[r 0=0000000000000000] R[r 0=0000000000000000] inst=[0010029b] addiw   t0, zero, 1
C0:        503 [1] pc=[00000000800003a0] W[r 5=0020000000000000][1] R[r 5=0000000000000001] R[r 0=0000000000000000] inst=[03529293] slli    t0, t0, 53
C0:        504 [1] pc=[00000000800003a4] W[r 5=001fffffffffffff][1] R[r 5=0020000000000000] R[r 0=0000000000000000] inst=[fff28293] addi    t0, t0, -1
C0:        505 [1] pc=[00000000800003a8] W[r 0=0000000028d90b3c][1] R[r 5=001fffffffffffff] R[r 0=0000000000000000] inst=[3b029073] csrw    pmpaddr0, t0
C0:        510 [1] pc=[00000000800003ac] W[r 5=000000000000001f][1] R[r 0=0000000000000000] R[r 0=0000000000000000] inst=[01f00293] li      t0, 31
C0:        511 [1] pc=[00000000800003b0] W[r 0=0007010003050304][1] R[r 5=000000000000001f] R[r 0=0000000000000000] inst=[3a029073] csrw    pmpcfg0, t0
C0:        516 [1] pc=[00000000800003b4] W[r 5=00000000800003b4][1] R[r 0=0000000000000000] R[r 0=0000000000000000] inst=[00000297] auipc   t0, 0x0
C0:        517 [1] pc=[00000000800003b8] W[r 5=0000000080000118][1] R[r 5=00000000800003b4] R[r 0=0000000000000000] inst=[d6428293] addi    t0, t0, -668
C0:        518 [1] pc=[00000000800003bc] W[r 0=00000000800003b4][1] R[r 5=0000000080000118] R[r 0=0000000000000000] inst=[30529073] csrw    mtvec, t0
C0:        539 [1] pc=[00000000800003c0] W[r 3=0000000000000000][1] R[r 0=0000000000000000] R[r 0=0000000000000000] inst=[00000193] li      gp, 0
C0:        540 [1] pc=[00000000800003c4] W[r10=0000000000000001][1] R[r 0=0000000000000000] R[r 0=0000000000000000] inst=[00100513] li      a0, 1
C0:        541 [1] pc=[00000000800003c8] W[r10=0000000080000000][1] R[r10=0000000000000001] R[r 0=0000000000000000] inst=[01f51513] slli    a0, a0, 31
C0:        542 [1] pc=[00000000800003cc] W[r 0=0000000000000000][0] R[r10=0000000080000000] R[r 0=0000000000000000] inst=[00055c63] bgez    a0, pc + 24
C0:        546 [1] pc=[00000000800003e4] W[r 5=00000000800003e4][1] R[r 0=0000000000000000] R[r 0=0000000000000000] inst=[00000297] auipc   t0, 0x0
C0:        547 [1] pc=[00000000800003e8] W[r 5=0000000080000114][1] R[r 5=00000000800003e4] R[r 0=0000000000000000] inst=[d3028293] addi    t0, t0, -720
C0:        548 [1] pc=[00000000800003ec] W[r 0=ffffffd6f995f0c8][1] R[r 5=0000000080000114] R[r 0=0000000000000000] inst=[10529073] csrw    stvec, t0
C0:        553 [1] pc=[00000000800003f0] W[r 5=000000000000b000][1] R[r 0=0000000000000000] R[r 0=0000000000000000] inst=[0000b2b7] lui     t0, 0xb
C0:        554 [1] pc=[00000000800003f4] W[r 5=000000000000b109][1] R[r 5=000000000000b000] R[r 0=0000000000000000] inst=[1092829b] addiw   t0, t0, 265
C0:        555 [1] pc=[00000000800003f8] W[r 0=0000000000000000][1] R[r 5=000000000000b109] R[r 0=0000000000000000] inst=[3022a073] csrs    medeleg, t0
C0:        560 [1] pc=[00000000800003fc] W[r10=0000000000008000][1] R[r 0=0000000000000000] R[r 0=0000000000000000] inst=[00008537] lui     a0, 0x8
C0:        577 [1] pc=[0000000080000400] W[r10=0000000000007800][1] R[r10=0000000000008000] R[r 0=0000000000000000] inst=[8005051b] addiw   a0, a0, -2048
C0:        578 [1] pc=[0000000080000404] W[r 0=0000000a00000000][1] R[r10=0000000000007800] R[r 0=0000000000000000] inst=[30052073] csrs    mstatus, a0
C0:        583 [1] pc=[0000000080000408] W[r 0=000000000000003f][1] R[r 0=0000000000000000] R[r 0=0000000000000000] inst=[00305073] csrwi   fcsr, 0
C0:        588 [1] pc=[000000008000040c] W[r 1=0000000080000410][1] R[r 0=0000000000000000] R[r 0=0000000000000000] inst=[c7dff0ef] jal     pc - 0x384
C0:        589 [1] pc=[0000000080000088] W[r31=0000000080020088][1] R[r 0=0000000000000000] R[r 0=0000000000000000] inst=[00020f97] auipc   t6, 0x20
C0:        590 [1] pc=[000000008000008c] W[r31=0000000080020000][1] R[r31=0000000080020088] R[r 0=0000000000000000] inst=[f78f8f93] addi    t6, t6, -136
C0:        607 [1] pc=[0000000080000090] W[r 0=0000000000000000][0] R[r31=0000000080020000] R[r 0=0000000000000000] inst=[000fa007] flw     ft0, 0(t6)
C0:        608 [1] pc=[0000000080000094] W[r 1=0000000000000000][0] R[r31=0000000080020000] R[r 0=0000000000000000] inst=[008fa087] flw     ft1, 8(t6)
C0:        609 [1] pc=[0000000080000098] W[r 2=0000000000000000][0] R[r31=0000000080020000] R[r 0=0000000000000000] inst=[010fa107] flw     ft2, 16(t6)
C0:        610 [1] pc=[000000008000009c] W[r 3=0000000000000000][0] R[r31=0000000080020000] R[r 0=0000000000000000] inst=[018fb187] fld     ft3, 24(t6)
C0:        611 [1] pc=[00000000800000a0] W[r 4=0000000000000000][0] R[r31=0000000080020000] R[r 0=0000000000000000] inst=[020fb207] fld     ft4, 32(t6)
C0:        612 [1] pc=[00000000800000a4] W[r 5=0000000000000000][0] R[r31=0000000080020000] R[r 0=0000000000000000] inst=[028fb287] fld     ft5, 40(t6)
C0:        613 [1] pc=[00000000800000a8] W[r 6=0000000000000000][0] R[r31=0000000080020000] R[r 0=0000000000000000] inst=[030fb307] fld     ft6, 48(t6)
C0:        614 [1] pc=[00000000800000ac] W[r 7=0000000000000000][0] R[r31=0000000080020000] R[r 0=0000000000000000] inst=[038fa387] flw     ft7, 56(t6)
C0:        665 [1] pc=[00000000800000b0] W[r 8=0000000000000000][0] R[r31=0000000080020000] R[r 0=0000000000000000] inst=[040fb407] fld     fs0, 64(t6)
C0:        666 [1] pc=[00000000800000b4] W[r 9=0000000000000000][0] R[r31=0000000080020000] R[r 0=0000000000000000] inst=[048fb487] fld     fs1, 72(t6)
C0:        667 [1] pc=[00000000800000b8] W[r10=0000000000000000][0] R[r31=0000000080020000] R[r 0=0000000000000000] inst=[050fa507] flw     fa0, 80(t6)
C0:        668 [1] pc=[00000000800000bc] W[r11=0000000000000000][0] R[r31=0000000080020000] R[r 0=0000000000000000] inst=[058fb587] fld     fa1, 88(t6)
C0:        718 [1] pc=[00000000800000c0] W[r12=0000000000000000][0] R[r31=0000000080020000] R[r 0=0000000000000000] inst=[060fb607] fld     fa2, 96(t6)
C0:        719 [1] pc=[00000000800000c4] W[r13=0000000000000000][0] R[r31=0000000080020000] R[r 0=0000000000000000] inst=[068fb687] fld     fa3, 104(t6)
C0:        720 [1] pc=[00000000800000c8] W[r14=0000000000000000][0] R[r31=0000000080020000] R[r 0=0000000000000000] inst=[070fa707] flw     fa4, 112(t6)
C0:        721 [1] pc=[00000000800000cc] W[r15=0000000000000000][0] R[r31=0000000080020000] R[r 0=0000000000000000] inst=[078fb787] fld     fa5, 120(t6)
C0:        766 [1] pc=[00000000800000d0] W[r16=0000000000000000][0] R[r31=0000000080020000] R[r 0=0000000000000000] inst=[080fb807] fld     fa6, 128(t6)
C0:        767 [1] pc=[00000000800000d4] W[r17=0000000000000000][0] R[r31=0000000080020000] R[r 0=0000000000000000] inst=[088fa887] flw     fa7, 136(t6)
C0:        768 [1] pc=[00000000800000d8] W[r18=0000000000000000][0] R[r31=0000000080020000] R[r 0=0000000000000000] inst=[090fa907] flw     fs2, 144(t6)
C0:        769 [1] pc=[00000000800000dc] W[r19=0000000000000000][0] R[r31=0000000080020000] R[r 0=0000000000000000] inst=[098fa987] flw     fs3, 152(t6)
C0:        770 [1] pc=[00000000800000e0] W[r20=0000000000000000][0] R[r31=0000000080020000] R[r 0=0000000000000000] inst=[0a0fba07] fld     fs4, 160(t6)
C0:        771 [1] pc=[00000000800000e4] W[r21=0000000000000000][0] R[r31=0000000080020000] R[r 0=0000000000000000] inst=[0a8faa87] flw     fs5, 168(t6)
C0:        772 [1] pc=[00000000800000e8] W[r22=0000000000000000][0] R[r31=0000000080020000] R[r 0=0000000000000000] inst=[0b0fbb07] fld     fs6, 176(t6)
C0:        773 [1] pc=[00000000800000ec] W[r23=0000000000000000][0] R[r31=0000000080020000] R[r 0=0000000000000000] inst=[0b8fbb87] fld     fs7, 184(t6)
C0:        790 [1] pc=[00000000800000f0] W[r24=0000000000000000][0] R[r31=0000000080020000] R[r 0=0000000000000000] inst=[0c0fbc07] fld     fs8, 192(t6)
C0:        791 [1] pc=[00000000800000f4] W[r25=0000000000000000][0] R[r31=0000000080020000] R[r 0=0000000000000000] inst=[0c8fbc87] fld     fs9, 200(t6)
C0:        792 [1] pc=[00000000800000f8] W[r26=0000000000000000][0] R[r31=0000000080020000] R[r 0=0000000000000000] inst=[0d0fbd07] fld     fs10, 208(t6)
C0:        793 [1] pc=[00000000800000fc] W[r27=0000000000000000][0] R[r31=0000000080020000] R[r 0=0000000000000000] inst=[0d8fbd87] fld     fs11, 216(t6)
C0:        815 [1] pc=[0000000080000100] W[r28=0000000000000000][0] R[r31=0000000080020000] R[r 0=0000000000000000] inst=[0e0fbe07] fld     ft8, 224(t6)
C0:        816 [1] pc=[0000000080000104] W[r29=0000000000000000][0] R[r31=0000000080020000] R[r 0=0000000000000000] inst=[0e8fae87] flw     ft9, 232(t6)
C0:        817 [1] pc=[0000000080000108] W[r30=0000000000000000][0] R[r31=0000000080020000] R[r 0=0000000000000000] inst=[0f0faf07] flw     ft10, 240(t6)
C0:        818 [1] pc=[000000008000010c] W[r31=0000000000000000][0] R[r31=0000000080020000] R[r 0=0000000000000000] inst=[0f8faf87] flw     ft11, 248(t6)
C0:        819 [1] pc=[0000000080000110] W[r 0=0000000080000114][1] R[r 1=0000000080000410] R[r 0=0000000000000000] inst=[00008067] ret
C0:        821 [1] pc=[0000000080000410] W[r 0=000000000000008d][1] R[r 0=0000000000000000] R[r 0=0000000000000000] inst=[b0201073] csrw    minstret, zero
C0:        826 [1] pc=[0000000080000414] W[r10=0000000000000000][1] R[r 0=0000000000000000] R[r 0=0000000000000000] inst=[f1402573] csrr    a0, mhartid
C0:        827 [1] pc=[0000000080000418] W[r11=892fc0120650df0c][1] R[r 0=0000000000000000] R[r 0=0000000000000000] inst=[3404f5f3] csrrci  a1, mscratch, 9
C0:        828 [1] pc=[000000008000041c] W[r 5=000000008000041c][1] R[r 0=0000000000000000] R[r 0=0000000000000000] inst=[00000297] auipc   t0, 0x0
C0:        829 [1] pc=[0000000080000420] W[r 5=0000000080000440][1] R[r 5=000000008000041c] R[r 0=0000000000000000] inst=[02428293] addi    t0, t0, 36
C0:        830 [1] pc=[0000000080000424] W[r 0=0000000080000000][1] R[r 5=0000000080000440] R[r 0=0000000000000000] inst=[34129073] csrw    mepc, t0
C0:        831 [1] pc=[0000000080000428] W[r 5=0000000000000000][1] R[r 0=0000000000000000] R[r 0=0000000000000000] inst=[00000293] li      t0, 0
C0:        832 [1] pc=[000000008000042c] W[r 0=0000000000000000][0] R[r 0=0000000000000000] R[r 0=0000000000000000] inst=[30200073] mret
C0:        853 [1] pc=[0000000080000440] W[r 3=95832f3891a2910f][1] R[r17=95832f3891a294c2] R[r 0=0000000000000000] inst=[c4d88193] addi    gp, a7, -947
C0:        854 [1] pc=[0000000080000444] W[r11=0000000000000000][0] R[r 0=0000000000000000] R[r 7=b1d8c062c01a958f] inst=[e07045cb] fnmsub.s fa1, ft0, ft7, ft8
C0:        855 [1] pc=[0000000080000448] W[r13=0000000062bc591a][1] R[r14=5b66a61d17989b2f] R[r23=f48729ebb4dc4215] inst=[417706bb] subw    a3, a4, s7
C0:        856 [1] pc=[000000008000044c] W[r11=0000000000000000][0] R[r20=b301495dfbe68c9e] R[r 2=19cee785e077bc71] inst=[022a35b3] mulhu   a1, s4, sp
C0:        857 [1] pc=[0000000080000450] W[r17=0000000000000000][0] R[r17=b301495dfbe68c9f] R[r21=19cee785e077bc73] inst=[1158b8d3] fmul.s  fa7, fa7, fs5
C0:        858 [1] pc=[0000000080000454] W[r29=0000000080020454][1] R[r 0=0000000000000000] R[r 0=0000000000000000] inst=[00020e97] auipc   t4, 0x20
C0:        859 [1] pc=[0000000080000458] W[r29=00000000800200f0][1] R[r29=0000000080020454] R[r 0=0000000000000000] inst=[c9ce8e93] addi    t4, t4, -868
C0:        904 [1] pc=[000000008000045c] W[r 0=0000000000000000][0] R[r29=00000000800200f0] R[r16=7f7a42e1268233ea] inst=[010eb823] sd      a6, 16(t4)
C0:        905 [1] pc=[0000000080000460] W[r28=0000000000000000][0] R[r 3=95832f3891a2910f] R[r 0=0000000000000000] inst=[d021fe53] fcvt.s.l ft8, gp
C0:        906 [1] pc=[0000000080000464] W[r11=0000000080050464][1] R[r 0=0000000000000000] R[r 0=0000000000000000] inst=[00050597] auipc   a1, 0x50
C0:        907 [1] pc=[0000000080000468] W[r11=0000000080050040][1] R[r11=0000000080050464] R[r 0=0000000000000000] inst=[bdc58593] addi    a1, a1, -1060
C0:        908 [1] pc=[000000008000046c] W[r11=0000000080050040][1] R[r11=0000000080050040] R[r 0=0000000000000000] inst=[00058593] mv      a1, a1
C0:        925 [1] pc=[0000000080000470] W[r11=3c076ccf2fcd4a91][1] R[r11=0000000080050040] R[r 6=66737ebce11e9702] inst=[e065b5af] amomaxu.d a1, t1, (a1)
C0:        926 [1] pc=[0000000080000474] W[r18=0000000000000000][0] R[r 3=95832f3891a2910f] R[r 0=0000000000000000] inst=[d021b953] fcvt.s.l fs2, gp
C0:        927 [1] pc=[0000000080000478] W[r 2=0000000080040478][1] R[r 0=0000000000000000] R[r 0=0000000000000000] inst=[00040117] auipc   sp, 0x40
C0:        928 [1] pc=[000000008000047c] W[r 2=0000000080040060][1] R[r 2=0000000080040478] R[r 0=0000000000000000] inst=[be810113] addi    sp, sp, -1048
C0:        950 [1] pc=[0000000080000480] W[r 2=0000000080040060][1] R[r 2=0000000080040060] R[r 0=0000000000000000] inst=[00010113] mv      sp, sp
C0:        985 [1] pc=[0000000080000484] W[r11=0000000058f4809a][1] R[r 2=0000000080040060] R[r28=497f9b76af2a8dea] inst=[c1c125af] amominu.w a1, t3, (sp)
C0:        986 [1] pc=[0000000080000488] W[r16=0000000080040488][1] R[r 0=0000000000000000] R[r 0=0000000000000000] inst=[00040817] auipc   a6, 0x40
C0:        987 [1] pc=[000000008000048c] W[r16=0000000080040070][1] R[r16=0000000080040488] R[r 0=0000000000000000] inst=[be880813] addi    a6, a6, -1048
C0:        988 [1] pc=[0000000080000490] W[r16=0000000080040060][1] R[r16=0000000080040070] R[r 0=0000000000000000] inst=[ff080813] addi    a6, a6, -16
C0:        989 [1] pc=[0000000080000494] W[r29=fd2c5c5958f4809a][1] R[r16=0000000080040060] R[r 9=9cd37f9b90321f43] inst=[00983eaf] amoadd.d t4, s1, (a6)
C0:        990 [1] pc=[0000000080000498] W[r 8=0000000080050498][1] R[r 0=0000000000000000] R[r 0=0000000000000000] inst=[00050417] auipc   s0, 0x50
C0:        991 [1] pc=[000000008000049c] W[r 8=0000000080050130][1] R[r 8=0000000080050498] R[r 0=0000000000000000] inst=[c9840413] addi    s0, s0, -872
C0:       1008 [1] pc=[00000000800004a0] W[r28=0000000000000000][0] R[r 8=0000000080050130] R[r 0=0000000000000000] inst=[00042e07] flw     ft8, 0(s0)
C0:       1009 [1] pc=[00000000800004a4] W[r 3=0000000000000000][0] R[r 8=0000000080050130] R[r13=0000000062bc591a] inst=[02d451b3] divu    gp, s0, a3
C0:       1010 [1] pc=[00000000800004a8] W[r28=92fbe0cc11ebf125][1] R[r12=92fbe0cc11ebf125] R[r 0=0000000000000000] inst=[00066e13] ori     t3, a2, 0
C0:       1011 [1] pc=[00000000800004ac] W[r 4=00000000800604ac][1] R[r 0=0000000000000000] R[r 0=0000000000000000] inst=[00060217] auipc   tp, 0x60
C0:       1012 [1] pc=[00000000800004b0] W[r 4=00000000800600a0][1] R[r 4=00000000800604ac] R[r 0=0000000000000000] inst=[bf420213] addi    tp, tp, -1036
C0:       1013 [1] pc=[00000000800004b4] W[r 4=00000000800600a8][1] R[r 4=00000000800600a0] R[r 0=0000000000000000] inst=[00820213] addi    tp, tp, 8
C0:       1030 [1] pc=[00000000800004b8] W[r29=86ff6bfb7254dbfe][1] R[r 4=00000000800600a8] R[r20=b301495dfbe68c9e] inst=[e1423eaf] amomaxu.d t4, s4, (tp)
C0:       1031 [1] pc=[00000000800004bc] W[r 4=0000000000000000][0] R[r10=0000000000000000] R[r 6=66737ebce11e9702] inst=[0265723b] remuw   tp, a0, t1
C0:       1053 [1] pc=[00000000800004c0] W[r10=00000000800204c0][1] R[r 0=0000000000000000] R[r 0=0000000000000000] inst=[00020517] auipc   a0, 0x20
C0:       1054 [1] pc=[00000000800004c4] W[r10=00000000800200a0][1] R[r10=00000000800204c0] R[r 0=0000000000000000] inst=[be050513] addi    a0, a0, -1056
C0:       1055 [1] pc=[00000000800004c8] W[r24=0000000000000094][1] R[r10=00000000800200a0] R[r 0=0000000000000000] inst=[01d54c03] lbu     s8, 29(a0)
C0:       1056 [1] pc=[00000000800004cc] W[r11=0000000000000000][1] R[r29=86ff6bfb7254dbfe] R[r 0=0000000000000000] inst=[001ef593] andi    a1, t4, 1
C0:       1057 [1] pc=[00000000800004d0] W[r13=00000000800204d0][1] R[r 0=0000000000000000] R[r 0=0000000000000000] inst=[00020697] auipc   a3, 0x20
C0:       1058 [1] pc=[00000000800004d4] W[r13=00000000800200e0][1] R[r13=00000000800204d0] R[r 0=0000000000000000] inst=[c1068693] addi    a3, a3, -1008
C0:       1059 [1] pc=[00000000800004d8] W[r15=ffffffff9734e40f][1] R[r13=00000000800200e0] R[r 0=0000000000000000] inst=[0186a783] lw      a5, 24(a3)
C0:       1060 [1] pc=[00000000800004dc] W[r 0=0000000000000000][0] R[r 9=9cd37f9b90321f43] R[r 1=0000000080000410] inst=[1014e463] bltu    s1, ra, pc + 264
C0:       1061 [1] pc=[00000000800004e0] W[r23=00000000800604e0][1] R[r 0=0000000000000000] R[r 0=0000000000000000] inst=[00060b97] auipc   s7, 0x60
C0:       1062 [1] pc=[00000000800004e4] W[r23=0000000080060020][1] R[r23=00000000800604e0] R[r 0=0000000000000000] inst=[b40b8b93] addi    s7, s7, -1216
C0:       1063 [1] pc=[00000000800004e8] W[r23=0000000080060038][1] R[r23=0000000080060020] R[r 0=0000000000000000] inst=[018b8b93] addi    s7, s7, 24
C0:       1085 [1] pc=[00000000800004ec] W[r 4=0000000000000001][1] R[r23=0000000080060038] R[r23=0000000080060038] inst=[197bb22f] sc.d    tp, s7, (s7)
C0:       1086 [1] pc=[00000000800004f0] W[r 1=0000000000000000][0] R[r26=1f572dd105baa496] R[r30=0e3b60c2813ad146] inst=[03ed40b3] div     ra, s10, t5
C0:       1092 [1] pc=[00000000800004f4] W[r26=0000000000000000][0] R[r29=86ff6bfb7254dbfe] R[r 9=9cd37f9b90321f43] inst=[029ecd33] div     s10, t4, s1
C0:       1093 [1] pc=[00000000800004f8] W[r19=00000000800004f8][1] R[r 0=0000000000000000] R[r 0=0000000000000000] inst=[00000997] auipc   s3, 0x0
C0:       1094 [1] pc=[00000000800004fc] W[r19=0000000080000570][1] R[r19=00000000800004f8] R[r 0=0000000000000000] inst=[07898993] addi    s3, s3, 120
C0:       1132 [1] pc=[0000000080000500] W[r30=1448af730118c8b3][1] R[r19=0000000080000570] R[r 0=0000000000000000] inst=[0009bf03] ld      t5, 0(s3)
C0:       1133 [1] pc=[0000000080000504] W[r13=0000000000000000][1] R[r 0=0000000000000000] R[r 3=9cd37f9b90321f43] inst=[a03026d3] feq.s   a3, ft0, ft3
C0:       1134 [1] pc=[0000000080000508] W[r21=0000000080040508][1] R[r 0=0000000000000000] R[r 0=0000000000000000] inst=[00040a97] auipc   s5, 0x40
C0:       1135 [1] pc=[000000008000050c] W[r21=00000000800400b0][1] R[r21=0000000080040508] R[r 0=0000000000000000] inst=[ba8a8a93] addi    s5, s5, -1112
C0:       1136 [1] pc=[0000000080000510] W[r21=00000000800400c8][1] R[r21=00000000800400b0] R[r 0=0000000000000000] inst=[018a8a93] addi    s5, s5, 24
C0:       1153 [1] pc=[0000000080000514] W[r23=000000004ef06afb][1] R[r21=00000000800400c8] R[r 6=66737ebce11e9702] inst=[806aabaf] amomin.w s7, t1, (s5)
C0:       1154 [1] pc=[0000000080000518] W[r14=0000000000000000][1] R[r14=5b66a61d17989b2f] R[r 0=0000000000000000] inst=[5af72713] slti    a4, a4, 1455
C0:       1155 [1] pc=[000000008000051c] W[r 4=000000008005051c][1] R[r 0=0000000000000000] R[r 0=0000000000000000] inst=[00050217] auipc   tp, 0x50
C0:       1156 [1] pc=[0000000080000520] W[r 4=00000000800500f0][1] R[r 4=000000008005051c] R[r 0=0000000000000000] inst=[bd420213] addi    tp, tp, -1068
C0:       1173 [1] pc=[0000000080000524] W[r 7=0000000000000000][0] R[r 4=00000000800500f0] R[r 0=0000000000000000] inst=[ff822387] flw     ft7, -8(tp)
C0:       1174 [1] pc=[0000000080000528] W[r15=000000000000004a][1] R[r24=0000000000000094] R[r 0=0000000000000000] inst=[401c5793] srai    a5, s8, 1
C0:       1175 [1] pc=[000000008000052c] W[r19=0000000000000000][1] R[r 0=0000000000000000] R[r 0=0000000000000000] inst=[000009b7] lui     s3, 0x0
C0:       1176 [1] pc=[0000000080000530] W[r21=0000000080040530][1] R[r 0=0000000000000000] R[r 0=0000000000000000] inst=[00040a97] auipc   s5, 0x40
C0:       1177 [1] pc=[0000000080000534] W[r21=0000000080040090][1] R[r21=0000000080040530] R[r 0=0000000000000000] inst=[b60a8a93] addi    s5, s5, -1184
C0:       1178 [1] pc=[0000000080000538] W[r21=0000000080040090][1] R[r21=0000000080040090] R[r 0=0000000000000000] inst=[000a8a93] mv      s5, s5
C0:       1217 [1] pc=[000000008000053c] W[r 2=4809ba949617755d][1] R[r21=0000000080040090] R[r30=1448af730118c8b3] inst=[01eab12f] amoadd.d sp, t5, (s5)
C0:       1218 [1] pc=[0000000080000540] W[r27=000000000e4a9b7f][1] R[r29=86ff6bfb7254dbfe] R[r 9=9cd37f9b90321f43] inst=[009eddbb] srlw    s11, t4, s1
C0:       1219 [1] pc=[0000000080000544] W[r 1=7fffffffffffffff][1] R[r 9=86ff6bfb7254dbff] R[r 0=0000000000000000] inst=[c024c0d3] fcvt.l.s ra, fs1
C0:       1220 [1] pc=[0000000080000548] W[r22=0000000000000000][1] R[r22=e93ba0ee909301d9] R[r22=e93ba0ee909301d9] inst=[016b4b33] xor     s6, s6, s6
C0:       1221 [1] pc=[000000008000054c] W[r27=0000000000000001][1] R[r 0=0000000000000000] R[r 0=0000000000000000] inst=[00100d93] li      s11, 1
C0:       1222 [1] pc=[0000000080000550] W[r27=0000000000080000][1] R[r27=0000000000000001] R[r 0=0000000000000000] inst=[013d9d93] slli    s11, s11, 19
C0:       1223 [1] pc=[0000000080000554] W[r22=0000000000080000][1] R[r22=0000000000000000] R[r27=0000000000080000] inst=[01bb0b33] add     s6, s6, s11
C0:       1224 [1] pc=[0000000080000558] W[r 6=892fc0120650df04][1] R[r22=0000000000080000] R[r 0=0000000000000000] inst=[340b3373] csrrc   t1, mscratch, s6
C0:       1225 [1] pc=[000000008000055c] W[r25=0000000000000000][0] R[r23=000000004ef06afb] R[r28=92fbe0cc11ebf125] inst=[03cb8cbb] mulw    s9, s7, t3
C0:       1226 [1] pc=[0000000080000560] W[r14=0000000080050560][1] R[r 0=0000000000000000] R[r 0=0000000000000000] inst=[00050717] auipc   a4, 0x50
C0:       1227 [1] pc=[0000000080000564] W[r14=00000000800500c0][1] R[r14=0000000080050560] R[r 0=0000000000000000] inst=[b6070713] addi    a4, a4, -1184
C0:       1228 [1] pc=[0000000080000568] W[r14=00000000800500d8][1] R[r14=00000000800500c0] R[r 0=0000000000000000] inst=[01870713] addi    a4, a4, 24
C0:       1229 [1] pc=[000000008000056c] W[r20=00000000571beaef][1] R[r14=00000000800500d8] R[r27=0000000000080000] inst=[01b72a2f] amoadd.w s4, s11, (a4)
C0:       1230 [1] pc=[0000000080000570] W[r17=0000000000000000][1] R[r17=95832f3891a294c2] R[r17=95832f3891a294c2] inst=[0118c8b3] xor     a7, a7, a7
C0:       1231 [1] pc=[0000000080000574] W[r30=0000000000000000][1] R[r17=0000000000000000] R[r 0=0000000000000000] inst=[1448af73] csrrs   t5, sip, a7
C0:       1236 [1] pc=[0000000080000578] W[r24=0000000000000000][0] R[r22=0000000000080000] R[r 0=0000000000000000] inst=[d01b0c53] fcvt.s.wu fs8, s6
C0:       1237 [1] pc=[000000008000057c] W[r 8=ffffffffffffffff][1] R[r 5=0000000000080003] R[r 0=0000000000000000] inst=[c0128453] fcvt.wu.s s0, ft5
C0:       1259 [1] pc=[0000000080000580] W[r 3=0000000000000000][1] R[r22=0000000000080000] R[r 0=0000000000000000] inst=[014b119b] slliw   gp, s6, 20
C0:       1260 [1] pc=[0000000080000584] W[r22=0000000080050584][1] R[r 0=0000000000000000] R[r 0=0000000000000000] inst=[00050b17] auipc   s6, 0x50
C0:       1261 [1] pc=[0000000080000588] W[r22=0000000080050130][1] R[r22=0000000080050584] R[r 0=0000000000000000] inst=[bacb0b13] addi    s6, s6, -1108
C0:       1262 [1] pc=[000000008000058c] W[r22=0000000080050120][1] R[r22=0000000080050130] R[r 0=0000000000000000] inst=[ff0b0b13] addi    s6, s6, -16
C0:       1263 [1] pc=[0000000080000590] W[r15=04f1a6e0cbde7589][1] R[r22=0000000080050120] R[r19=0000000000000000] inst=[413b37af] amoor.d a5, s3, (s6)
C0:       1264 [1] pc=[0000000080000594] W[r 0=0000000000000000][0] R[r13=0000000000000000] R[r 3=0000000000000000] inst=[04369863] bne     a3, gp, pc + 80
C0:       1265 [1] pc=[0000000080000598] W[r 3=0000000000000000][0] R[r14=00000000800500d8] R[r 6=892fc0120650df04] inst=[026771b3] remu    gp, a4, t1
C0:       1266 [1] pc=[000000008000059c] W[r10=000000008005059c][1] R[r 0=0000000000000000] R[r 0=0000000000000000] inst=[00050517] auipc   a0, 0x50
C0:       1267 [1] pc=[00000000800005a0] W[r10=00000000800501a0][1] R[r10=000000008005059c] R[r 0=0000000000000000] inst=[c0450513] addi    a0, a0, -1020
C0:       1268 [1] pc=[00000000800005a4] W[r10=00000000800501b0][1] R[r10=00000000800501a0] R[r 0=0000000000000000] inst=[01050513] addi    a0, a0, 16
C0:       1286 [1] pc=[00000000800005a8] W[r29=1117bd67be7fb8d1][1] R[r10=00000000800501b0] R[r 0=0000000000000000] inst=[10053eaf] lr.d    t4, (a0)
C0:       1287 [1] pc=[00000000800005ac] W[r13=0000000000000000][1] R[r24=00000000800501b3] R[r21=892fc0120650df07] inst=[a15c26d3] feq.s   a3, fs8, fs5
C0:       1288 [1] pc=[00000000800005b0] W[r20=00000000800005b0][1] R[r 0=0000000000000000] R[r 0=0000000000000000] inst=[00000a17] auipc   s4, 0x0
C0:       1289 [1] pc=[00000000800005b4] W[r20=00000000800005fc][1] R[r20=00000000800005b0] R[r 0=0000000000000000] inst=[04ca0a13] addi    s4, s4, 76
C0:       1290 [1] pc=[00000000800005b8] W[r20=00000000400002fe][1] R[r20=00000000800005fc] R[r 0=0000000000000000] inst=[401a5a13] srai    s4, s4, 1
C0:       1291 [1] pc=[00000000800005bc] W[r15=000000003fffffff][1] R[r20=00000000400002fe] R[r 0=0000000000000000] inst=[3b0a17f3] csrrw   a5, pmpaddr0, s4
C0:       1312 [1] pc=[00000000800005c0] W[r 2=00000000800105c0][1] R[r 0=0000000000000000] R[r 0=0000000000000000] inst=[00010117] auipc   sp, 0x10
C0:       1313 [1] pc=[00000000800005c4] W[r 2=0000000080010080][1] R[r 2=00000000800105c0] R[r 0=0000000000000000] inst=[ac010113] addi    sp, sp, -1344
C0:       1314 [1] pc=[00000000800005c8] W[r 2=000000008001006c][1] R[r 2=0000000080010080] R[r 0=0000000000000000] inst=[fec10113] addi    sp, sp, -20
C0:       1376 [1] pc=[00000000800005cc] W[r26=000000005b66a61d][1] R[r 2=000000008001006c] R[r 5=0000000000000000] inst=[40512d2f] amoor.w s10, t0, (sp)
C0:       1377 [1] pc=[00000000800005d0] W[r19=00000000800500d8][1] R[r 3=00000000800500d8] R[r 0=0000000000000000] inst=[0001d993] srli    s3, gp, 0
C0:       1378 [1] pc=[00000000800005d4] W[r13=00000000800505d4][1] R[r 0=0000000000000000] R[r 0=0000000000000000] inst=[00050697] auipc   a3, 0x50
C0:       1379 [1] pc=[00000000800005d8] W[r13=0000000080050060][1] R[r13=00000000800505d4] R[r 0=0000000000000000] inst=[a8c68693] addi    a3, a3, -1396
C0:       1380 [1] pc=[00000000800005dc] W[r13=0000000080050060][1] R[r13=0000000080050060] R[r 0=0000000000000000] inst=[00068693] mv      a3, a3
C0:       1415 [1] pc=[00000000800005e0] W[r16=0000000000000001][1] R[r13=0000000080050060] R[r 7=54a3b6e31e41c6bf] inst=[1876a82f] sc.w    a6, t2, (a3)
C0:       1416 [1] pc=[00000000800005e4] W[r 7=0000000000000cd1][1] R[r29=0000000080050063] R[r 0=0000000000000000] inst=[c00e93d3] fcvt.w.s t2, ft9
C0:       1417 [1] pc=[00000000800005e8] W[r13=0000000000000000][0] R[r10=00000000800501b0] R[r19=00000000800500d8] inst=[033556b3] divu    a3, a0, s3
C0:       1418 [1] pc=[00000000800005ec] W[r11=0000000000000000][1] R[r21=00000000800501b3] R[r 0=0000000000000000] inst=[c00ac5d3] fcvt.w.s a1, fs5
C0:       1419 [1] pc=[00000000800005f0] W[r17=0000000000000000][0] R[r13=0000000000000080] R[r 0=0000000000000000] inst=[280698d3] fmax.s  fa7, fa3, ft0
C0:       1420 [1] pc=[00000000800005f4] W[r11=0000000000000000][0] R[r 7=0000000000000cd1] R[r 0=0000000000000000] inst=[d023a5d3] fcvt.s.l fa1, t2
C0:       1421 [1] pc=[00000000800005f8] W[r22=0000000000000000][0] R[r 6=892fc0120650df04] R[r 0=0000000000000000] inst=[d0132b53] fcvt.s.wu fs6, t1
C0:       1422 [1] pc=[00000000800005fc] W[r 7=ffffffffaebc18ad][1] R[r19=892fc0120650df07] R[r 0=0000000000000000] inst=[e00983d3] fmv.x.w t2, fs3
C0:       1444 [1] pc=[0000000080000600] W[r28=0000000000000011][1] R[r 0=0000000000000000] R[r 0=0000000000000000] inst=[0018ee73] csrrsi  t3, fflags, 17
C0:       1449 [1] pc=[0000000080000604] W[r 0=0000000000000000][0] R[r17=0000000000000000] R[r 1=7fffffffffffffff] inst=[0218fc63] bgeu    a7, ra, pc + 56
C0:       1450 [1] pc=[0000000080000608] W[r26=0000000080030608][1] R[r 0=0000000000000000] R[r 0=0000000000000000] inst=[00030d17] auipc   s10, 0x30
C0:       1451 [1] pc=[000000008000060c] W[r26=0000000080030170][1] R[r26=0000000080030608] R[r 0=0000000000000000] inst=[b68d0d13] addi    s10, s10, -1176
C0:       1452 [1] pc=[0000000080000610] W[r26=0000000080030180][1] R[r26=0000000080030170] R[r 0=0000000000000000] inst=[010d0d13] addi    s10, s10, 16
C0:       1469 [1] pc=[0000000080000614] W[r16=0000000000000001][1] R[r26=0000000080030180] R[r26=0000000080030180] inst=[19ad382f] sc.d    a6, s10, (s10)
C0:       1470 [1] pc=[0000000080000618] W[r 3=0000000080000618][1] R[r 0=0000000000000000] R[r 0=0000000000000000] inst=[00000197] auipc   gp, 0x0
C0:       1471 [1] pc=[000000008000061c] W[r 3=00000000800006a8][1] R[r 3=0000000080000618] R[r 0=0000000000000000] inst=[09018193] addi    gp, gp, 144
C0:       1472 [1] pc=[0000000080000620] W[r 0=0000000080000440][1] R[r 3=00000000800006a8] R[r 0=0000000000000000] inst=[34119073] csrw    mepc, gp
C0:       1473 [1] pc=[0000000080000624] W[r 0=0000000000000000][0] R[r 0=0000000000000000] R[r 0=0000000000000000] inst=[30200073] mret
C0:       1478 [0] pc=[00000000800006a8] W[r 0=0000000000000000][0] R[r 0=0000000000000000] R[r 0=0000000000000000] inst=[00000000] c.unimp
C0:       1483 [1] pc=[0000000080000118] W[r 1=0000000080002118][1] R[r 0=0000000000000000] R[r 0=0000000000000000] inst=[00002097] auipc   ra, 0x2
C0:       1484 [1] pc=[000000008000011c] W[r 1=0000000080002200][1] R[r 1=0000000080002118] R[r 0=0000000000000000] inst=[0e808093] addi    ra, ra, 232
C0:       1485 [1] pc=[0000000080000120] W[r 2=8000000200006000][1] R[r 0=0000000000000000] R[r 0=0000000000000000] inst=[10002173] csrr    sp, sstatus
C0:       1504 [1] pc=[0000000080000124] W[r 0=0000000000000000][0] R[r 1=0000000080002200] R[r 2=8000000200006000] inst=[0420bc23] sd      sp, 88(ra)
C0:       1505 [1] pc=[0000000080000128] W[r 2=0000000000000000][1] R[r 0=0000000000000000] R[r 0=0000000000000000] inst=[10402173] csrr    sp, sie
C0:       1508 [1] pc=[000000008000012c] W[r 0=0000000000000000][0] R[r 1=0000000080002200] R[r 2=0000000000000000] inst=[0620b823] sd      sp, 112(ra)
C0:       1509 [1] pc=[0000000080000130] W[r 2=0000000080000114][1] R[r 0=0000000000000000] R[r 0=0000000000000000] inst=[10502173] csrr    sp, stvec
C0:       1512 [1] pc=[0000000080000134] W[r 0=0000000000000000][0] R[r 1=0000000080002200] R[r 2=0000000080000114] inst=[0620bc23] sd      sp, 120(ra)
C0:       1513 [1] pc=[0000000080000138] W[r 2=0000000000000005][1] R[r 0=0000000000000000] R[r 0=0000000000000000] inst=[10602173] csrr    sp, scounteren
C0:       1532 [1] pc=[000000008000013c] W[r 0=0000000000000000][0] R[r 1=0000000080002200] R[r 2=0000000000000005] inst=[0820b023] sd      sp, 128(ra)
C0:       1543 [1] pc=[0000000080000140] W[r 2=03705509c02a405b][1] R[r 0=0000000000000000] R[r 0=0000000000000000] inst=[14002173] csrr    sp, sscratch
C0:       1546 [1] pc=[0000000080000144] W[r 0=0000000000000000][0] R[r 1=0000000080002200] R[r 2=03705509c02a405b] inst=[0820b423] sd      sp, 136(ra)
C0:       1547 [1] pc=[0000000080000148] W[r 2=ffffffe8c44d51a4][1] R[r 0=0000000000000000] R[r 0=0000000000000000] inst=[14102173] csrr    sp, sepc
C0:       1550 [1] pc=[000000008000014c] W[r 0=0000000000000000][0] R[r 1=0000000080002200] R[r 2=ffffffe8c44d51a4] inst=[0820b823] sd      sp, 144(ra)
C0:       1551 [1] pc=[0000000080000150] W[r 2=5243e39961efb2ea][1] R[r 0=0000000000000000] R[r 0=0000000000000000] inst=[14202173] csrr    sp, scause
C0:       1554 [1] pc=[0000000080000154] W[r 0=0000000000000000][0] R[r 1=0000000080002200] R[r 2=5243e39961efb2ea] inst=[0820bc23] sd      sp, 152(ra)
C0:       1555 [1] pc=[0000000080000158] W[r 2=000000753c17b906][1] R[r 0=0000000000000000] R[r 0=0000000000000000] inst=[14302173] csrr    sp, stval
C0:       1558 [1] pc=[000000008000015c] W[r 0=0000000000000000][0] R[r 1=0000000080002200] R[r 2=000000753c17b906] inst=[0a20b023] sd      sp, 160(ra)
C0:       1559 [1] pc=[0000000080000160] W[r 2=0000000000000000][1] R[r 0=0000000000000000] R[r 0=0000000000000000] inst=[14402173] csrr    sp, sip
C0:       1562 [1] pc=[0000000080000164] W[r 2=0000000000000000][1] R[r 2=0000000000000000] R[r 0=0000000000000000] inst=[f7f17113] andi    sp, sp, -129
C0:       1563 [1] pc=[0000000080000168] W[r 0=0000000000000000][0] R[r 1=0000000080002200] R[r 2=0000000000000000] inst=[0a20b423] sd      sp, 168(ra)
C0:       1564 [1] pc=[000000008000016c] W[r 2=0000000000000000][1] R[r 0=0000000000000000] R[r 0=0000000000000000] inst=[18002173] csrr    sp, satp
C0:       1567 [1] pc=[0000000080000170] W[r 0=0000000000000000][0] R[r 1=0000000080002200] R[r 2=0000000000000000] inst=[0a20b823] sd      sp, 176(ra)
C0:       1568 [1] pc=[0000000080000174] W[r 2=0000000000000000][1] R[r 0=0000000000000000] R[r 0=0000000000000000] inst=[f1402173] csrr    sp, mhartid
C0:       1571 [1] pc=[0000000080000178] W[r 0=0000000000000000][0] R[r 1=0000000080002200] R[r 2=0000000000000000] inst=[0a20bc23] sd      sp, 184(ra)
C0:       1572 [1] pc=[000000008000017c] W[r 2=8000000a00006080][1] R[r 0=0000000000000000] R[r 0=0000000000000000] inst=[30002173] csrr    sp, mstatus
C0:       1610 [1] pc=[0000000080000180] W[r 0=0000000000000000][0] R[r 1=0000000080002200] R[r 2=8000000a00006080] inst=[0c20b023] sd      sp, 192(ra)
C0:       1611 [1] pc=[0000000080000184] W[r 2=000000000000b109][1] R[r 0=0000000000000000] R[r 0=0000000000000000] inst=[30202173] csrr    sp, medeleg
C0:       1614 [1] pc=[0000000080000188] W[r 0=0000000000000000][0] R[r 1=0000000080002200] R[r 2=000000000000b109] inst=[0c20b423] sd      sp, 200(ra)
C0:       1615 [1] pc=[000000008000018c] W[r 2=0000000000000000][1] R[r 0=0000000000000000] R[r 0=0000000000000000] inst=[30302173] csrr    sp, mideleg
C0:       1618 [1] pc=[0000000080000190] W[r 0=0000000000000000][0] R[r 1=0000000080002200] R[r 2=0000000000000000] inst=[0c20b823] sd      sp, 208(ra)
C0:       1619 [1] pc=[0000000080000194] W[r 2=0000000000000000][1] R[r 0=0000000000000000] R[r 0=0000000000000000] inst=[30402173] csrr    sp, mie
C0:       1622 [1] pc=[0000000080000198] W[r 0=0000000000000000][0] R[r 1=0000000080002200] R[r 2=0000000000000000] inst=[0c20bc23] sd      sp, 216(ra)
C0:       1623 [1] pc=[000000008000019c] W[r 2=0000000080000118][1] R[r 0=0000000000000000] R[r 0=0000000000000000] inst=[30502173] csrr    sp, mtvec
C0:       1626 [1] pc=[00000000800001a0] W[r 0=0000000000000000][0] R[r 1=0000000080002200] R[r 2=0000000080000118] inst=[0e20b023] sd      sp, 224(ra)
C0:       1627 [1] pc=[00000000800001a4] W[r 2=0000000000000003][1] R[r 0=0000000000000000] R[r 0=0000000000000000] inst=[30602173] csrr    sp, mcounteren
C0:       1630 [1] pc=[00000000800001a8] W[r 0=0000000000000000][0] R[r 1=0000000080002200] R[r 2=0000000000000003] inst=[0e20b423] sd      sp, 232(ra)
C0:       1631 [1] pc=[00000000800001ac] W[r 2=892fc0120650df04][1] R[r 0=0000000000000000] R[r 0=0000000000000000] inst=[34002173] csrr    sp, mscratch
C0:       1634 [1] pc=[00000000800001b0] W[r 0=0000000000000000][0] R[r 1=0000000080002200] R[r 2=892fc0120650df04] inst=[0e20b823] sd      sp, 240(ra)
C0:       1635 [1] pc=[00000000800001b4] W[r 2=00000000800006a8][1] R[r 0=0000000000000000] R[r 0=0000000000000000] inst=[34102173] csrr    sp, mepc
C0:       1638 [1] pc=[00000000800001b8] W[r 0=0000000000000000][0] R[r 1=0000000080002200] R[r 2=00000000800006a8] inst=[0e20bc23] sd      sp, 248(ra)
C0:       1639 [1] pc=[00000000800001bc] W[r 2=0000000000000001][1] R[r 0=0000000000000000] R[r 0=0000000000000000] inst=[34202173] csrr    sp, mcause
C0:       1705 [1] pc=[00000000800001c0] W[r 0=0000000000000000][0] R[r 1=0000000080002200] R[r 2=0000000000000001] inst=[1020b023] sd      sp, 256(ra)
C0:       1706 [1] pc=[00000000800001c4] W[r 2=00000000800006a8][1] R[r 0=0000000000000000] R[r 0=0000000000000000] inst=[34302173] csrr    sp, mtval
C0:       1709 [1] pc=[00000000800001c8] W[r 0=0000000000000000][0] R[r 1=0000000080002200] R[r 2=00000000800006a8] inst=[1020b423] sd      sp, 264(ra)
C0:       1710 [1] pc=[00000000800001cc] W[r 2=0000000000000020][1] R[r 0=0000000000000000] R[r 0=0000000000000000] inst=[34402173] csrr    sp, mip
C0:       1713 [1] pc=[00000000800001d0] W[r 2=0000000000000020][1] R[r 2=0000000000000020] R[r 0=0000000000000000] inst=[f7f17113] andi    sp, sp, -129
C0:       1714 [1] pc=[00000000800001d4] W[r 0=0000000000000000][0] R[r 1=0000000080002200] R[r 2=0000000000000020] inst=[1020b823] sd      sp, 272(ra)
C0:       1715 [1] pc=[00000000800001d8] W[r 2=000000000000001f][1] R[r 0=0000000000000000] R[r 0=0000000000000000] inst=[3a002173] csrr    sp, pmpcfg0
C0:       1718 [1] pc=[00000000800001dc] W[r 0=0000000000000000][0] R[r 1=0000000080002200] R[r 2=000000000000001f] inst=[1020bc23] sd      sp, 280(ra)
C0:       1719 [1] pc=[00000000800001e0] W[r 2=00000000000002fe][1] R[r 0=0000000000000000] R[r 0=0000000000000000] inst=[3b002173] csrr    sp, pmpaddr0
C0:       1722 [1] pc=[00000000800001e4] W[r 0=0000000000000000][0] R[r 1=0000000080002200] R[r 2=00000000000002fe] inst=[1220bc23] sd      sp, 312(ra)
C0:       1723 [1] pc=[00000000800001e8] W[r 2=0000000007955f37][1] R[r 0=0000000000000000] R[r 0=0000000000000000] inst=[3b102173] csrr    sp, pmpaddr1
C0:       1742 [1] pc=[00000000800001ec] W[r 0=0000000000000000][0] R[r 1=0000000080002200] R[r 2=0000000007955f37] inst=[1420b023] sd      sp, 320(ra)
C0:       1743 [1] pc=[00000000800001f0] W[r 2=00000000040c5558][1] R[r 0=0000000000000000] R[r 0=0000000000000000] inst=[3b202173] csrr    sp, pmpaddr2
C0:       1746 [1] pc=[00000000800001f4] W[r 0=0000000000000000][0] R[r 1=0000000080002200] R[r 2=00000000040c5558] inst=[1420b423] sd      sp, 328(ra)
C0:       1747 [1] pc=[00000000800001f8] W[r 2=000000000e7595dc][1] R[r 0=0000000000000000] R[r 0=0000000000000000] inst=[3b302173] csrr    sp, pmpaddr3
C0:       1750 [1] pc=[00000000800001fc] W[r 0=0000000000000000][0] R[r 1=0000000080002200] R[r 2=000000000e7595dc] inst=[1420b823] sd      sp, 336(ra)
C0:       1772 [1] pc=[0000000080000200] W[r 2=0000000021de349c][1] R[r 0=0000000000000000] R[r 0=0000000000000000] inst=[3b402173] csrr    sp, pmpaddr4
C0:       1775 [1] pc=[0000000080000204] W[r 0=0000000000000000][0] R[r 1=0000000080002200] R[r 2=0000000021de349c] inst=[1420bc23] sd      sp, 344(ra)
C0:       1776 [1] pc=[0000000080000208] W[r 2=000000001b9b4330][1] R[r 0=0000000000000000] R[r 0=0000000000000000] inst=[3b502173] csrr    sp, pmpaddr5
C0:       1779 [1] pc=[000000008000020c] W[r 0=0000000000000000][0] R[r 1=0000000080002200] R[r 2=000000001b9b4330] inst=[1620b023] sd      sp, 352(ra)
C0:       1780 [1] pc=[0000000080000210] W[r 2=00000000060df5d0][1] R[r 0=0000000000000000] R[r 0=0000000000000000] inst=[3b602173] csrr    sp, pmpaddr6
C0:       1783 [1] pc=[0000000080000214] W[r 0=0000000000000000][0] R[r 1=0000000080002200] R[r 2=00000000060df5d0] inst=[1620b423] sd      sp, 360(ra)
C0:       1784 [1] pc=[0000000080000218] W[r 2=000000001a73e500][1] R[r 0=0000000000000000] R[r 0=0000000000000000] inst=[3b702173] csrr    sp, pmpaddr7
C0:       1787 [1] pc=[000000008000021c] W[r 0=0000000000000000][0] R[r 1=0000000080002200] R[r 2=000000001a73e500] inst=[1620b823] sd      sp, 368(ra)
C0:       1788 [1] pc=[0000000080000220] W[r10=0000000000006000][1] R[r 0=0000000000000000] R[r 0=0000000000000000] inst=[00006537] lui     a0, 0x6
C0:       1789 [1] pc=[0000000080000224] W[r 0=8000000a00006080][1] R[r10=0000000000006000] R[r 0=0000000000000000] inst=[30052073] csrs    mstatus, a0
C0:       1794 [1] pc=[0000000080000228] W[r 2=0000000000000011][1] R[r 0=0000000000000000] R[r 0=0000000000000000] inst=[00102173] csrr    sp, fflags
C0:       1797 [1] pc=[000000008000022c] W[r 0=0000000000000000][0] R[r 1=0000000080002200] R[r 2=0000000000000011] inst=[0420b023] sd      sp, 64(ra)
C0:       1798 [1] pc=[0000000080000230] W[r 2=0000000000000000][1] R[r 0=0000000000000000] R[r 0=0000000000000000] inst=[00202173] csrr    sp, frm
C0:       1801 [1] pc=[0000000080000234] W[r 0=0000000000000000][0] R[r 1=0000000080002200] R[r 2=0000000000000000] inst=[0420b423] sd      sp, 72(ra)
C0:       1802 [1] pc=[0000000080000238] W[r 2=0000000000000011][1] R[r 0=0000000000000000] R[r 0=0000000000000000] inst=[00302173] csrr    sp, fcsr
C0:       1805 [1] pc=[000000008000023c] W[r 0=0000000000000000][0] R[r 1=0000000080002200] R[r 2=0000000000000011] inst=[0420b823] sd      sp, 80(ra)
C0:       1827 [1] pc=[0000000080000240] W[r 1=0000000080002240][1] R[r 0=0000000000000000] R[r 0=0000000000000000] inst=[00002097] auipc   ra, 0x2
C0:       1828 [1] pc=[0000000080000244] W[r 1=0000000080002000][1] R[r 1=0000000080002240] R[r 0=0000000000000000] inst=[dc008093] addi    ra, ra, -576
C0:       1845 [1] pc=[0000000080000248] W[r 0=0000000000000000][0] R[r 1=0000000080002000] R[r 0=0000000000000000] inst=[0000b023] sd      zero, 0(ra)
C0:       1846 [1] pc=[000000008000024c] W[r 0=0000000000000000][0] R[r 1=0000000080002000] R[r 2=0000000000000011] inst=[0020b823] sd      sp, 16(ra)
C0:       1847 [1] pc=[0000000080000250] W[r 0=0000000000000000][0] R[r 1=0000000080002000] R[r 3=00000000800006a8] inst=[0030bc23] sd      gp, 24(ra)
C0:       1848 [1] pc=[0000000080000254] W[r 0=0000000000000000][0] R[r 1=0000000080002000] R[r 4=00000000800500f0] inst=[0240b023] sd      tp, 32(ra)
C0:       1849 [1] pc=[0000000080000258] W[r 0=0000000000000000][0] R[r 1=0000000080002000] R[r 5=0000000000000000] inst=[0250b423] sd      t0, 40(ra)
C0:       1850 [1] pc=[000000008000025c] W[r 0=0000000000000000][0] R[r 1=0000000080002000] R[r 6=892fc0120650df04] inst=[0260b823] sd      t1, 48(ra)
C0:       1851 [1] pc=[0000000080000260] W[r 0=0000000000000000][0] R[r 1=0000000080002000] R[r 7=ffffffffaebc18ad] inst=[0270bc23] sd      t2, 56(ra)
C0:       1868 [1] pc=[0000000080000264] W[r 0=0000000000000000][0] R[r 1=0000000080002000] R[r 8=ffffffffffffffff] inst=[0480b023] sd      s0, 64(ra)
C0:       1869 [1] pc=[0000000080000268] W[r 0=0000000000000000][0] R[r 1=0000000080002000] R[r 9=9cd37f9b90321f43] inst=[0490b423] sd      s1, 72(ra)
C0:       1870 [1] pc=[000000008000026c] W[r 0=0000000000000000][0] R[r 1=0000000080002000] R[r10=0000000000006000] inst=[04a0b823] sd      a0, 80(ra)
C0:       1871 [1] pc=[0000000080000270] W[r 0=0000000000000000][0] R[r 1=0000000080002000] R[r11=0000000000000000] inst=[04b0bc23] sd      a1, 88(ra)
C0:       1872 [1] pc=[0000000080000274] W[r 0=0000000000000000][0] R[r 1=0000000080002000] R[r12=92fbe0cc11ebf125] inst=[06c0b023] sd      a2, 96(ra)
C0:       1873 [1] pc=[0000000080000278] W[r 0=0000000000000000][0] R[r 1=0000000080002000] R[r13=0000000000000001] inst=[06d0b423] sd      a3, 104(ra)
C0:       1874 [1] pc=[000000008000027c] W[r 0=0000000000000000][0] R[r 1=0000000080002000] R[r14=00000000800500d8] inst=[06e0b823] sd      a4, 112(ra)
C0:       1896 [1] pc=[0000000080000280] W[r 0=0000000000000000][0] R[r 1=0000000080002000] R[r15=000000003fffffff] inst=[06f0bc23] sd      a5, 120(ra)
C0:       1931 [1] pc=[0000000080000284] W[r 0=0000000000000000][0] R[r 1=0000000080002000] R[r16=0000000000000001] inst=[0900b023] sd      a6, 128(ra)
C0:       1932 [1] pc=[0000000080000288] W[r 0=0000000000000000][0] R[r 1=0000000080002000] R[r17=0000000000000000] inst=[0910b423] sd      a7, 136(ra)
C0:       1933 [1] pc=[000000008000028c] W[r 0=0000000000000000][0] R[r 1=0000000080002000] R[r18=e09d224ee56c19ff] inst=[0920b823] sd      s2, 144(ra)
C0:       1934 [1] pc=[0000000080000290] W[r 0=0000000000000000][0] R[r 1=0000000080002000] R[r19=00000000800500d8] inst=[0930bc23] sd      s3, 152(ra)
C0:       1935 [1] pc=[0000000080000294] W[r 0=0000000000000000][0] R[r 1=0000000080002000] R[r20=00000000400002fe] inst=[0b40b023] sd      s4, 160(ra)
C0:       1936 [1] pc=[0000000080000298] W[r 0=0000000000000000][0] R[r 1=0000000080002000] R[r21=0000000080040090] inst=[0b50b423] sd      s5, 168(ra)
C0:       1937 [1] pc=[000000008000029c] W[r 0=0000000000000000][0] R[r 1=0000000080002000] R[r22=0000000080050120] inst=[0b60b823] sd      s6, 176(ra)
C0:       1938 [1] pc=[00000000800002a0] W[r 0=0000000000000000][0] R[r 1=0000000080002000] R[r23=000000004ef06afb] inst=[0b70bc23] sd      s7, 184(ra)
C0:       1955 [1] pc=[00000000800002a4] W[r 0=0000000000000000][0] R[r 1=0000000080002000] R[r24=0000000000000094] inst=[0d80b023] sd      s8, 192(ra)
C0:       1956 [1] pc=[00000000800002a8] W[r 0=0000000000000000][0] R[r 1=0000000080002000] R[r25=ffffffff9cdec147] inst=[0d90b423] sd      s9, 200(ra)
C0:       1957 [1] pc=[00000000800002ac] W[r 0=0000000000000000][0] R[r 1=0000000080002000] R[r27=0000000000080000] inst=[0db0bc23] sd      s11, 216(ra)
C0:       1958 [1] pc=[00000000800002b0] W[r 0=0000000000000000][0] R[r 1=0000000080002000] R[r28=0000000000000011] inst=[0fc0b023] sd      t3, 224(ra)
C0:       1959 [1] pc=[00000000800002b4] W[r 0=0000000000000000][0] R[r 1=0000000080002000] R[r29=1117bd67be7fb8d1] inst=[0fd0b423] sd      t4, 232(ra)
C0:       1960 [1] pc=[00000000800002b8] W[r 0=0000000000000000][0] R[r 1=0000000080002000] R[r30=0000000000000000] inst=[0fe0b823] sd      t5, 240(ra)
C0:       1961 [1] pc=[00000000800002bc] W[r 1=00000000800022bc][1] R[r 0=0000000000000000] R[r 0=0000000000000000] inst=[00002097] auipc   ra, 0x2
C0:       1983 [1] pc=[00000000800002c0] W[r 1=0000000080002100][1] R[r 1=00000000800022bc] R[r 0=0000000000000000] inst=[e4408093] addi    ra, ra, -444
C0:       2018 [1] pc=[00000000800002c4] W[r 0=0000000000000000][0] R[r 1=0000000080002100] R[r 1=0000000000000003] inst=[0010a427] fsw     ft1, 8(ra)
C0:       2019 [1] pc=[00000000800002c8] W[r 0=0000000000000000][0] R[r 1=0000000080002100] R[r 2=0000000000000003] inst=[0020a827] fsw     ft2, 16(ra)
C0:       2020 [1] pc=[00000000800002cc] W[r 0=0000000000000000][0] R[r 1=0000000080002100] R[r 7=0000000000000003] inst=[0270ac27] fsw     ft7, 56(ra)
C0:       2037 [1] pc=[00000000800002d0] W[r 0=0000000000000000][0] R[r 1=0000000080002100] R[r 9=0000000000000003] inst=[0490a427] fsw     fs1, 72(ra)
C0:       2038 [1] pc=[00000000800002d4] W[r 0=0000000000000000][0] R[r 1=0000000080002100] R[r10=0000000000000003] inst=[04a0a827] fsw     fa0, 80(ra)
C0:       2039 [1] pc=[00000000800002d8] W[r 0=0000000000000000][0] R[r 1=0000000080002100] R[r12=0000000000000003] inst=[06c0a027] fsw     fa2, 96(ra)
C0:       2040 [1] pc=[00000000800002dc] W[r 0=0000000000000000][0] R[r 1=0000000080002100] R[r13=0000000000000003] inst=[06d0a427] fsw     fa3, 104(ra)
C0:       2057 [1] pc=[00000000800002e0] W[r 0=0000000000000000][0] R[r 1=0000000080002100] R[r21=0000000000000003] inst=[0b50a427] fsw     fs5, 168(ra)
C0:       2058 [1] pc=[00000000800002e4] W[r 0=0000000000000000][0] R[r 1=0000000080002100] R[r22=0000000000000003] inst=[0b60a827] fsw     fs6, 176(ra)
C0:       2075 [1] pc=[00000000800002e8] W[r 0=0000000000000000][0] R[r 1=0000000080002100] R[r25=0000000000000003] inst=[0d90a427] fsw     fs9, 200(ra)
C0:       2076 [1] pc=[00000000800002ec] W[r 0=0000000000000000][0] R[r 1=0000000080002100] R[r26=0000000000000003] inst=[0da0a827] fsw     fs10, 208(ra)
C0:       2077 [1] pc=[00000000800002f0] W[r 0=0000000000000000][0] R[r 1=0000000080002100] R[r28=0000000000000003] inst=[0fc0a027] fsw     ft8, 224(ra)
C0:       2078 [1] pc=[00000000800002f4] W[r 0=0000000000000000][0] R[r 1=0000000080002100] R[r29=0000000000000003] inst=[0fd0a427] fsw     ft9, 232(ra)
C0:       2079 [1] pc=[00000000800002f8] W[r 0=0000000000000000][0] R[r 1=0000000080002100] R[r30=0000000000000003] inst=[0fe0a827] fsw     ft10, 240(ra)
C0:       2080 [1] pc=[00000000800002fc] W[r 0=0000000000000000][0] R[r 1=0000000080002100] R[r31=0000000000000003] inst=[0ff0ac27] fsw     ft11, 248(ra)
C0:       2102 [1] pc=[0000000080000300] W[r 1=0000000080002300][1] R[r 0=0000000000000000] R[r 0=0000000000000000] inst=[00002097] auipc   ra, 0x2
C0:       2103 [1] pc=[0000000080000304] W[r 1=0000000080002100][1] R[r 1=0000000080002300] R[r 0=0000000000000000] inst=[e0008093] addi    ra, ra, -512
C0:       2104 [1] pc=[0000000080000308] W[r 0=0000000000000000][0] R[r 1=0000000080002100] R[r 0=0000000000000000] inst=[0000b027] fsd     ft0, 0(ra)
C0:       2105 [1] pc=[000000008000030c] W[r 0=0000000000000000][0] R[r 1=0000000080002100] R[r 3=0000000000000003] inst=[0030bc27] fsd     ft3, 24(ra)
C0:       2106 [1] pc=[0000000080000310] W[r 0=0000000000000000][0] R[r 1=0000000080002100] R[r 4=0000000000000003] inst=[0240b027] fsd     ft4, 32(ra)
C0:       2107 [1] pc=[0000000080000314] W[r 0=0000000000000000][0] R[r 1=0000000080002100] R[r 5=0000000000000003] inst=[0250b427] fsd     ft5, 40(ra)
C0:       2108 [1] pc=[0000000080000318] W[r 0=0000000000000000][0] R[r 1=0000000080002100] R[r 6=0000000000000003] inst=[0260b827] fsd     ft6, 48(ra)
C0:       2109 [1] pc=[000000008000031c] W[r 0=0000000000000000][0] R[r 1=0000000080002100] R[r 8=0000000000000003] inst=[0480b027] fsd     fs0, 64(ra)
C0:       2110 [1] pc=[0000000080000320] W[r 0=0000000000000000][0] R[r 1=0000000080002100] R[r11=0000000000000003] inst=[04b0bc27] fsd     fa1, 88(ra)
C0:       2111 [1] pc=[0000000080000324] W[r 0=0000000000000000][0] R[r 1=0000000080002100] R[r14=0000000000000003] inst=[06e0b827] fsd     fa4, 112(ra)
C0:       2112 [1] pc=[0000000080000328] W[r 0=0000000000000000][0] R[r 1=0000000080002100] R[r15=0000000000000003] inst=[06f0bc27] fsd     fa5, 120(ra)
C0:       2113 [1] pc=[000000008000032c] W[r 0=0000000000000000][0] R[r 1=0000000080002100] R[r16=0000000000000003] inst=[0900b027] fsd     fa6, 128(ra)
C0:       2114 [1] pc=[0000000080000330] W[r 0=0000000000000000][0] R[r 1=0000000080002100] R[r17=0000000000000003] inst=[0910b427] fsd     fa7, 136(ra)
C0:       2115 [1] pc=[0000000080000334] W[r 0=0000000000000000][0] R[r 1=0000000080002100] R[r18=0000000000000003] inst=[0920b827] fsd     fs2, 144(ra)
C0:       2116 [1] pc=[0000000080000338] W[r 0=0000000000000000][0] R[r 1=0000000080002100] R[r19=0000000000000003] inst=[0930bc27] fsd     fs3, 152(ra)
C0:       2117 [1] pc=[000000008000033c] W[r 0=0000000000000000][0] R[r 1=0000000080002100] R[r20=0000000000000003] inst=[0b40b027] fsd     fs4, 160(ra)
C0:       2118 [1] pc=[0000000080000340] W[r 0=0000000000000000][0] R[r 1=0000000080002100] R[r23=0000000000000003] inst=[0b70bc27] fsd     fs7, 184(ra)
C0:       2119 [1] pc=[0000000080000344] W[r 0=0000000000000000][0] R[r 1=0000000080002100] R[r24=0000000000000003] inst=[0d80b027] fsd     fs8, 192(ra)
C0:       2120 [1] pc=[0000000080000348] W[r 0=0000000000000000][0] R[r 1=0000000080002100] R[r27=0000000000000003] inst=[0db0bc27] fsd     fs11, 216(ra)
C0:       2121 [1] pc=[000000008000034c] W[r 3=0000000000000001][1] R[r 0=0000000000000000] R[r 0=0000000000000000] inst=[00100193] li      gp, 1
C0:       2122 [1] pc=[0000000080000350] W[r30=0000000080001350][1] R[r 0=0000000000000000] R[r 0=0000000000000000] inst=[00001f17] auipc   t5, 0x1
C0:       2157 [1] pc=[0000000080000354] W[r 0=0000000000000000][0] R[r30=0000000080001350] R[r 3=0000000000000001] inst=[ca3f2823] sw      gp, -848(t5)
C0:       2158 [1] pc=[0000000080000358] W[r 0=000000008000035c][1] R[r 0=0000000000000000] R[r 0=0000000000000000] inst=[0000006f] j       pc + 0x0
C0:       2162 [1] pc=[0000000080000358] W[r 0=000000008000035c][1] R[r 0=0000000000000000] R[r 0=0000000000000000] inst=[0000006f] j       pc + 0x0
C0:       2164 [1] pc=[0000000080000358] W[r 0=000000008000035c][1] R[r 0=0000000000000000] R[r 0=0000000000000000] inst=[0000006f] j       pc + 0x0
C0:       2165 [1] pc=[0000000080000358] W[r 0=000000008000035c][1] R[r 0=0000000000000000] R[r 0=0000000000000000] inst=[0000006f] j       pc + 0x0
C0:       2166 [1] pc=[0000000080000358] W[r 0=000000008000035c][1] R[r 0=0000000000000000] R[r 0=0000000000000000] inst=[0000006f] j       pc + 0x0
C0:       2168 [1] pc=[0000000080000358] W[r 0=000000008000035c][1] R[r 0=0000000000000000] R[r 0=0000000000000000] inst=[0000006f] j       pc + 0x0
C0:       2170 [1] pc=[0000000080000358] W[r 0=000000008000035c][1] R[r 0=0000000000000000] R[r 0=0000000000000000] inst=[0000006f] j       pc + 0x0
C0:       2171 [1] pc=[0000000080000358] W[r 0=000000008000035c][1] R[r 0=0000000000000000] R[r 0=0000000000000000] inst=[0000006f] j       pc + 0x0
C0:       2172 [1] pc=[0000000080000358] W[r 0=000000008000035c][1] R[r 0=0000000000000000] R[r 0=0000000000000000] inst=[0000006f] j       pc + 0x0
C0:       2174 [1] pc=[0000000080000358] W[r 0=000000008000035c][1] R[r 0=0000000000000000] R[r 0=0000000000000000] inst=[0000006f] j       pc + 0x0
C0:       2176 [1] pc=[0000000080000358] W[r 0=000000008000035c][1] R[r 0=0000000000000000] R[r 0=0000000000000000] inst=[0000006f] j       pc + 0x0
C0:       2177 [1] pc=[0000000080000358] W[r 0=000000008000035c][1] R[r 0=0000000000000000] R[r 0=0000000000000000] inst=[0000006f] j       pc + 0x0
C0:       2178 [1] pc=[0000000080000358] W[r 0=000000008000035c][1] R[r 0=0000000000000000] R[r 0=0000000000000000] inst=[0000006f] j       pc + 0x0
C0:       2180 [1] pc=[0000000080000358] W[r 0=000000008000035c][1] R[r 0=0000000000000000] R[r 0=0000000000000000] inst=[0000006f] j       pc + 0x0
C0:       2182 [1] pc=[0000000080000358] W[r 0=000000008000035c][1] R[r 0=0000000000000000] R[r 0=0000000000000000] inst=[0000006f] j       pc + 0x0
C0:       2183 [1] pc=[0000000080000358] W[r 0=000000008000035c][1] R[r 0=0000000000000000] R[r 0=0000000000000000] inst=[0000006f] j       pc + 0x0
C0:       2184 [1] pc=[0000000080000358] W[r 0=000000008000035c][1] R[r 0=0000000000000000] R[r 0=0000000000000000] inst=[0000006f] j       pc + 0x0
C0:       2186 [1] pc=[0000000080000358] W[r 0=000000008000035c][1] R[r 0=0000000000000000] R[r 0=0000000000000000] inst=[0000006f] j       pc + 0x0
C0:       2188 [1] pc=[0000000080000358] W[r 0=000000008000035c][1] R[r 0=0000000000000000] R[r 0=0000000000000000] inst=[0000006f] j       pc + 0x0
C0:       2189 [1] pc=[0000000080000358] W[r 0=000000008000035c][1] R[r 0=0000000000000000] R[r 0=0000000000000000] inst=[0000006f] j       pc + 0x0
C0:       2190 [1] pc=[0000000080000358] W[r 0=000000008000035c][1] R[r 0=0000000000000000] R[r 0=0000000000000000] inst=[0000006f] j       pc + 0x0
C0:       2192 [1] pc=[0000000080000358] W[r 0=000000008000035c][1] R[r 0=0000000000000000] R[r 0=0000000000000000] inst=[0000006f] j       pc + 0x0
C0:       2194 [1] pc=[0000000080000358] W[r 0=000000008000035c][1] R[r 0=0000000000000000] R[r 0=0000000000000000] inst=[0000006f] j       pc + 0x0
C0:       2195 [1] pc=[0000000080000358] W[r 0=000000008000035c][1] R[r 0=0000000000000000] R[r 0=0000000000000000] inst=[0000006f] j       pc + 0x0
C0:       2196 [1] pc=[0000000080000358] W[r 0=000000008000035c][1] R[r 0=0000000000000000] R[r 0=0000000000000000] inst=[0000006f] j       pc + 0x0
C0:       2198 [1] pc=[0000000080000358] W[r 0=000000008000035c][1] R[r 0=0000000000000000] R[r 0=0000000000000000] inst=[0000006f] j       pc + 0x0
C0:       2200 [1] pc=[0000000080000358] W[r 0=000000008000035c][1] R[r 0=0000000000000000] R[r 0=0000000000000000] inst=[0000006f] j       pc + 0x0
C0:       2201 [1] pc=[0000000080000358] W[r 0=000000008000035c][1] R[r 0=0000000000000000] R[r 0=0000000000000000] inst=[0000006f] j       pc + 0x0
C0:       2202 [1] pc=[0000000080000358] W[r 0=000000008000035c][1] R[r 0=0000000000000000] R[r 0=0000000000000000] inst=[0000006f] j       pc + 0x0
C0:       2204 [1] pc=[0000000080000358] W[r 0=000000008000035c][1] R[r 0=0000000000000000] R[r 0=0000000000000000] inst=[0000006f] j       pc + 0x0
C0:       2206 [1] pc=[0000000080000358] W[r 0=000000008000035c][1] R[r 0=0000000000000000] R[r 0=0000000000000000] inst=[0000006f] j       pc + 0x0
C0:       2207 [1] pc=[0000000080000358] W[r 0=000000008000035c][1] R[r 0=0000000000000000] R[r 0=0000000000000000] inst=[0000006f] j       pc + 0x0
C0:       2208 [1] pc=[0000000080000358] W[r 0=000000008000035c][1] R[r 0=0000000000000000] R[r 0=0000000000000000] inst=[0000006f] j       pc + 0x0
C0:       2210 [1] pc=[0000000080000358] W[r 0=000000008000035c][1] R[r 0=0000000000000000] R[r 0=0000000000000000] inst=[0000006f] j       pc + 0x0
C0:       2212 [1] pc=[0000000080000358] W[r 0=000000008000035c][1] R[r 0=0000000000000000] R[r 0=0000000000000000] inst=[0000006f] j       pc + 0x0
C0:       2213 [1] pc=[0000000080000358] W[r 0=000000008000035c][1] R[r 0=0000000000000000] R[r 0=0000000000000000] inst=[0000006f] j       pc + 0x0
C0:       2214 [1] pc=[0000000080000358] W[r 0=000000008000035c][1] R[r 0=0000000000000000] R[r 0=0000000000000000] inst=[0000006f] j       pc + 0x0
C0:       2216 [1] pc=[0000000080000358] W[r 0=000000008000035c][1] R[r 0=0000000000000000] R[r 0=0000000000000000] inst=[0000006f] j       pc + 0x0
C0:       2218 [1] pc=[0000000080000358] W[r 0=000000008000035c][1] R[r 0=0000000000000000] R[r 0=0000000000000000] inst=[0000006f] j       pc + 0x0
C0:       2219 [1] pc=[0000000080000358] W[r 0=000000008000035c][1] R[r 0=0000000000000000] R[r 0=0000000000000000] inst=[0000006f] j       pc + 0x0
C0:       2220 [1] pc=[0000000080000358] W[r 0=000000008000035c][1] R[r 0=0000000000000000] R[r 0=0000000000000000] inst=[0000006f] j       pc + 0x0
C0:       2222 [1] pc=[0000000080000358] W[r 0=000000008000035c][1] R[r 0=0000000000000000] R[r 0=0000000000000000] inst=[0000006f] j       pc + 0x0
C0:       2224 [1] pc=[0000000080000358] W[r 0=000000008000035c][1] R[r 0=0000000000000000] R[r 0=0000000000000000] inst=[0000006f] j       pc + 0x0
C0:       2225 [1] pc=[0000000080000358] W[r 0=000000008000035c][1] R[r 0=0000000000000000] R[r 0=0000000000000000] inst=[0000006f] j       pc + 0x0
C0:       2226 [1] pc=[0000000080000358] W[r 0=000000008000035c][1] R[r 0=0000000000000000] R[r 0=0000000000000000] inst=[0000006f] j       pc + 0x0
C0:       2228 [1] pc=[0000000080000358] W[r 0=000000008000035c][1] R[r 0=0000000000000000] R[r 0=0000000000000000] inst=[0000006f] j       pc + 0x0
C0:       2230 [1] pc=[0000000080000358] W[r 0=000000008000035c][1] R[r 0=0000000000000000] R[r 0=0000000000000000] inst=[0000006f] j       pc + 0x0
C0:       2231 [1] pc=[0000000080000358] W[r 0=000000008000035c][1] R[r 0=0000000000000000] R[r 0=0000000000000000] inst=[0000006f] j       pc + 0x0
C0:       2232 [1] pc=[0000000080000358] W[r 0=000000008000035c][1] R[r 0=0000000000000000] R[r 0=0000000000000000] inst=[0000006f] j       pc + 0x0
C0:       2234 [1] pc=[0000000080000358] W[r 0=000000008000035c][1] R[r 0=0000000000000000] R[r 0=0000000000000000] inst=[0000006f] j       pc + 0x0
C0:       2236 [1] pc=[0000000080000358] W[r 0=000000008000035c][1] R[r 0=0000000000000000] R[r 0=0000000000000000] inst=[0000006f] j       pc + 0x0
C0:       2237 [1] pc=[0000000080000358] W[r 0=000000008000035c][1] R[r 0=0000000000000000] R[r 0=0000000000000000] inst=[0000006f] j       pc + 0x0
C0:       2238 [1] pc=[0000000080000358] W[r 0=000000008000035c][1] R[r 0=0000000000000000] R[r 0=0000000000000000] inst=[0000006f] j       pc + 0x0
C0:       2240 [1] pc=[0000000080000358] W[r 0=000000008000035c][1] R[r 0=0000000000000000] R[r 0=0000000000000000] inst=[0000006f] j       pc + 0x0
C0:       2242 [1] pc=[0000000080000358] W[r 0=000000008000035c][1] R[r 0=0000000000000000] R[r 0=0000000000000000] inst=[0000006f] j       pc + 0x0
C0:       2243 [1] pc=[0000000080000358] W[r 0=000000008000035c][1] R[r 0=0000000000000000] R[r 0=0000000000000000] inst=[0000006f] j       pc + 0x0
C0:       2244 [1] pc=[0000000080000358] W[r 0=000000008000035c][1] R[r 0=0000000000000000] R[r 0=0000000000000000] inst=[0000006f] j       pc + 0x0
C0:       2246 [1] pc=[0000000080000358] W[r 0=000000008000035c][1] R[r 0=0000000000000000] R[r 0=0000000000000000] inst=[0000006f] j       pc + 0x0
C0:       2248 [1] pc=[0000000080000358] W[r 0=000000008000035c][1] R[r 0=0000000000000000] R[r 0=0000000000000000] inst=[0000006f] j       pc + 0x0
C0:       2249 [1] pc=[0000000080000358] W[r 0=000000008000035c][1] R[r 0=0000000000000000] R[r 0=0000000000000000] inst=[0000006f] j       pc + 0x0
C0:       2250 [1] pc=[0000000080000358] W[r 0=000000008000035c][1] R[r 0=0000000000000000] R[r 0=0000000000000000] inst=[0000006f] j       pc + 0x0
C0:       2252 [1] pc=[0000000080000358] W[r 0=000000008000035c][1] R[r 0=0000000000000000] R[r 0=0000000000000000] inst=[0000006f] j       pc + 0x0
C0:       2254 [1] pc=[0000000080000358] W[r 0=000000008000035c][1] R[r 0=0000000000000000] R[r 0=0000000000000000] inst=[0000006f] j       pc + 0x0
C0:       2255 [1] pc=[0000000080000358] W[r 0=000000008000035c][1] R[r 0=0000000000000000] R[r 0=0000000000000000] inst=[0000006f] j       pc + 0x0
C0:       2256 [1] pc=[0000000080000358] W[r 0=000000008000035c][1] R[r 0=0000000000000000] R[r 0=0000000000000000] inst=[0000006f] j       pc + 0x0
C0:       2258 [1] pc=[0000000080000358] W[r 0=000000008000035c][1] R[r 0=0000000000000000] R[r 0=0000000000000000] inst=[0000006f] j       pc + 0x0
C0:       2260 [1] pc=[0000000080000358] W[r 0=000000008000035c][1] R[r 0=0000000000000000] R[r 0=0000000000000000] inst=[0000006f] j       pc + 0x0
C0:       2261 [1] pc=[0000000080000358] W[r 0=000000008000035c][1] R[r 0=0000000000000000] R[r 0=0000000000000000] inst=[0000006f] j       pc + 0x0
C0:       2262 [1] pc=[0000000080000358] W[r 0=000000008000035c][1] R[r 0=0000000000000000] R[r 0=0000000000000000] inst=[0000006f] j       pc + 0x0
C0:       2264 [1] pc=[0000000080000358] W[r 0=000000008000035c][1] R[r 0=0000000000000000] R[r 0=0000000000000000] inst=[0000006f] j       pc + 0x0
C0:       2266 [1] pc=[0000000080000358] W[r 0=000000008000035c][1] R[r 0=0000000000000000] R[r 0=0000000000000000] inst=[0000006f] j       pc + 0x0
C0:       2267 [1] pc=[0000000080000358] W[r 0=000000008000035c][1] R[r 0=0000000000000000] R[r 0=0000000000000000] inst=[0000006f] j       pc + 0x0
C0:       2268 [1] pc=[0000000080000358] W[r 0=000000008000035c][1] R[r 0=0000000000000000] R[r 0=0000000000000000] inst=[0000006f] j       pc + 0x0
C0:       2270 [1] pc=[0000000080000358] W[r 0=000000008000035c][1] R[r 0=0000000000000000] R[r 0=0000000000000000] inst=[0000006f] j       pc + 0x0
C0:       2272 [1] pc=[0000000080000358] W[r 0=000000008000035c][1] R[r 0=0000000000000000] R[r 0=0000000000000000] inst=[0000006f] j       pc + 0x0
C0:       2273 [1] pc=[0000000080000358] W[r 0=000000008000035c][1] R[r 0=0000000000000000] R[r 0=0000000000000000] inst=[0000006f] j       pc + 0x0
C0:       2274 [1] pc=[0000000080000358] W[r 0=000000008000035c][1] R[r 0=0000000000000000] R[r 0=0000000000000000] inst=[0000006f] j       pc + 0x0
C0:       2276 [1] pc=[0000000080000358] W[r 0=000000008000035c][1] R[r 0=0000000000000000] R[r 0=0000000000000000] inst=[0000006f] j       pc + 0x0
C0:       2278 [1] pc=[0000000080000358] W[r 0=000000008000035c][1] R[r 0=0000000000000000] R[r 0=0000000000000000] inst=[0000006f] j       pc + 0x0
C0:       2279 [1] pc=[0000000080000358] W[r 0=000000008000035c][1] R[r 0=0000000000000000] R[r 0=0000000000000000] inst=[0000006f] j       pc + 0x0
C0:       2280 [1] pc=[0000000080000358] W[r 0=000000008000035c][1] R[r 0=0000000000000000] R[r 0=0000000000000000] inst=[0000006f] j       pc + 0x0
C0:       2282 [1] pc=[0000000080000358] W[r 0=000000008000035c][1] R[r 0=0000000000000000] R[r 0=0000000000000000] inst=[0000006f] j       pc + 0x0
C0:       2284 [1] pc=[0000000080000358] W[r 0=000000008000035c][1] R[r 0=0000000000000000] R[r 0=0000000000000000] inst=[0000006f] j       pc + 0x0
C0:       2285 [1] pc=[0000000080000358] W[r 0=000000008000035c][1] R[r 0=0000000000000000] R[r 0=0000000000000000] inst=[0000006f] j       pc + 0x0
C0:       2286 [1] pc=[0000000080000358] W[r 0=000000008000035c][1] R[r 0=0000000000000000] R[r 0=0000000000000000] inst=[0000006f] j       pc + 0x0
C0:       2288 [1] pc=[0000000080000358] W[r 0=000000008000035c][1] R[r 0=0000000000000000] R[r 0=0000000000000000] inst=[0000006f] j       pc + 0x0
C0:       2290 [1] pc=[0000000080000358] W[r 0=000000008000035c][1] R[r 0=0000000000000000] R[r 0=0000000000000000] inst=[0000006f] j       pc + 0x0
C0:       2291 [1] pc=[0000000080000358] W[r 0=000000008000035c][1] R[r 0=0000000000000000] R[r 0=0000000000000000] inst=[0000006f] j       pc + 0x0
C0:       2292 [1] pc=[0000000080000358] W[r 0=000000008000035c][1] R[r 0=0000000000000000] R[r 0=0000000000000000] inst=[0000006f] j       pc + 0x0
*** PASSED *** Completed after               327896 simulation cycles
