ERROR: ld.so: object '/home/rsaravan/chipyard/.conda-env/lib/libstdc++.so.6' from LD_PRELOAD cannot be preloaded (wrong ELF class: ELFCLASS64): ignored.
testing $random aa374254
== Loading device model file '/home/rsaravan/chipyard/generators/testchipip/src/main/resources/dramsim2_ini/DDR3_micron_64M_8B_x4_sg15.ini' == 
== Loading system model file '/home/rsaravan/chipyard/generators/testchipip/src/main/resources/dramsim2_ini/system.ini' == 
===== MemorySystem 0 =====
CH. 0 TOTAL_STORAGE : 4096MB | 1 Ranks | 16 Devices per rank
DRAMSim2 Clock Frequency =666666666Hz, CPU Clock Frequency=500000000Hz
C0:         19 [1] pc=[0000000000010040] W[r10=0000000000010040][1] R[r 0=0000000000000000] R[r 0=0000000000000000] inst=[00000517] auipc   a0, 0x0
C0:         20 [1] pc=[0000000000010044] W[r10=0000000000010000][1] R[r10=0000000000010040] R[r 0=0000000000000000] inst=[fc050513] addi    a0, a0, -64
C0:         21 [1] pc=[0000000000010048] W[r 0=0000000000000000][1] R[r10=0000000000010000] R[r 0=0000000000000000] inst=[30551073] csrw    mtvec, a0
C0:         26 [1] pc=[000000000001004c] W[r 5=800000000094112d][1] R[r 0=0000000000000000] R[r 0=0000000000000000] inst=[301022f3] csrr    t0, misa
C0:         29 [1] pc=[0000000000010050] W[r 5=ffffe00000000025][1] R[r 5=800000000094112d] R[r 0=0000000000000000] inst=[4122d293] srai    t0, t0, 18
C0:         30 [1] pc=[0000000000010054] W[r 5=0000000000000001][1] R[r 5=ffffe00000000025] R[r 0=0000000000000000] inst=[0012f293] andi    t0, t0, 1
C0:         31 [1] pc=[0000000000010058] W[r 0=0000000000000000][0] R[r 5=0000000000000001] R[r 0=0000000000000000] inst=[00028463] beqz    t0, pc + 8
C0:         32 [1] pc=[000000000001005c] W[r 0=0000000000000202][1] R[r 0=0000000000000000] R[r 0=0000000000000000] inst=[30301073] csrw    mideleg, zero
C0:         37 [1] pc=[0000000000010060] W[r10=0000000000000008][1] R[r 0=0000000000000000] R[r 0=0000000000000000] inst=[00800513] li      a0, 8
C0:         38 [1] pc=[0000000000010064] W[r 0=0021820f436e91f8][1] R[r10=0000000000000008] R[r 0=0000000000000000] inst=[30451073] csrw    mie, a0
C0:         43 [1] pc=[0000000000010068] W[r 0=0000000a00001800][1] R[r10=0000000000000008] R[r 0=0000000000000000] inst=[30052073] csrs    mstatus, a0
C0:         48 [1] pc=[000000000001006c] W[r 0=0000000000000000][0] R[r 0=0000000000000000] R[r 0=0000000000000000] inst=[10500073] wfi
C0:         51 [0] pc=[0000000000010070] W[r 0=0000000000000000][0] R[r31=0000000000000008] R[r 0=0000000000000000] inst=[ffdff06f] j       pc - 0x4
C0:         70 [1] pc=[0000000000010000] W[r11=0000000002000000][1] R[r 0=0000000000000000] R[r 0=0000000000000000] inst=[020005b7] lui     a1, 0x2000
C0:         71 [1] pc=[0000000000010004] W[r10=0000000000000000][1] R[r 0=0000000000000000] R[r 0=0000000000000000] inst=[f1402573] csrr    a0, mhartid
C0:         74 [1] pc=[0000000000010008] W[r 0=0000000000000000][0] R[r10=0000000000000000] R[r 0=0000000000000000] inst=[00050463] beqz    a0, pc + 8
C0:         78 [1] pc=[0000000000010010] W[r12=0000000002000004][1] R[r11=0000000002000000] R[r 0=0000000000000000] inst=[00458613] addi    a2, a1, 4
C0:         79 [1] pc=[0000000000010014] W[r13=0000000000000001][1] R[r 0=0000000000000000] R[r 0=0000000000000000] inst=[00100693] li      a3, 1
C0:         80 [1] pc=[0000000000010018] W[r 0=0000000000000000][0] R[r12=0000000002000004] R[r13=0000000000000001] inst=[00d62023] sw      a3, 0(a2)
C0:         81 [1] pc=[000000000001001c] W[r12=0000000002000008][1] R[r12=0000000002000004] R[r 0=0000000000000000] inst=[00460613] addi    a2, a2, 4
C0:         87 [1] pc=[0000000000010020] W[r13=0000000000000000][0] R[r12=0000000002000008] R[r 0=0000000000000000] inst=[ffc62683] lw      a3, -4(a2)
C0:         95 [1] pc=[0000000000010024] W[r 0=0000000000000000][0] R[r13=0000000000000000] R[r 0=0000000000000000] inst=[fe069ae3] bnez    a3, pc - 12
C0:         96 [1] pc=[0000000000010028] W[r 0=000000000001002c][1] R[r 0=0000000000000000] R[r 0=0000000000000000] inst=[06c0006f] j       pc + 0x6c
C0:        116 [1] pc=[0000000000010094] W[r 0=0000000000000000][0] R[r11=0000000002000000] R[r 0=0000000000000000] inst=[0005a023] sw      zero, 0(a1)
C0:        117 [1] pc=[0000000000010098] W[r10=0000000000004000][1] R[r 0=0000000000000000] R[r 0=0000000000000000] inst=[00004537] lui     a0, 0x4
C0:        123 [1] pc=[000000000001009c] W[r10=0000000000000000][0] R[r10=0000000000004000] R[r 0=0000000000000000] inst=[00053503] ld      a0, 0(a0)
C0:        135 [1] pc=[00000000000100a0] W[r 0=0000000000010070][1] R[r10=0000000080000000] R[r 0=0000000000000000] inst=[34151073] csrw    mepc, a0
C0:        136 [1] pc=[00000000000100a4] W[r10=0000000000000000][1] R[r 0=0000000000000000] R[r 0=0000000000000000] inst=[f1402573] csrr    a0, mhartid
C0:        137 [1] pc=[00000000000100a8] W[r11=00000000000100a8][1] R[r 0=0000000000000000] R[r 0=0000000000000000] inst=[00000597] auipc   a1, 0x0
C0:        138 [1] pc=[00000000000100ac] W[r11=00000000000100c0][1] R[r11=00000000000100a8] R[r 0=0000000000000000] inst=[01858593] addi    a1, a1, 24
C0:        139 [1] pc=[00000000000100b0] W[r12=0000000000000080][1] R[r 0=0000000000000000] R[r 0=0000000000000000] inst=[08000613] li      a2, 128
C0:        140 [1] pc=[00000000000100b4] W[r 0=0000000a00001880][1] R[r12=0000000000000080] R[r 0=0000000000000000] inst=[30063073] csrc    mstatus, a2
C0:        145 [1] pc=[00000000000100b8] W[r 0=0000000000000000][0] R[r 0=0000000000000000] R[r 0=0000000000000000] inst=[30200073] mret
C0:        166 [1] pc=[0000000080000000] W[r31=0000000080010000][1] R[r 0=0000000000000000] R[r 0=0000000000000000] inst=[00010f97] auipc   t6, 0x10
C0:        167 [1] pc=[0000000080000004] W[r31=0000000080010000][1] R[r31=0000000080010000] R[r 0=0000000000000000] inst=[000f8f93] mv      t6, t6
C0:        184 [1] pc=[0000000080000008] W[r 1=4deaac799535cd10][1] R[r31=0000000080010000] R[r 0=0000000000000000] inst=[000fb083] ld      ra, 0(t6)
C0:        185 [1] pc=[000000008000000c] W[r 2=b4986c196912f6b2][1] R[r31=0000000080010000] R[r 0=0000000000000000] inst=[008fb103] ld      sp, 8(t6)
C0:        186 [1] pc=[0000000080000010] W[r 3=3a01d1f0c64d2b14][1] R[r31=0000000080010000] R[r 0=0000000000000000] inst=[010fb183] ld      gp, 16(t6)
C0:        187 [1] pc=[0000000080000014] W[r 4=977012adb30b79de][1] R[r31=0000000080010000] R[r 0=0000000000000000] inst=[018fb203] ld      tp, 24(t6)
C0:        188 [1] pc=[0000000080000018] W[r 5=524436d5bcd3c41a][1] R[r31=0000000080010000] R[r 0=0000000000000000] inst=[020fb283] ld      t0, 32(t6)
C0:        189 [1] pc=[000000008000001c] W[r 6=93708c00feeeded5][1] R[r31=0000000080010000] R[r 0=0000000000000000] inst=[028fb303] ld      t1, 40(t6)
C0:        190 [1] pc=[0000000080000020] W[r 7=5c91972f8593dee6][1] R[r31=0000000080010000] R[r 0=0000000000000000] inst=[030fb383] ld      t2, 48(t6)
C0:        191 [1] pc=[0000000080000024] W[r 8=a6e7b13644c2346a][1] R[r31=0000000080010000] R[r 0=0000000000000000] inst=[038fb403] ld      s0, 56(t6)
C0:        208 [1] pc=[0000000080000028] W[r 9=8c755dc001c187df][1] R[r31=0000000080010000] R[r 0=0000000000000000] inst=[040fb483] ld      s1, 64(t6)
C0:        209 [1] pc=[000000008000002c] W[r10=e3cf5189968b513d][1] R[r31=0000000080010000] R[r 0=0000000000000000] inst=[048fb503] ld      a0, 72(t6)
C0:        210 [1] pc=[0000000080000030] W[r11=d02bdddc3dc2c616][1] R[r31=0000000080010000] R[r 0=0000000000000000] inst=[050fb583] ld      a1, 80(t6)
C0:        211 [1] pc=[0000000080000034] W[r12=d8d4cb9996fadb1d][1] R[r31=0000000080010000] R[r 0=0000000000000000] inst=[058fb603] ld      a2, 88(t6)
C0:        212 [1] pc=[0000000080000038] W[r13=023965d14e35e743][1] R[r31=0000000080010000] R[r 0=0000000000000000] inst=[060fb683] ld      a3, 96(t6)
C0:        213 [1] pc=[000000008000003c] W[r14=1f25cefd6ea64dd5][1] R[r31=0000000080010000] R[r 0=0000000000000000] inst=[068fb703] ld      a4, 104(t6)
C0:        263 [1] pc=[0000000080000040] W[r15=60465e47d0899ed3][1] R[r31=0000000080010000] R[r 0=0000000000000000] inst=[070fb783] ld      a5, 112(t6)
C0:        264 [1] pc=[0000000080000044] W[r16=b46f65d72fd81493][1] R[r31=0000000080010000] R[r 0=0000000000000000] inst=[078fb803] ld      a6, 120(t6)
C0:        281 [1] pc=[0000000080000048] W[r17=fa532444e8f068c5][1] R[r31=0000000080010000] R[r 0=0000000000000000] inst=[080fb883] ld      a7, 128(t6)
C0:        282 [1] pc=[000000008000004c] W[r18=d69b671696601552][1] R[r31=0000000080010000] R[r 0=0000000000000000] inst=[088fb903] ld      s2, 136(t6)
C0:        283 [1] pc=[0000000080000050] W[r19=38d72d77f10d316d][1] R[r31=0000000080010000] R[r 0=0000000000000000] inst=[090fb983] ld      s3, 144(t6)
C0:        284 [1] pc=[0000000080000054] W[r20=4eef98401bcc2b06][1] R[r31=0000000080010000] R[r 0=0000000000000000] inst=[098fba03] ld      s4, 152(t6)
C0:        285 [1] pc=[0000000080000058] W[r21=1dca0abe138962d3][1] R[r31=0000000080010000] R[r 0=0000000000000000] inst=[0a0fba83] ld      s5, 160(t6)
C0:        286 [1] pc=[000000008000005c] W[r22=0f26450d71ba9b77][1] R[r31=0000000080010000] R[r 0=0000000000000000] inst=[0a8fbb03] ld      s6, 168(t6)
C0:        287 [1] pc=[0000000080000060] W[r23=89cd7bf125e026d7][1] R[r31=0000000080010000] R[r 0=0000000000000000] inst=[0b0fbb83] ld      s7, 176(t6)
C0:        288 [1] pc=[0000000080000064] W[r24=3450a69adf29c812][1] R[r31=0000000080010000] R[r 0=0000000000000000] inst=[0b8fbc03] ld      s8, 184(t6)
C0:        334 [1] pc=[0000000080000068] W[r25=ac92a8d8cd713940][1] R[r31=0000000080010000] R[r 0=0000000000000000] inst=[0c0fbc83] ld      s9, 192(t6)
C0:        335 [1] pc=[000000008000006c] W[r26=9ae061aedc0f6c8b][1] R[r31=0000000080010000] R[r 0=0000000000000000] inst=[0c8fbd03] ld      s10, 200(t6)
C0:        336 [1] pc=[0000000080000070] W[r27=fcbea7d448ebb03e][1] R[r31=0000000080010000] R[r 0=0000000000000000] inst=[0d0fbd83] ld      s11, 208(t6)
C0:        337 [1] pc=[0000000080000074] W[r28=088466fa3f5624a1][1] R[r31=0000000080010000] R[r 0=0000000000000000] inst=[0d8fbe03] ld      t3, 216(t6)
C0:        338 [1] pc=[0000000080000078] W[r29=8c7af0b504183d0e][1] R[r31=0000000080010000] R[r 0=0000000000000000] inst=[0e0fbe83] ld      t4, 224(t6)
C0:        339 [1] pc=[000000008000007c] W[r30=a2dc97d38baa8e07][1] R[r31=0000000080010000] R[r 0=0000000000000000] inst=[0e8fbf03] ld      t5, 232(t6)
C0:        361 [1] pc=[0000000080000080] W[r31=f90a7f54e8d9a04d][1] R[r31=0000000080010000] R[r 0=0000000000000000] inst=[0f0fbf83] ld      t6, 240(t6)
C0:        362 [1] pc=[0000000080000084] W[r 0=0000000080000088][1] R[r 0=0000000000000000] R[r 0=0000000000000000] inst=[2f00006f] j       pc + 0x2f0
C0:        385 [1] pc=[0000000080000374] W[r 0=0000000a00000080][1] R[r 0=0000000000000000] R[r 0=0000000000000000] inst=[30005073] csrwi   mstatus, 0
C0:        390 [1] pc=[0000000080000378] W[r10=0000000000000000][1] R[r 0=0000000000000000] R[r 0=0000000000000000] inst=[f1402573] csrr    a0, mhartid
C0:        393 [1] pc=[000000008000037c] W[r 0=0000000000000000][0] R[r10=0000000000000000] R[r 0=0000000000000000] inst=[00051063] bnez    a0, pc + 0
C0:        415 [1] pc=[0000000080000380] W[r 5=0000000080000380][1] R[r 0=0000000000000000] R[r 0=0000000000000000] inst=[00000297] auipc   t0, 0x0
C0:        416 [1] pc=[0000000080000384] W[r 5=0000000080000398][1] R[r 5=0000000080000380] R[r 0=0000000000000000] inst=[01828293] addi    t0, t0, 24
C0:        417 [1] pc=[0000000080000388] W[r 0=0000000000010000][1] R[r 5=0000000080000398] R[r 0=0000000000000000] inst=[30529073] csrw    mtvec, t0
C0:        422 [1] pc=[000000008000038c] W[r 0=0000000000e0355d][1] R[r 0=0000000000000000] R[r 0=0000000000000000] inst=[30205073] csrwi   medeleg, 0
C0:        427 [1] pc=[0000000080000390] W[r 0=0000000000000000][1] R[r 0=0000000000000000] R[r 0=0000000000000000] inst=[30305073] csrwi   mideleg, 0
C0:        432 [1] pc=[0000000080000394] W[r 0=0000000000000008][1] R[r 0=0000000000000000] R[r 0=0000000000000000] inst=[30405073] csrwi   mie, 0
C0:        437 [1] pc=[0000000080000398] W[r 5=0000000080000398][1] R[r 0=0000000000000000] R[r 0=0000000000000000] inst=[00000297] auipc   t0, 0x0
C0:        438 [1] pc=[000000008000039c] W[r 5=00000000800003a8][1] R[r 5=0000000080000398] R[r 0=0000000000000000] inst=[01028293] addi    t0, t0, 16
C0:        439 [1] pc=[00000000800003a0] W[r 0=0000000080000398][1] R[r 5=00000000800003a8] R[r 0=0000000000000000] inst=[30529073] csrw    mtvec, t0
C0:        444 [1] pc=[00000000800003a4] W[r 0=0000024673b8f237][1] R[r 0=0000000000000000] R[r 0=0000000000000000] inst=[18005073] csrwi   satp, 0
C0:        449 [1] pc=[00000000800003a8] W[r 5=00000000800003a8][1] R[r 0=0000000000000000] R[r 0=0000000000000000] inst=[00000297] auipc   t0, 0x0
C0:        450 [1] pc=[00000000800003ac] W[r 5=00000000800003cc][1] R[r 5=00000000800003a8] R[r 0=0000000000000000] inst=[02428293] addi    t0, t0, 36
C0:        451 [1] pc=[00000000800003b0] W[r 0=00000000800003a8][1] R[r 5=00000000800003cc] R[r 0=0000000000000000] inst=[30529073] csrw    mtvec, t0
C0:        456 [1] pc=[00000000800003b4] W[r 5=0000000000000001][1] R[r 0=0000000000000000] R[r 0=0000000000000000] inst=[0010029b] addiw   t0, zero, 1
C0:        457 [1] pc=[00000000800003b8] W[r 5=0020000000000000][1] R[r 5=0000000000000001] R[r 0=0000000000000000] inst=[03529293] slli    t0, t0, 53
C0:        458 [1] pc=[00000000800003bc] W[r 5=001fffffffffffff][1] R[r 5=0020000000000000] R[r 0=0000000000000000] inst=[fff28293] addi    t0, t0, -1
C0:        480 [1] pc=[00000000800003c0] W[r 0=0000000028d90b3c][1] R[r 5=001fffffffffffff] R[r 0=0000000000000000] inst=[3b029073] csrw    pmpaddr0, t0
C0:        485 [1] pc=[00000000800003c4] W[r 5=000000000000001f][1] R[r 0=0000000000000000] R[r 0=0000000000000000] inst=[01f00293] li      t0, 31
C0:        486 [1] pc=[00000000800003c8] W[r 0=0007010003050304][1] R[r 5=000000000000001f] R[r 0=0000000000000000] inst=[3a029073] csrw    pmpcfg0, t0
C0:        491 [1] pc=[00000000800003cc] W[r 5=00000000800003cc][1] R[r 0=0000000000000000] R[r 0=0000000000000000] inst=[00000297] auipc   t0, 0x0
C0:        492 [1] pc=[00000000800003d0] W[r 5=0000000080000130][1] R[r 5=00000000800003cc] R[r 0=0000000000000000] inst=[d6428293] addi    t0, t0, -668
C0:        493 [1] pc=[00000000800003d4] W[r 0=00000000800003cc][1] R[r 5=0000000080000130] R[r 0=0000000000000000] inst=[30529073] csrw    mtvec, t0
C0:        498 [1] pc=[00000000800003d8] W[r 3=0000000000000000][1] R[r 0=0000000000000000] R[r 0=0000000000000000] inst=[00000193] li      gp, 0
C0:        499 [1] pc=[00000000800003dc] W[r10=0000000000000001][1] R[r 0=0000000000000000] R[r 0=0000000000000000] inst=[00100513] li      a0, 1
C0:        500 [1] pc=[00000000800003e0] W[r10=0000000080000000][1] R[r10=0000000000000001] R[r 0=0000000000000000] inst=[01f51513] slli    a0, a0, 31
C0:        501 [1] pc=[00000000800003e4] W[r 0=0000000000000000][0] R[r10=0000000080000000] R[r 0=0000000000000000] inst=[00055c63] bgez    a0, pc + 24
C0:        505 [1] pc=[00000000800003fc] W[r 5=00000000800003fc][1] R[r 0=0000000000000000] R[r 0=0000000000000000] inst=[00000297] auipc   t0, 0x0
C0:        527 [1] pc=[0000000080000400] W[r 5=0000000080000114][1] R[r 5=00000000800003fc] R[r 0=0000000000000000] inst=[d1828293] addi    t0, t0, -744
C0:        528 [1] pc=[0000000080000404] W[r 0=ffffffd6f995f0c8][1] R[r 5=0000000080000114] R[r 0=0000000000000000] inst=[10529073] csrw    stvec, t0
C0:        533 [1] pc=[0000000080000408] W[r 5=000000000000b000][1] R[r 0=0000000000000000] R[r 0=0000000000000000] inst=[0000b2b7] lui     t0, 0xb
C0:        534 [1] pc=[000000008000040c] W[r 5=000000000000b109][1] R[r 5=000000000000b000] R[r 0=0000000000000000] inst=[1092829b] addiw   t0, t0, 265
C0:        535 [1] pc=[0000000080000410] W[r 0=0000000000000000][1] R[r 5=000000000000b109] R[r 0=0000000000000000] inst=[3022a073] csrs    medeleg, t0
C0:        540 [1] pc=[0000000080000414] W[r10=0000000000007000][1] R[r 0=0000000000000000] R[r 0=0000000000000000] inst=[00007537] lui     a0, 0x7
C0:        541 [1] pc=[0000000080000418] W[r10=0000000000006800][1] R[r10=0000000000007000] R[r 0=0000000000000000] inst=[8005051b] addiw   a0, a0, -2048
C0:        542 [1] pc=[000000008000041c] W[r 0=0000000a00000000][1] R[r10=0000000000006800] R[r 0=0000000000000000] inst=[30052073] csrs    mstatus, a0
C0:        547 [1] pc=[0000000080000420] W[r 0=000000000000003f][1] R[r 0=0000000000000000] R[r 0=0000000000000000] inst=[00305073] csrwi   fcsr, 0
C0:        552 [1] pc=[0000000080000424] W[r 1=0000000080000428][1] R[r 0=0000000000000000] R[r 0=0000000000000000] inst=[c65ff0ef] jal     pc - 0x39c
C0:        553 [1] pc=[0000000080000088] W[r31=0000000080020088][1] R[r 0=0000000000000000] R[r 0=0000000000000000] inst=[00020f97] auipc   t6, 0x20
C0:        554 [1] pc=[000000008000008c] W[r31=0000000080020000][1] R[r31=0000000080020088] R[r 0=0000000000000000] inst=[f78f8f93] addi    t6, t6, -136
C0:        571 [1] pc=[0000000080000090] W[r 0=0000000000000000][0] R[r31=0000000080020000] R[r 0=0000000000000000] inst=[000fa007] flw     ft0, 0(t6)
C0:        572 [1] pc=[0000000080000094] W[r 1=0000000000000000][0] R[r31=0000000080020000] R[r 0=0000000000000000] inst=[008fa087] flw     ft1, 8(t6)
C0:        573 [1] pc=[0000000080000098] W[r 2=0000000000000000][0] R[r31=0000000080020000] R[r 0=0000000000000000] inst=[010fa107] flw     ft2, 16(t6)
C0:        574 [1] pc=[000000008000009c] W[r 3=0000000000000000][0] R[r31=0000000080020000] R[r 0=0000000000000000] inst=[018fb187] fld     ft3, 24(t6)
C0:        575 [1] pc=[00000000800000a0] W[r 4=0000000000000000][0] R[r31=0000000080020000] R[r 0=0000000000000000] inst=[020fb207] fld     ft4, 32(t6)
C0:        576 [1] pc=[00000000800000a4] W[r 5=0000000000000000][0] R[r31=0000000080020000] R[r 0=0000000000000000] inst=[028fb287] fld     ft5, 40(t6)
C0:        577 [1] pc=[00000000800000a8] W[r 6=0000000000000000][0] R[r31=0000000080020000] R[r 0=0000000000000000] inst=[030fb307] fld     ft6, 48(t6)
C0:        578 [1] pc=[00000000800000ac] W[r 7=0000000000000000][0] R[r31=0000000080020000] R[r 0=0000000000000000] inst=[038fa387] flw     ft7, 56(t6)
C0:        623 [1] pc=[00000000800000b0] W[r 8=0000000000000000][0] R[r31=0000000080020000] R[r 0=0000000000000000] inst=[040fb407] fld     fs0, 64(t6)
C0:        624 [1] pc=[00000000800000b4] W[r 9=0000000000000000][0] R[r31=0000000080020000] R[r 0=0000000000000000] inst=[048fb487] fld     fs1, 72(t6)
C0:        625 [1] pc=[00000000800000b8] W[r10=0000000000000000][0] R[r31=0000000080020000] R[r 0=0000000000000000] inst=[050fa507] flw     fa0, 80(t6)
C0:        626 [1] pc=[00000000800000bc] W[r11=0000000000000000][0] R[r31=0000000080020000] R[r 0=0000000000000000] inst=[058fb587] fld     fa1, 88(t6)
C0:        678 [1] pc=[00000000800000c0] W[r12=0000000000000000][0] R[r31=0000000080020000] R[r 0=0000000000000000] inst=[060fb607] fld     fa2, 96(t6)
C0:        679 [1] pc=[00000000800000c4] W[r13=0000000000000000][0] R[r31=0000000080020000] R[r 0=0000000000000000] inst=[068fb687] fld     fa3, 104(t6)
C0:        680 [1] pc=[00000000800000c8] W[r14=0000000000000000][0] R[r31=0000000080020000] R[r 0=0000000000000000] inst=[070fa707] flw     fa4, 112(t6)
C0:        681 [1] pc=[00000000800000cc] W[r15=0000000000000000][0] R[r31=0000000080020000] R[r 0=0000000000000000] inst=[078fb787] fld     fa5, 120(t6)
C0:        727 [1] pc=[00000000800000d0] W[r16=0000000000000000][0] R[r31=0000000080020000] R[r 0=0000000000000000] inst=[080fb807] fld     fa6, 128(t6)
C0:        728 [1] pc=[00000000800000d4] W[r17=0000000000000000][0] R[r31=0000000080020000] R[r 0=0000000000000000] inst=[088fa887] flw     fa7, 136(t6)
C0:        729 [1] pc=[00000000800000d8] W[r18=0000000000000000][0] R[r31=0000000080020000] R[r 0=0000000000000000] inst=[090fa907] flw     fs2, 144(t6)
C0:        730 [1] pc=[00000000800000dc] W[r19=0000000000000000][0] R[r31=0000000080020000] R[r 0=0000000000000000] inst=[098fa987] flw     fs3, 152(t6)
C0:        731 [1] pc=[00000000800000e0] W[r20=0000000000000000][0] R[r31=0000000080020000] R[r 0=0000000000000000] inst=[0a0fba07] fld     fs4, 160(t6)
C0:        732 [1] pc=[00000000800000e4] W[r21=0000000000000000][0] R[r31=0000000080020000] R[r 0=0000000000000000] inst=[0a8faa87] flw     fs5, 168(t6)
C0:        733 [1] pc=[00000000800000e8] W[r22=0000000000000000][0] R[r31=0000000080020000] R[r 0=0000000000000000] inst=[0b0fbb07] fld     fs6, 176(t6)
C0:        734 [1] pc=[00000000800000ec] W[r23=0000000000000000][0] R[r31=0000000080020000] R[r 0=0000000000000000] inst=[0b8fbb87] fld     fs7, 184(t6)
C0:        779 [1] pc=[00000000800000f0] W[r24=0000000000000000][0] R[r31=0000000080020000] R[r 0=0000000000000000] inst=[0c0fbc07] fld     fs8, 192(t6)
C0:        780 [1] pc=[00000000800000f4] W[r25=0000000000000000][0] R[r31=0000000080020000] R[r 0=0000000000000000] inst=[0c8fbc87] fld     fs9, 200(t6)
C0:        781 [1] pc=[00000000800000f8] W[r26=0000000000000000][0] R[r31=0000000080020000] R[r 0=0000000000000000] inst=[0d0fbd07] fld     fs10, 208(t6)
C0:        782 [1] pc=[00000000800000fc] W[r27=0000000000000000][0] R[r31=0000000080020000] R[r 0=0000000000000000] inst=[0d8fbd87] fld     fs11, 216(t6)
C0:        832 [1] pc=[0000000080000100] W[r28=0000000000000000][0] R[r31=0000000080020000] R[r 0=0000000000000000] inst=[0e0fbe07] fld     ft8, 224(t6)
C0:        833 [1] pc=[0000000080000104] W[r29=0000000000000000][0] R[r31=0000000080020000] R[r 0=0000000000000000] inst=[0e8fae87] flw     ft9, 232(t6)
C0:        834 [1] pc=[0000000080000108] W[r30=0000000000000000][0] R[r31=0000000080020000] R[r 0=0000000000000000] inst=[0f0faf07] flw     ft10, 240(t6)
C0:        835 [1] pc=[000000008000010c] W[r31=0000000000000000][0] R[r31=0000000080020000] R[r 0=0000000000000000] inst=[0f8faf87] flw     ft11, 248(t6)
C0:        836 [1] pc=[0000000080000110] W[r 0=0000000080000114][1] R[r 1=0000000080000428] R[r 0=0000000000000000] inst=[00008067] ret
C0:        838 [1] pc=[0000000080000428] W[r 0=000000000000008d][1] R[r 0=0000000000000000] R[r 0=0000000000000000] inst=[b0201073] csrw    minstret, zero
C0:        843 [1] pc=[000000008000042c] W[r10=0000000000000000][1] R[r 0=0000000000000000] R[r 0=0000000000000000] inst=[f1402573] csrr    a0, mhartid
C0:        844 [1] pc=[0000000080000430] W[r 5=0000000080000430][1] R[r 0=0000000000000000] R[r 0=0000000000000000] inst=[00000297] auipc   t0, 0x0
C0:        845 [1] pc=[0000000080000434] W[r 5=0000000080000480][1] R[r 5=0000000080000430] R[r 0=0000000000000000] inst=[05028293] addi    t0, t0, 80
C0:        846 [1] pc=[0000000080000438] W[r 0=0000000080000000][1] R[r 5=0000000080000480] R[r 0=0000000000000000] inst=[34129073] csrw    mepc, t0
C0:        847 [1] pc=[000000008000043c] W[r 5=0000000000000000][1] R[r 0=0000000000000000] R[r 0=0000000000000000] inst=[00000293] li      t0, 0
C0:        869 [1] pc=[0000000080000440] W[r 0=0000000000000000][0] R[r 0=0000000000000000] R[r 0=0000000000000000] inst=[30200073] mret
C0:        890 [1] pc=[0000000080000480] W[r 7=0000000000000000][0] R[r 7=5c91972f8593dee6] R[r 7=5c91972f8593dee6] inst=[0273e3b3] rem     t2, t2, t2
C0:        895 [1] pc=[0000000080000484] W[r 7=000000003d0e0000][1] R[r29=8c7af0b504183d0e] R[r 0=0000000000000000] inst=[010e939b] slliw   t2, t4, 16
C0:        896 [1] pc=[0000000080000488] W[r20=0000000080060488][1] R[r 0=0000000000000000] R[r 0=0000000000000000] inst=[00060a17] auipc   s4, 0x60
C0:        897 [1] pc=[000000008000048c] W[r20=0000000080060090][1] R[r20=0000000080060488] R[r 0=0000000000000000] inst=[c08a0a13] addi    s4, s4, -1016
C0:        898 [1] pc=[0000000080000490] W[r20=0000000080060090][1] R[r20=0000000080060090] R[r 0=0000000000000000] inst=[000a0a13] mv      s4, s4
C0:        943 [1] pc=[0000000080000494] W[r 6=000000001e3f7eec][1] R[r20=0000000080060090] R[r 9=8c755dc001c187df] inst=[a09a232f] amomax.w t1, s1, (s4)
C0:        944 [1] pc=[0000000080000498] W[r26=0000000000000000][0] R[r 7=000000003d0e0000] R[r 0=0000000000000000] inst=[d003cd53] fcvt.s.w fs10, t2
C0:        945 [1] pc=[000000008000049c] W[r 6=000000008002049c][1] R[r 0=0000000000000000] R[r 0=0000000000000000] inst=[00020317] auipc   t1, 0x20
C0:        946 [1] pc=[00000000800004a0] W[r 6=0000000080020160][1] R[r 6=000000008002049c] R[r 0=0000000000000000] inst=[cc430313] addi    t1, t1, -828
C0:        947 [1] pc=[00000000800004a4] W[r 6=0000000080020144][1] R[r 6=0000000080020160] R[r 0=0000000000000000] inst=[fe430313] addi    t1, t1, -28
C0:        992 [1] pc=[00000000800004a8] W[r 5=0000000000000001][1] R[r 6=0000000080020144] R[r 9=8c755dc001c187df] inst=[189322af] sc.w    t0, s1, (t1)
C0:        993 [1] pc=[00000000800004ac] W[r 4=00000000800504ac][1] R[r 0=0000000000000000] R[r 0=0000000000000000] inst=[00050217] auipc   tp, 0x50
C0:        994 [1] pc=[00000000800004b0] W[r 4=0000000080050180][1] R[r 4=00000000800504ac] R[r 0=0000000000000000] inst=[cd420213] addi    tp, tp, -812
C0:        995 [1] pc=[00000000800004b4] W[r 4=0000000080050168][1] R[r 4=0000000080050180] R[r 0=0000000000000000] inst=[fe820213] addi    tp, tp, -24
C0:       1058 [1] pc=[00000000800004b8] W[r20=02faa83bb924347a][1] R[r 4=0000000080050168] R[r 5=0000000000000001] inst=[20523a2f] amoxor.d s4, t0, (tp)
C0:       1059 [1] pc=[00000000800004bc] W[r26=00000000800204bc][1] R[r 0=0000000000000000] R[r 0=0000000000000000] inst=[00020d17] auipc   s10, 0x20
C0:       1081 [1] pc=[00000000800004c0] W[r26=0000000080020150][1] R[r26=00000000800204bc] R[r 0=0000000000000000] inst=[c94d0d13] addi    s10, s10, -876
C0:       1082 [1] pc=[00000000800004c4] W[r26=000000008002015c][1] R[r26=0000000080020150] R[r 0=0000000000000000] inst=[00cd0d13] addi    s10, s10, 12
C0:       1099 [1] pc=[00000000800004c8] W[r 8=ffffffffbb77df82][1] R[r26=000000008002015c] R[r 0=0000000000000000] inst=[100d242f] lr.w    s0, (s10)
C0:       1100 [1] pc=[00000000800004cc] W[r27=00000000800504cc][1] R[r 0=0000000000000000] R[r 0=0000000000000000] inst=[00050d97] auipc   s11, 0x50
C0:       1101 [1] pc=[00000000800004d0] W[r27=0000000080050120][1] R[r27=00000000800504cc] R[r 0=0000000000000000] inst=[c54d8d93] addi    s11, s11, -940
C0:       1102 [1] pc=[00000000800004d4] W[r27=0000000080050120][1] R[r27=0000000080050120] R[r 0=0000000000000000] inst=[000d8d93] mv      s11, s11
C0:       1148 [1] pc=[00000000800004d8] W[r27=0000000000000001][1] R[r27=0000000080050120] R[r27=0000000080050120] inst=[19bdbdaf] sc.d    s11, s11, (s11)
C0:       1149 [1] pc=[00000000800004dc] W[r10=0000000000000000][0] R[r 3=0000000000000000] R[r20=02faa83bb924347a] inst=[0341e533] rem     a0, gp, s4
C0:       1150 [1] pc=[00000000800004e0] W[r14=00000000800304e0][1] R[r 0=0000000000000000] R[r 0=0000000000000000] inst=[00030717] auipc   a4, 0x30
C0:       1151 [1] pc=[00000000800004e4] W[r14=0000000080030130][1] R[r14=00000000800304e0] R[r 0=0000000000000000] inst=[c5070713] addi    a4, a4, -944
C0:       1152 [1] pc=[00000000800004e8] W[r14=0000000080030120][1] R[r14=0000000080030130] R[r 0=0000000000000000] inst=[ff070713] addi    a4, a4, -16
C0:       1169 [1] pc=[00000000800004ec] W[r 3=4e078f58e99f7505][1] R[r14=0000000080030120] R[r 0=0000000000000000] inst=[100731af] lr.d    gp, (a4)
C0:       1170 [1] pc=[00000000800004f0] W[r24=0000000000000000][1] R[r24=3450a69adf29c812] R[r24=3450a69adf29c812] inst=[018c4c33] xor     s8, s8, s8
C0:       1171 [1] pc=[00000000800004f4] W[r23=ffffffe8c44d51a4][1] R[r24=0000000000000000] R[r 0=0000000000000000] inst=[141c3bf3] csrrc   s7, sepc, s8
C0:       1172 [1] pc=[00000000800004f8] W[r17=0000000000000000][0] R[r17=3450a69adf29c813] R[r 7=3450a69adf29c813] inst=[287898d3] fmax.s  fa7, fa7, ft7
C0:       1173 [1] pc=[00000000800004fc] W[r13=00000000800204fc][1] R[r 0=0000000000000000] R[r 0=0000000000000000] inst=[00020697] auipc   a3, 0x20
C0:       1195 [1] pc=[0000000080000500] W[r13=00000000800200e0][1] R[r13=00000000800204fc] R[r 0=0000000000000000] inst=[be468693] addi    a3, a3, -1052
C0:       1196 [1] pc=[0000000080000504] W[r15=000000007375e9d6][1] R[r13=00000000800200e0] R[r 0=0000000000000000] inst=[0186a783] lw      a5, 24(a3)
C0:       1197 [1] pc=[0000000080000508] W[r 6=0000000080020508][1] R[r 0=0000000000000000] R[r 0=0000000000000000] inst=[00020317] auipc   t1, 0x20
C0:       1198 [1] pc=[000000008000050c] W[r 6=0000000080020090][1] R[r 6=0000000080020508] R[r 0=0000000000000000] inst=[b8830313] addi    t1, t1, -1144
C0:       1199 [1] pc=[0000000080000510] W[r 6=00000000800200a8][1] R[r 6=0000000080020090] R[r 0=0000000000000000] inst=[01830313] addi    t1, t1, 24
C0:       1216 [1] pc=[0000000080000514] W[r19=114b668d2c9a211e][1] R[r 6=00000000800200a8] R[r10=0000000000000000] inst=[e0a339af] amomaxu.d s3, a0, (t1)
C0:       1217 [1] pc=[0000000080000518] W[r26=0000000000000000][0] R[r29=8c7af0b504183d0e] R[r 9=8c755dc001c187df] inst=[029ecd33] div     s10, t4, s1
C0:       1218 [1] pc=[000000008000051c] W[r25=000000008004051c][1] R[r 0=0000000000000000] R[r 0=0000000000000000] inst=[00040c97] auipc   s9, 0x40
C0:       1219 [1] pc=[0000000080000520] W[r25=0000000080040080][1] R[r25=000000008004051c] R[r 0=0000000000000000] inst=[b64c8c93] addi    s9, s9, -1180
C0:       1274 [1] pc=[0000000080000524] W[r 0=0000000000000000][0] R[r25=0000000080040080] R[r16=b46f65d72fd81493] inst=[010cb023] sd      a6, 0(s9)
C0:       1275 [1] pc=[0000000080000528] W[r21=0000000080040528][1] R[r 0=0000000000000000] R[r 0=0000000000000000] inst=[00040a97] auipc   s5, 0x40
C0:       1276 [1] pc=[000000008000052c] W[r21=00000000800401b0][1] R[r21=0000000080040528] R[r 0=0000000000000000] inst=[c88a8a93] addi    s5, s5, -888
C0:       1277 [1] pc=[0000000080000530] W[r21=00000000800401b0][1] R[r21=00000000800401b0] R[r 0=0000000000000000] inst=[000a8a93] mv      s5, s5
C0:       1294 [1] pc=[0000000080000534] W[r 4=0000000019303647][1] R[r21=00000000800401b0] R[r 0=0000000000000000] inst=[100aa22f] lr.w    tp, (s5)
C0:       1295 [1] pc=[0000000080000538] W[r21=0000000080040538][1] R[r 0=0000000000000000] R[r 0=0000000000000000] inst=[00040a97] auipc   s5, 0x40
C0:       1296 [1] pc=[000000008000053c] W[r21=00000000800400b0][1] R[r21=0000000080040538] R[r 0=0000000000000000] inst=[b78a8a93] addi    s5, s5, -1160
C0:       1318 [1] pc=[0000000080000540] W[r21=00000000800400c8][1] R[r21=00000000800400b0] R[r 0=0000000000000000] inst=[018a8a93] addi    s5, s5, 24
C0:       1335 [1] pc=[0000000080000544] W[r23=0000000001d8ea9c][1] R[r21=00000000800400c8] R[r 6=00000000800200a8] inst=[806aabaf] amomin.w s7, t1, (s5)
C0:       1336 [1] pc=[0000000080000548] W[r10=0000000080010548][1] R[r 0=0000000000000000] R[r 0=0000000000000000] inst=[00010517] auipc   a0, 0x10
C0:       1337 [1] pc=[000000008000054c] W[r10=00000000800100c0][1] R[r10=0000000080010548] R[r 0=0000000000000000] inst=[b7850513] addi    a0, a0, -1160
C0:       1338 [1] pc=[0000000080000550] W[r10=00000000800100c0][1] R[r10=00000000800100c0] R[r 0=0000000000000000] inst=[00050513] mv      a0, a0
C0:       1355 [1] pc=[0000000080000554] W[r20=ffffffffcd713940][1] R[r10=00000000800100c0] R[r27=0000000000000001] inst=[e1b52a2f] amomaxu.w s4, s11, (a0)
C0:       1356 [1] pc=[0000000080000558] W[r15=0000000000000000][1] R[r24=0000000000000000] R[r 0=0000000000000000] inst=[401c5793] srai    a5, s8, 1
C0:       1357 [1] pc=[000000008000055c] W[r22=0000000000000000][0] R[r17=fa532444e8f068c5] R[r 6=00000000800200a8] inst=[0268fb3b] remuw   s6, a7, t1
C0:       1358 [1] pc=[0000000080000560] W[r19=0000000000000000][1] R[r 0=0000000000000000] R[r 0=0000000000000000] inst=[000009b7] lui     s3, 0x0
C0:       1359 [1] pc=[0000000080000564] W[r28=0000000000000000][0] R[r 9=fa532444e8f068c7] R[r29=00000000800200ab] inst=[21d49e53] fsgnjn.s ft8, fs1, ft9
C0:       1363 [1] pc=[0000000080000568] W[r17=0000000000000000][0] R[r28=fa532444e8f068c7] R[r 0=0000000000000000] inst=[580e38d3] fsqrt.s fa7, ft8
C0:       1364 [1] pc=[000000008000056c] W[r22=000000008004056c][1] R[r 0=0000000000000000] R[r 0=0000000000000000] inst=[00040b17] auipc   s6, 0x40
C0:       1365 [1] pc=[0000000080000570] W[r22=0000000080040170][1] R[r22=000000008004056c] R[r 0=0000000000000000] inst=[c04b0b13] addi    s6, s6, -1020
C0:       1366 [1] pc=[0000000080000574] W[r22=0000000080040180][1] R[r22=0000000080040170] R[r 0=0000000000000000] inst=[010b0b13] addi    s6, s6, 16
C0:       1367 [1] pc=[0000000080000578] W[r20=ca50d25788201d99][1] R[r22=0000000080040180] R[r17=fa532444e8f068c5] inst=[811b3a2f] amomin.d s4, a7, (s6)
C0:       1368 [1] pc=[000000008000057c] W[r 1=7fffffffffffffff][1] R[r 9=fa532444e8f068c7] R[r 0=0000000000000000] inst=[c024c0d3] fcvt.l.s ra, fs1
C0:       1390 [1] pc=[0000000080000580] W[r16=0000000000000000][1] R[r15=0000000000000000] R[r30=a2dc97d38baa8e07] inst=[41e7d83b] sraw    a6, a5, t5
C0:       1391 [1] pc=[0000000080000584] W[r 8=ffffffffffffffff][1] R[r 5=0000000000000003] R[r 0=0000000000000000] inst=[c0128453] fcvt.wu.s s0, ft5
C0:       1392 [1] pc=[0000000080000588] W[r15=0006b4db38b4b300][1] R[r18=d69b671696601552] R[r 0=0000000000000000] inst=[00d95793] srli    a5, s2, 13
C0:       1393 [1] pc=[000000008000058c] W[r14=000000008001058c][1] R[r 0=0000000000000000] R[r 0=0000000000000000] inst=[00010717] auipc   a4, 0x10
C0:       1394 [1] pc=[0000000080000590] W[r14=0000000080010180][1] R[r14=000000008001058c] R[r 0=0000000000000000] inst=[bf470713] addi    a4, a4, -1036
C0:       1395 [1] pc=[0000000080000594] W[r14=0000000080010168][1] R[r14=0000000080010180] R[r 0=0000000000000000] inst=[fe870713] addi    a4, a4, -24
C0:       1457 [1] pc=[0000000080000598] W[r14=3a0b40df9e3c4d90][1] R[r14=0000000080010168] R[r22=0000000080040180] inst=[8167372f] amomin.d a4, s6, (a4)
C0:       1458 [1] pc=[000000008000059c] W[r17=00000000655f859c][1] R[r 0=0000000000000000] R[r 0=0000000000000000] inst=[e55f8897] auipc   a7, 0xe55f8
C0:       1459 [1] pc=[00000000800005a0] W[r 9=0000000080040080][1] R[r25=0000000080040080] R[r 0=0000000000000000] inst=[000c9493] slli    s1, s9, 0
C0:       1460 [1] pc=[00000000800005a4] W[r 2=00000000800405a4][1] R[r 0=0000000000000000] R[r 0=0000000000000000] inst=[00040117] auipc   sp, 0x40
C0:       1461 [1] pc=[00000000800005a8] W[r 2=0000000080040050][1] R[r 2=00000000800405a4] R[r 0=0000000000000000] inst=[aac10113] addi    sp, sp, -1364
C0:       1462 [1] pc=[00000000800005ac] W[r28=ffffffffffe00000][1] R[r 0=0000000000000000] R[r 0=0000000000000000] inst=[ffe00e37] lui     t3, 0xffe00
C0:       1463 [1] pc=[00000000800005b0] W[r 2=ffffffff7fe40050][1] R[r 2=0000000080040050] R[r28=ffffffffffe00000] inst=[01c14133] xor     sp, sp, t3
C0:       1464 [0] pc=[00000000800005b4] W[r26=0000000000000000][0] R[r 2=ffffffff7fe40050] R[r 0=0000000000000000] inst=[01e11d03] lh      s10, 30(sp)
C0:       1469 [1] pc=[0000000080000130] W[r 1=0000000080002130][1] R[r 0=0000000000000000] R[r 0=0000000000000000] inst=[00002097] auipc   ra, 0x2
C0:       1470 [1] pc=[0000000080000134] W[r 1=0000000080002200][1] R[r 1=0000000080002130] R[r 0=0000000000000000] inst=[0d008093] addi    ra, ra, 208
C0:       1471 [1] pc=[0000000080000138] W[r 2=8000000200006000][1] R[r 0=0000000000000000] R[r 0=0000000000000000] inst=[10002173] csrr    sp, sstatus
C0:       1490 [1] pc=[000000008000013c] W[r 0=0000000000000000][0] R[r 1=0000000080002200] R[r 2=8000000200006000] inst=[0420bc23] sd      sp, 88(ra)
C0:       1523 [1] pc=[0000000080000140] W[r 2=0000000000000000][1] R[r 0=0000000000000000] R[r 0=0000000000000000] inst=[10402173] csrr    sp, sie
C0:       1526 [1] pc=[0000000080000144] W[r 0=0000000000000000][0] R[r 1=0000000080002200] R[r 2=0000000000000000] inst=[0620b823] sd      sp, 112(ra)
C0:       1527 [1] pc=[0000000080000148] W[r 2=0000000080000114][1] R[r 0=0000000000000000] R[r 0=0000000000000000] inst=[10502173] csrr    sp, stvec
C0:       1530 [1] pc=[000000008000014c] W[r 0=0000000000000000][0] R[r 1=0000000080002200] R[r 2=0000000080000114] inst=[0620bc23] sd      sp, 120(ra)
C0:       1531 [1] pc=[0000000080000150] W[r 2=0000000000000005][1] R[r 0=0000000000000000] R[r 0=0000000000000000] inst=[10602173] csrr    sp, scounteren
C0:       1550 [1] pc=[0000000080000154] W[r 0=0000000000000000][0] R[r 1=0000000080002200] R[r 2=0000000000000005] inst=[0820b023] sd      sp, 128(ra)
C0:       1551 [1] pc=[0000000080000158] W[r 2=03705509c02a405b][1] R[r 0=0000000000000000] R[r 0=0000000000000000] inst=[14002173] csrr    sp, sscratch
C0:       1554 [1] pc=[000000008000015c] W[r 0=0000000000000000][0] R[r 1=0000000080002200] R[r 2=03705509c02a405b] inst=[0820b423] sd      sp, 136(ra)
C0:       1555 [1] pc=[0000000080000160] W[r 2=ffffffe8c44d51a4][1] R[r 0=0000000000000000] R[r 0=0000000000000000] inst=[14102173] csrr    sp, sepc
C0:       1558 [1] pc=[0000000080000164] W[r 0=0000000000000000][0] R[r 1=0000000080002200] R[r 2=ffffffe8c44d51a4] inst=[0820b823] sd      sp, 144(ra)
C0:       1559 [1] pc=[0000000080000168] W[r 2=5243e39961efb2ea][1] R[r 0=0000000000000000] R[r 0=0000000000000000] inst=[14202173] csrr    sp, scause
C0:       1562 [1] pc=[000000008000016c] W[r 0=0000000000000000][0] R[r 1=0000000080002200] R[r 2=5243e39961efb2ea] inst=[0820bc23] sd      sp, 152(ra)
C0:       1563 [1] pc=[0000000080000170] W[r 2=000000753c17b906][1] R[r 0=0000000000000000] R[r 0=0000000000000000] inst=[14302173] csrr    sp, stval
C0:       1566 [1] pc=[0000000080000174] W[r 0=0000000000000000][0] R[r 1=0000000080002200] R[r 2=000000753c17b906] inst=[0a20b023] sd      sp, 160(ra)
C0:       1567 [1] pc=[0000000080000178] W[r 2=0000000000000000][1] R[r 0=0000000000000000] R[r 0=0000000000000000] inst=[14402173] csrr    sp, sip
C0:       1570 [1] pc=[000000008000017c] W[r 2=0000000000000000][1] R[r 2=0000000000000000] R[r 0=0000000000000000] inst=[f7f17113] andi    sp, sp, -129
C0:       1630 [1] pc=[0000000080000180] W[r 0=0000000000000000][0] R[r 1=0000000080002200] R[r 2=0000000000000000] inst=[0a20b423] sd      sp, 168(ra)
C0:       1631 [1] pc=[0000000080000184] W[r 2=0000000000000000][1] R[r 0=0000000000000000] R[r 0=0000000000000000] inst=[18002173] csrr    sp, satp
C0:       1634 [1] pc=[0000000080000188] W[r 0=0000000000000000][0] R[r 1=0000000080002200] R[r 2=0000000000000000] inst=[0a20b823] sd      sp, 176(ra)
C0:       1635 [1] pc=[000000008000018c] W[r 2=0000000000000000][1] R[r 0=0000000000000000] R[r 0=0000000000000000] inst=[f1402173] csrr    sp, mhartid
C0:       1638 [1] pc=[0000000080000190] W[r 0=0000000000000000][0] R[r 1=0000000080002200] R[r 2=0000000000000000] inst=[0a20bc23] sd      sp, 184(ra)
C0:       1639 [1] pc=[0000000080000194] W[r 2=8000000a00006800][1] R[r 0=0000000000000000] R[r 0=0000000000000000] inst=[30002173] csrr    sp, mstatus
C0:       1658 [1] pc=[0000000080000198] W[r 0=0000000000000000][0] R[r 1=0000000080002200] R[r 2=8000000a00006800] inst=[0c20b023] sd      sp, 192(ra)
C0:       1659 [1] pc=[000000008000019c] W[r 2=000000000000b109][1] R[r 0=0000000000000000] R[r 0=0000000000000000] inst=[30202173] csrr    sp, medeleg
C0:       1662 [1] pc=[00000000800001a0] W[r 0=0000000000000000][0] R[r 1=0000000080002200] R[r 2=000000000000b109] inst=[0c20b423] sd      sp, 200(ra)
C0:       1663 [1] pc=[00000000800001a4] W[r 2=0000000000000000][1] R[r 0=0000000000000000] R[r 0=0000000000000000] inst=[30302173] csrr    sp, mideleg
C0:       1666 [1] pc=[00000000800001a8] W[r 0=0000000000000000][0] R[r 1=0000000080002200] R[r 2=0000000000000000] inst=[0c20b823] sd      sp, 208(ra)
C0:       1667 [1] pc=[00000000800001ac] W[r 2=0000000000000000][1] R[r 0=0000000000000000] R[r 0=0000000000000000] inst=[30402173] csrr    sp, mie
C0:       1670 [1] pc=[00000000800001b0] W[r 0=0000000000000000][0] R[r 1=0000000080002200] R[r 2=0000000000000000] inst=[0c20bc23] sd      sp, 216(ra)
C0:       1671 [1] pc=[00000000800001b4] W[r 2=0000000080000130][1] R[r 0=0000000000000000] R[r 0=0000000000000000] inst=[30502173] csrr    sp, mtvec
C0:       1674 [1] pc=[00000000800001b8] W[r 0=0000000000000000][0] R[r 1=0000000080002200] R[r 2=0000000080000130] inst=[0e20b023] sd      sp, 224(ra)
C0:       1675 [1] pc=[00000000800001bc] W[r 2=0000000000000003][1] R[r 0=0000000000000000] R[r 0=0000000000000000] inst=[30602173] csrr    sp, mcounteren
C0:       1697 [1] pc=[00000000800001c0] W[r 0=0000000000000000][0] R[r 1=0000000080002200] R[r 2=0000000000000003] inst=[0e20b423] sd      sp, 232(ra)
C0:       1698 [1] pc=[00000000800001c4] W[r 2=892fc0120650df0c][1] R[r 0=0000000000000000] R[r 0=0000000000000000] inst=[34002173] csrr    sp, mscratch
C0:       1701 [1] pc=[00000000800001c8] W[r 0=0000000000000000][0] R[r 1=0000000080002200] R[r 2=892fc0120650df0c] inst=[0e20b823] sd      sp, 240(ra)
C0:       1702 [1] pc=[00000000800001cc] W[r 2=00000000800005b4][1] R[r 0=0000000000000000] R[r 0=0000000000000000] inst=[34102173] csrr    sp, mepc
C0:       1705 [1] pc=[00000000800001d0] W[r 0=0000000000000000][0] R[r 1=0000000080002200] R[r 2=00000000800005b4] inst=[0e20bc23] sd      sp, 248(ra)
C0:       1706 [1] pc=[00000000800001d4] W[r 2=0000000000000005][1] R[r 0=0000000000000000] R[r 0=0000000000000000] inst=[34202173] csrr    sp, mcause
C0:       1725 [1] pc=[00000000800001d8] W[r 0=0000000000000000][0] R[r 1=0000000080002200] R[r 2=0000000000000005] inst=[1020b023] sd      sp, 256(ra)
C0:       1726 [1] pc=[00000000800001dc] W[r 2=ffffffff7fe4006e][1] R[r 0=0000000000000000] R[r 0=0000000000000000] inst=[34302173] csrr    sp, mtval
C0:       1729 [1] pc=[00000000800001e0] W[r 0=0000000000000000][0] R[r 1=0000000080002200] R[r 2=ffffffff7fe4006e] inst=[1020b423] sd      sp, 264(ra)
C0:       1730 [1] pc=[00000000800001e4] W[r 2=0000000000000020][1] R[r 0=0000000000000000] R[r 0=0000000000000000] inst=[34402173] csrr    sp, mip
C0:       1733 [1] pc=[00000000800001e8] W[r 2=0000000000000020][1] R[r 2=0000000000000020] R[r 0=0000000000000000] inst=[f7f17113] andi    sp, sp, -129
C0:       1734 [1] pc=[00000000800001ec] W[r 0=0000000000000000][0] R[r 1=0000000080002200] R[r 2=0000000000000020] inst=[1020b823] sd      sp, 272(ra)
C0:       1735 [1] pc=[00000000800001f0] W[r 2=000000000000001f][1] R[r 0=0000000000000000] R[r 0=0000000000000000] inst=[3a002173] csrr    sp, pmpcfg0
C0:       1738 [1] pc=[00000000800001f4] W[r 0=0000000000000000][0] R[r 1=0000000080002200] R[r 2=000000000000001f] inst=[1020bc23] sd      sp, 280(ra)
C0:       1739 [1] pc=[00000000800001f8] W[r 2=000000003fffffff][1] R[r 0=0000000000000000] R[r 0=0000000000000000] inst=[3b002173] csrr    sp, pmpaddr0
C0:       1742 [1] pc=[00000000800001fc] W[r 0=0000000000000000][0] R[r 1=0000000080002200] R[r 2=000000003fffffff] inst=[1220bc23] sd      sp, 312(ra)
C0:       1764 [1] pc=[0000000080000200] W[r 2=0000000007955f37][1] R[r 0=0000000000000000] R[r 0=0000000000000000] inst=[3b102173] csrr    sp, pmpaddr1
C0:       1783 [1] pc=[0000000080000204] W[r 0=0000000000000000][0] R[r 1=0000000080002200] R[r 2=0000000007955f37] inst=[1420b023] sd      sp, 320(ra)
C0:       1784 [1] pc=[0000000080000208] W[r 2=00000000040c5558][1] R[r 0=0000000000000000] R[r 0=0000000000000000] inst=[3b202173] csrr    sp, pmpaddr2
C0:       1787 [1] pc=[000000008000020c] W[r 0=0000000000000000][0] R[r 1=0000000080002200] R[r 2=00000000040c5558] inst=[1420b423] sd      sp, 328(ra)
C0:       1788 [1] pc=[0000000080000210] W[r 2=000000000e7595dc][1] R[r 0=0000000000000000] R[r 0=0000000000000000] inst=[3b302173] csrr    sp, pmpaddr3
C0:       1791 [1] pc=[0000000080000214] W[r 0=0000000000000000][0] R[r 1=0000000080002200] R[r 2=000000000e7595dc] inst=[1420b823] sd      sp, 336(ra)
C0:       1792 [1] pc=[0000000080000218] W[r 2=0000000021de349c][1] R[r 0=0000000000000000] R[r 0=0000000000000000] inst=[3b402173] csrr    sp, pmpaddr4
C0:       1795 [1] pc=[000000008000021c] W[r 0=0000000000000000][0] R[r 1=0000000080002200] R[r 2=0000000021de349c] inst=[1420bc23] sd      sp, 344(ra)
C0:       1796 [1] pc=[0000000080000220] W[r 2=000000001b9b4330][1] R[r 0=0000000000000000] R[r 0=0000000000000000] inst=[3b502173] csrr    sp, pmpaddr5
C0:       1799 [1] pc=[0000000080000224] W[r 0=0000000000000000][0] R[r 1=0000000080002200] R[r 2=000000001b9b4330] inst=[1620b023] sd      sp, 352(ra)
C0:       1800 [1] pc=[0000000080000228] W[r 2=00000000060df5d0][1] R[r 0=0000000000000000] R[r 0=0000000000000000] inst=[3b602173] csrr    sp, pmpaddr6
C0:       1803 [1] pc=[000000008000022c] W[r 0=0000000000000000][0] R[r 1=0000000080002200] R[r 2=00000000060df5d0] inst=[1620b423] sd      sp, 360(ra)
C0:       1804 [1] pc=[0000000080000230] W[r 2=000000001a73e500][1] R[r 0=0000000000000000] R[r 0=0000000000000000] inst=[3b702173] csrr    sp, pmpaddr7
C0:       1807 [1] pc=[0000000080000234] W[r 0=0000000000000000][0] R[r 1=0000000080002200] R[r 2=000000001a73e500] inst=[1620b823] sd      sp, 368(ra)
C0:       1808 [1] pc=[0000000080000238] W[r10=0000000000006000][1] R[r 0=0000000000000000] R[r 0=0000000000000000] inst=[00006537] lui     a0, 0x6
C0:       1809 [1] pc=[000000008000023c] W[r 0=8000000a00006800][1] R[r10=0000000000006000] R[r 0=0000000000000000] inst=[30052073] csrs    mstatus, a0
C0:       1830 [1] pc=[0000000080000240] W[r 2=0000000000000010][1] R[r 0=0000000000000000] R[r 0=0000000000000000] inst=[00102173] csrr    sp, fflags
C0:       1833 [1] pc=[0000000080000244] W[r 0=0000000000000000][0] R[r 1=0000000080002200] R[r 2=0000000000000010] inst=[0420b023] sd      sp, 64(ra)
C0:       1834 [1] pc=[0000000080000248] W[r 2=0000000000000000][1] R[r 0=0000000000000000] R[r 0=0000000000000000] inst=[00202173] csrr    sp, frm
C0:       1837 [1] pc=[000000008000024c] W[r 0=0000000000000000][0] R[r 1=0000000080002200] R[r 2=0000000000000000] inst=[0420b423] sd      sp, 72(ra)
C0:       1838 [1] pc=[0000000080000250] W[r 2=0000000000000010][1] R[r 0=0000000000000000] R[r 0=0000000000000000] inst=[00302173] csrr    sp, fcsr
C0:       1841 [1] pc=[0000000080000254] W[r 0=0000000000000000][0] R[r 1=0000000080002200] R[r 2=0000000000000010] inst=[0420b823] sd      sp, 80(ra)
C0:       1842 [1] pc=[0000000080000258] W[r 1=0000000080002258][1] R[r 0=0000000000000000] R[r 0=0000000000000000] inst=[00002097] auipc   ra, 0x2
C0:       1843 [1] pc=[000000008000025c] W[r 1=0000000080002000][1] R[r 1=0000000080002258] R[r 0=0000000000000000] inst=[da808093] addi    ra, ra, -600
C0:       1860 [1] pc=[0000000080000260] W[r 0=0000000000000000][0] R[r 1=0000000080002000] R[r 0=0000000000000000] inst=[0000b023] sd      zero, 0(ra)
C0:       1861 [1] pc=[0000000080000264] W[r 0=0000000000000000][0] R[r 1=0000000080002000] R[r 2=0000000000000010] inst=[0020b823] sd      sp, 16(ra)
C0:       1862 [1] pc=[0000000080000268] W[r 0=0000000000000000][0] R[r 1=0000000080002000] R[r 3=4e078f58e99f7505] inst=[0030bc23] sd      gp, 24(ra)
C0:       1863 [1] pc=[000000008000026c] W[r 0=0000000000000000][0] R[r 1=0000000080002000] R[r 4=0000000019303647] inst=[0240b023] sd      tp, 32(ra)
C0:       1864 [1] pc=[0000000080000270] W[r 0=0000000000000000][0] R[r 1=0000000080002000] R[r 5=0000000000000001] inst=[0250b423] sd      t0, 40(ra)
C0:       1865 [1] pc=[0000000080000274] W[r 0=0000000000000000][0] R[r 1=0000000080002000] R[r 6=00000000800200a8] inst=[0260b823] sd      t1, 48(ra)
C0:       1866 [1] pc=[0000000080000278] W[r 0=0000000000000000][0] R[r 1=0000000080002000] R[r 7=000000003d0e0000] inst=[0270bc23] sd      t2, 56(ra)
C0:       1883 [1] pc=[000000008000027c] W[r 0=0000000000000000][0] R[r 1=0000000080002000] R[r 8=ffffffffffffffff] inst=[0480b023] sd      s0, 64(ra)
C0:       1894 [1] pc=[0000000080000280] W[r 0=0000000000000000][0] R[r 1=0000000080002000] R[r 9=0000000080040080] inst=[0490b423] sd      s1, 72(ra)
C0:       1895 [1] pc=[0000000080000284] W[r 0=0000000000000000][0] R[r 1=0000000080002000] R[r10=0000000000006000] inst=[04a0b823] sd      a0, 80(ra)
C0:       1896 [1] pc=[0000000080000288] W[r 0=0000000000000000][0] R[r 1=0000000080002000] R[r11=d02bdddc3dc2c616] inst=[04b0bc23] sd      a1, 88(ra)
C0:       1897 [1] pc=[000000008000028c] W[r 0=0000000000000000][0] R[r 1=0000000080002000] R[r12=d8d4cb9996fadb1d] inst=[06c0b023] sd      a2, 96(ra)
C0:       1898 [1] pc=[0000000080000290] W[r 0=0000000000000000][0] R[r 1=0000000080002000] R[r13=00000000800200e0] inst=[06d0b423] sd      a3, 104(ra)
C0:       1899 [1] pc=[0000000080000294] W[r 0=0000000000000000][0] R[r 1=0000000080002000] R[r14=3a0b40df9e3c4d90] inst=[06e0b823] sd      a4, 112(ra)
C0:       1900 [1] pc=[0000000080000298] W[r 0=0000000000000000][0] R[r 1=0000000080002000] R[r15=0006b4db38b4b300] inst=[06f0bc23] sd      a5, 120(ra)
C0:       1935 [1] pc=[000000008000029c] W[r 0=0000000000000000][0] R[r 1=0000000080002000] R[r16=0000000000000000] inst=[0900b023] sd      a6, 128(ra)
C0:       1936 [1] pc=[00000000800002a0] W[r 0=0000000000000000][0] R[r 1=0000000080002000] R[r17=00000000655f859c] inst=[0910b423] sd      a7, 136(ra)
C0:       1937 [1] pc=[00000000800002a4] W[r 0=0000000000000000][0] R[r 1=0000000080002000] R[r18=d69b671696601552] inst=[0920b823] sd      s2, 144(ra)
C0:       1938 [1] pc=[00000000800002a8] W[r 0=0000000000000000][0] R[r 1=0000000080002000] R[r19=0000000000000000] inst=[0930bc23] sd      s3, 152(ra)
C0:       1939 [1] pc=[00000000800002ac] W[r 0=0000000000000000][0] R[r 1=0000000080002000] R[r20=ca50d25788201d99] inst=[0b40b023] sd      s4, 160(ra)
C0:       1940 [1] pc=[00000000800002b0] W[r 0=0000000000000000][0] R[r 1=0000000080002000] R[r21=00000000800400c8] inst=[0b50b423] sd      s5, 168(ra)
C0:       1941 [1] pc=[00000000800002b4] W[r 0=0000000000000000][0] R[r 1=0000000080002000] R[r22=0000000080040180] inst=[0b60b823] sd      s6, 176(ra)
C0:       1942 [1] pc=[00000000800002b8] W[r 0=0000000000000000][0] R[r 1=0000000080002000] R[r23=0000000001d8ea9c] inst=[0b70bc23] sd      s7, 184(ra)
C0:       1959 [1] pc=[00000000800002bc] W[r 0=0000000000000000][0] R[r 1=0000000080002000] R[r24=0000000000000000] inst=[0d80b023] sd      s8, 192(ra)
C0:       1970 [1] pc=[00000000800002c0] W[r 0=0000000000000000][0] R[r 1=0000000080002000] R[r25=0000000080040080] inst=[0d90b423] sd      s9, 200(ra)
C0:       1971 [1] pc=[00000000800002c4] W[r 0=0000000000000000][0] R[r 1=0000000080002000] R[r27=0000000000000001] inst=[0db0bc23] sd      s11, 216(ra)
C0:       1972 [1] pc=[00000000800002c8] W[r 0=0000000000000000][0] R[r 1=0000000080002000] R[r28=ffffffffffe00000] inst=[0fc0b023] sd      t3, 224(ra)
C0:       1973 [1] pc=[00000000800002cc] W[r 0=0000000000000000][0] R[r 1=0000000080002000] R[r29=8c7af0b504183d0e] inst=[0fd0b423] sd      t4, 232(ra)
C0:       1974 [1] pc=[00000000800002d0] W[r 0=0000000000000000][0] R[r 1=0000000080002000] R[r30=a2dc97d38baa8e07] inst=[0fe0b823] sd      t5, 240(ra)
C0:       1975 [1] pc=[00000000800002d4] W[r 1=00000000800022d4][1] R[r 0=0000000000000000] R[r 0=0000000000000000] inst=[00002097] auipc   ra, 0x2
C0:       1976 [1] pc=[00000000800002d8] W[r 1=0000000080002100][1] R[r 1=00000000800022d4] R[r 0=0000000000000000] inst=[e2c08093] addi    ra, ra, -468
C0:       2011 [1] pc=[00000000800002dc] W[r 0=0000000000000000][0] R[r 1=0000000080002100] R[r 1=a2dc97d38baa8e07] inst=[0010a427] fsw     ft1, 8(ra)
C0:       2012 [1] pc=[00000000800002e0] W[r 0=0000000000000000][0] R[r 1=0000000080002100] R[r 2=a2dc97d38baa8e07] inst=[0020a827] fsw     ft2, 16(ra)
C0:       2013 [1] pc=[00000000800002e4] W[r 0=0000000000000000][0] R[r 1=0000000080002100] R[r 7=a2dc97d38baa8e07] inst=[0270ac27] fsw     ft7, 56(ra)
C0:       2048 [1] pc=[00000000800002e8] W[r 0=0000000000000000][0] R[r 1=0000000080002100] R[r 9=a2dc97d38baa8e07] inst=[0490a427] fsw     fs1, 72(ra)
C0:       2049 [1] pc=[00000000800002ec] W[r 0=0000000000000000][0] R[r 1=0000000080002100] R[r10=a2dc97d38baa8e07] inst=[04a0a827] fsw     fa0, 80(ra)
C0:       2050 [1] pc=[00000000800002f0] W[r 0=0000000000000000][0] R[r 1=0000000080002100] R[r12=a2dc97d38baa8e07] inst=[06c0a027] fsw     fa2, 96(ra)
C0:       2051 [1] pc=[00000000800002f4] W[r 0=0000000000000000][0] R[r 1=0000000080002100] R[r13=a2dc97d38baa8e07] inst=[06d0a427] fsw     fa3, 104(ra)
C0:       2068 [1] pc=[00000000800002f8] W[r 0=0000000000000000][0] R[r 1=0000000080002100] R[r21=a2dc97d38baa8e07] inst=[0b50a427] fsw     fs5, 168(ra)
C0:       2069 [1] pc=[00000000800002fc] W[r 0=0000000000000000][0] R[r 1=0000000080002100] R[r22=a2dc97d38baa8e07] inst=[0b60a827] fsw     fs6, 176(ra)
C0:       2107 [1] pc=[0000000080000300] W[r 0=0000000000000000][0] R[r 1=0000000080002100] R[r25=a2dc97d38baa8e07] inst=[0d90a427] fsw     fs9, 200(ra)
C0:       2108 [1] pc=[0000000080000304] W[r 0=0000000000000000][0] R[r 1=0000000080002100] R[r26=a2dc97d38baa8e07] inst=[0da0a827] fsw     fs10, 208(ra)
C0:       2109 [1] pc=[0000000080000308] W[r 0=0000000000000000][0] R[r 1=0000000080002100] R[r28=a2dc97d38baa8e07] inst=[0fc0a027] fsw     ft8, 224(ra)
C0:       2110 [1] pc=[000000008000030c] W[r 0=0000000000000000][0] R[r 1=0000000080002100] R[r29=a2dc97d38baa8e07] inst=[0fd0a427] fsw     ft9, 232(ra)
C0:       2111 [1] pc=[0000000080000310] W[r 0=0000000000000000][0] R[r 1=0000000080002100] R[r30=a2dc97d38baa8e07] inst=[0fe0a827] fsw     ft10, 240(ra)
C0:       2112 [1] pc=[0000000080000314] W[r 0=0000000000000000][0] R[r 1=0000000080002100] R[r31=a2dc97d38baa8e07] inst=[0ff0ac27] fsw     ft11, 248(ra)
C0:       2113 [1] pc=[0000000080000318] W[r 1=0000000080002318][1] R[r 0=0000000000000000] R[r 0=0000000000000000] inst=[00002097] auipc   ra, 0x2
C0:       2114 [1] pc=[000000008000031c] W[r 1=0000000080002100][1] R[r 1=0000000080002318] R[r 0=0000000000000000] inst=[de808093] addi    ra, ra, -536
C0:       2115 [1] pc=[0000000080000320] W[r 0=0000000000000000][0] R[r 1=0000000080002100] R[r 0=0000000000000000] inst=[0000b027] fsd     ft0, 0(ra)
C0:       2116 [1] pc=[0000000080000324] W[r 0=0000000000000000][0] R[r 1=0000000080002100] R[r 3=a2dc97d38baa8e07] inst=[0030bc27] fsd     ft3, 24(ra)
C0:       2117 [1] pc=[0000000080000328] W[r 0=0000000000000000][0] R[r 1=0000000080002100] R[r 4=a2dc97d38baa8e07] inst=[0240b027] fsd     ft4, 32(ra)
C0:       2118 [1] pc=[000000008000032c] W[r 0=0000000000000000][0] R[r 1=0000000080002100] R[r 5=a2dc97d38baa8e07] inst=[0250b427] fsd     ft5, 40(ra)
C0:       2119 [1] pc=[0000000080000330] W[r 0=0000000000000000][0] R[r 1=0000000080002100] R[r 6=a2dc97d38baa8e07] inst=[0260b827] fsd     ft6, 48(ra)
C0:       2120 [1] pc=[0000000080000334] W[r 0=0000000000000000][0] R[r 1=0000000080002100] R[r 8=a2dc97d38baa8e07] inst=[0480b027] fsd     fs0, 64(ra)
C0:       2121 [1] pc=[0000000080000338] W[r 0=0000000000000000][0] R[r 1=0000000080002100] R[r11=a2dc97d38baa8e07] inst=[04b0bc27] fsd     fa1, 88(ra)
C0:       2122 [1] pc=[000000008000033c] W[r 0=0000000000000000][0] R[r 1=0000000080002100] R[r14=a2dc97d38baa8e07] inst=[06e0b827] fsd     fa4, 112(ra)
C0:       2123 [1] pc=[0000000080000340] W[r 0=0000000000000000][0] R[r 1=0000000080002100] R[r15=a2dc97d38baa8e07] inst=[06f0bc27] fsd     fa5, 120(ra)
C0:       2124 [1] pc=[0000000080000344] W[r 0=0000000000000000][0] R[r 1=0000000080002100] R[r16=a2dc97d38baa8e07] inst=[0900b027] fsd     fa6, 128(ra)
C0:       2125 [1] pc=[0000000080000348] W[r 0=0000000000000000][0] R[r 1=0000000080002100] R[r17=a2dc97d38baa8e07] inst=[0910b427] fsd     fa7, 136(ra)
C0:       2126 [1] pc=[000000008000034c] W[r 0=0000000000000000][0] R[r 1=0000000080002100] R[r18=a2dc97d38baa8e07] inst=[0920b827] fsd     fs2, 144(ra)
C0:       2127 [1] pc=[0000000080000350] W[r 0=0000000000000000][0] R[r 1=0000000080002100] R[r19=a2dc97d38baa8e07] inst=[0930bc27] fsd     fs3, 152(ra)
C0:       2128 [1] pc=[0000000080000354] W[r 0=0000000000000000][0] R[r 1=0000000080002100] R[r20=a2dc97d38baa8e07] inst=[0b40b027] fsd     fs4, 160(ra)
C0:       2129 [1] pc=[0000000080000358] W[r 0=0000000000000000][0] R[r 1=0000000080002100] R[r23=a2dc97d38baa8e07] inst=[0b70bc27] fsd     fs7, 184(ra)
C0:       2130 [1] pc=[000000008000035c] W[r 0=0000000000000000][0] R[r 1=0000000080002100] R[r24=a2dc97d38baa8e07] inst=[0d80b027] fsd     fs8, 192(ra)
C0:       2131 [1] pc=[0000000080000360] W[r 0=0000000000000000][0] R[r 1=0000000080002100] R[r27=a2dc97d38baa8e07] inst=[0db0bc27] fsd     fs11, 216(ra)
C0:       2132 [1] pc=[0000000080000364] W[r 3=0000000000000001][1] R[r 0=0000000000000000] R[r 0=0000000000000000] inst=[00100193] li      gp, 1
C0:       2133 [1] pc=[0000000080000368] W[r30=0000000080001368][1] R[r 0=0000000000000000] R[r 0=0000000000000000] inst=[00001f17] auipc   t5, 0x1
C0:       2150 [1] pc=[000000008000036c] W[r 0=0000000000000000][0] R[r30=0000000080001368] R[r 3=0000000000000001] inst=[c83f2c23] sw      gp, -872(t5)
C0:       2151 [1] pc=[0000000080000370] W[r 0=0000000080000374][1] R[r 0=0000000000000000] R[r 0=0000000000000000] inst=[0000006f] j       pc + 0x0
C0:       2155 [1] pc=[0000000080000370] W[r 0=0000000080000374][1] R[r 0=0000000000000000] R[r 0=0000000000000000] inst=[0000006f] j       pc + 0x0
C0:       2157 [1] pc=[0000000080000370] W[r 0=0000000080000374][1] R[r 0=0000000000000000] R[r 0=0000000000000000] inst=[0000006f] j       pc + 0x0
C0:       2158 [1] pc=[0000000080000370] W[r 0=0000000080000374][1] R[r 0=0000000000000000] R[r 0=0000000000000000] inst=[0000006f] j       pc + 0x0
C0:       2159 [1] pc=[0000000080000370] W[r 0=0000000080000374][1] R[r 0=0000000000000000] R[r 0=0000000000000000] inst=[0000006f] j       pc + 0x0
C0:       2161 [1] pc=[0000000080000370] W[r 0=0000000080000374][1] R[r 0=0000000000000000] R[r 0=0000000000000000] inst=[0000006f] j       pc + 0x0
C0:       2163 [1] pc=[0000000080000370] W[r 0=0000000080000374][1] R[r 0=0000000000000000] R[r 0=0000000000000000] inst=[0000006f] j       pc + 0x0
C0:       2164 [1] pc=[0000000080000370] W[r 0=0000000080000374][1] R[r 0=0000000000000000] R[r 0=0000000000000000] inst=[0000006f] j       pc + 0x0
C0:       2165 [1] pc=[0000000080000370] W[r 0=0000000080000374][1] R[r 0=0000000000000000] R[r 0=0000000000000000] inst=[0000006f] j       pc + 0x0
C0:       2167 [1] pc=[0000000080000370] W[r 0=0000000080000374][1] R[r 0=0000000000000000] R[r 0=0000000000000000] inst=[0000006f] j       pc + 0x0
C0:       2169 [1] pc=[0000000080000370] W[r 0=0000000080000374][1] R[r 0=0000000000000000] R[r 0=0000000000000000] inst=[0000006f] j       pc + 0x0
C0:       2170 [1] pc=[0000000080000370] W[r 0=0000000080000374][1] R[r 0=0000000000000000] R[r 0=0000000000000000] inst=[0000006f] j       pc + 0x0
C0:       2171 [1] pc=[0000000080000370] W[r 0=0000000080000374][1] R[r 0=0000000000000000] R[r 0=0000000000000000] inst=[0000006f] j       pc + 0x0
C0:       2173 [1] pc=[0000000080000370] W[r 0=0000000080000374][1] R[r 0=0000000000000000] R[r 0=0000000000000000] inst=[0000006f] j       pc + 0x0
C0:       2175 [1] pc=[0000000080000370] W[r 0=0000000080000374][1] R[r 0=0000000000000000] R[r 0=0000000000000000] inst=[0000006f] j       pc + 0x0
C0:       2176 [1] pc=[0000000080000370] W[r 0=0000000080000374][1] R[r 0=0000000000000000] R[r 0=0000000000000000] inst=[0000006f] j       pc + 0x0
C0:       2177 [1] pc=[0000000080000370] W[r 0=0000000080000374][1] R[r 0=0000000000000000] R[r 0=0000000000000000] inst=[0000006f] j       pc + 0x0
C0:       2179 [1] pc=[0000000080000370] W[r 0=0000000080000374][1] R[r 0=0000000000000000] R[r 0=0000000000000000] inst=[0000006f] j       pc + 0x0
C0:       2181 [1] pc=[0000000080000370] W[r 0=0000000080000374][1] R[r 0=0000000000000000] R[r 0=0000000000000000] inst=[0000006f] j       pc + 0x0
C0:       2182 [1] pc=[0000000080000370] W[r 0=0000000080000374][1] R[r 0=0000000000000000] R[r 0=0000000000000000] inst=[0000006f] j       pc + 0x0
C0:       2183 [1] pc=[0000000080000370] W[r 0=0000000080000374][1] R[r 0=0000000000000000] R[r 0=0000000000000000] inst=[0000006f] j       pc + 0x0
C0:       2185 [1] pc=[0000000080000370] W[r 0=0000000080000374][1] R[r 0=0000000000000000] R[r 0=0000000000000000] inst=[0000006f] j       pc + 0x0
C0:       2187 [1] pc=[0000000080000370] W[r 0=0000000080000374][1] R[r 0=0000000000000000] R[r 0=0000000000000000] inst=[0000006f] j       pc + 0x0
C0:       2188 [1] pc=[0000000080000370] W[r 0=0000000080000374][1] R[r 0=0000000000000000] R[r 0=0000000000000000] inst=[0000006f] j       pc + 0x0
C0:       2189 [1] pc=[0000000080000370] W[r 0=0000000080000374][1] R[r 0=0000000000000000] R[r 0=0000000000000000] inst=[0000006f] j       pc + 0x0
C0:       2191 [1] pc=[0000000080000370] W[r 0=0000000080000374][1] R[r 0=0000000000000000] R[r 0=0000000000000000] inst=[0000006f] j       pc + 0x0
C0:       2193 [1] pc=[0000000080000370] W[r 0=0000000080000374][1] R[r 0=0000000000000000] R[r 0=0000000000000000] inst=[0000006f] j       pc + 0x0
C0:       2194 [1] pc=[0000000080000370] W[r 0=0000000080000374][1] R[r 0=0000000000000000] R[r 0=0000000000000000] inst=[0000006f] j       pc + 0x0
C0:       2195 [1] pc=[0000000080000370] W[r 0=0000000080000374][1] R[r 0=0000000000000000] R[r 0=0000000000000000] inst=[0000006f] j       pc + 0x0
C0:       2197 [1] pc=[0000000080000370] W[r 0=0000000080000374][1] R[r 0=0000000000000000] R[r 0=0000000000000000] inst=[0000006f] j       pc + 0x0
C0:       2199 [1] pc=[0000000080000370] W[r 0=0000000080000374][1] R[r 0=0000000000000000] R[r 0=0000000000000000] inst=[0000006f] j       pc + 0x0
C0:       2200 [1] pc=[0000000080000370] W[r 0=0000000080000374][1] R[r 0=0000000000000000] R[r 0=0000000000000000] inst=[0000006f] j       pc + 0x0
C0:       2201 [1] pc=[0000000080000370] W[r 0=0000000080000374][1] R[r 0=0000000000000000] R[r 0=0000000000000000] inst=[0000006f] j       pc + 0x0
C0:       2203 [1] pc=[0000000080000370] W[r 0=0000000080000374][1] R[r 0=0000000000000000] R[r 0=0000000000000000] inst=[0000006f] j       pc + 0x0
C0:       2205 [1] pc=[0000000080000370] W[r 0=0000000080000374][1] R[r 0=0000000000000000] R[r 0=0000000000000000] inst=[0000006f] j       pc + 0x0
C0:       2206 [1] pc=[0000000080000370] W[r 0=0000000080000374][1] R[r 0=0000000000000000] R[r 0=0000000000000000] inst=[0000006f] j       pc + 0x0
C0:       2207 [1] pc=[0000000080000370] W[r 0=0000000080000374][1] R[r 0=0000000000000000] R[r 0=0000000000000000] inst=[0000006f] j       pc + 0x0
C0:       2209 [1] pc=[0000000080000370] W[r 0=0000000080000374][1] R[r 0=0000000000000000] R[r 0=0000000000000000] inst=[0000006f] j       pc + 0x0
C0:       2211 [1] pc=[0000000080000370] W[r 0=0000000080000374][1] R[r 0=0000000000000000] R[r 0=0000000000000000] inst=[0000006f] j       pc + 0x0
C0:       2212 [1] pc=[0000000080000370] W[r 0=0000000080000374][1] R[r 0=0000000000000000] R[r 0=0000000000000000] inst=[0000006f] j       pc + 0x0
C0:       2213 [1] pc=[0000000080000370] W[r 0=0000000080000374][1] R[r 0=0000000000000000] R[r 0=0000000000000000] inst=[0000006f] j       pc + 0x0
C0:       2215 [1] pc=[0000000080000370] W[r 0=0000000080000374][1] R[r 0=0000000000000000] R[r 0=0000000000000000] inst=[0000006f] j       pc + 0x0
C0:       2217 [1] pc=[0000000080000370] W[r 0=0000000080000374][1] R[r 0=0000000000000000] R[r 0=0000000000000000] inst=[0000006f] j       pc + 0x0
C0:       2218 [1] pc=[0000000080000370] W[r 0=0000000080000374][1] R[r 0=0000000000000000] R[r 0=0000000000000000] inst=[0000006f] j       pc + 0x0
C0:       2219 [1] pc=[0000000080000370] W[r 0=0000000080000374][1] R[r 0=0000000000000000] R[r 0=0000000000000000] inst=[0000006f] j       pc + 0x0
C0:       2221 [1] pc=[0000000080000370] W[r 0=0000000080000374][1] R[r 0=0000000000000000] R[r 0=0000000000000000] inst=[0000006f] j       pc + 0x0
C0:       2223 [1] pc=[0000000080000370] W[r 0=0000000080000374][1] R[r 0=0000000000000000] R[r 0=0000000000000000] inst=[0000006f] j       pc + 0x0
C0:       2224 [1] pc=[0000000080000370] W[r 0=0000000080000374][1] R[r 0=0000000000000000] R[r 0=0000000000000000] inst=[0000006f] j       pc + 0x0
C0:       2225 [1] pc=[0000000080000370] W[r 0=0000000080000374][1] R[r 0=0000000000000000] R[r 0=0000000000000000] inst=[0000006f] j       pc + 0x0
C0:       2227 [1] pc=[0000000080000370] W[r 0=0000000080000374][1] R[r 0=0000000000000000] R[r 0=0000000000000000] inst=[0000006f] j       pc + 0x0
C0:       2229 [1] pc=[0000000080000370] W[r 0=0000000080000374][1] R[r 0=0000000000000000] R[r 0=0000000000000000] inst=[0000006f] j       pc + 0x0
C0:       2230 [1] pc=[0000000080000370] W[r 0=0000000080000374][1] R[r 0=0000000000000000] R[r 0=0000000000000000] inst=[0000006f] j       pc + 0x0
C0:       2231 [1] pc=[0000000080000370] W[r 0=0000000080000374][1] R[r 0=0000000000000000] R[r 0=0000000000000000] inst=[0000006f] j       pc + 0x0
C0:       2233 [1] pc=[0000000080000370] W[r 0=0000000080000374][1] R[r 0=0000000000000000] R[r 0=0000000000000000] inst=[0000006f] j       pc + 0x0
C0:       2235 [1] pc=[0000000080000370] W[r 0=0000000080000374][1] R[r 0=0000000000000000] R[r 0=0000000000000000] inst=[0000006f] j       pc + 0x0
C0:       2236 [1] pc=[0000000080000370] W[r 0=0000000080000374][1] R[r 0=0000000000000000] R[r 0=0000000000000000] inst=[0000006f] j       pc + 0x0
C0:       2237 [1] pc=[0000000080000370] W[r 0=0000000080000374][1] R[r 0=0000000000000000] R[r 0=0000000000000000] inst=[0000006f] j       pc + 0x0
C0:       2239 [1] pc=[0000000080000370] W[r 0=0000000080000374][1] R[r 0=0000000000000000] R[r 0=0000000000000000] inst=[0000006f] j       pc + 0x0
C0:       2241 [1] pc=[0000000080000370] W[r 0=0000000080000374][1] R[r 0=0000000000000000] R[r 0=0000000000000000] inst=[0000006f] j       pc + 0x0
C0:       2242 [1] pc=[0000000080000370] W[r 0=0000000080000374][1] R[r 0=0000000000000000] R[r 0=0000000000000000] inst=[0000006f] j       pc + 0x0
C0:       2243 [1] pc=[0000000080000370] W[r 0=0000000080000374][1] R[r 0=0000000000000000] R[r 0=0000000000000000] inst=[0000006f] j       pc + 0x0
C0:       2245 [1] pc=[0000000080000370] W[r 0=0000000080000374][1] R[r 0=0000000000000000] R[r 0=0000000000000000] inst=[0000006f] j       pc + 0x0
C0:       2247 [1] pc=[0000000080000370] W[r 0=0000000080000374][1] R[r 0=0000000000000000] R[r 0=0000000000000000] inst=[0000006f] j       pc + 0x0
C0:       2248 [1] pc=[0000000080000370] W[r 0=0000000080000374][1] R[r 0=0000000000000000] R[r 0=0000000000000000] inst=[0000006f] j       pc + 0x0
C0:       2249 [1] pc=[0000000080000370] W[r 0=0000000080000374][1] R[r 0=0000000000000000] R[r 0=0000000000000000] inst=[0000006f] j       pc + 0x0
C0:       2251 [1] pc=[0000000080000370] W[r 0=0000000080000374][1] R[r 0=0000000000000000] R[r 0=0000000000000000] inst=[0000006f] j       pc + 0x0
C0:       2253 [1] pc=[0000000080000370] W[r 0=0000000080000374][1] R[r 0=0000000000000000] R[r 0=0000000000000000] inst=[0000006f] j       pc + 0x0
C0:       2254 [1] pc=[0000000080000370] W[r 0=0000000080000374][1] R[r 0=0000000000000000] R[r 0=0000000000000000] inst=[0000006f] j       pc + 0x0
C0:       2255 [1] pc=[0000000080000370] W[r 0=0000000080000374][1] R[r 0=0000000000000000] R[r 0=0000000000000000] inst=[0000006f] j       pc + 0x0
C0:       2257 [1] pc=[0000000080000370] W[r 0=0000000080000374][1] R[r 0=0000000000000000] R[r 0=0000000000000000] inst=[0000006f] j       pc + 0x0
C0:       2259 [1] pc=[0000000080000370] W[r 0=0000000080000374][1] R[r 0=0000000000000000] R[r 0=0000000000000000] inst=[0000006f] j       pc + 0x0
C0:       2260 [1] pc=[0000000080000370] W[r 0=0000000080000374][1] R[r 0=0000000000000000] R[r 0=0000000000000000] inst=[0000006f] j       pc + 0x0
C0:       2261 [1] pc=[0000000080000370] W[r 0=0000000080000374][1] R[r 0=0000000000000000] R[r 0=0000000000000000] inst=[0000006f] j       pc + 0x0
C0:       2263 [1] pc=[0000000080000370] W[r 0=0000000080000374][1] R[r 0=0000000000000000] R[r 0=0000000000000000] inst=[0000006f] j       pc + 0x0
C0:       2265 [1] pc=[0000000080000370] W[r 0=0000000080000374][1] R[r 0=0000000000000000] R[r 0=0000000000000000] inst=[0000006f] j       pc + 0x0
C0:       2266 [1] pc=[0000000080000370] W[r 0=0000000080000374][1] R[r 0=0000000000000000] R[r 0=0000000000000000] inst=[0000006f] j       pc + 0x0
C0:       2267 [1] pc=[0000000080000370] W[r 0=0000000080000374][1] R[r 0=0000000000000000] R[r 0=0000000000000000] inst=[0000006f] j       pc + 0x0
C0:       2269 [1] pc=[0000000080000370] W[r 0=0000000080000374][1] R[r 0=0000000000000000] R[r 0=0000000000000000] inst=[0000006f] j       pc + 0x0
C0:       2271 [1] pc=[0000000080000370] W[r 0=0000000080000374][1] R[r 0=0000000000000000] R[r 0=0000000000000000] inst=[0000006f] j       pc + 0x0
C0:       2272 [1] pc=[0000000080000370] W[r 0=0000000080000374][1] R[r 0=0000000000000000] R[r 0=0000000000000000] inst=[0000006f] j       pc + 0x0
C0:       2273 [1] pc=[0000000080000370] W[r 0=0000000080000374][1] R[r 0=0000000000000000] R[r 0=0000000000000000] inst=[0000006f] j       pc + 0x0
C0:       2275 [1] pc=[0000000080000370] W[r 0=0000000080000374][1] R[r 0=0000000000000000] R[r 0=0000000000000000] inst=[0000006f] j       pc + 0x0
C0:       2277 [1] pc=[0000000080000370] W[r 0=0000000080000374][1] R[r 0=0000000000000000] R[r 0=0000000000000000] inst=[0000006f] j       pc + 0x0
C0:       2278 [1] pc=[0000000080000370] W[r 0=0000000080000374][1] R[r 0=0000000000000000] R[r 0=0000000000000000] inst=[0000006f] j       pc + 0x0
C0:       2279 [1] pc=[0000000080000370] W[r 0=0000000080000374][1] R[r 0=0000000000000000] R[r 0=0000000000000000] inst=[0000006f] j       pc + 0x0
C0:       2281 [1] pc=[0000000080000370] W[r 0=0000000080000374][1] R[r 0=0000000000000000] R[r 0=0000000000000000] inst=[0000006f] j       pc + 0x0
*** PASSED *** Completed after               329076 simulation cycles
