ERROR: ld.so: object '/home/rsaravan/chipyard/.conda-env/lib/libstdc++.so.6' from LD_PRELOAD cannot be preloaded (wrong ELF class: ELFCLASS64): ignored.
testing $random aa374254
== Loading device model file '/home/rsaravan/chipyard/generators/testchipip/src/main/resources/dramsim2_ini/DDR3_micron_64M_8B_x4_sg15.ini' == 
== Loading system model file '/home/rsaravan/chipyard/generators/testchipip/src/main/resources/dramsim2_ini/system.ini' == 
===== MemorySystem 0 =====
CH. 0 TOTAL_STORAGE : 4096MB | 1 Ranks | 16 Devices per rank
DRAMSim2 Clock Frequency =666666666Hz, CPU Clock Frequency=500000000Hz
C0:         19 [1] pc=[0000000000010040] W[r10=0000000000010040][1] R[r 0=0000000000000000] R[r 0=0000000000000000] inst=[00000517] auipc   a0, 0x0
C0:         20 [1] pc=[0000000000010044] W[r10=0000000000010000][1] R[r10=0000000000010040] R[r 0=0000000000000000] inst=[fc050513] addi    a0, a0, -64
C0:         21 [1] pc=[0000000000010048] W[r 0=0000000000000000][1] R[r10=0000000000010000] R[r 0=0000000000000000] inst=[30551073] csrw    mtvec, a0
C0:         26 [1] pc=[000000000001004c] W[r 5=800000000094112d][1] R[r 0=0000000000000000] R[r 0=0000000000000000] inst=[301022f3] csrr    t0, misa
C0:         29 [1] pc=[0000000000010050] W[r 5=ffffe00000000025][1] R[r 5=800000000094112d] R[r 0=0000000000000000] inst=[4122d293] srai    t0, t0, 18
C0:         30 [1] pc=[0000000000010054] W[r 5=0000000000000001][1] R[r 5=ffffe00000000025] R[r 0=0000000000000000] inst=[0012f293] andi    t0, t0, 1
C0:         31 [1] pc=[0000000000010058] W[r 0=0000000000000000][0] R[r 5=0000000000000001] R[r 0=0000000000000000] inst=[00028463] beqz    t0, pc + 8
C0:         32 [1] pc=[000000000001005c] W[r 0=0000000000000202][1] R[r 0=0000000000000000] R[r 0=0000000000000000] inst=[30301073] csrw    mideleg, zero
C0:         37 [1] pc=[0000000000010060] W[r10=0000000000000008][1] R[r 0=0000000000000000] R[r 0=0000000000000000] inst=[00800513] li      a0, 8
C0:         38 [1] pc=[0000000000010064] W[r 0=0021820f436e91f8][1] R[r10=0000000000000008] R[r 0=0000000000000000] inst=[30451073] csrw    mie, a0
C0:         43 [1] pc=[0000000000010068] W[r 0=0000000a00001800][1] R[r10=0000000000000008] R[r 0=0000000000000000] inst=[30052073] csrs    mstatus, a0
C0:         48 [1] pc=[000000000001006c] W[r 0=0000000000000000][0] R[r 0=0000000000000000] R[r 0=0000000000000000] inst=[10500073] wfi
C0:         51 [0] pc=[0000000000010070] W[r 0=0000000000000000][0] R[r31=0000000000000008] R[r 0=0000000000000000] inst=[ffdff06f] j       pc - 0x4
C0:         70 [1] pc=[0000000000010000] W[r11=0000000002000000][1] R[r 0=0000000000000000] R[r 0=0000000000000000] inst=[020005b7] lui     a1, 0x2000
C0:         71 [1] pc=[0000000000010004] W[r10=0000000000000000][1] R[r 0=0000000000000000] R[r 0=0000000000000000] inst=[f1402573] csrr    a0, mhartid
C0:         74 [1] pc=[0000000000010008] W[r 0=0000000000000000][0] R[r10=0000000000000000] R[r 0=0000000000000000] inst=[00050463] beqz    a0, pc + 8
C0:         78 [1] pc=[0000000000010010] W[r12=0000000002000004][1] R[r11=0000000002000000] R[r 0=0000000000000000] inst=[00458613] addi    a2, a1, 4
C0:         79 [1] pc=[0000000000010014] W[r13=0000000000000001][1] R[r 0=0000000000000000] R[r 0=0000000000000000] inst=[00100693] li      a3, 1
C0:         80 [1] pc=[0000000000010018] W[r 0=0000000000000000][0] R[r12=0000000002000004] R[r13=0000000000000001] inst=[00d62023] sw      a3, 0(a2)
C0:         81 [1] pc=[000000000001001c] W[r12=0000000002000008][1] R[r12=0000000002000004] R[r 0=0000000000000000] inst=[00460613] addi    a2, a2, 4
C0:         87 [1] pc=[0000000000010020] W[r13=0000000000000000][0] R[r12=0000000002000008] R[r 0=0000000000000000] inst=[ffc62683] lw      a3, -4(a2)
C0:         95 [1] pc=[0000000000010024] W[r 0=0000000000000000][0] R[r13=0000000000000000] R[r 0=0000000000000000] inst=[fe069ae3] bnez    a3, pc - 12
C0:         96 [1] pc=[0000000000010028] W[r 0=000000000001002c][1] R[r 0=0000000000000000] R[r 0=0000000000000000] inst=[06c0006f] j       pc + 0x6c
C0:        116 [1] pc=[0000000000010094] W[r 0=0000000000000000][0] R[r11=0000000002000000] R[r 0=0000000000000000] inst=[0005a023] sw      zero, 0(a1)
C0:        117 [1] pc=[0000000000010098] W[r10=0000000000004000][1] R[r 0=0000000000000000] R[r 0=0000000000000000] inst=[00004537] lui     a0, 0x4
C0:        123 [1] pc=[000000000001009c] W[r10=0000000000000000][0] R[r10=0000000000004000] R[r 0=0000000000000000] inst=[00053503] ld      a0, 0(a0)
C0:        135 [1] pc=[00000000000100a0] W[r 0=0000000000010070][1] R[r10=0000000080000000] R[r 0=0000000000000000] inst=[34151073] csrw    mepc, a0
C0:        136 [1] pc=[00000000000100a4] W[r10=0000000000000000][1] R[r 0=0000000000000000] R[r 0=0000000000000000] inst=[f1402573] csrr    a0, mhartid
C0:        137 [1] pc=[00000000000100a8] W[r11=00000000000100a8][1] R[r 0=0000000000000000] R[r 0=0000000000000000] inst=[00000597] auipc   a1, 0x0
C0:        138 [1] pc=[00000000000100ac] W[r11=00000000000100c0][1] R[r11=00000000000100a8] R[r 0=0000000000000000] inst=[01858593] addi    a1, a1, 24
C0:        139 [1] pc=[00000000000100b0] W[r12=0000000000000080][1] R[r 0=0000000000000000] R[r 0=0000000000000000] inst=[08000613] li      a2, 128
C0:        140 [1] pc=[00000000000100b4] W[r 0=0000000a00001880][1] R[r12=0000000000000080] R[r 0=0000000000000000] inst=[30063073] csrc    mstatus, a2
C0:        145 [1] pc=[00000000000100b8] W[r 0=0000000000000000][0] R[r 0=0000000000000000] R[r 0=0000000000000000] inst=[30200073] mret
C0:        196 [1] pc=[0000000080000000] W[r31=0000000080010000][1] R[r 0=0000000000000000] R[r 0=0000000000000000] inst=[00010f97] auipc   t6, 0x10
C0:        197 [1] pc=[0000000080000004] W[r31=0000000080010000][1] R[r31=0000000080010000] R[r 0=0000000000000000] inst=[000f8f93] mv      t6, t6
C0:        214 [1] pc=[0000000080000008] W[r 1=b8f08c6294bd1555][1] R[r31=0000000080010000] R[r 0=0000000000000000] inst=[000fb083] ld      ra, 0(t6)
C0:        215 [1] pc=[000000008000000c] W[r 2=e524828c54b8b3f1][1] R[r31=0000000080010000] R[r 0=0000000000000000] inst=[008fb103] ld      sp, 8(t6)
C0:        216 [1] pc=[0000000080000010] W[r 3=20c8a92b2f40bc3c][1] R[r31=0000000080010000] R[r 0=0000000000000000] inst=[010fb183] ld      gp, 16(t6)
C0:        217 [1] pc=[0000000080000014] W[r 4=f8f48b16616704f1][1] R[r31=0000000080010000] R[r 0=0000000000000000] inst=[018fb203] ld      tp, 24(t6)
C0:        218 [1] pc=[0000000080000018] W[r 5=264be46bd1183828][1] R[r31=0000000080010000] R[r 0=0000000000000000] inst=[020fb283] ld      t0, 32(t6)
C0:        219 [1] pc=[000000008000001c] W[r 6=0cdd6d0799934fc4][1] R[r31=0000000080010000] R[r 0=0000000000000000] inst=[028fb303] ld      t1, 40(t6)
C0:        220 [1] pc=[0000000080000020] W[r 7=f0eaec50f961d6b2][1] R[r31=0000000080010000] R[r 0=0000000000000000] inst=[030fb383] ld      t2, 48(t6)
C0:        221 [1] pc=[0000000080000024] W[r 8=6931212e98bb138a][1] R[r31=0000000080010000] R[r 0=0000000000000000] inst=[038fb403] ld      s0, 56(t6)
C0:        238 [1] pc=[0000000080000028] W[r 9=1c6fa0da61ed7b9e][1] R[r31=0000000080010000] R[r 0=0000000000000000] inst=[040fb483] ld      s1, 64(t6)
C0:        239 [1] pc=[000000008000002c] W[r10=988002ef3d7eb5cc][1] R[r31=0000000080010000] R[r 0=0000000000000000] inst=[048fb503] ld      a0, 72(t6)
C0:        240 [1] pc=[0000000080000030] W[r11=0c4d9a2336816d95][1] R[r31=0000000080010000] R[r 0=0000000000000000] inst=[050fb583] ld      a1, 80(t6)
C0:        241 [1] pc=[0000000080000034] W[r12=5aafb4a73e0ff35b][1] R[r31=0000000080010000] R[r 0=0000000000000000] inst=[058fb603] ld      a2, 88(t6)
C0:        242 [1] pc=[0000000080000038] W[r13=48e5a90cd2adfcb7][1] R[r31=0000000080010000] R[r 0=0000000000000000] inst=[060fb683] ld      a3, 96(t6)
C0:        243 [1] pc=[000000008000003c] W[r14=76f8df67b6952318][1] R[r31=0000000080010000] R[r 0=0000000000000000] inst=[068fb703] ld      a4, 104(t6)
C0:        293 [1] pc=[0000000080000040] W[r15=2c40994136e8a239][1] R[r31=0000000080010000] R[r 0=0000000000000000] inst=[070fb783] ld      a5, 112(t6)
C0:        294 [1] pc=[0000000080000044] W[r16=7145ce983f32eb8c][1] R[r31=0000000080010000] R[r 0=0000000000000000] inst=[078fb803] ld      a6, 120(t6)
C0:        339 [1] pc=[0000000080000048] W[r17=568020a5faf436fb][1] R[r31=0000000080010000] R[r 0=0000000000000000] inst=[080fb883] ld      a7, 128(t6)
C0:        340 [1] pc=[000000008000004c] W[r18=d4c3c1dc16e719b0][1] R[r31=0000000080010000] R[r 0=0000000000000000] inst=[088fb903] ld      s2, 136(t6)
C0:        341 [1] pc=[0000000080000050] W[r19=ac30a81f73091145][1] R[r31=0000000080010000] R[r 0=0000000000000000] inst=[090fb983] ld      s3, 144(t6)
C0:        342 [1] pc=[0000000080000054] W[r20=4bc470ba27ddad2a][1] R[r31=0000000080010000] R[r 0=0000000000000000] inst=[098fba03] ld      s4, 152(t6)
C0:        343 [1] pc=[0000000080000058] W[r21=6c59c498ccd62320][1] R[r31=0000000080010000] R[r 0=0000000000000000] inst=[0a0fba83] ld      s5, 160(t6)
C0:        344 [1] pc=[000000008000005c] W[r22=2132ce77277c0946][1] R[r31=0000000080010000] R[r 0=0000000000000000] inst=[0a8fbb03] ld      s6, 168(t6)
C0:        345 [1] pc=[0000000080000060] W[r23=4b44b4a932ce2a5d][1] R[r31=0000000080010000] R[r 0=0000000000000000] inst=[0b0fbb83] ld      s7, 176(t6)
C0:        346 [1] pc=[0000000080000064] W[r24=39a4e3aaf20b7dbc][1] R[r31=0000000080010000] R[r 0=0000000000000000] inst=[0b8fbc03] ld      s8, 184(t6)
C0:        363 [1] pc=[0000000080000068] W[r25=0647da5dfe1abd64][1] R[r31=0000000080010000] R[r 0=0000000000000000] inst=[0c0fbc83] ld      s9, 192(t6)
C0:        364 [1] pc=[000000008000006c] W[r26=91727696b1ced076][1] R[r31=0000000080010000] R[r 0=0000000000000000] inst=[0c8fbd03] ld      s10, 200(t6)
C0:        365 [1] pc=[0000000080000070] W[r27=bfb8cccc2213065f][1] R[r31=0000000080010000] R[r 0=0000000000000000] inst=[0d0fbd83] ld      s11, 208(t6)
C0:        366 [1] pc=[0000000080000074] W[r28=4696fee9e4ad18fb][1] R[r31=0000000080010000] R[r 0=0000000000000000] inst=[0d8fbe03] ld      t3, 216(t6)
C0:        367 [1] pc=[0000000080000078] W[r29=b94a6d84460321f9][1] R[r31=0000000080010000] R[r 0=0000000000000000] inst=[0e0fbe83] ld      t4, 224(t6)
C0:        368 [1] pc=[000000008000007c] W[r30=e526fd1ecababf12][1] R[r31=0000000080010000] R[r 0=0000000000000000] inst=[0e8fbf03] ld      t5, 232(t6)
C0:        390 [1] pc=[0000000080000080] W[r31=1aca6a50917110c7][1] R[r31=0000000080010000] R[r 0=0000000000000000] inst=[0f0fbf83] ld      t6, 240(t6)
C0:        391 [1] pc=[0000000080000084] W[r 0=0000000080000088][1] R[r 0=0000000000000000] R[r 0=0000000000000000] inst=[2d80006f] j       pc + 0x2d8
C0:        414 [1] pc=[000000008000035c] W[r 0=0000000a00000080][1] R[r 0=0000000000000000] R[r 0=0000000000000000] inst=[30005073] csrwi   mstatus, 0
C0:        419 [1] pc=[0000000080000360] W[r10=0000000000000000][1] R[r 0=0000000000000000] R[r 0=0000000000000000] inst=[f1402573] csrr    a0, mhartid
C0:        422 [1] pc=[0000000080000364] W[r 0=0000000000000000][0] R[r10=0000000000000000] R[r 0=0000000000000000] inst=[00051063] bnez    a0, pc + 0
C0:        423 [1] pc=[0000000080000368] W[r 5=0000000080000368][1] R[r 0=0000000000000000] R[r 0=0000000000000000] inst=[00000297] auipc   t0, 0x0
C0:        424 [1] pc=[000000008000036c] W[r 5=0000000080000380][1] R[r 5=0000000080000368] R[r 0=0000000000000000] inst=[01828293] addi    t0, t0, 24
C0:        425 [1] pc=[0000000080000370] W[r 0=0000000000010000][1] R[r 5=0000000080000380] R[r 0=0000000000000000] inst=[30529073] csrw    mtvec, t0
C0:        430 [1] pc=[0000000080000374] W[r 0=0000000000e0355d][1] R[r 0=0000000000000000] R[r 0=0000000000000000] inst=[30205073] csrwi   medeleg, 0
C0:        435 [1] pc=[0000000080000378] W[r 0=0000000000000000][1] R[r 0=0000000000000000] R[r 0=0000000000000000] inst=[30305073] csrwi   mideleg, 0
C0:        440 [1] pc=[000000008000037c] W[r 0=0000000000000008][1] R[r 0=0000000000000000] R[r 0=0000000000000000] inst=[30405073] csrwi   mie, 0
C0:        457 [1] pc=[0000000080000380] W[r 5=0000000080000380][1] R[r 0=0000000000000000] R[r 0=0000000000000000] inst=[00000297] auipc   t0, 0x0
C0:        458 [1] pc=[0000000080000384] W[r 5=0000000080000390][1] R[r 5=0000000080000380] R[r 0=0000000000000000] inst=[01028293] addi    t0, t0, 16
C0:        459 [1] pc=[0000000080000388] W[r 0=0000000080000380][1] R[r 5=0000000080000390] R[r 0=0000000000000000] inst=[30529073] csrw    mtvec, t0
C0:        464 [1] pc=[000000008000038c] W[r 0=0000024673b8f237][1] R[r 0=0000000000000000] R[r 0=0000000000000000] inst=[18005073] csrwi   satp, 0
C0:        469 [1] pc=[0000000080000390] W[r 5=0000000080000390][1] R[r 0=0000000000000000] R[r 0=0000000000000000] inst=[00000297] auipc   t0, 0x0
C0:        470 [1] pc=[0000000080000394] W[r 5=00000000800003b4][1] R[r 5=0000000080000390] R[r 0=0000000000000000] inst=[02428293] addi    t0, t0, 36
C0:        471 [1] pc=[0000000080000398] W[r 0=0000000080000390][1] R[r 5=00000000800003b4] R[r 0=0000000000000000] inst=[30529073] csrw    mtvec, t0
C0:        476 [1] pc=[000000008000039c] W[r 5=0000000000000001][1] R[r 0=0000000000000000] R[r 0=0000000000000000] inst=[0010029b] addiw   t0, zero, 1
C0:        477 [1] pc=[00000000800003a0] W[r 5=0020000000000000][1] R[r 5=0000000000000001] R[r 0=0000000000000000] inst=[03529293] slli    t0, t0, 53
C0:        478 [1] pc=[00000000800003a4] W[r 5=001fffffffffffff][1] R[r 5=0020000000000000] R[r 0=0000000000000000] inst=[fff28293] addi    t0, t0, -1
C0:        479 [1] pc=[00000000800003a8] W[r 0=0000000028d90b3c][1] R[r 5=001fffffffffffff] R[r 0=0000000000000000] inst=[3b029073] csrw    pmpaddr0, t0
C0:        484 [1] pc=[00000000800003ac] W[r 5=000000000000001f][1] R[r 0=0000000000000000] R[r 0=0000000000000000] inst=[01f00293] li      t0, 31
C0:        485 [1] pc=[00000000800003b0] W[r 0=0007010003050304][1] R[r 5=000000000000001f] R[r 0=0000000000000000] inst=[3a029073] csrw    pmpcfg0, t0
C0:        490 [1] pc=[00000000800003b4] W[r 5=00000000800003b4][1] R[r 0=0000000000000000] R[r 0=0000000000000000] inst=[00000297] auipc   t0, 0x0
C0:        491 [1] pc=[00000000800003b8] W[r 5=0000000080000118][1] R[r 5=00000000800003b4] R[r 0=0000000000000000] inst=[d6428293] addi    t0, t0, -668
C0:        492 [1] pc=[00000000800003bc] W[r 0=00000000800003b4][1] R[r 5=0000000080000118] R[r 0=0000000000000000] inst=[30529073] csrw    mtvec, t0
C0:        515 [1] pc=[00000000800003c0] W[r 3=0000000000000000][1] R[r 0=0000000000000000] R[r 0=0000000000000000] inst=[00000193] li      gp, 0
C0:        516 [1] pc=[00000000800003c4] W[r10=0000000000000001][1] R[r 0=0000000000000000] R[r 0=0000000000000000] inst=[00100513] li      a0, 1
C0:        517 [1] pc=[00000000800003c8] W[r10=0000000080000000][1] R[r10=0000000000000001] R[r 0=0000000000000000] inst=[01f51513] slli    a0, a0, 31
C0:        518 [1] pc=[00000000800003cc] W[r 0=0000000000000000][0] R[r10=0000000080000000] R[r 0=0000000000000000] inst=[00055c63] bgez    a0, pc + 24
C0:        522 [1] pc=[00000000800003e4] W[r 5=00000000800003e4][1] R[r 0=0000000000000000] R[r 0=0000000000000000] inst=[00000297] auipc   t0, 0x0
C0:        523 [1] pc=[00000000800003e8] W[r 5=0000000080000114][1] R[r 5=00000000800003e4] R[r 0=0000000000000000] inst=[d3028293] addi    t0, t0, -720
C0:        524 [1] pc=[00000000800003ec] W[r 0=ffffffd6f995f0c8][1] R[r 5=0000000080000114] R[r 0=0000000000000000] inst=[10529073] csrw    stvec, t0
C0:        529 [1] pc=[00000000800003f0] W[r 5=000000000000b000][1] R[r 0=0000000000000000] R[r 0=0000000000000000] inst=[0000b2b7] lui     t0, 0xb
C0:        530 [1] pc=[00000000800003f4] W[r 5=000000000000b109][1] R[r 5=000000000000b000] R[r 0=0000000000000000] inst=[1092829b] addiw   t0, t0, 265
C0:        531 [1] pc=[00000000800003f8] W[r 0=0000000000000000][1] R[r 5=000000000000b109] R[r 0=0000000000000000] inst=[3022a073] csrs    medeleg, t0
C0:        536 [1] pc=[00000000800003fc] W[r10=0000000000008000][1] R[r 0=0000000000000000] R[r 0=0000000000000000] inst=[00008537] lui     a0, 0x8
C0:        553 [1] pc=[0000000080000400] W[r10=0000000000007800][1] R[r10=0000000000008000] R[r 0=0000000000000000] inst=[8005051b] addiw   a0, a0, -2048
C0:        554 [1] pc=[0000000080000404] W[r 0=0000000a00000000][1] R[r10=0000000000007800] R[r 0=0000000000000000] inst=[30052073] csrs    mstatus, a0
C0:        559 [1] pc=[0000000080000408] W[r 0=000000000000003f][1] R[r 0=0000000000000000] R[r 0=0000000000000000] inst=[00305073] csrwi   fcsr, 0
C0:        564 [1] pc=[000000008000040c] W[r 1=0000000080000410][1] R[r 0=0000000000000000] R[r 0=0000000000000000] inst=[c7dff0ef] jal     pc - 0x384
C0:        565 [1] pc=[0000000080000088] W[r31=0000000080020088][1] R[r 0=0000000000000000] R[r 0=0000000000000000] inst=[00020f97] auipc   t6, 0x20
C0:        566 [1] pc=[000000008000008c] W[r31=0000000080020000][1] R[r31=0000000080020088] R[r 0=0000000000000000] inst=[f78f8f93] addi    t6, t6, -136
C0:        583 [1] pc=[0000000080000090] W[r 0=0000000000000000][0] R[r31=0000000080020000] R[r 0=0000000000000000] inst=[000fa007] flw     ft0, 0(t6)
C0:        584 [1] pc=[0000000080000094] W[r 1=0000000000000000][0] R[r31=0000000080020000] R[r 0=0000000000000000] inst=[008fa087] flw     ft1, 8(t6)
C0:        585 [1] pc=[0000000080000098] W[r 2=0000000000000000][0] R[r31=0000000080020000] R[r 0=0000000000000000] inst=[010fa107] flw     ft2, 16(t6)
C0:        586 [1] pc=[000000008000009c] W[r 3=0000000000000000][0] R[r31=0000000080020000] R[r 0=0000000000000000] inst=[018fb187] fld     ft3, 24(t6)
C0:        587 [1] pc=[00000000800000a0] W[r 4=0000000000000000][0] R[r31=0000000080020000] R[r 0=0000000000000000] inst=[020fb207] fld     ft4, 32(t6)
C0:        588 [1] pc=[00000000800000a4] W[r 5=0000000000000000][0] R[r31=0000000080020000] R[r 0=0000000000000000] inst=[028fb287] fld     ft5, 40(t6)
C0:        589 [1] pc=[00000000800000a8] W[r 6=0000000000000000][0] R[r31=0000000080020000] R[r 0=0000000000000000] inst=[030fb307] fld     ft6, 48(t6)
C0:        590 [1] pc=[00000000800000ac] W[r 7=0000000000000000][0] R[r31=0000000080020000] R[r 0=0000000000000000] inst=[038fa387] flw     ft7, 56(t6)
C0:        642 [1] pc=[00000000800000b0] W[r 8=0000000000000000][0] R[r31=0000000080020000] R[r 0=0000000000000000] inst=[040fb407] fld     fs0, 64(t6)
C0:        643 [1] pc=[00000000800000b4] W[r 9=0000000000000000][0] R[r31=0000000080020000] R[r 0=0000000000000000] inst=[048fb487] fld     fs1, 72(t6)
C0:        644 [1] pc=[00000000800000b8] W[r10=0000000000000000][0] R[r31=0000000080020000] R[r 0=0000000000000000] inst=[050fa507] flw     fa0, 80(t6)
C0:        645 [1] pc=[00000000800000bc] W[r11=0000000000000000][0] R[r31=0000000080020000] R[r 0=0000000000000000] inst=[058fb587] fld     fa1, 88(t6)
C0:        717 [1] pc=[00000000800000c0] W[r12=0000000000000000][0] R[r31=0000000080020000] R[r 0=0000000000000000] inst=[060fb607] fld     fa2, 96(t6)
C0:        718 [1] pc=[00000000800000c4] W[r13=0000000000000000][0] R[r31=0000000080020000] R[r 0=0000000000000000] inst=[068fb687] fld     fa3, 104(t6)
C0:        719 [1] pc=[00000000800000c8] W[r14=0000000000000000][0] R[r31=0000000080020000] R[r 0=0000000000000000] inst=[070fa707] flw     fa4, 112(t6)
C0:        720 [1] pc=[00000000800000cc] W[r15=0000000000000000][0] R[r31=0000000080020000] R[r 0=0000000000000000] inst=[078fb787] fld     fa5, 120(t6)
C0:        765 [1] pc=[00000000800000d0] W[r16=0000000000000000][0] R[r31=0000000080020000] R[r 0=0000000000000000] inst=[080fb807] fld     fa6, 128(t6)
C0:        766 [1] pc=[00000000800000d4] W[r17=0000000000000000][0] R[r31=0000000080020000] R[r 0=0000000000000000] inst=[088fa887] flw     fa7, 136(t6)
C0:        767 [1] pc=[00000000800000d8] W[r18=0000000000000000][0] R[r31=0000000080020000] R[r 0=0000000000000000] inst=[090fa907] flw     fs2, 144(t6)
C0:        768 [1] pc=[00000000800000dc] W[r19=0000000000000000][0] R[r31=0000000080020000] R[r 0=0000000000000000] inst=[098fa987] flw     fs3, 152(t6)
C0:        769 [1] pc=[00000000800000e0] W[r20=0000000000000000][0] R[r31=0000000080020000] R[r 0=0000000000000000] inst=[0a0fba07] fld     fs4, 160(t6)
C0:        770 [1] pc=[00000000800000e4] W[r21=0000000000000000][0] R[r31=0000000080020000] R[r 0=0000000000000000] inst=[0a8faa87] flw     fs5, 168(t6)
C0:        771 [1] pc=[00000000800000e8] W[r22=0000000000000000][0] R[r31=0000000080020000] R[r 0=0000000000000000] inst=[0b0fbb07] fld     fs6, 176(t6)
C0:        772 [1] pc=[00000000800000ec] W[r23=0000000000000000][0] R[r31=0000000080020000] R[r 0=0000000000000000] inst=[0b8fbb87] fld     fs7, 184(t6)
C0:        789 [1] pc=[00000000800000f0] W[r24=0000000000000000][0] R[r31=0000000080020000] R[r 0=0000000000000000] inst=[0c0fbc07] fld     fs8, 192(t6)
C0:        790 [1] pc=[00000000800000f4] W[r25=0000000000000000][0] R[r31=0000000080020000] R[r 0=0000000000000000] inst=[0c8fbc87] fld     fs9, 200(t6)
C0:        791 [1] pc=[00000000800000f8] W[r26=0000000000000000][0] R[r31=0000000080020000] R[r 0=0000000000000000] inst=[0d0fbd07] fld     fs10, 208(t6)
C0:        792 [1] pc=[00000000800000fc] W[r27=0000000000000000][0] R[r31=0000000080020000] R[r 0=0000000000000000] inst=[0d8fbd87] fld     fs11, 216(t6)
C0:        844 [1] pc=[0000000080000100] W[r28=0000000000000000][0] R[r31=0000000080020000] R[r 0=0000000000000000] inst=[0e0fbe07] fld     ft8, 224(t6)
C0:        845 [1] pc=[0000000080000104] W[r29=0000000000000000][0] R[r31=0000000080020000] R[r 0=0000000000000000] inst=[0e8fae87] flw     ft9, 232(t6)
C0:        846 [1] pc=[0000000080000108] W[r30=0000000000000000][0] R[r31=0000000080020000] R[r 0=0000000000000000] inst=[0f0faf07] flw     ft10, 240(t6)
C0:        847 [1] pc=[000000008000010c] W[r31=0000000000000000][0] R[r31=0000000080020000] R[r 0=0000000000000000] inst=[0f8faf87] flw     ft11, 248(t6)
C0:        848 [1] pc=[0000000080000110] W[r 0=0000000080000114][1] R[r 1=0000000080000410] R[r 0=0000000000000000] inst=[00008067] ret
C0:        850 [1] pc=[0000000080000410] W[r 0=000000000000008d][1] R[r 0=0000000000000000] R[r 0=0000000000000000] inst=[b0201073] csrw    minstret, zero
C0:        855 [1] pc=[0000000080000414] W[r10=0000000000000000][1] R[r 0=0000000000000000] R[r 0=0000000000000000] inst=[f1402573] csrr    a0, mhartid
C0:        856 [1] pc=[0000000080000418] W[r13=0000000000000000][1] R[r 0=0000000000000000] R[r 0=0000000000000000] inst=[001656f3] csrrwi  a3, fflags, 12
C0:        861 [1] pc=[000000008000041c] W[r10=0000000000000000][1] R[r10=0000000000000000] R[r10=0000000000000000] inst=[00a54533] xor     a0, a0, a0
C0:        862 [1] pc=[0000000080000420] W[r12=0000000000000003][1] R[r 0=0000000000000000] R[r 0=0000000000000000] inst=[00300613] li      a2, 3
C0:        863 [1] pc=[0000000080000424] W[r12=0000000018000000][1] R[r12=0000000000000003] R[r 0=0000000000000000] inst=[01b61613] slli    a2, a2, 27
C0:        864 [1] pc=[0000000080000428] W[r10=0000000018000000][1] R[r10=0000000000000000] R[r12=0000000018000000] inst=[00c50533] add     a0, a0, a2
C0:        865 [1] pc=[000000008000042c] W[r13=0000000000000003][1] R[r 0=0000000000000000] R[r 0=0000000000000000] inst=[00300693] li      a3, 3
C0:        866 [1] pc=[0000000080000430] W[r13=0000000000300000][1] R[r13=0000000000000003] R[r 0=0000000000000000] inst=[01469693] slli    a3, a3, 20
C0:        867 [1] pc=[0000000080000434] W[r10=0000000018300000][1] R[r10=0000000018000000] R[r13=0000000000300000] inst=[00d50533] add     a0, a0, a3
C0:        868 [1] pc=[0000000080000438] W[r11=0000000000000003][1] R[r 0=0000000000000000] R[r 0=0000000000000000] inst=[00300593] li      a1, 3
C0:        869 [1] pc=[000000008000043c] W[r11=0000000000000018][1] R[r11=0000000000000003] R[r 0=0000000000000000] inst=[00359593] slli    a1, a1, 3
C0:        891 [1] pc=[0000000080000440] W[r10=0000000018300018][1] R[r10=0000000018300000] R[r11=0000000000000018] inst=[00b50533] add     a0, a0, a1
C0:        892 [1] pc=[0000000080000444] W[r11=03705509c02a405b][1] R[r10=0000000018300018] R[r 0=0000000000000000] inst=[140515f3] csrrw   a1, sscratch, a0
C0:        895 [1] pc=[0000000080000448] W[r11=5243e39961efb2ea][1] R[r 0=0000000000000000] R[r 0=0000000000000000] inst=[1426e5f3] csrrsi  a1, scause, 13
C0:        896 [1] pc=[000000008000044c] W[r 5=000000008000044c][1] R[r 0=0000000000000000] R[r 0=0000000000000000] inst=[00000297] auipc   t0, 0x0
C0:        897 [1] pc=[0000000080000450] W[r 5=0000000080000480][1] R[r 5=000000008000044c] R[r 0=0000000000000000] inst=[03428293] addi    t0, t0, 52
C0:        898 [1] pc=[0000000080000454] W[r 0=0000000080000000][1] R[r 5=0000000080000480] R[r 0=0000000000000000] inst=[34129073] csrw    mepc, t0
C0:        899 [1] pc=[0000000080000458] W[r 5=0000000000000000][1] R[r 0=0000000000000000] R[r 0=0000000000000000] inst=[00000293] li      t0, 0
C0:        900 [1] pc=[000000008000045c] W[r 0=0000000000000000][0] R[r 0=0000000000000000] R[r 0=0000000000000000] inst=[30200073] mret
C0:        921 [1] pc=[0000000080000480] W[r 1=0000000000000000][0] R[r 4=f8f48b16616704f1] R[r 0=0000000000000000] inst=[d02210d3] fcvt.s.l ft1, tp
C0:        922 [1] pc=[0000000080000484] W[r14=0000000080050484][1] R[r 0=0000000000000000] R[r 0=0000000000000000] inst=[00050717] auipc   a4, 0x50
C0:        923 [1] pc=[0000000080000488] W[r14=0000000080050110][1] R[r14=0000000080050484] R[r 0=0000000000000000] inst=[c8c70713] addi    a4, a4, -884
C0:        924 [1] pc=[000000008000048c] W[r14=0000000080050118][1] R[r14=0000000080050110] R[r 0=0000000000000000] inst=[00870713] addi    a4, a4, 8
C0:        941 [1] pc=[0000000080000490] W[r14=abe6f00af9bb4c4e][1] R[r14=0000000080050118] R[r29=b94a6d84460321f9] inst=[21d7372f] amoxor.d a4, t4, (a4)
C0:        942 [1] pc=[0000000080000494] W[r13=0000000000000000][0] R[r25=0647da5dfe1abd64] R[r10=0000000018300018] inst=[02ace6b3] rem     a3, s9, a0
C0:        943 [1] pc=[0000000080000498] W[r19=ffffffffc82df6f0][1] R[r24=39a4e3aaf20b7dbc] R[r 0=0000000000000000] inst=[002c199b] slliw   s3, s8, 2
C0:        977 [1] pc=[000000008000049c] W[r13=000000008005049c][1] R[r 0=0000000000000000] R[r 0=0000000000000000] inst=[00050697] auipc   a3, 0x50
C0:        978 [1] pc=[00000000800004a0] W[r13=0000000080050110][1] R[r13=000000008005049c] R[r 0=0000000000000000] inst=[c7468693] addi    a3, a3, -908
C0:        979 [1] pc=[00000000800004a4] W[r 0=0000000000000000][0] R[r13=0000000080050110] R[r20=4bc470ba27ddad2a] inst=[0146b023] sd      s4, 0(a3)
C0:        980 [1] pc=[00000000800004a8] W[r 5=00000000800304a8][1] R[r 0=0000000000000000] R[r 0=0000000000000000] inst=[00030297] auipc   t0, 0x30
C0:        981 [1] pc=[00000000800004ac] W[r 5=00000000800300c0][1] R[r 5=00000000800304a8] R[r 0=0000000000000000] inst=[c1828293] addi    t0, t0, -1000
C0:        998 [1] pc=[00000000800004b0] W[r10=00000000000000e8][1] R[r 5=00000000800300c0] R[r 0=0000000000000000] inst=[00a2c503] lbu     a0, 10(t0)
C0:        999 [1] pc=[00000000800004b4] W[r 0=000019bada0f3326][1] R[r 6=0cdd6d0799934fc4] R[r 0=0000000000000000] inst=[40f35013] srai    zero, t1, 15
C0:       1000 [1] pc=[00000000800004b8] W[r 2=00000000800204b8][1] R[r 0=0000000000000000] R[r 0=0000000000000000] inst=[00020117] auipc   sp, 0x20
C0:       1001 [1] pc=[00000000800004bc] W[r 2=0000000080020130][1] R[r 2=00000000800204b8] R[r 0=0000000000000000] inst=[c7810113] addi    sp, sp, -904
C0:       1023 [1] pc=[00000000800004c0] W[r 2=0000000080020148][1] R[r 2=0000000080020130] R[r 0=0000000000000000] inst=[01810113] addi    sp, sp, 24
C0:       1024 [1] pc=[00000000800004c4] W[r16=ffffffffffe00000][1] R[r 0=0000000000000000] R[r 0=0000000000000000] inst=[ffe00837] lui     a6, 0xffe00
C0:       1025 [1] pc=[00000000800004c8] W[r 2=ffffffff7fe20148][1] R[r 2=0000000080020148] R[r16=ffffffffffe00000] inst=[01014133] xor     sp, sp, a6
C0:       1026 [0] pc=[00000000800004cc] W[r11=0000000000000000][0] R[r 2=ffffffff7fe20148] R[r16=ffffffffffe00000] inst=[c10135af] amominu.d a1, a6, (sp)
C0:       1031 [1] pc=[0000000080000118] W[r 1=0000000080002118][1] R[r 0=0000000000000000] R[r 0=0000000000000000] inst=[00002097] auipc   ra, 0x2
C0:       1032 [1] pc=[000000008000011c] W[r 1=0000000080002200][1] R[r 1=0000000080002118] R[r 0=0000000000000000] inst=[0e808093] addi    ra, ra, 232
C0:       1033 [1] pc=[0000000080000120] W[r 2=8000000200006000][1] R[r 0=0000000000000000] R[r 0=0000000000000000] inst=[10002173] csrr    sp, sstatus
C0:       1052 [1] pc=[0000000080000124] W[r 0=0000000000000000][0] R[r 1=0000000080002200] R[r 2=8000000200006000] inst=[0420bc23] sd      sp, 88(ra)
C0:       1053 [1] pc=[0000000080000128] W[r 2=0000000000000000][1] R[r 0=0000000000000000] R[r 0=0000000000000000] inst=[10402173] csrr    sp, sie
C0:       1056 [1] pc=[000000008000012c] W[r 0=0000000000000000][0] R[r 1=0000000080002200] R[r 2=0000000000000000] inst=[0620b823] sd      sp, 112(ra)
C0:       1057 [1] pc=[0000000080000130] W[r 2=0000000080000114][1] R[r 0=0000000000000000] R[r 0=0000000000000000] inst=[10502173] csrr    sp, stvec
C0:       1060 [1] pc=[0000000080000134] W[r 0=0000000000000000][0] R[r 1=0000000080002200] R[r 2=0000000080000114] inst=[0620bc23] sd      sp, 120(ra)
C0:       1061 [1] pc=[0000000080000138] W[r 2=0000000000000005][1] R[r 0=0000000000000000] R[r 0=0000000000000000] inst=[10602173] csrr    sp, scounteren
C0:       1080 [1] pc=[000000008000013c] W[r 0=0000000000000000][0] R[r 1=0000000080002200] R[r 2=0000000000000005] inst=[0820b023] sd      sp, 128(ra)
C0:       1113 [1] pc=[0000000080000140] W[r 2=0000000018300018][1] R[r 0=0000000000000000] R[r 0=0000000000000000] inst=[14002173] csrr    sp, sscratch
C0:       1116 [1] pc=[0000000080000144] W[r 0=0000000000000000][0] R[r 1=0000000080002200] R[r 2=0000000018300018] inst=[0820b423] sd      sp, 136(ra)
C0:       1117 [1] pc=[0000000080000148] W[r 2=ffffffe8c44d51a4][1] R[r 0=0000000000000000] R[r 0=0000000000000000] inst=[14102173] csrr    sp, sepc
C0:       1120 [1] pc=[000000008000014c] W[r 0=0000000000000000][0] R[r 1=0000000080002200] R[r 2=ffffffe8c44d51a4] inst=[0820b823] sd      sp, 144(ra)
C0:       1121 [1] pc=[0000000080000150] W[r 2=000000000000000f][1] R[r 0=0000000000000000] R[r 0=0000000000000000] inst=[14202173] csrr    sp, scause
C0:       1124 [1] pc=[0000000080000154] W[r 0=0000000000000000][0] R[r 1=0000000080002200] R[r 2=000000000000000f] inst=[0820bc23] sd      sp, 152(ra)
C0:       1125 [1] pc=[0000000080000158] W[r 2=000000753c17b906][1] R[r 0=0000000000000000] R[r 0=0000000000000000] inst=[14302173] csrr    sp, stval
C0:       1128 [1] pc=[000000008000015c] W[r 0=0000000000000000][0] R[r 1=0000000080002200] R[r 2=000000753c17b906] inst=[0a20b023] sd      sp, 160(ra)
C0:       1129 [1] pc=[0000000080000160] W[r 2=0000000000000000][1] R[r 0=0000000000000000] R[r 0=0000000000000000] inst=[14402173] csrr    sp, sip
C0:       1132 [1] pc=[0000000080000164] W[r 2=0000000000000000][1] R[r 2=0000000000000000] R[r 0=0000000000000000] inst=[f7f17113] andi    sp, sp, -129
C0:       1133 [1] pc=[0000000080000168] W[r 0=0000000000000000][0] R[r 1=0000000080002200] R[r 2=0000000000000000] inst=[0a20b423] sd      sp, 168(ra)
C0:       1134 [1] pc=[000000008000016c] W[r 2=0000000000000000][1] R[r 0=0000000000000000] R[r 0=0000000000000000] inst=[18002173] csrr    sp, satp
C0:       1137 [1] pc=[0000000080000170] W[r 0=0000000000000000][0] R[r 1=0000000080002200] R[r 2=0000000000000000] inst=[0a20b823] sd      sp, 176(ra)
C0:       1138 [1] pc=[0000000080000174] W[r 2=0000000000000000][1] R[r 0=0000000000000000] R[r 0=0000000000000000] inst=[f1402173] csrr    sp, mhartid
C0:       1141 [1] pc=[0000000080000178] W[r 0=0000000000000000][0] R[r 1=0000000080002200] R[r 2=0000000000000000] inst=[0a20bc23] sd      sp, 184(ra)
C0:       1142 [1] pc=[000000008000017c] W[r 2=8000000a00007800][1] R[r 0=0000000000000000] R[r 0=0000000000000000] inst=[30002173] csrr    sp, mstatus
C0:       1180 [1] pc=[0000000080000180] W[r 0=0000000000000000][0] R[r 1=0000000080002200] R[r 2=8000000a00007800] inst=[0c20b023] sd      sp, 192(ra)
C0:       1181 [1] pc=[0000000080000184] W[r 2=000000000000b109][1] R[r 0=0000000000000000] R[r 0=0000000000000000] inst=[30202173] csrr    sp, medeleg
C0:       1184 [1] pc=[0000000080000188] W[r 0=0000000000000000][0] R[r 1=0000000080002200] R[r 2=000000000000b109] inst=[0c20b423] sd      sp, 200(ra)
C0:       1185 [1] pc=[000000008000018c] W[r 2=0000000000000000][1] R[r 0=0000000000000000] R[r 0=0000000000000000] inst=[30302173] csrr    sp, mideleg
C0:       1188 [1] pc=[0000000080000190] W[r 0=0000000000000000][0] R[r 1=0000000080002200] R[r 2=0000000000000000] inst=[0c20b823] sd      sp, 208(ra)
C0:       1189 [1] pc=[0000000080000194] W[r 2=0000000000000000][1] R[r 0=0000000000000000] R[r 0=0000000000000000] inst=[30402173] csrr    sp, mie
C0:       1192 [1] pc=[0000000080000198] W[r 0=0000000000000000][0] R[r 1=0000000080002200] R[r 2=0000000000000000] inst=[0c20bc23] sd      sp, 216(ra)
C0:       1193 [1] pc=[000000008000019c] W[r 2=0000000080000118][1] R[r 0=0000000000000000] R[r 0=0000000000000000] inst=[30502173] csrr    sp, mtvec
C0:       1196 [1] pc=[00000000800001a0] W[r 0=0000000000000000][0] R[r 1=0000000080002200] R[r 2=0000000080000118] inst=[0e20b023] sd      sp, 224(ra)
C0:       1197 [1] pc=[00000000800001a4] W[r 2=0000000000000003][1] R[r 0=0000000000000000] R[r 0=0000000000000000] inst=[30602173] csrr    sp, mcounteren
C0:       1200 [1] pc=[00000000800001a8] W[r 0=0000000000000000][0] R[r 1=0000000080002200] R[r 2=0000000000000003] inst=[0e20b423] sd      sp, 232(ra)
C0:       1201 [1] pc=[00000000800001ac] W[r 2=892fc0120650df0c][1] R[r 0=0000000000000000] R[r 0=0000000000000000] inst=[34002173] csrr    sp, mscratch
C0:       1204 [1] pc=[00000000800001b0] W[r 0=0000000000000000][0] R[r 1=0000000080002200] R[r 2=892fc0120650df0c] inst=[0e20b823] sd      sp, 240(ra)
C0:       1205 [1] pc=[00000000800001b4] W[r 2=00000000800004cc][1] R[r 0=0000000000000000] R[r 0=0000000000000000] inst=[34102173] csrr    sp, mepc
C0:       1208 [1] pc=[00000000800001b8] W[r 0=0000000000000000][0] R[r 1=0000000080002200] R[r 2=00000000800004cc] inst=[0e20bc23] sd      sp, 248(ra)
C0:       1209 [1] pc=[00000000800001bc] W[r 2=0000000000000007][1] R[r 0=0000000000000000] R[r 0=0000000000000000] inst=[34202173] csrr    sp, mcause
C0:       1247 [1] pc=[00000000800001c0] W[r 0=0000000000000000][0] R[r 1=0000000080002200] R[r 2=0000000000000007] inst=[1020b023] sd      sp, 256(ra)
C0:       1248 [1] pc=[00000000800001c4] W[r 2=ffffffff7fe20148][1] R[r 0=0000000000000000] R[r 0=0000000000000000] inst=[34302173] csrr    sp, mtval
C0:       1251 [1] pc=[00000000800001c8] W[r 0=0000000000000000][0] R[r 1=0000000080002200] R[r 2=ffffffff7fe20148] inst=[1020b423] sd      sp, 264(ra)
C0:       1252 [1] pc=[00000000800001cc] W[r 2=0000000000000020][1] R[r 0=0000000000000000] R[r 0=0000000000000000] inst=[34402173] csrr    sp, mip
C0:       1255 [1] pc=[00000000800001d0] W[r 2=0000000000000020][1] R[r 2=0000000000000020] R[r 0=0000000000000000] inst=[f7f17113] andi    sp, sp, -129
C0:       1256 [1] pc=[00000000800001d4] W[r 0=0000000000000000][0] R[r 1=0000000080002200] R[r 2=0000000000000020] inst=[1020b823] sd      sp, 272(ra)
C0:       1257 [1] pc=[00000000800001d8] W[r 2=000000000000001f][1] R[r 0=0000000000000000] R[r 0=0000000000000000] inst=[3a002173] csrr    sp, pmpcfg0
C0:       1260 [1] pc=[00000000800001dc] W[r 0=0000000000000000][0] R[r 1=0000000080002200] R[r 2=000000000000001f] inst=[1020bc23] sd      sp, 280(ra)
C0:       1261 [1] pc=[00000000800001e0] W[r 2=000000003fffffff][1] R[r 0=0000000000000000] R[r 0=0000000000000000] inst=[3b002173] csrr    sp, pmpaddr0
C0:       1264 [1] pc=[00000000800001e4] W[r 0=0000000000000000][0] R[r 1=0000000080002200] R[r 2=000000003fffffff] inst=[1220bc23] sd      sp, 312(ra)
C0:       1265 [1] pc=[00000000800001e8] W[r 2=0000000007955f37][1] R[r 0=0000000000000000] R[r 0=0000000000000000] inst=[3b102173] csrr    sp, pmpaddr1
C0:       1284 [1] pc=[00000000800001ec] W[r 0=0000000000000000][0] R[r 1=0000000080002200] R[r 2=0000000007955f37] inst=[1420b023] sd      sp, 320(ra)
C0:       1285 [1] pc=[00000000800001f0] W[r 2=00000000040c5558][1] R[r 0=0000000000000000] R[r 0=0000000000000000] inst=[3b202173] csrr    sp, pmpaddr2
C0:       1288 [1] pc=[00000000800001f4] W[r 0=0000000000000000][0] R[r 1=0000000080002200] R[r 2=00000000040c5558] inst=[1420b423] sd      sp, 328(ra)
C0:       1289 [1] pc=[00000000800001f8] W[r 2=000000000e7595dc][1] R[r 0=0000000000000000] R[r 0=0000000000000000] inst=[3b302173] csrr    sp, pmpaddr3
C0:       1292 [1] pc=[00000000800001fc] W[r 0=0000000000000000][0] R[r 1=0000000080002200] R[r 2=000000000e7595dc] inst=[1420b823] sd      sp, 336(ra)
C0:       1314 [1] pc=[0000000080000200] W[r 2=0000000021de349c][1] R[r 0=0000000000000000] R[r 0=0000000000000000] inst=[3b402173] csrr    sp, pmpaddr4
C0:       1317 [1] pc=[0000000080000204] W[r 0=0000000000000000][0] R[r 1=0000000080002200] R[r 2=0000000021de349c] inst=[1420bc23] sd      sp, 344(ra)
C0:       1318 [1] pc=[0000000080000208] W[r 2=000000001b9b4330][1] R[r 0=0000000000000000] R[r 0=0000000000000000] inst=[3b502173] csrr    sp, pmpaddr5
C0:       1321 [1] pc=[000000008000020c] W[r 0=0000000000000000][0] R[r 1=0000000080002200] R[r 2=000000001b9b4330] inst=[1620b023] sd      sp, 352(ra)
C0:       1322 [1] pc=[0000000080000210] W[r 2=00000000060df5d0][1] R[r 0=0000000000000000] R[r 0=0000000000000000] inst=[3b602173] csrr    sp, pmpaddr6
C0:       1325 [1] pc=[0000000080000214] W[r 0=0000000000000000][0] R[r 1=0000000080002200] R[r 2=00000000060df5d0] inst=[1620b423] sd      sp, 360(ra)
C0:       1326 [1] pc=[0000000080000218] W[r 2=000000001a73e500][1] R[r 0=0000000000000000] R[r 0=0000000000000000] inst=[3b702173] csrr    sp, pmpaddr7
C0:       1329 [1] pc=[000000008000021c] W[r 0=0000000000000000][0] R[r 1=0000000080002200] R[r 2=000000001a73e500] inst=[1620b823] sd      sp, 368(ra)
C0:       1330 [1] pc=[0000000080000220] W[r10=0000000000006000][1] R[r 0=0000000000000000] R[r 0=0000000000000000] inst=[00006537] lui     a0, 0x6
C0:       1331 [1] pc=[0000000080000224] W[r 0=8000000a00007800][1] R[r10=0000000000006000] R[r 0=0000000000000000] inst=[30052073] csrs    mstatus, a0
C0:       1336 [1] pc=[0000000080000228] W[r 2=000000000000000d][1] R[r 0=0000000000000000] R[r 0=0000000000000000] inst=[00102173] csrr    sp, fflags
C0:       1339 [1] pc=[000000008000022c] W[r 0=0000000000000000][0] R[r 1=0000000080002200] R[r 2=000000000000000d] inst=[0420b023] sd      sp, 64(ra)
C0:       1340 [1] pc=[0000000080000230] W[r 2=0000000000000000][1] R[r 0=0000000000000000] R[r 0=0000000000000000] inst=[00202173] csrr    sp, frm
C0:       1343 [1] pc=[0000000080000234] W[r 0=0000000000000000][0] R[r 1=0000000080002200] R[r 2=0000000000000000] inst=[0420b423] sd      sp, 72(ra)
C0:       1344 [1] pc=[0000000080000238] W[r 2=000000000000000d][1] R[r 0=0000000000000000] R[r 0=0000000000000000] inst=[00302173] csrr    sp, fcsr
C0:       1347 [1] pc=[000000008000023c] W[r 0=0000000000000000][0] R[r 1=0000000080002200] R[r 2=000000000000000d] inst=[0420b823] sd      sp, 80(ra)
C0:       1369 [1] pc=[0000000080000240] W[r 1=0000000080002240][1] R[r 0=0000000000000000] R[r 0=0000000000000000] inst=[00002097] auipc   ra, 0x2
C0:       1370 [1] pc=[0000000080000244] W[r 1=0000000080002000][1] R[r 1=0000000080002240] R[r 0=0000000000000000] inst=[dc008093] addi    ra, ra, -576
C0:       1387 [1] pc=[0000000080000248] W[r 0=0000000000000000][0] R[r 1=0000000080002000] R[r 0=0000000000000000] inst=[0000b023] sd      zero, 0(ra)
C0:       1388 [1] pc=[000000008000024c] W[r 0=0000000000000000][0] R[r 1=0000000080002000] R[r 2=000000000000000d] inst=[0020b823] sd      sp, 16(ra)
C0:       1389 [1] pc=[0000000080000250] W[r 0=0000000000000000][0] R[r 1=0000000080002000] R[r 3=0000000000000000] inst=[0030bc23] sd      gp, 24(ra)
C0:       1390 [1] pc=[0000000080000254] W[r 0=0000000000000000][0] R[r 1=0000000080002000] R[r 4=f8f48b16616704f1] inst=[0240b023] sd      tp, 32(ra)
C0:       1391 [1] pc=[0000000080000258] W[r 0=0000000000000000][0] R[r 1=0000000080002000] R[r 5=00000000800300c0] inst=[0250b423] sd      t0, 40(ra)
C0:       1392 [1] pc=[000000008000025c] W[r 0=0000000000000000][0] R[r 1=0000000080002000] R[r 6=0cdd6d0799934fc4] inst=[0260b823] sd      t1, 48(ra)
C0:       1393 [1] pc=[0000000080000260] W[r 0=0000000000000000][0] R[r 1=0000000080002000] R[r 7=f0eaec50f961d6b2] inst=[0270bc23] sd      t2, 56(ra)
C0:       1410 [1] pc=[0000000080000264] W[r 0=0000000000000000][0] R[r 1=0000000080002000] R[r 8=6931212e98bb138a] inst=[0480b023] sd      s0, 64(ra)
C0:       1411 [1] pc=[0000000080000268] W[r 0=0000000000000000][0] R[r 1=0000000080002000] R[r 9=1c6fa0da61ed7b9e] inst=[0490b423] sd      s1, 72(ra)
C0:       1412 [1] pc=[000000008000026c] W[r 0=0000000000000000][0] R[r 1=0000000080002000] R[r10=0000000000006000] inst=[04a0b823] sd      a0, 80(ra)
C0:       1413 [1] pc=[0000000080000270] W[r 0=0000000000000000][0] R[r 1=0000000080002000] R[r11=5243e39961efb2ea] inst=[04b0bc23] sd      a1, 88(ra)
C0:       1414 [1] pc=[0000000080000274] W[r 0=0000000000000000][0] R[r 1=0000000080002000] R[r12=0000000018000000] inst=[06c0b023] sd      a2, 96(ra)
C0:       1415 [1] pc=[0000000080000278] W[r 0=0000000000000000][0] R[r 1=0000000080002000] R[r13=0000000080050110] inst=[06d0b423] sd      a3, 104(ra)
C0:       1416 [1] pc=[000000008000027c] W[r 0=0000000000000000][0] R[r 1=0000000080002000] R[r14=abe6f00af9bb4c4e] inst=[06e0b823] sd      a4, 112(ra)
C0:       1438 [1] pc=[0000000080000280] W[r 0=0000000000000000][0] R[r 1=0000000080002000] R[r15=2c40994136e8a239] inst=[06f0bc23] sd      a5, 120(ra)
C0:       1455 [1] pc=[0000000080000284] W[r 0=0000000000000000][0] R[r 1=0000000080002000] R[r16=ffffffffffe00000] inst=[0900b023] sd      a6, 128(ra)
C0:       1456 [1] pc=[0000000080000288] W[r 0=0000000000000000][0] R[r 1=0000000080002000] R[r17=568020a5faf436fb] inst=[0910b423] sd      a7, 136(ra)
C0:       1457 [1] pc=[000000008000028c] W[r 0=0000000000000000][0] R[r 1=0000000080002000] R[r18=d4c3c1dc16e719b0] inst=[0920b823] sd      s2, 144(ra)
C0:       1458 [1] pc=[0000000080000290] W[r 0=0000000000000000][0] R[r 1=0000000080002000] R[r19=ffffffffc82df6f0] inst=[0930bc23] sd      s3, 152(ra)
C0:       1459 [1] pc=[0000000080000294] W[r 0=0000000000000000][0] R[r 1=0000000080002000] R[r20=4bc470ba27ddad2a] inst=[0b40b023] sd      s4, 160(ra)
C0:       1460 [1] pc=[0000000080000298] W[r 0=0000000000000000][0] R[r 1=0000000080002000] R[r21=6c59c498ccd62320] inst=[0b50b423] sd      s5, 168(ra)
C0:       1461 [1] pc=[000000008000029c] W[r 0=0000000000000000][0] R[r 1=0000000080002000] R[r22=2132ce77277c0946] inst=[0b60b823] sd      s6, 176(ra)
C0:       1462 [1] pc=[00000000800002a0] W[r 0=0000000000000000][0] R[r 1=0000000080002000] R[r23=4b44b4a932ce2a5d] inst=[0b70bc23] sd      s7, 184(ra)
C0:       1479 [1] pc=[00000000800002a4] W[r 0=0000000000000000][0] R[r 1=0000000080002000] R[r24=39a4e3aaf20b7dbc] inst=[0d80b023] sd      s8, 192(ra)
C0:       1480 [1] pc=[00000000800002a8] W[r 0=0000000000000000][0] R[r 1=0000000080002000] R[r25=0647da5dfe1abd64] inst=[0d90b423] sd      s9, 200(ra)
C0:       1481 [1] pc=[00000000800002ac] W[r 0=0000000000000000][0] R[r 1=0000000080002000] R[r27=bfb8cccc2213065f] inst=[0db0bc23] sd      s11, 216(ra)
C0:       1482 [1] pc=[00000000800002b0] W[r 0=0000000000000000][0] R[r 1=0000000080002000] R[r28=4696fee9e4ad18fb] inst=[0fc0b023] sd      t3, 224(ra)
C0:       1483 [1] pc=[00000000800002b4] W[r 0=0000000000000000][0] R[r 1=0000000080002000] R[r29=b94a6d84460321f9] inst=[0fd0b423] sd      t4, 232(ra)
C0:       1484 [1] pc=[00000000800002b8] W[r 0=0000000000000000][0] R[r 1=0000000080002000] R[r30=e526fd1ecababf12] inst=[0fe0b823] sd      t5, 240(ra)
C0:       1485 [1] pc=[00000000800002bc] W[r 1=00000000800022bc][1] R[r 0=0000000000000000] R[r 0=0000000000000000] inst=[00002097] auipc   ra, 0x2
C0:       1507 [1] pc=[00000000800002c0] W[r 1=0000000080002100][1] R[r 1=00000000800022bc] R[r 0=0000000000000000] inst=[e4408093] addi    ra, ra, -444
C0:       1542 [1] pc=[00000000800002c4] W[r 0=0000000000000000][0] R[r 1=0000000080002100] R[r 1=e526fd1ecababf13] inst=[0010a427] fsw     ft1, 8(ra)
C0:       1543 [1] pc=[00000000800002c8] W[r 0=0000000000000000][0] R[r 1=0000000080002100] R[r 2=e526fd1ecababf13] inst=[0020a827] fsw     ft2, 16(ra)
C0:       1544 [1] pc=[00000000800002cc] W[r 0=0000000000000000][0] R[r 1=0000000080002100] R[r 7=e526fd1ecababf13] inst=[0270ac27] fsw     ft7, 56(ra)
C0:       1561 [1] pc=[00000000800002d0] W[r 0=0000000000000000][0] R[r 1=0000000080002100] R[r 9=e526fd1ecababf13] inst=[0490a427] fsw     fs1, 72(ra)
C0:       1562 [1] pc=[00000000800002d4] W[r 0=0000000000000000][0] R[r 1=0000000080002100] R[r10=e526fd1ecababf13] inst=[04a0a827] fsw     fa0, 80(ra)
C0:       1563 [1] pc=[00000000800002d8] W[r 0=0000000000000000][0] R[r 1=0000000080002100] R[r12=e526fd1ecababf13] inst=[06c0a027] fsw     fa2, 96(ra)
C0:       1564 [1] pc=[00000000800002dc] W[r 0=0000000000000000][0] R[r 1=0000000080002100] R[r13=e526fd1ecababf13] inst=[06d0a427] fsw     fa3, 104(ra)
C0:       1581 [1] pc=[00000000800002e0] W[r 0=0000000000000000][0] R[r 1=0000000080002100] R[r21=e526fd1ecababf13] inst=[0b50a427] fsw     fs5, 168(ra)
C0:       1582 [1] pc=[00000000800002e4] W[r 0=0000000000000000][0] R[r 1=0000000080002100] R[r22=e526fd1ecababf13] inst=[0b60a827] fsw     fs6, 176(ra)
C0:       1599 [1] pc=[00000000800002e8] W[r 0=0000000000000000][0] R[r 1=0000000080002100] R[r25=e526fd1ecababf13] inst=[0d90a427] fsw     fs9, 200(ra)
C0:       1600 [1] pc=[00000000800002ec] W[r 0=0000000000000000][0] R[r 1=0000000080002100] R[r26=e526fd1ecababf13] inst=[0da0a827] fsw     fs10, 208(ra)
C0:       1601 [1] pc=[00000000800002f0] W[r 0=0000000000000000][0] R[r 1=0000000080002100] R[r28=e526fd1ecababf13] inst=[0fc0a027] fsw     ft8, 224(ra)
C0:       1602 [1] pc=[00000000800002f4] W[r 0=0000000000000000][0] R[r 1=0000000080002100] R[r29=e526fd1ecababf13] inst=[0fd0a427] fsw     ft9, 232(ra)
C0:       1603 [1] pc=[00000000800002f8] W[r 0=0000000000000000][0] R[r 1=0000000080002100] R[r30=e526fd1ecababf13] inst=[0fe0a827] fsw     ft10, 240(ra)
C0:       1604 [1] pc=[00000000800002fc] W[r 0=0000000000000000][0] R[r 1=0000000080002100] R[r31=e526fd1ecababf13] inst=[0ff0ac27] fsw     ft11, 248(ra)
C0:       1626 [1] pc=[0000000080000300] W[r 1=0000000080002300][1] R[r 0=0000000000000000] R[r 0=0000000000000000] inst=[00002097] auipc   ra, 0x2
C0:       1627 [1] pc=[0000000080000304] W[r 1=0000000080002100][1] R[r 1=0000000080002300] R[r 0=0000000000000000] inst=[e0008093] addi    ra, ra, -512
C0:       1628 [1] pc=[0000000080000308] W[r 0=0000000000000000][0] R[r 1=0000000080002100] R[r 0=0000000000000000] inst=[0000b027] fsd     ft0, 0(ra)
C0:       1629 [1] pc=[000000008000030c] W[r 0=0000000000000000][0] R[r 1=0000000080002100] R[r 3=e526fd1ecababf13] inst=[0030bc27] fsd     ft3, 24(ra)
C0:       1630 [1] pc=[0000000080000310] W[r 0=0000000000000000][0] R[r 1=0000000080002100] R[r 4=e526fd1ecababf13] inst=[0240b027] fsd     ft4, 32(ra)
C0:       1631 [1] pc=[0000000080000314] W[r 0=0000000000000000][0] R[r 1=0000000080002100] R[r 5=e526fd1ecababf13] inst=[0250b427] fsd     ft5, 40(ra)
C0:       1632 [1] pc=[0000000080000318] W[r 0=0000000000000000][0] R[r 1=0000000080002100] R[r 6=e526fd1ecababf13] inst=[0260b827] fsd     ft6, 48(ra)
C0:       1633 [1] pc=[000000008000031c] W[r 0=0000000000000000][0] R[r 1=0000000080002100] R[r 8=e526fd1ecababf13] inst=[0480b027] fsd     fs0, 64(ra)
C0:       1634 [1] pc=[0000000080000320] W[r 0=0000000000000000][0] R[r 1=0000000080002100] R[r11=e526fd1ecababf13] inst=[04b0bc27] fsd     fa1, 88(ra)
C0:       1635 [1] pc=[0000000080000324] W[r 0=0000000000000000][0] R[r 1=0000000080002100] R[r14=e526fd1ecababf13] inst=[06e0b827] fsd     fa4, 112(ra)
C0:       1636 [1] pc=[0000000080000328] W[r 0=0000000000000000][0] R[r 1=0000000080002100] R[r15=e526fd1ecababf13] inst=[06f0bc27] fsd     fa5, 120(ra)
C0:       1637 [1] pc=[000000008000032c] W[r 0=0000000000000000][0] R[r 1=0000000080002100] R[r16=e526fd1ecababf13] inst=[0900b027] fsd     fa6, 128(ra)
C0:       1638 [1] pc=[0000000080000330] W[r 0=0000000000000000][0] R[r 1=0000000080002100] R[r17=e526fd1ecababf13] inst=[0910b427] fsd     fa7, 136(ra)
C0:       1639 [1] pc=[0000000080000334] W[r 0=0000000000000000][0] R[r 1=0000000080002100] R[r18=e526fd1ecababf13] inst=[0920b827] fsd     fs2, 144(ra)
C0:       1640 [1] pc=[0000000080000338] W[r 0=0000000000000000][0] R[r 1=0000000080002100] R[r19=e526fd1ecababf13] inst=[0930bc27] fsd     fs3, 152(ra)
C0:       1641 [1] pc=[000000008000033c] W[r 0=0000000000000000][0] R[r 1=0000000080002100] R[r20=e526fd1ecababf13] inst=[0b40b027] fsd     fs4, 160(ra)
C0:       1642 [1] pc=[0000000080000340] W[r 0=0000000000000000][0] R[r 1=0000000080002100] R[r23=e526fd1ecababf13] inst=[0b70bc27] fsd     fs7, 184(ra)
C0:       1643 [1] pc=[0000000080000344] W[r 0=0000000000000000][0] R[r 1=0000000080002100] R[r24=e526fd1ecababf13] inst=[0d80b027] fsd     fs8, 192(ra)
C0:       1644 [1] pc=[0000000080000348] W[r 0=0000000000000000][0] R[r 1=0000000080002100] R[r27=e526fd1ecababf13] inst=[0db0bc27] fsd     fs11, 216(ra)
C0:       1645 [1] pc=[000000008000034c] W[r 3=0000000000000001][1] R[r 0=0000000000000000] R[r 0=0000000000000000] inst=[00100193] li      gp, 1
C0:       1646 [1] pc=[0000000080000350] W[r30=0000000080001350][1] R[r 0=0000000000000000] R[r 0=0000000000000000] inst=[00001f17] auipc   t5, 0x1
C0:       1681 [1] pc=[0000000080000354] W[r 0=0000000000000000][0] R[r30=0000000080001350] R[r 3=0000000000000001] inst=[ca3f2823] sw      gp, -848(t5)
C0:       1682 [1] pc=[0000000080000358] W[r 0=000000008000035c][1] R[r 0=0000000000000000] R[r 0=0000000000000000] inst=[0000006f] j       pc + 0x0
C0:       1686 [1] pc=[0000000080000358] W[r 0=000000008000035c][1] R[r 0=0000000000000000] R[r 0=0000000000000000] inst=[0000006f] j       pc + 0x0
C0:       1688 [1] pc=[0000000080000358] W[r 0=000000008000035c][1] R[r 0=0000000000000000] R[r 0=0000000000000000] inst=[0000006f] j       pc + 0x0
C0:       1689 [1] pc=[0000000080000358] W[r 0=000000008000035c][1] R[r 0=0000000000000000] R[r 0=0000000000000000] inst=[0000006f] j       pc + 0x0
C0:       1690 [1] pc=[0000000080000358] W[r 0=000000008000035c][1] R[r 0=0000000000000000] R[r 0=0000000000000000] inst=[0000006f] j       pc + 0x0
C0:       1692 [1] pc=[0000000080000358] W[r 0=000000008000035c][1] R[r 0=0000000000000000] R[r 0=0000000000000000] inst=[0000006f] j       pc + 0x0
C0:       1694 [1] pc=[0000000080000358] W[r 0=000000008000035c][1] R[r 0=0000000000000000] R[r 0=0000000000000000] inst=[0000006f] j       pc + 0x0
C0:       1695 [1] pc=[0000000080000358] W[r 0=000000008000035c][1] R[r 0=0000000000000000] R[r 0=0000000000000000] inst=[0000006f] j       pc + 0x0
C0:       1696 [1] pc=[0000000080000358] W[r 0=000000008000035c][1] R[r 0=0000000000000000] R[r 0=0000000000000000] inst=[0000006f] j       pc + 0x0
C0:       1698 [1] pc=[0000000080000358] W[r 0=000000008000035c][1] R[r 0=0000000000000000] R[r 0=0000000000000000] inst=[0000006f] j       pc + 0x0
C0:       1700 [1] pc=[0000000080000358] W[r 0=000000008000035c][1] R[r 0=0000000000000000] R[r 0=0000000000000000] inst=[0000006f] j       pc + 0x0
C0:       1701 [1] pc=[0000000080000358] W[r 0=000000008000035c][1] R[r 0=0000000000000000] R[r 0=0000000000000000] inst=[0000006f] j       pc + 0x0
C0:       1702 [1] pc=[0000000080000358] W[r 0=000000008000035c][1] R[r 0=0000000000000000] R[r 0=0000000000000000] inst=[0000006f] j       pc + 0x0
C0:       1704 [1] pc=[0000000080000358] W[r 0=000000008000035c][1] R[r 0=0000000000000000] R[r 0=0000000000000000] inst=[0000006f] j       pc + 0x0
C0:       1706 [1] pc=[0000000080000358] W[r 0=000000008000035c][1] R[r 0=0000000000000000] R[r 0=0000000000000000] inst=[0000006f] j       pc + 0x0
C0:       1707 [1] pc=[0000000080000358] W[r 0=000000008000035c][1] R[r 0=0000000000000000] R[r 0=0000000000000000] inst=[0000006f] j       pc + 0x0
C0:       1708 [1] pc=[0000000080000358] W[r 0=000000008000035c][1] R[r 0=0000000000000000] R[r 0=0000000000000000] inst=[0000006f] j       pc + 0x0
C0:       1710 [1] pc=[0000000080000358] W[r 0=000000008000035c][1] R[r 0=0000000000000000] R[r 0=0000000000000000] inst=[0000006f] j       pc + 0x0
C0:       1712 [1] pc=[0000000080000358] W[r 0=000000008000035c][1] R[r 0=0000000000000000] R[r 0=0000000000000000] inst=[0000006f] j       pc + 0x0
C0:       1713 [1] pc=[0000000080000358] W[r 0=000000008000035c][1] R[r 0=0000000000000000] R[r 0=0000000000000000] inst=[0000006f] j       pc + 0x0
C0:       1714 [1] pc=[0000000080000358] W[r 0=000000008000035c][1] R[r 0=0000000000000000] R[r 0=0000000000000000] inst=[0000006f] j       pc + 0x0
C0:       1716 [1] pc=[0000000080000358] W[r 0=000000008000035c][1] R[r 0=0000000000000000] R[r 0=0000000000000000] inst=[0000006f] j       pc + 0x0
C0:       1718 [1] pc=[0000000080000358] W[r 0=000000008000035c][1] R[r 0=0000000000000000] R[r 0=0000000000000000] inst=[0000006f] j       pc + 0x0
C0:       1719 [1] pc=[0000000080000358] W[r 0=000000008000035c][1] R[r 0=0000000000000000] R[r 0=0000000000000000] inst=[0000006f] j       pc + 0x0
C0:       1720 [1] pc=[0000000080000358] W[r 0=000000008000035c][1] R[r 0=0000000000000000] R[r 0=0000000000000000] inst=[0000006f] j       pc + 0x0
C0:       1722 [1] pc=[0000000080000358] W[r 0=000000008000035c][1] R[r 0=0000000000000000] R[r 0=0000000000000000] inst=[0000006f] j       pc + 0x0
C0:       1724 [1] pc=[0000000080000358] W[r 0=000000008000035c][1] R[r 0=0000000000000000] R[r 0=0000000000000000] inst=[0000006f] j       pc + 0x0
C0:       1725 [1] pc=[0000000080000358] W[r 0=000000008000035c][1] R[r 0=0000000000000000] R[r 0=0000000000000000] inst=[0000006f] j       pc + 0x0
C0:       1726 [1] pc=[0000000080000358] W[r 0=000000008000035c][1] R[r 0=0000000000000000] R[r 0=0000000000000000] inst=[0000006f] j       pc + 0x0
C0:       1728 [1] pc=[0000000080000358] W[r 0=000000008000035c][1] R[r 0=0000000000000000] R[r 0=0000000000000000] inst=[0000006f] j       pc + 0x0
C0:       1730 [1] pc=[0000000080000358] W[r 0=000000008000035c][1] R[r 0=0000000000000000] R[r 0=0000000000000000] inst=[0000006f] j       pc + 0x0
C0:       1731 [1] pc=[0000000080000358] W[r 0=000000008000035c][1] R[r 0=0000000000000000] R[r 0=0000000000000000] inst=[0000006f] j       pc + 0x0
C0:       1732 [1] pc=[0000000080000358] W[r 0=000000008000035c][1] R[r 0=0000000000000000] R[r 0=0000000000000000] inst=[0000006f] j       pc + 0x0
C0:       1734 [1] pc=[0000000080000358] W[r 0=000000008000035c][1] R[r 0=0000000000000000] R[r 0=0000000000000000] inst=[0000006f] j       pc + 0x0
C0:       1736 [1] pc=[0000000080000358] W[r 0=000000008000035c][1] R[r 0=0000000000000000] R[r 0=0000000000000000] inst=[0000006f] j       pc + 0x0
C0:       1737 [1] pc=[0000000080000358] W[r 0=000000008000035c][1] R[r 0=0000000000000000] R[r 0=0000000000000000] inst=[0000006f] j       pc + 0x0
C0:       1738 [1] pc=[0000000080000358] W[r 0=000000008000035c][1] R[r 0=0000000000000000] R[r 0=0000000000000000] inst=[0000006f] j       pc + 0x0
C0:       1740 [1] pc=[0000000080000358] W[r 0=000000008000035c][1] R[r 0=0000000000000000] R[r 0=0000000000000000] inst=[0000006f] j       pc + 0x0
C0:       1742 [1] pc=[0000000080000358] W[r 0=000000008000035c][1] R[r 0=0000000000000000] R[r 0=0000000000000000] inst=[0000006f] j       pc + 0x0
C0:       1743 [1] pc=[0000000080000358] W[r 0=000000008000035c][1] R[r 0=0000000000000000] R[r 0=0000000000000000] inst=[0000006f] j       pc + 0x0
C0:       1744 [1] pc=[0000000080000358] W[r 0=000000008000035c][1] R[r 0=0000000000000000] R[r 0=0000000000000000] inst=[0000006f] j       pc + 0x0
C0:       1746 [1] pc=[0000000080000358] W[r 0=000000008000035c][1] R[r 0=0000000000000000] R[r 0=0000000000000000] inst=[0000006f] j       pc + 0x0
C0:       1748 [1] pc=[0000000080000358] W[r 0=000000008000035c][1] R[r 0=0000000000000000] R[r 0=0000000000000000] inst=[0000006f] j       pc + 0x0
C0:       1749 [1] pc=[0000000080000358] W[r 0=000000008000035c][1] R[r 0=0000000000000000] R[r 0=0000000000000000] inst=[0000006f] j       pc + 0x0
C0:       1750 [1] pc=[0000000080000358] W[r 0=000000008000035c][1] R[r 0=0000000000000000] R[r 0=0000000000000000] inst=[0000006f] j       pc + 0x0
C0:       1752 [1] pc=[0000000080000358] W[r 0=000000008000035c][1] R[r 0=0000000000000000] R[r 0=0000000000000000] inst=[0000006f] j       pc + 0x0
C0:       1754 [1] pc=[0000000080000358] W[r 0=000000008000035c][1] R[r 0=0000000000000000] R[r 0=0000000000000000] inst=[0000006f] j       pc + 0x0
C0:       1755 [1] pc=[0000000080000358] W[r 0=000000008000035c][1] R[r 0=0000000000000000] R[r 0=0000000000000000] inst=[0000006f] j       pc + 0x0
C0:       1756 [1] pc=[0000000080000358] W[r 0=000000008000035c][1] R[r 0=0000000000000000] R[r 0=0000000000000000] inst=[0000006f] j       pc + 0x0
C0:       1758 [1] pc=[0000000080000358] W[r 0=000000008000035c][1] R[r 0=0000000000000000] R[r 0=0000000000000000] inst=[0000006f] j       pc + 0x0
C0:       1760 [1] pc=[0000000080000358] W[r 0=000000008000035c][1] R[r 0=0000000000000000] R[r 0=0000000000000000] inst=[0000006f] j       pc + 0x0
C0:       1761 [1] pc=[0000000080000358] W[r 0=000000008000035c][1] R[r 0=0000000000000000] R[r 0=0000000000000000] inst=[0000006f] j       pc + 0x0
C0:       1762 [1] pc=[0000000080000358] W[r 0=000000008000035c][1] R[r 0=0000000000000000] R[r 0=0000000000000000] inst=[0000006f] j       pc + 0x0
C0:       1764 [1] pc=[0000000080000358] W[r 0=000000008000035c][1] R[r 0=0000000000000000] R[r 0=0000000000000000] inst=[0000006f] j       pc + 0x0
C0:       1766 [1] pc=[0000000080000358] W[r 0=000000008000035c][1] R[r 0=0000000000000000] R[r 0=0000000000000000] inst=[0000006f] j       pc + 0x0
C0:       1767 [1] pc=[0000000080000358] W[r 0=000000008000035c][1] R[r 0=0000000000000000] R[r 0=0000000000000000] inst=[0000006f] j       pc + 0x0
C0:       1768 [1] pc=[0000000080000358] W[r 0=000000008000035c][1] R[r 0=0000000000000000] R[r 0=0000000000000000] inst=[0000006f] j       pc + 0x0
C0:       1770 [1] pc=[0000000080000358] W[r 0=000000008000035c][1] R[r 0=0000000000000000] R[r 0=0000000000000000] inst=[0000006f] j       pc + 0x0
C0:       1772 [1] pc=[0000000080000358] W[r 0=000000008000035c][1] R[r 0=0000000000000000] R[r 0=0000000000000000] inst=[0000006f] j       pc + 0x0
C0:       1773 [1] pc=[0000000080000358] W[r 0=000000008000035c][1] R[r 0=0000000000000000] R[r 0=0000000000000000] inst=[0000006f] j       pc + 0x0
C0:       1774 [1] pc=[0000000080000358] W[r 0=000000008000035c][1] R[r 0=0000000000000000] R[r 0=0000000000000000] inst=[0000006f] j       pc + 0x0
C0:       1776 [1] pc=[0000000080000358] W[r 0=000000008000035c][1] R[r 0=0000000000000000] R[r 0=0000000000000000] inst=[0000006f] j       pc + 0x0
C0:       1778 [1] pc=[0000000080000358] W[r 0=000000008000035c][1] R[r 0=0000000000000000] R[r 0=0000000000000000] inst=[0000006f] j       pc + 0x0
C0:       1779 [1] pc=[0000000080000358] W[r 0=000000008000035c][1] R[r 0=0000000000000000] R[r 0=0000000000000000] inst=[0000006f] j       pc + 0x0
C0:       1780 [1] pc=[0000000080000358] W[r 0=000000008000035c][1] R[r 0=0000000000000000] R[r 0=0000000000000000] inst=[0000006f] j       pc + 0x0
C0:       1782 [1] pc=[0000000080000358] W[r 0=000000008000035c][1] R[r 0=0000000000000000] R[r 0=0000000000000000] inst=[0000006f] j       pc + 0x0
C0:       1784 [1] pc=[0000000080000358] W[r 0=000000008000035c][1] R[r 0=0000000000000000] R[r 0=0000000000000000] inst=[0000006f] j       pc + 0x0
C0:       1785 [1] pc=[0000000080000358] W[r 0=000000008000035c][1] R[r 0=0000000000000000] R[r 0=0000000000000000] inst=[0000006f] j       pc + 0x0
C0:       1786 [1] pc=[0000000080000358] W[r 0=000000008000035c][1] R[r 0=0000000000000000] R[r 0=0000000000000000] inst=[0000006f] j       pc + 0x0
C0:       1788 [1] pc=[0000000080000358] W[r 0=000000008000035c][1] R[r 0=0000000000000000] R[r 0=0000000000000000] inst=[0000006f] j       pc + 0x0
C0:       1790 [1] pc=[0000000080000358] W[r 0=000000008000035c][1] R[r 0=0000000000000000] R[r 0=0000000000000000] inst=[0000006f] j       pc + 0x0
C0:       1791 [1] pc=[0000000080000358] W[r 0=000000008000035c][1] R[r 0=0000000000000000] R[r 0=0000000000000000] inst=[0000006f] j       pc + 0x0
C0:       1792 [1] pc=[0000000080000358] W[r 0=000000008000035c][1] R[r 0=0000000000000000] R[r 0=0000000000000000] inst=[0000006f] j       pc + 0x0
C0:       1794 [1] pc=[0000000080000358] W[r 0=000000008000035c][1] R[r 0=0000000000000000] R[r 0=0000000000000000] inst=[0000006f] j       pc + 0x0
C0:       1796 [1] pc=[0000000080000358] W[r 0=000000008000035c][1] R[r 0=0000000000000000] R[r 0=0000000000000000] inst=[0000006f] j       pc + 0x0
C0:       1797 [1] pc=[0000000080000358] W[r 0=000000008000035c][1] R[r 0=0000000000000000] R[r 0=0000000000000000] inst=[0000006f] j       pc + 0x0
C0:       1798 [1] pc=[0000000080000358] W[r 0=000000008000035c][1] R[r 0=0000000000000000] R[r 0=0000000000000000] inst=[0000006f] j       pc + 0x0
C0:       1800 [1] pc=[0000000080000358] W[r 0=000000008000035c][1] R[r 0=0000000000000000] R[r 0=0000000000000000] inst=[0000006f] j       pc + 0x0
C0:       1802 [1] pc=[0000000080000358] W[r 0=000000008000035c][1] R[r 0=0000000000000000] R[r 0=0000000000000000] inst=[0000006f] j       pc + 0x0
C0:       1803 [1] pc=[0000000080000358] W[r 0=000000008000035c][1] R[r 0=0000000000000000] R[r 0=0000000000000000] inst=[0000006f] j       pc + 0x0
C0:       1804 [1] pc=[0000000080000358] W[r 0=000000008000035c][1] R[r 0=0000000000000000] R[r 0=0000000000000000] inst=[0000006f] j       pc + 0x0
C0:       1806 [1] pc=[0000000080000358] W[r 0=000000008000035c][1] R[r 0=0000000000000000] R[r 0=0000000000000000] inst=[0000006f] j       pc + 0x0
C0:       1808 [1] pc=[0000000080000358] W[r 0=000000008000035c][1] R[r 0=0000000000000000] R[r 0=0000000000000000] inst=[0000006f] j       pc + 0x0
C0:       1809 [1] pc=[0000000080000358] W[r 0=000000008000035c][1] R[r 0=0000000000000000] R[r 0=0000000000000000] inst=[0000006f] j       pc + 0x0
C0:       1810 [1] pc=[0000000080000358] W[r 0=000000008000035c][1] R[r 0=0000000000000000] R[r 0=0000000000000000] inst=[0000006f] j       pc + 0x0
C0:       1812 [1] pc=[0000000080000358] W[r 0=000000008000035c][1] R[r 0=0000000000000000] R[r 0=0000000000000000] inst=[0000006f] j       pc + 0x0
C0:       1814 [1] pc=[0000000080000358] W[r 0=000000008000035c][1] R[r 0=0000000000000000] R[r 0=0000000000000000] inst=[0000006f] j       pc + 0x0
C0:       1815 [1] pc=[0000000080000358] W[r 0=000000008000035c][1] R[r 0=0000000000000000] R[r 0=0000000000000000] inst=[0000006f] j       pc + 0x0
C0:       1816 [1] pc=[0000000080000358] W[r 0=000000008000035c][1] R[r 0=0000000000000000] R[r 0=0000000000000000] inst=[0000006f] j       pc + 0x0
C0:       1818 [1] pc=[0000000080000358] W[r 0=000000008000035c][1] R[r 0=0000000000000000] R[r 0=0000000000000000] inst=[0000006f] j       pc + 0x0
C0:       1820 [1] pc=[0000000080000358] W[r 0=000000008000035c][1] R[r 0=0000000000000000] R[r 0=0000000000000000] inst=[0000006f] j       pc + 0x0
C0:       1821 [1] pc=[0000000080000358] W[r 0=000000008000035c][1] R[r 0=0000000000000000] R[r 0=0000000000000000] inst=[0000006f] j       pc + 0x0
C0:       1822 [1] pc=[0000000080000358] W[r 0=000000008000035c][1] R[r 0=0000000000000000] R[r 0=0000000000000000] inst=[0000006f] j       pc + 0x0
C0:       1824 [1] pc=[0000000080000358] W[r 0=000000008000035c][1] R[r 0=0000000000000000] R[r 0=0000000000000000] inst=[0000006f] j       pc + 0x0
C0:       1826 [1] pc=[0000000080000358] W[r 0=000000008000035c][1] R[r 0=0000000000000000] R[r 0=0000000000000000] inst=[0000006f] j       pc + 0x0
C0:       1827 [1] pc=[0000000080000358] W[r 0=000000008000035c][1] R[r 0=0000000000000000] R[r 0=0000000000000000] inst=[0000006f] j       pc + 0x0
C0:       1828 [1] pc=[0000000080000358] W[r 0=000000008000035c][1] R[r 0=0000000000000000] R[r 0=0000000000000000] inst=[0000006f] j       pc + 0x0
C0:       1830 [1] pc=[0000000080000358] W[r 0=000000008000035c][1] R[r 0=0000000000000000] R[r 0=0000000000000000] inst=[0000006f] j       pc + 0x0
C0:       1832 [1] pc=[0000000080000358] W[r 0=000000008000035c][1] R[r 0=0000000000000000] R[r 0=0000000000000000] inst=[0000006f] j       pc + 0x0
*** PASSED *** Completed after               335566 simulation cycles
