ERROR: ld.so: object '/home/rsaravan/chipyard/.conda-env/lib/libstdc++.so.6' from LD_PRELOAD cannot be preloaded (wrong ELF class: ELFCLASS64): ignored.
testing $random aa374254
== Loading device model file '/home/rsaravan/chipyard/generators/testchipip/src/main/resources/dramsim2_ini/DDR3_micron_64M_8B_x4_sg15.ini' == 
== Loading system model file '/home/rsaravan/chipyard/generators/testchipip/src/main/resources/dramsim2_ini/system.ini' == 
===== MemorySystem 0 =====
CH. 0 TOTAL_STORAGE : 4096MB | 1 Ranks | 16 Devices per rank
DRAMSim2 Clock Frequency =666666666Hz, CPU Clock Frequency=500000000Hz
C0:         19 [1] pc=[0000000000010040] W[r10=0000000000010040][1] R[r 0=0000000000000000] R[r 0=0000000000000000] inst=[00000517] auipc   a0, 0x0
C0:         20 [1] pc=[0000000000010044] W[r10=0000000000010000][1] R[r10=0000000000010040] R[r 0=0000000000000000] inst=[fc050513] addi    a0, a0, -64
C0:         21 [1] pc=[0000000000010048] W[r 0=0000000000000000][1] R[r10=0000000000010000] R[r 0=0000000000000000] inst=[30551073] csrw    mtvec, a0
C0:         26 [1] pc=[000000000001004c] W[r 5=800000000094112d][1] R[r 0=0000000000000000] R[r 0=0000000000000000] inst=[301022f3] csrr    t0, misa
C0:         29 [1] pc=[0000000000010050] W[r 5=ffffe00000000025][1] R[r 5=800000000094112d] R[r 0=0000000000000000] inst=[4122d293] srai    t0, t0, 18
C0:         30 [1] pc=[0000000000010054] W[r 5=0000000000000001][1] R[r 5=ffffe00000000025] R[r 0=0000000000000000] inst=[0012f293] andi    t0, t0, 1
C0:         31 [1] pc=[0000000000010058] W[r 0=0000000000000000][0] R[r 5=0000000000000001] R[r 0=0000000000000000] inst=[00028463] beqz    t0, pc + 8
C0:         32 [1] pc=[000000000001005c] W[r 0=0000000000000202][1] R[r 0=0000000000000000] R[r 0=0000000000000000] inst=[30301073] csrw    mideleg, zero
C0:         37 [1] pc=[0000000000010060] W[r10=0000000000000008][1] R[r 0=0000000000000000] R[r 0=0000000000000000] inst=[00800513] li      a0, 8
C0:         38 [1] pc=[0000000000010064] W[r 0=0021820f436e91f8][1] R[r10=0000000000000008] R[r 0=0000000000000000] inst=[30451073] csrw    mie, a0
C0:         43 [1] pc=[0000000000010068] W[r 0=0000000a00001800][1] R[r10=0000000000000008] R[r 0=0000000000000000] inst=[30052073] csrs    mstatus, a0
C0:         48 [1] pc=[000000000001006c] W[r 0=0000000000000000][0] R[r 0=0000000000000000] R[r 0=0000000000000000] inst=[10500073] wfi
C0:         51 [0] pc=[0000000000010070] W[r 0=0000000000000000][0] R[r31=0000000000000008] R[r 0=0000000000000000] inst=[ffdff06f] j       pc - 0x4
C0:         70 [1] pc=[0000000000010000] W[r11=0000000002000000][1] R[r 0=0000000000000000] R[r 0=0000000000000000] inst=[020005b7] lui     a1, 0x2000
C0:         71 [1] pc=[0000000000010004] W[r10=0000000000000000][1] R[r 0=0000000000000000] R[r 0=0000000000000000] inst=[f1402573] csrr    a0, mhartid
C0:         74 [1] pc=[0000000000010008] W[r 0=0000000000000000][0] R[r10=0000000000000000] R[r 0=0000000000000000] inst=[00050463] beqz    a0, pc + 8
C0:         78 [1] pc=[0000000000010010] W[r12=0000000002000004][1] R[r11=0000000002000000] R[r 0=0000000000000000] inst=[00458613] addi    a2, a1, 4
C0:         79 [1] pc=[0000000000010014] W[r13=0000000000000001][1] R[r 0=0000000000000000] R[r 0=0000000000000000] inst=[00100693] li      a3, 1
C0:         80 [1] pc=[0000000000010018] W[r 0=0000000000000000][0] R[r12=0000000002000004] R[r13=0000000000000001] inst=[00d62023] sw      a3, 0(a2)
C0:         81 [1] pc=[000000000001001c] W[r12=0000000002000008][1] R[r12=0000000002000004] R[r 0=0000000000000000] inst=[00460613] addi    a2, a2, 4
C0:         87 [1] pc=[0000000000010020] W[r13=0000000000000000][0] R[r12=0000000002000008] R[r 0=0000000000000000] inst=[ffc62683] lw      a3, -4(a2)
C0:         95 [1] pc=[0000000000010024] W[r 0=0000000000000000][0] R[r13=0000000000000000] R[r 0=0000000000000000] inst=[fe069ae3] bnez    a3, pc - 12
C0:         96 [1] pc=[0000000000010028] W[r 0=000000000001002c][1] R[r 0=0000000000000000] R[r 0=0000000000000000] inst=[06c0006f] j       pc + 0x6c
C0:        116 [1] pc=[0000000000010094] W[r 0=0000000000000000][0] R[r11=0000000002000000] R[r 0=0000000000000000] inst=[0005a023] sw      zero, 0(a1)
C0:        117 [1] pc=[0000000000010098] W[r10=0000000000004000][1] R[r 0=0000000000000000] R[r 0=0000000000000000] inst=[00004537] lui     a0, 0x4
C0:        123 [1] pc=[000000000001009c] W[r10=0000000000000000][0] R[r10=0000000000004000] R[r 0=0000000000000000] inst=[00053503] ld      a0, 0(a0)
C0:        135 [1] pc=[00000000000100a0] W[r 0=0000000000010070][1] R[r10=0000000080000000] R[r 0=0000000000000000] inst=[34151073] csrw    mepc, a0
C0:        136 [1] pc=[00000000000100a4] W[r10=0000000000000000][1] R[r 0=0000000000000000] R[r 0=0000000000000000] inst=[f1402573] csrr    a0, mhartid
C0:        137 [1] pc=[00000000000100a8] W[r11=00000000000100a8][1] R[r 0=0000000000000000] R[r 0=0000000000000000] inst=[00000597] auipc   a1, 0x0
C0:        138 [1] pc=[00000000000100ac] W[r11=00000000000100c0][1] R[r11=00000000000100a8] R[r 0=0000000000000000] inst=[01858593] addi    a1, a1, 24
C0:        139 [1] pc=[00000000000100b0] W[r12=0000000000000080][1] R[r 0=0000000000000000] R[r 0=0000000000000000] inst=[08000613] li      a2, 128
C0:        140 [1] pc=[00000000000100b4] W[r 0=0000000a00001880][1] R[r12=0000000000000080] R[r 0=0000000000000000] inst=[30063073] csrc    mstatus, a2
C0:        145 [1] pc=[00000000000100b8] W[r 0=0000000000000000][0] R[r 0=0000000000000000] R[r 0=0000000000000000] inst=[30200073] mret
C0:        194 [1] pc=[0000000080000000] W[r31=0000000080010000][1] R[r 0=0000000000000000] R[r 0=0000000000000000] inst=[00010f97] auipc   t6, 0x10
C0:        195 [1] pc=[0000000080000004] W[r31=0000000080010000][1] R[r31=0000000080010000] R[r 0=0000000000000000] inst=[000f8f93] mv      t6, t6
C0:        212 [1] pc=[0000000080000008] W[r 1=7ca82e25bcf6669c][1] R[r31=0000000080010000] R[r 0=0000000000000000] inst=[000fb083] ld      ra, 0(t6)
C0:        213 [1] pc=[000000008000000c] W[r 2=759ee1f50df7709b][1] R[r31=0000000080010000] R[r 0=0000000000000000] inst=[008fb103] ld      sp, 8(t6)
C0:        214 [1] pc=[0000000080000010] W[r 3=7c86f26f306fb2b6][1] R[r31=0000000080010000] R[r 0=0000000000000000] inst=[010fb183] ld      gp, 16(t6)
C0:        215 [1] pc=[0000000080000014] W[r 4=8a6afaf756042b6e][1] R[r31=0000000080010000] R[r 0=0000000000000000] inst=[018fb203] ld      tp, 24(t6)
C0:        216 [1] pc=[0000000080000018] W[r 5=2abe47f0c388a15d][1] R[r31=0000000080010000] R[r 0=0000000000000000] inst=[020fb283] ld      t0, 32(t6)
C0:        217 [1] pc=[000000008000001c] W[r 6=e47e97f6a8b90724][1] R[r31=0000000080010000] R[r 0=0000000000000000] inst=[028fb303] ld      t1, 40(t6)
C0:        218 [1] pc=[0000000080000020] W[r 7=1718c47f58f6b795][1] R[r31=0000000080010000] R[r 0=0000000000000000] inst=[030fb383] ld      t2, 48(t6)
C0:        219 [1] pc=[0000000080000024] W[r 8=8d87442833e0ef13][1] R[r31=0000000080010000] R[r 0=0000000000000000] inst=[038fb403] ld      s0, 56(t6)
C0:        236 [1] pc=[0000000080000028] W[r 9=d6e8b8c8587e886e][1] R[r31=0000000080010000] R[r 0=0000000000000000] inst=[040fb483] ld      s1, 64(t6)
C0:        237 [1] pc=[000000008000002c] W[r10=34cf1fe6eefa1468][1] R[r31=0000000080010000] R[r 0=0000000000000000] inst=[048fb503] ld      a0, 72(t6)
C0:        238 [1] pc=[0000000080000030] W[r11=d0e3e5eb403121b4][1] R[r31=0000000080010000] R[r 0=0000000000000000] inst=[050fb583] ld      a1, 80(t6)
C0:        239 [1] pc=[0000000080000034] W[r12=2cbf1b933123ddb1][1] R[r31=0000000080010000] R[r 0=0000000000000000] inst=[058fb603] ld      a2, 88(t6)
C0:        240 [1] pc=[0000000080000038] W[r13=69c52ef42de5e01e][1] R[r31=0000000080010000] R[r 0=0000000000000000] inst=[060fb683] ld      a3, 96(t6)
C0:        241 [1] pc=[000000008000003c] W[r14=4991b3d89530cbde][1] R[r31=0000000080010000] R[r 0=0000000000000000] inst=[068fb703] ld      a4, 104(t6)
C0:        263 [1] pc=[0000000080000040] W[r15=650e9bceb4e94992][1] R[r31=0000000080010000] R[r 0=0000000000000000] inst=[070fb783] ld      a5, 112(t6)
C0:        264 [1] pc=[0000000080000044] W[r16=c06fc6ec2e4d5a84][1] R[r31=0000000080010000] R[r 0=0000000000000000] inst=[078fb803] ld      a6, 120(t6)
C0:        281 [1] pc=[0000000080000048] W[r17=35b95996d1c37a50][1] R[r31=0000000080010000] R[r 0=0000000000000000] inst=[080fb883] ld      a7, 128(t6)
C0:        282 [1] pc=[000000008000004c] W[r18=a33adaf33999c6ef][1] R[r31=0000000080010000] R[r 0=0000000000000000] inst=[088fb903] ld      s2, 136(t6)
C0:        283 [1] pc=[0000000080000050] W[r19=9078e084b2c61054][1] R[r31=0000000080010000] R[r 0=0000000000000000] inst=[090fb983] ld      s3, 144(t6)
C0:        284 [1] pc=[0000000080000054] W[r20=4c1d4443c81f953e][1] R[r31=0000000080010000] R[r 0=0000000000000000] inst=[098fba03] ld      s4, 152(t6)
C0:        285 [1] pc=[0000000080000058] W[r21=0f8b0d8c1a3fb172][1] R[r31=0000000080010000] R[r 0=0000000000000000] inst=[0a0fba83] ld      s5, 160(t6)
C0:        286 [1] pc=[000000008000005c] W[r22=59d0e5a9d2d345dc][1] R[r31=0000000080010000] R[r 0=0000000000000000] inst=[0a8fbb03] ld      s6, 168(t6)
C0:        287 [1] pc=[0000000080000060] W[r23=64a6d526cd2ec6b5][1] R[r31=0000000080010000] R[r 0=0000000000000000] inst=[0b0fbb83] ld      s7, 176(t6)
C0:        288 [1] pc=[0000000080000064] W[r24=72f8e9b49e8e29ed][1] R[r31=0000000080010000] R[r 0=0000000000000000] inst=[0b8fbc03] ld      s8, 184(t6)
C0:        305 [1] pc=[0000000080000068] W[r25=ee3638520d8ee4d4][1] R[r31=0000000080010000] R[r 0=0000000000000000] inst=[0c0fbc83] ld      s9, 192(t6)
C0:        306 [1] pc=[000000008000006c] W[r26=f8dde5091813c4c1][1] R[r31=0000000080010000] R[r 0=0000000000000000] inst=[0c8fbd03] ld      s10, 200(t6)
C0:        307 [1] pc=[0000000080000070] W[r27=eb3097680c5fd783][1] R[r31=0000000080010000] R[r 0=0000000000000000] inst=[0d0fbd83] ld      s11, 208(t6)
C0:        308 [1] pc=[0000000080000074] W[r28=0b941df92fdcdd35][1] R[r31=0000000080010000] R[r 0=0000000000000000] inst=[0d8fbe03] ld      t3, 216(t6)
C0:        309 [1] pc=[0000000080000078] W[r29=4e5d5de1bcefe666][1] R[r31=0000000080010000] R[r 0=0000000000000000] inst=[0e0fbe83] ld      t4, 224(t6)
C0:        310 [1] pc=[000000008000007c] W[r30=3cd4e997a25b6c62][1] R[r31=0000000080010000] R[r 0=0000000000000000] inst=[0e8fbf03] ld      t5, 232(t6)
C0:        360 [1] pc=[0000000080000080] W[r31=395acf64681678ba][1] R[r31=0000000080010000] R[r 0=0000000000000000] inst=[0f0fbf83] ld      t6, 240(t6)
C0:        361 [1] pc=[0000000080000084] W[r 0=0000000080000088][1] R[r 0=0000000000000000] R[r 0=0000000000000000] inst=[2f40006f] j       pc + 0x2f4
C0:        384 [1] pc=[0000000080000378] W[r 0=0000000a00000080][1] R[r 0=0000000000000000] R[r 0=0000000000000000] inst=[30005073] csrwi   mstatus, 0
C0:        389 [1] pc=[000000008000037c] W[r10=0000000000000000][1] R[r 0=0000000000000000] R[r 0=0000000000000000] inst=[f1402573] csrr    a0, mhartid
C0:        406 [1] pc=[0000000080000380] W[r 0=0000000000000000][0] R[r10=0000000000000000] R[r 0=0000000000000000] inst=[00051063] bnez    a0, pc + 0
C0:        407 [1] pc=[0000000080000384] W[r 5=0000000080000384][1] R[r 0=0000000000000000] R[r 0=0000000000000000] inst=[00000297] auipc   t0, 0x0
C0:        408 [1] pc=[0000000080000388] W[r 5=000000008000039c][1] R[r 5=0000000080000384] R[r 0=0000000000000000] inst=[01828293] addi    t0, t0, 24
C0:        409 [1] pc=[000000008000038c] W[r 0=0000000000010000][1] R[r 5=000000008000039c] R[r 0=0000000000000000] inst=[30529073] csrw    mtvec, t0
C0:        414 [1] pc=[0000000080000390] W[r 0=0000000000e0355d][1] R[r 0=0000000000000000] R[r 0=0000000000000000] inst=[30205073] csrwi   medeleg, 0
C0:        419 [1] pc=[0000000080000394] W[r 0=0000000000000000][1] R[r 0=0000000000000000] R[r 0=0000000000000000] inst=[30305073] csrwi   mideleg, 0
C0:        424 [1] pc=[0000000080000398] W[r 0=0000000000000008][1] R[r 0=0000000000000000] R[r 0=0000000000000000] inst=[30405073] csrwi   mie, 0
C0:        429 [1] pc=[000000008000039c] W[r 5=000000008000039c][1] R[r 0=0000000000000000] R[r 0=0000000000000000] inst=[00000297] auipc   t0, 0x0
C0:        430 [1] pc=[00000000800003a0] W[r 5=00000000800003ac][1] R[r 5=000000008000039c] R[r 0=0000000000000000] inst=[01028293] addi    t0, t0, 16
C0:        431 [1] pc=[00000000800003a4] W[r 0=000000008000039c][1] R[r 5=00000000800003ac] R[r 0=0000000000000000] inst=[30529073] csrw    mtvec, t0
C0:        436 [1] pc=[00000000800003a8] W[r 0=0000024673b8f237][1] R[r 0=0000000000000000] R[r 0=0000000000000000] inst=[18005073] csrwi   satp, 0
C0:        441 [1] pc=[00000000800003ac] W[r 5=00000000800003ac][1] R[r 0=0000000000000000] R[r 0=0000000000000000] inst=[00000297] auipc   t0, 0x0
C0:        442 [1] pc=[00000000800003b0] W[r 5=00000000800003d0][1] R[r 5=00000000800003ac] R[r 0=0000000000000000] inst=[02428293] addi    t0, t0, 36
C0:        443 [1] pc=[00000000800003b4] W[r 0=00000000800003ac][1] R[r 5=00000000800003d0] R[r 0=0000000000000000] inst=[30529073] csrw    mtvec, t0
C0:        448 [1] pc=[00000000800003b8] W[r 5=0000000000000001][1] R[r 0=0000000000000000] R[r 0=0000000000000000] inst=[0010029b] addiw   t0, zero, 1
C0:        449 [1] pc=[00000000800003bc] W[r 5=0020000000000000][1] R[r 5=0000000000000001] R[r 0=0000000000000000] inst=[03529293] slli    t0, t0, 53
C0:        471 [1] pc=[00000000800003c0] W[r 5=001fffffffffffff][1] R[r 5=0020000000000000] R[r 0=0000000000000000] inst=[fff28293] addi    t0, t0, -1
C0:        472 [1] pc=[00000000800003c4] W[r 0=0000000028d90b3c][1] R[r 5=001fffffffffffff] R[r 0=0000000000000000] inst=[3b029073] csrw    pmpaddr0, t0
C0:        477 [1] pc=[00000000800003c8] W[r 5=000000000000001f][1] R[r 0=0000000000000000] R[r 0=0000000000000000] inst=[01f00293] li      t0, 31
C0:        478 [1] pc=[00000000800003cc] W[r 0=0007010003050304][1] R[r 5=000000000000001f] R[r 0=0000000000000000] inst=[3a029073] csrw    pmpcfg0, t0
C0:        483 [1] pc=[00000000800003d0] W[r 5=00000000800003d0][1] R[r 0=0000000000000000] R[r 0=0000000000000000] inst=[00000297] auipc   t0, 0x0
C0:        484 [1] pc=[00000000800003d4] W[r 5=0000000080000134][1] R[r 5=00000000800003d0] R[r 0=0000000000000000] inst=[d6428293] addi    t0, t0, -668
C0:        485 [1] pc=[00000000800003d8] W[r 0=00000000800003d0][1] R[r 5=0000000080000134] R[r 0=0000000000000000] inst=[30529073] csrw    mtvec, t0
C0:        490 [1] pc=[00000000800003dc] W[r 3=0000000000000000][1] R[r 0=0000000000000000] R[r 0=0000000000000000] inst=[00000193] li      gp, 0
C0:        491 [1] pc=[00000000800003e0] W[r10=0000000000000001][1] R[r 0=0000000000000000] R[r 0=0000000000000000] inst=[00100513] li      a0, 1
C0:        492 [1] pc=[00000000800003e4] W[r10=0000000080000000][1] R[r10=0000000000000001] R[r 0=0000000000000000] inst=[01f51513] slli    a0, a0, 31
C0:        493 [1] pc=[00000000800003e8] W[r 0=0000000000000000][0] R[r10=0000000080000000] R[r 0=0000000000000000] inst=[00055c63] bgez    a0, pc + 24
C0:        518 [1] pc=[0000000080000400] W[r 5=0000000080000400][1] R[r 0=0000000000000000] R[r 0=0000000000000000] inst=[00000297] auipc   t0, 0x0
C0:        519 [1] pc=[0000000080000404] W[r 5=0000000080000114][1] R[r 5=0000000080000400] R[r 0=0000000000000000] inst=[d1428293] addi    t0, t0, -748
C0:        520 [1] pc=[0000000080000408] W[r 0=ffffffd6f995f0c8][1] R[r 5=0000000080000114] R[r 0=0000000000000000] inst=[10529073] csrw    stvec, t0
C0:        525 [1] pc=[000000008000040c] W[r 5=000000000000b000][1] R[r 0=0000000000000000] R[r 0=0000000000000000] inst=[0000b2b7] lui     t0, 0xb
C0:        526 [1] pc=[0000000080000410] W[r 5=000000000000b109][1] R[r 5=000000000000b000] R[r 0=0000000000000000] inst=[1092829b] addiw   t0, t0, 265
C0:        527 [1] pc=[0000000080000414] W[r 0=0000000000000000][1] R[r 5=000000000000b109] R[r 0=0000000000000000] inst=[3022a073] csrs    medeleg, t0
C0:        532 [1] pc=[0000000080000418] W[r10=0000000000006000][1] R[r 0=0000000000000000] R[r 0=0000000000000000] inst=[00006537] lui     a0, 0x6
C0:        533 [1] pc=[000000008000041c] W[r 0=0000000a00000000][1] R[r10=0000000000006000] R[r 0=0000000000000000] inst=[30052073] csrs    mstatus, a0
C0:        538 [1] pc=[0000000080000420] W[r 0=000000000000003f][1] R[r 0=0000000000000000] R[r 0=0000000000000000] inst=[00305073] csrwi   fcsr, 0
C0:        543 [1] pc=[0000000080000424] W[r 1=0000000080000428][1] R[r 0=0000000000000000] R[r 0=0000000000000000] inst=[c65ff0ef] jal     pc - 0x39c
C0:        544 [1] pc=[0000000080000088] W[r31=0000000080020088][1] R[r 0=0000000000000000] R[r 0=0000000000000000] inst=[00020f97] auipc   t6, 0x20
C0:        545 [1] pc=[000000008000008c] W[r31=0000000080020000][1] R[r31=0000000080020088] R[r 0=0000000000000000] inst=[f78f8f93] addi    t6, t6, -136
C0:        590 [1] pc=[0000000080000090] W[r 0=0000000000000000][0] R[r31=0000000080020000] R[r 0=0000000000000000] inst=[000fa007] flw     ft0, 0(t6)
C0:        591 [1] pc=[0000000080000094] W[r 1=0000000000000000][0] R[r31=0000000080020000] R[r 0=0000000000000000] inst=[008fa087] flw     ft1, 8(t6)
C0:        592 [1] pc=[0000000080000098] W[r 2=0000000000000000][0] R[r31=0000000080020000] R[r 0=0000000000000000] inst=[010fa107] flw     ft2, 16(t6)
C0:        593 [1] pc=[000000008000009c] W[r 3=0000000000000000][0] R[r31=0000000080020000] R[r 0=0000000000000000] inst=[018fb187] fld     ft3, 24(t6)
C0:        594 [1] pc=[00000000800000a0] W[r 4=0000000000000000][0] R[r31=0000000080020000] R[r 0=0000000000000000] inst=[020fb207] fld     ft4, 32(t6)
C0:        595 [1] pc=[00000000800000a4] W[r 5=0000000000000000][0] R[r31=0000000080020000] R[r 0=0000000000000000] inst=[028fb287] fld     ft5, 40(t6)
C0:        596 [1] pc=[00000000800000a8] W[r 6=0000000000000000][0] R[r31=0000000080020000] R[r 0=0000000000000000] inst=[030fb307] fld     ft6, 48(t6)
C0:        597 [1] pc=[00000000800000ac] W[r 7=0000000000000000][0] R[r31=0000000080020000] R[r 0=0000000000000000] inst=[038fa387] flw     ft7, 56(t6)
C0:        642 [1] pc=[00000000800000b0] W[r 8=0000000000000000][0] R[r31=0000000080020000] R[r 0=0000000000000000] inst=[040fb407] fld     fs0, 64(t6)
C0:        643 [1] pc=[00000000800000b4] W[r 9=0000000000000000][0] R[r31=0000000080020000] R[r 0=0000000000000000] inst=[048fb487] fld     fs1, 72(t6)
C0:        644 [1] pc=[00000000800000b8] W[r10=0000000000000000][0] R[r31=0000000080020000] R[r 0=0000000000000000] inst=[050fa507] flw     fa0, 80(t6)
C0:        645 [1] pc=[00000000800000bc] W[r11=0000000000000000][0] R[r31=0000000080020000] R[r 0=0000000000000000] inst=[058fb587] fld     fa1, 88(t6)
C0:        695 [1] pc=[00000000800000c0] W[r12=0000000000000000][0] R[r31=0000000080020000] R[r 0=0000000000000000] inst=[060fb607] fld     fa2, 96(t6)
C0:        696 [1] pc=[00000000800000c4] W[r13=0000000000000000][0] R[r31=0000000080020000] R[r 0=0000000000000000] inst=[068fb687] fld     fa3, 104(t6)
C0:        697 [1] pc=[00000000800000c8] W[r14=0000000000000000][0] R[r31=0000000080020000] R[r 0=0000000000000000] inst=[070fa707] flw     fa4, 112(t6)
C0:        698 [1] pc=[00000000800000cc] W[r15=0000000000000000][0] R[r31=0000000080020000] R[r 0=0000000000000000] inst=[078fb787] fld     fa5, 120(t6)
C0:        744 [1] pc=[00000000800000d0] W[r16=0000000000000000][0] R[r31=0000000080020000] R[r 0=0000000000000000] inst=[080fb807] fld     fa6, 128(t6)
C0:        745 [1] pc=[00000000800000d4] W[r17=0000000000000000][0] R[r31=0000000080020000] R[r 0=0000000000000000] inst=[088fa887] flw     fa7, 136(t6)
C0:        746 [1] pc=[00000000800000d8] W[r18=0000000000000000][0] R[r31=0000000080020000] R[r 0=0000000000000000] inst=[090fa907] flw     fs2, 144(t6)
C0:        747 [1] pc=[00000000800000dc] W[r19=0000000000000000][0] R[r31=0000000080020000] R[r 0=0000000000000000] inst=[098fa987] flw     fs3, 152(t6)
C0:        748 [1] pc=[00000000800000e0] W[r20=0000000000000000][0] R[r31=0000000080020000] R[r 0=0000000000000000] inst=[0a0fba07] fld     fs4, 160(t6)
C0:        749 [1] pc=[00000000800000e4] W[r21=0000000000000000][0] R[r31=0000000080020000] R[r 0=0000000000000000] inst=[0a8faa87] flw     fs5, 168(t6)
C0:        750 [1] pc=[00000000800000e8] W[r22=0000000000000000][0] R[r31=0000000080020000] R[r 0=0000000000000000] inst=[0b0fbb07] fld     fs6, 176(t6)
C0:        751 [1] pc=[00000000800000ec] W[r23=0000000000000000][0] R[r31=0000000080020000] R[r 0=0000000000000000] inst=[0b8fbb87] fld     fs7, 184(t6)
C0:        803 [1] pc=[00000000800000f0] W[r24=0000000000000000][0] R[r31=0000000080020000] R[r 0=0000000000000000] inst=[0c0fbc07] fld     fs8, 192(t6)
C0:        804 [1] pc=[00000000800000f4] W[r25=0000000000000000][0] R[r31=0000000080020000] R[r 0=0000000000000000] inst=[0c8fbc87] fld     fs9, 200(t6)
C0:        805 [1] pc=[00000000800000f8] W[r26=0000000000000000][0] R[r31=0000000080020000] R[r 0=0000000000000000] inst=[0d0fbd07] fld     fs10, 208(t6)
C0:        806 [1] pc=[00000000800000fc] W[r27=0000000000000000][0] R[r31=0000000080020000] R[r 0=0000000000000000] inst=[0d8fbd87] fld     fs11, 216(t6)
C0:        858 [1] pc=[0000000080000100] W[r28=0000000000000000][0] R[r31=0000000080020000] R[r 0=0000000000000000] inst=[0e0fbe07] fld     ft8, 224(t6)
C0:        859 [1] pc=[0000000080000104] W[r29=0000000000000000][0] R[r31=0000000080020000] R[r 0=0000000000000000] inst=[0e8fae87] flw     ft9, 232(t6)
C0:        860 [1] pc=[0000000080000108] W[r30=0000000000000000][0] R[r31=0000000080020000] R[r 0=0000000000000000] inst=[0f0faf07] flw     ft10, 240(t6)
C0:        861 [1] pc=[000000008000010c] W[r31=0000000000000000][0] R[r31=0000000080020000] R[r 0=0000000000000000] inst=[0f8faf87] flw     ft11, 248(t6)
C0:        862 [1] pc=[0000000080000110] W[r 0=0000000080000114][1] R[r 1=0000000080000428] R[r 0=0000000000000000] inst=[00008067] ret
C0:        864 [1] pc=[0000000080000428] W[r 0=000000000000008c][1] R[r 0=0000000000000000] R[r 0=0000000000000000] inst=[b0201073] csrw    minstret, zero
C0:        869 [1] pc=[000000008000042c] W[r10=0000000000000000][1] R[r 0=0000000000000000] R[r 0=0000000000000000] inst=[f1402573] csrr    a0, mhartid
C0:        870 [1] pc=[0000000080000430] W[r11=0000000000000000][1] R[r11=d0e3e5eb403121b4] R[r11=d0e3e5eb403121b4] inst=[00b5c5b3] xor     a1, a1, a1
C0:        871 [1] pc=[0000000080000434] W[r14=0000000000000001][1] R[r 0=0000000000000000] R[r 0=0000000000000000] inst=[00100713] li      a4, 1
C0:        872 [1] pc=[0000000080000438] W[r14=0000000000010000][1] R[r14=0000000000000001] R[r 0=0000000000000000] inst=[01071713] slli    a4, a4, 16
C0:        873 [1] pc=[000000008000043c] W[r11=0000000000010000][1] R[r11=0000000000000000] R[r14=0000000000010000] inst=[00e585b3] add     a1, a1, a4
C0:        895 [1] pc=[0000000080000440] W[r12=03705509c02a405b][1] R[r11=0000000000010000] R[r 0=0000000000000000] inst=[1405a673] csrrs   a2, sscratch, a1
C0:        898 [1] pc=[0000000080000444] W[r12=0000000000000000][1] R[r 0=0000000000000000] R[r 0=0000000000000000] inst=[144fe673] csrrsi  a2, sip, 31
C0:        903 [1] pc=[0000000080000448] W[r14=ffffffe8c44d51a4][1] R[r 0=0000000000000000] R[r 0=0000000000000000] inst=[141d5773] csrrwi  a4, sepc, 26
C0:        904 [1] pc=[000000008000044c] W[r 5=000000008000044c][1] R[r 0=0000000000000000] R[r 0=0000000000000000] inst=[00000297] auipc   t0, 0x0
C0:        905 [1] pc=[0000000080000450] W[r 5=0000000080000480][1] R[r 5=000000008000044c] R[r 0=0000000000000000] inst=[03428293] addi    t0, t0, 52
C0:        906 [1] pc=[0000000080000454] W[r 0=0000000080000000][1] R[r 5=0000000080000480] R[r 0=0000000000000000] inst=[34129073] csrw    mepc, t0
C0:        907 [1] pc=[0000000080000458] W[r 5=0000000000000000][1] R[r 0=0000000000000000] R[r 0=0000000000000000] inst=[00000293] li      t0, 0
C0:        908 [1] pc=[000000008000045c] W[r 0=0000000000000000][0] R[r 0=0000000000000000] R[r 0=0000000000000000] inst=[30200073] mret
C0:        929 [1] pc=[0000000080000480] W[r11=4e5d5de1bcefe676][1] R[r29=4e5d5de1bcefe666] R[r 0=0000000000000000] inst=[254ee593] ori     a1, t4, 596
C0:        930 [1] pc=[0000000080000484] W[r 6=ffffffffa5803000][1] R[r 0=0000000000000000] R[r 0=0000000000000000] inst=[a5803337] lui     t1, 0xa5803
C0:        931 [1] pc=[0000000080000488] W[r30=0000000000000000][0] R[r19=4e5d5de1bcefe667] R[r23=d0e3e5eb403121b7] inst=[19798f53] fdiv.s  ft10, fs3, fs7
C0:        932 [1] pc=[000000008000048c] W[r29=000000008006048c][1] R[r 0=0000000000000000] R[r 0=0000000000000000] inst=[00060e97] auipc   t4, 0x60
C0:        933 [1] pc=[0000000080000490] W[r29=0000000080060120][1] R[r29=000000008006048c] R[r 0=0000000000000000] inst=[c94e8e93] addi    t4, t4, -876
C0:        934 [1] pc=[0000000080000494] W[r29=0000000080060130][1] R[r29=0000000080060120] R[r 0=0000000000000000] inst=[010e8e93] addi    t4, t4, 16
C0:        978 [1] pc=[0000000080000498] W[r 8=d83819b081e5befb][1] R[r29=0000000080060130] R[r 8=8d87442833e0ef13] inst=[008eb42f] amoadd.d s0, s0, (t4)
C0:        979 [1] pc=[000000008000049c] W[r17=000000008001049c][1] R[r 0=0000000000000000] R[r 0=0000000000000000] inst=[00010897] auipc   a7, 0x10
C0:        980 [1] pc=[00000000800004a0] W[r17=0000000080010190][1] R[r17=000000008001049c] R[r 0=0000000000000000] inst=[cf488893] addi    a7, a7, -780
C0:        981 [1] pc=[00000000800004a4] W[r17=0000000080010188][1] R[r17=0000000080010190] R[r 0=0000000000000000] inst=[ff888893] addi    a7, a7, -8
C0:        998 [1] pc=[00000000800004a8] W[r23=0000000000b04ac4][1] R[r17=0000000080010188] R[r 0=0000000000000000] inst=[1008abaf] lr.w    s7, (a7)
C0:        999 [1] pc=[00000000800004ac] W[r19=0000000000000000][0] R[r 2=759ee1f50df7709b] R[r 0=0000000000000000] inst=[d02129d3] fcvt.s.l fs3, sp
C0:       1002 [1] pc=[00000000800004b0] W[r 0=0000000000000000][0] R[r 0=0000000000000000] R[r 0=0000000000000000] inst=[0000100f] fence.i
C0:       1023 [1] pc=[00000000800004b4] W[r17=c06fc6ec2e4d5a84][1] R[r16=c06fc6ec2e4d5a84] R[r 0=0000000000000000] inst=[00080893] mv      a7, a6
C0:       1024 [1] pc=[00000000800004b8] W[r 2=00000000800404b8][1] R[r 0=0000000000000000] R[r 0=0000000000000000] inst=[00040117] auipc   sp, 0x40
C0:       1025 [1] pc=[00000000800004bc] W[r 2=0000000080040040][1] R[r 2=00000000800404b8] R[r 0=0000000000000000] inst=[b8810113] addi    sp, sp, -1144
C0:       1063 [1] pc=[00000000800004c0] W[r 0=0000000000000000][0] R[r 2=0000000080040040] R[r29=0000000080060130] inst=[01d12e23] sw      t4, 28(sp)
C0:       1064 [1] pc=[00000000800004c4] W[r21=0000000000000000][1] R[r 3=0000000000000000] R[r 1=0000000080000428] inst=[4011dabb] sraw    s5, gp, ra
C0:       1065 [1] pc=[00000000800004c8] W[r11=0000000000000000][0] R[r23=0000000000b04ac4] R[r29=0000000080060130] inst=[03db85b3] mul     a1, s7, t4
C0:       1066 [1] pc=[00000000800004cc] W[r 9=759ee18000000000][1] R[r19=0000000000b04ac7] R[r 0=0000000000000000] inst=[c029b4d3] fcvt.l.s s1, fs3
C0:       1067 [1] pc=[00000000800004d0] W[r 3=00000000800304d0][1] R[r 0=0000000000000000] R[r 0=0000000000000000] inst=[00030197] auipc   gp, 0x30
C0:       1068 [1] pc=[00000000800004d4] W[r 3=00000000800300d0][1] R[r 3=00000000800304d0] R[r 0=0000000000000000] inst=[c0018193] addi    gp, gp, -1024
C0:       1113 [1] pc=[00000000800004d8] W[r 0=0000000000000000][0] R[r 3=00000000800300d0] R[r 9=759ee18000000000] inst=[00919f23] sh      s1, 30(gp)
C0:       1114 [1] pc=[00000000800004dc] W[r27=0000000000000000][0] R[r 0=0000000000000000] R[r 5=0000000000000000] inst=[02500dbb] mulw    s11, zero, t0
C0:       1115 [1] pc=[00000000800004e0] W[r23=ffffffffc0000000][1] R[r18=a33adaf33999c6ef] R[r20=4c1d4443c81f953e] inst=[01491bbb] sllw    s7, s2, s4
C0:       1116 [1] pc=[00000000800004e4] W[r17=00000000800104e4][1] R[r 0=0000000000000000] R[r 0=0000000000000000] inst=[00010897] auipc   a7, 0x10
C0:       1117 [1] pc=[00000000800004e8] W[r17=0000000080010160][1] R[r17=00000000800104e4] R[r 0=0000000000000000] inst=[c7c88893] addi    a7, a7, -900
C0:       1134 [1] pc=[00000000800004ec] W[r 0=0000000000000000][0] R[r17=0000000080010160] R[r 9=759ee18000000000] inst=[00989923] sh      s1, 18(a7)
C0:       1135 [1] pc=[00000000800004f0] W[r 0=0000000000000000][0] R[r13=69c52ef42de5e01e] R[r15=650e9bceb4e94992] inst=[02f6c263] blt     a3, a5, pc + 36
C0:       1136 [1] pc=[00000000800004f4] W[r22=0000000000000200][1] R[r23=69c52ef42de5e01f] R[r 0=0000000000000000] inst=[e00b9b53] fclass.s s6, fs7
C0:       1137 [1] pc=[00000000800004f8] W[r23=0000000000000000][0] R[r 5=69c52ef42de5e01f] R[r 7=650e9bceb4e94993] inst=[28728bd3] fmin.s  fs7, ft5, ft7
C0:       1138 [1] pc=[00000000800004fc] W[r 1=ffd19d6d799ccce3][1] R[r18=a33adaf33999c6ef] R[r 0=0000000000000000] inst=[40995093] srai    ra, s2, 9
C0:       1160 [1] pc=[0000000080000500] W[r 1=0000000000000000][0] R[r20=4c1d4443c81f953e] R[r21=0000000000000000] inst=[035a40bb] divw    ra, s4, s5
C0:       1161 [1] pc=[0000000080000504] W[r 8=0000000080000504][1] R[r 0=0000000000000000] R[r 0=0000000000000000] inst=[00000417] auipc   s0, 0x0
C0:       1162 [1] pc=[0000000080000508] W[r 8=0000000080000568][1] R[r 8=0000000080000504] R[r 0=0000000000000000] inst=[06440413] addi    s0, s0, 100
C0:       1163 [0] pc=[000000008000050c] W[r 0=0000000000000000][0] R[r 8=0000000034141073] R[r 0=0000000000000000] inst=[34141073] csrw    mepc, s0
C0:       1228 [1] pc=[0000000080000134] W[r 1=0000000080002134][1] R[r 0=0000000000000000] R[r 0=0000000000000000] inst=[00002097] auipc   ra, 0x2
C0:       1229 [1] pc=[0000000080000138] W[r 1=0000000080002200][1] R[r 1=0000000080002134] R[r 0=0000000000000000] inst=[0cc08093] addi    ra, ra, 204
C0:       1230 [1] pc=[000000008000013c] W[r 2=8000000200006000][1] R[r 0=0000000000000000] R[r 0=0000000000000000] inst=[10002173] csrr    sp, sstatus
C0:       1298 [1] pc=[0000000080000140] W[r 0=0000000000000000][0] R[r 1=0000000080002200] R[r 2=8000000200006000] inst=[0420bc23] sd      sp, 88(ra)
C0:       1299 [1] pc=[0000000080000144] W[r 2=0000000000000000][1] R[r 0=0000000000000000] R[r 0=0000000000000000] inst=[10402173] csrr    sp, sie
C0:       1302 [1] pc=[0000000080000148] W[r 0=0000000000000000][0] R[r 1=0000000080002200] R[r 2=0000000000000000] inst=[0620b823] sd      sp, 112(ra)
C0:       1303 [1] pc=[000000008000014c] W[r 2=0000000080000114][1] R[r 0=0000000000000000] R[r 0=0000000000000000] inst=[10502173] csrr    sp, stvec
C0:       1306 [1] pc=[0000000080000150] W[r 0=0000000000000000][0] R[r 1=0000000080002200] R[r 2=0000000080000114] inst=[0620bc23] sd      sp, 120(ra)
C0:       1307 [1] pc=[0000000080000154] W[r 2=0000000000000005][1] R[r 0=0000000000000000] R[r 0=0000000000000000] inst=[10602173] csrr    sp, scounteren
C0:       1326 [1] pc=[0000000080000158] W[r 0=0000000000000000][0] R[r 1=0000000080002200] R[r 2=0000000000000005] inst=[0820b023] sd      sp, 128(ra)
C0:       1327 [1] pc=[000000008000015c] W[r 2=03705509c02b405b][1] R[r 0=0000000000000000] R[r 0=0000000000000000] inst=[14002173] csrr    sp, sscratch
C0:       1330 [1] pc=[0000000080000160] W[r 0=0000000000000000][0] R[r 1=0000000080002200] R[r 2=03705509c02b405b] inst=[0820b423] sd      sp, 136(ra)
C0:       1331 [1] pc=[0000000080000164] W[r 2=000000000000001a][1] R[r 0=0000000000000000] R[r 0=0000000000000000] inst=[14102173] csrr    sp, sepc
C0:       1334 [1] pc=[0000000080000168] W[r 0=0000000000000000][0] R[r 1=0000000080002200] R[r 2=000000000000001a] inst=[0820b823] sd      sp, 144(ra)
C0:       1335 [1] pc=[000000008000016c] W[r 2=5243e39961efb2ea][1] R[r 0=0000000000000000] R[r 0=0000000000000000] inst=[14202173] csrr    sp, scause
C0:       1338 [1] pc=[0000000080000170] W[r 0=0000000000000000][0] R[r 1=0000000080002200] R[r 2=5243e39961efb2ea] inst=[0820bc23] sd      sp, 152(ra)
C0:       1339 [1] pc=[0000000080000174] W[r 2=000000753c17b906][1] R[r 0=0000000000000000] R[r 0=0000000000000000] inst=[14302173] csrr    sp, stval
C0:       1342 [1] pc=[0000000080000178] W[r 0=0000000000000000][0] R[r 1=0000000080002200] R[r 2=000000753c17b906] inst=[0a20b023] sd      sp, 160(ra)
C0:       1343 [1] pc=[000000008000017c] W[r 2=0000000000000000][1] R[r 0=0000000000000000] R[r 0=0000000000000000] inst=[14402173] csrr    sp, sip
C0:       1365 [1] pc=[0000000080000180] W[r 2=0000000000000000][1] R[r 2=0000000000000000] R[r 0=0000000000000000] inst=[f7f17113] andi    sp, sp, -129
C0:       1366 [1] pc=[0000000080000184] W[r 0=0000000000000000][0] R[r 1=0000000080002200] R[r 2=0000000000000000] inst=[0a20b423] sd      sp, 168(ra)
C0:       1367 [1] pc=[0000000080000188] W[r 2=0000000000000000][1] R[r 0=0000000000000000] R[r 0=0000000000000000] inst=[18002173] csrr    sp, satp
C0:       1370 [1] pc=[000000008000018c] W[r 0=0000000000000000][0] R[r 1=0000000080002200] R[r 2=0000000000000000] inst=[0a20b823] sd      sp, 176(ra)
C0:       1371 [1] pc=[0000000080000190] W[r 2=0000000000000000][1] R[r 0=0000000000000000] R[r 0=0000000000000000] inst=[f1402173] csrr    sp, mhartid
C0:       1374 [1] pc=[0000000080000194] W[r 0=0000000000000000][0] R[r 1=0000000080002200] R[r 2=0000000000000000] inst=[0a20bc23] sd      sp, 184(ra)
C0:       1375 [1] pc=[0000000080000198] W[r 2=8000000a00006000][1] R[r 0=0000000000000000] R[r 0=0000000000000000] inst=[30002173] csrr    sp, mstatus
C0:       1394 [1] pc=[000000008000019c] W[r 0=0000000000000000][0] R[r 1=0000000080002200] R[r 2=8000000a00006000] inst=[0c20b023] sd      sp, 192(ra)
C0:       1395 [1] pc=[00000000800001a0] W[r 2=000000000000b109][1] R[r 0=0000000000000000] R[r 0=0000000000000000] inst=[30202173] csrr    sp, medeleg
C0:       1398 [1] pc=[00000000800001a4] W[r 0=0000000000000000][0] R[r 1=0000000080002200] R[r 2=000000000000b109] inst=[0c20b423] sd      sp, 200(ra)
C0:       1399 [1] pc=[00000000800001a8] W[r 2=0000000000000000][1] R[r 0=0000000000000000] R[r 0=0000000000000000] inst=[30302173] csrr    sp, mideleg
C0:       1402 [1] pc=[00000000800001ac] W[r 0=0000000000000000][0] R[r 1=0000000080002200] R[r 2=0000000000000000] inst=[0c20b823] sd      sp, 208(ra)
C0:       1403 [1] pc=[00000000800001b0] W[r 2=0000000000000000][1] R[r 0=0000000000000000] R[r 0=0000000000000000] inst=[30402173] csrr    sp, mie
C0:       1406 [1] pc=[00000000800001b4] W[r 0=0000000000000000][0] R[r 1=0000000080002200] R[r 2=0000000000000000] inst=[0c20bc23] sd      sp, 216(ra)
C0:       1407 [1] pc=[00000000800001b8] W[r 2=0000000080000134][1] R[r 0=0000000000000000] R[r 0=0000000000000000] inst=[30502173] csrr    sp, mtvec
C0:       1410 [1] pc=[00000000800001bc] W[r 0=0000000000000000][0] R[r 1=0000000080002200] R[r 2=0000000080000134] inst=[0e20b023] sd      sp, 224(ra)
C0:       1462 [1] pc=[00000000800001c0] W[r 2=0000000000000003][1] R[r 0=0000000000000000] R[r 0=0000000000000000] inst=[30602173] csrr    sp, mcounteren
C0:       1465 [1] pc=[00000000800001c4] W[r 0=0000000000000000][0] R[r 1=0000000080002200] R[r 2=0000000000000003] inst=[0e20b423] sd      sp, 232(ra)
C0:       1466 [1] pc=[00000000800001c8] W[r 2=892fc0120650df0c][1] R[r 0=0000000000000000] R[r 0=0000000000000000] inst=[34002173] csrr    sp, mscratch
C0:       1469 [1] pc=[00000000800001cc] W[r 0=0000000000000000][0] R[r 1=0000000080002200] R[r 2=892fc0120650df0c] inst=[0e20b823] sd      sp, 240(ra)
C0:       1470 [1] pc=[00000000800001d0] W[r 2=000000008000050c][1] R[r 0=0000000000000000] R[r 0=0000000000000000] inst=[34102173] csrr    sp, mepc
C0:       1473 [1] pc=[00000000800001d4] W[r 0=0000000000000000][0] R[r 1=0000000080002200] R[r 2=000000008000050c] inst=[0e20bc23] sd      sp, 248(ra)
C0:       1474 [1] pc=[00000000800001d8] W[r 2=0000000000000002][1] R[r 0=0000000000000000] R[r 0=0000000000000000] inst=[34202173] csrr    sp, mcause
C0:       1493 [1] pc=[00000000800001dc] W[r 0=0000000000000000][0] R[r 1=0000000080002200] R[r 2=0000000000000002] inst=[1020b023] sd      sp, 256(ra)
C0:       1494 [1] pc=[00000000800001e0] W[r 2=0000000034141073][1] R[r 0=0000000000000000] R[r 0=0000000000000000] inst=[34302173] csrr    sp, mtval
C0:       1497 [1] pc=[00000000800001e4] W[r 0=0000000000000000][0] R[r 1=0000000080002200] R[r 2=0000000034141073] inst=[1020b423] sd      sp, 264(ra)
C0:       1498 [1] pc=[00000000800001e8] W[r 2=0000000000000020][1] R[r 0=0000000000000000] R[r 0=0000000000000000] inst=[34402173] csrr    sp, mip
C0:       1501 [1] pc=[00000000800001ec] W[r 2=0000000000000020][1] R[r 2=0000000000000020] R[r 0=0000000000000000] inst=[f7f17113] andi    sp, sp, -129
C0:       1502 [1] pc=[00000000800001f0] W[r 0=0000000000000000][0] R[r 1=0000000080002200] R[r 2=0000000000000020] inst=[1020b823] sd      sp, 272(ra)
C0:       1503 [1] pc=[00000000800001f4] W[r 2=000000000000001f][1] R[r 0=0000000000000000] R[r 0=0000000000000000] inst=[3a002173] csrr    sp, pmpcfg0
C0:       1506 [1] pc=[00000000800001f8] W[r 0=0000000000000000][0] R[r 1=0000000080002200] R[r 2=000000000000001f] inst=[1020bc23] sd      sp, 280(ra)
C0:       1507 [1] pc=[00000000800001fc] W[r 2=000000003fffffff][1] R[r 0=0000000000000000] R[r 0=0000000000000000] inst=[3b002173] csrr    sp, pmpaddr0
C0:       1529 [1] pc=[0000000080000200] W[r 0=0000000000000000][0] R[r 1=0000000080002200] R[r 2=000000003fffffff] inst=[1220bc23] sd      sp, 312(ra)
C0:       1530 [1] pc=[0000000080000204] W[r 2=0000000007955f37][1] R[r 0=0000000000000000] R[r 0=0000000000000000] inst=[3b102173] csrr    sp, pmpaddr1
C0:       1549 [1] pc=[0000000080000208] W[r 0=0000000000000000][0] R[r 1=0000000080002200] R[r 2=0000000007955f37] inst=[1420b023] sd      sp, 320(ra)
C0:       1550 [1] pc=[000000008000020c] W[r 2=00000000040c5558][1] R[r 0=0000000000000000] R[r 0=0000000000000000] inst=[3b202173] csrr    sp, pmpaddr2
C0:       1553 [1] pc=[0000000080000210] W[r 0=0000000000000000][0] R[r 1=0000000080002200] R[r 2=00000000040c5558] inst=[1420b423] sd      sp, 328(ra)
C0:       1554 [1] pc=[0000000080000214] W[r 2=000000000e7595dc][1] R[r 0=0000000000000000] R[r 0=0000000000000000] inst=[3b302173] csrr    sp, pmpaddr3
C0:       1557 [1] pc=[0000000080000218] W[r 0=0000000000000000][0] R[r 1=0000000080002200] R[r 2=000000000e7595dc] inst=[1420b823] sd      sp, 336(ra)
C0:       1558 [1] pc=[000000008000021c] W[r 2=0000000021de349c][1] R[r 0=0000000000000000] R[r 0=0000000000000000] inst=[3b402173] csrr    sp, pmpaddr4
C0:       1561 [1] pc=[0000000080000220] W[r 0=0000000000000000][0] R[r 1=0000000080002200] R[r 2=0000000021de349c] inst=[1420bc23] sd      sp, 344(ra)
C0:       1562 [1] pc=[0000000080000224] W[r 2=000000001b9b4330][1] R[r 0=0000000000000000] R[r 0=0000000000000000] inst=[3b502173] csrr    sp, pmpaddr5
C0:       1565 [1] pc=[0000000080000228] W[r 0=0000000000000000][0] R[r 1=0000000080002200] R[r 2=000000001b9b4330] inst=[1620b023] sd      sp, 352(ra)
C0:       1566 [1] pc=[000000008000022c] W[r 2=00000000060df5d0][1] R[r 0=0000000000000000] R[r 0=0000000000000000] inst=[3b602173] csrr    sp, pmpaddr6
C0:       1569 [1] pc=[0000000080000230] W[r 0=0000000000000000][0] R[r 1=0000000080002200] R[r 2=00000000060df5d0] inst=[1620b423] sd      sp, 360(ra)
C0:       1570 [1] pc=[0000000080000234] W[r 2=000000001a73e500][1] R[r 0=0000000000000000] R[r 0=0000000000000000] inst=[3b702173] csrr    sp, pmpaddr7
C0:       1573 [1] pc=[0000000080000238] W[r 0=0000000000000000][0] R[r 1=0000000080002200] R[r 2=000000001a73e500] inst=[1620b823] sd      sp, 368(ra)
C0:       1574 [1] pc=[000000008000023c] W[r10=0000000000006000][1] R[r 0=0000000000000000] R[r 0=0000000000000000] inst=[00006537] lui     a0, 0x6
C0:       1596 [1] pc=[0000000080000240] W[r 0=8000000a00006000][1] R[r10=0000000000006000] R[r 0=0000000000000000] inst=[30052073] csrs    mstatus, a0
C0:       1601 [1] pc=[0000000080000244] W[r 2=0000000000000001][1] R[r 0=0000000000000000] R[r 0=0000000000000000] inst=[00102173] csrr    sp, fflags
C0:       1604 [1] pc=[0000000080000248] W[r 0=0000000000000000][0] R[r 1=0000000080002200] R[r 2=0000000000000001] inst=[0420b023] sd      sp, 64(ra)
C0:       1605 [1] pc=[000000008000024c] W[r 2=0000000000000000][1] R[r 0=0000000000000000] R[r 0=0000000000000000] inst=[00202173] csrr    sp, frm
C0:       1608 [1] pc=[0000000080000250] W[r 0=0000000000000000][0] R[r 1=0000000080002200] R[r 2=0000000000000000] inst=[0420b423] sd      sp, 72(ra)
C0:       1609 [1] pc=[0000000080000254] W[r 2=0000000000000001][1] R[r 0=0000000000000000] R[r 0=0000000000000000] inst=[00302173] csrr    sp, fcsr
C0:       1612 [1] pc=[0000000080000258] W[r 0=0000000000000000][0] R[r 1=0000000080002200] R[r 2=0000000000000001] inst=[0420b823] sd      sp, 80(ra)
C0:       1613 [1] pc=[000000008000025c] W[r 1=000000008000225c][1] R[r 0=0000000000000000] R[r 0=0000000000000000] inst=[00002097] auipc   ra, 0x2
C0:       1614 [1] pc=[0000000080000260] W[r 1=0000000080002000][1] R[r 1=000000008000225c] R[r 0=0000000000000000] inst=[da408093] addi    ra, ra, -604
C0:       1631 [1] pc=[0000000080000264] W[r 0=0000000000000000][0] R[r 1=0000000080002000] R[r 0=0000000000000000] inst=[0000b023] sd      zero, 0(ra)
C0:       1632 [1] pc=[0000000080000268] W[r 0=0000000000000000][0] R[r 1=0000000080002000] R[r 2=0000000000000001] inst=[0020b823] sd      sp, 16(ra)
C0:       1633 [1] pc=[000000008000026c] W[r 0=0000000000000000][0] R[r 1=0000000080002000] R[r 3=00000000800300d0] inst=[0030bc23] sd      gp, 24(ra)
C0:       1634 [1] pc=[0000000080000270] W[r 0=0000000000000000][0] R[r 1=0000000080002000] R[r 4=8a6afaf756042b6e] inst=[0240b023] sd      tp, 32(ra)
C0:       1635 [1] pc=[0000000080000274] W[r 0=0000000000000000][0] R[r 1=0000000080002000] R[r 5=0000000000000000] inst=[0250b423] sd      t0, 40(ra)
C0:       1636 [1] pc=[0000000080000278] W[r 0=0000000000000000][0] R[r 1=0000000080002000] R[r 6=ffffffffa5803000] inst=[0260b823] sd      t1, 48(ra)
C0:       1637 [1] pc=[000000008000027c] W[r 0=0000000000000000][0] R[r 1=0000000080002000] R[r 7=1718c47f58f6b795] inst=[0270bc23] sd      t2, 56(ra)
C0:       1693 [1] pc=[0000000080000280] W[r 0=0000000000000000][0] R[r 1=0000000080002000] R[r 8=0000000080000568] inst=[0480b023] sd      s0, 64(ra)
C0:       1694 [1] pc=[0000000080000284] W[r 0=0000000000000000][0] R[r 1=0000000080002000] R[r 9=759ee18000000000] inst=[0490b423] sd      s1, 72(ra)
C0:       1695 [1] pc=[0000000080000288] W[r 0=0000000000000000][0] R[r 1=0000000080002000] R[r10=0000000000006000] inst=[04a0b823] sd      a0, 80(ra)
C0:       1696 [1] pc=[000000008000028c] W[r 0=0000000000000000][0] R[r 1=0000000080002000] R[r11=0058298491f0c8c0] inst=[04b0bc23] sd      a1, 88(ra)
C0:       1697 [1] pc=[0000000080000290] W[r 0=0000000000000000][0] R[r 1=0000000080002000] R[r12=0000000000000000] inst=[06c0b023] sd      a2, 96(ra)
C0:       1698 [1] pc=[0000000080000294] W[r 0=0000000000000000][0] R[r 1=0000000080002000] R[r13=69c52ef42de5e01e] inst=[06d0b423] sd      a3, 104(ra)
C0:       1699 [1] pc=[0000000080000298] W[r 0=0000000000000000][0] R[r 1=0000000080002000] R[r14=ffffffe8c44d51a4] inst=[06e0b823] sd      a4, 112(ra)
C0:       1700 [1] pc=[000000008000029c] W[r 0=0000000000000000][0] R[r 1=0000000080002000] R[r15=650e9bceb4e94992] inst=[06f0bc23] sd      a5, 120(ra)
C0:       1717 [1] pc=[00000000800002a0] W[r 0=0000000000000000][0] R[r 1=0000000080002000] R[r16=c06fc6ec2e4d5a84] inst=[0900b023] sd      a6, 128(ra)
C0:       1718 [1] pc=[00000000800002a4] W[r 0=0000000000000000][0] R[r 1=0000000080002000] R[r17=0000000080010160] inst=[0910b423] sd      a7, 136(ra)
C0:       1719 [1] pc=[00000000800002a8] W[r 0=0000000000000000][0] R[r 1=0000000080002000] R[r18=a33adaf33999c6ef] inst=[0920b823] sd      s2, 144(ra)
C0:       1720 [1] pc=[00000000800002ac] W[r 0=0000000000000000][0] R[r 1=0000000080002000] R[r19=9078e084b2c61054] inst=[0930bc23] sd      s3, 152(ra)
C0:       1721 [1] pc=[00000000800002b0] W[r 0=0000000000000000][0] R[r 1=0000000080002000] R[r20=4c1d4443c81f953e] inst=[0b40b023] sd      s4, 160(ra)
C0:       1722 [1] pc=[00000000800002b4] W[r 0=0000000000000000][0] R[r 1=0000000080002000] R[r21=0000000000000000] inst=[0b50b423] sd      s5, 168(ra)
C0:       1723 [1] pc=[00000000800002b8] W[r 0=0000000000000000][0] R[r 1=0000000080002000] R[r22=0000000000000200] inst=[0b60b823] sd      s6, 176(ra)
C0:       1724 [1] pc=[00000000800002bc] W[r 0=0000000000000000][0] R[r 1=0000000080002000] R[r23=ffffffffc0000000] inst=[0b70bc23] sd      s7, 184(ra)
C0:       1762 [1] pc=[00000000800002c0] W[r 0=0000000000000000][0] R[r 1=0000000080002000] R[r24=72f8e9b49e8e29ed] inst=[0d80b023] sd      s8, 192(ra)
C0:       1763 [1] pc=[00000000800002c4] W[r 0=0000000000000000][0] R[r 1=0000000080002000] R[r25=ee3638520d8ee4d4] inst=[0d90b423] sd      s9, 200(ra)
C0:       1764 [1] pc=[00000000800002c8] W[r 0=0000000000000000][0] R[r 1=0000000080002000] R[r27=0000000000000000] inst=[0db0bc23] sd      s11, 216(ra)
C0:       1765 [1] pc=[00000000800002cc] W[r 0=0000000000000000][0] R[r 1=0000000080002000] R[r28=0b941df92fdcdd35] inst=[0fc0b023] sd      t3, 224(ra)
C0:       1766 [1] pc=[00000000800002d0] W[r 0=0000000000000000][0] R[r 1=0000000080002000] R[r29=0000000080060130] inst=[0fd0b423] sd      t4, 232(ra)
C0:       1767 [1] pc=[00000000800002d4] W[r 0=0000000000000000][0] R[r 1=0000000080002000] R[r30=3cd4e997a25b6c62] inst=[0fe0b823] sd      t5, 240(ra)
C0:       1768 [1] pc=[00000000800002d8] W[r 1=00000000800022d8][1] R[r 0=0000000000000000] R[r 0=0000000000000000] inst=[00002097] auipc   ra, 0x2
C0:       1769 [1] pc=[00000000800002dc] W[r 1=0000000080002100][1] R[r 1=00000000800022d8] R[r 0=0000000000000000] inst=[e2808093] addi    ra, ra, -472
C0:       1786 [1] pc=[00000000800002e0] W[r 0=0000000000000000][0] R[r 1=0000000080002100] R[r 1=3cd4e997a25b6c63] inst=[0010a427] fsw     ft1, 8(ra)
C0:       1787 [1] pc=[00000000800002e4] W[r 0=0000000000000000][0] R[r 1=0000000080002100] R[r 2=3cd4e997a25b6c63] inst=[0020a827] fsw     ft2, 16(ra)
C0:       1788 [1] pc=[00000000800002e8] W[r 0=0000000000000000][0] R[r 1=0000000080002100] R[r 7=3cd4e997a25b6c63] inst=[0270ac27] fsw     ft7, 56(ra)
C0:       1823 [1] pc=[00000000800002ec] W[r 0=0000000000000000][0] R[r 1=0000000080002100] R[r 9=3cd4e997a25b6c63] inst=[0490a427] fsw     fs1, 72(ra)
C0:       1824 [1] pc=[00000000800002f0] W[r 0=0000000000000000][0] R[r 1=0000000080002100] R[r10=3cd4e997a25b6c63] inst=[04a0a827] fsw     fa0, 80(ra)
C0:       1825 [1] pc=[00000000800002f4] W[r 0=0000000000000000][0] R[r 1=0000000080002100] R[r12=3cd4e997a25b6c63] inst=[06c0a027] fsw     fa2, 96(ra)
C0:       1826 [1] pc=[00000000800002f8] W[r 0=0000000000000000][0] R[r 1=0000000080002100] R[r13=3cd4e997a25b6c63] inst=[06d0a427] fsw     fa3, 104(ra)
C0:       1843 [1] pc=[00000000800002fc] W[r 0=0000000000000000][0] R[r 1=0000000080002100] R[r21=3cd4e997a25b6c63] inst=[0b50a427] fsw     fs5, 168(ra)
C0:       1854 [1] pc=[0000000080000300] W[r 0=0000000000000000][0] R[r 1=0000000080002100] R[r22=3cd4e997a25b6c63] inst=[0b60a827] fsw     fs6, 176(ra)
C0:       1871 [1] pc=[0000000080000304] W[r 0=0000000000000000][0] R[r 1=0000000080002100] R[r25=3cd4e997a25b6c63] inst=[0d90a427] fsw     fs9, 200(ra)
C0:       1872 [1] pc=[0000000080000308] W[r 0=0000000000000000][0] R[r 1=0000000080002100] R[r26=3cd4e997a25b6c63] inst=[0da0a827] fsw     fs10, 208(ra)
C0:       1873 [1] pc=[000000008000030c] W[r 0=0000000000000000][0] R[r 1=0000000080002100] R[r28=3cd4e997a25b6c63] inst=[0fc0a027] fsw     ft8, 224(ra)
C0:       1874 [1] pc=[0000000080000310] W[r 0=0000000000000000][0] R[r 1=0000000080002100] R[r29=3cd4e997a25b6c63] inst=[0fd0a427] fsw     ft9, 232(ra)
C0:       1875 [1] pc=[0000000080000314] W[r 0=0000000000000000][0] R[r 1=0000000080002100] R[r30=3cd4e997a25b6c63] inst=[0fe0a827] fsw     ft10, 240(ra)
C0:       1876 [1] pc=[0000000080000318] W[r 0=0000000000000000][0] R[r 1=0000000080002100] R[r31=3cd4e997a25b6c63] inst=[0ff0ac27] fsw     ft11, 248(ra)
C0:       1877 [1] pc=[000000008000031c] W[r 1=000000008000231c][1] R[r 0=0000000000000000] R[r 0=0000000000000000] inst=[00002097] auipc   ra, 0x2
C0:       1878 [1] pc=[0000000080000320] W[r 1=0000000080002100][1] R[r 1=000000008000231c] R[r 0=0000000000000000] inst=[de408093] addi    ra, ra, -540
C0:       1879 [1] pc=[0000000080000324] W[r 0=0000000000000000][0] R[r 1=0000000080002100] R[r 0=0000000000000000] inst=[0000b027] fsd     ft0, 0(ra)
C0:       1880 [1] pc=[0000000080000328] W[r 0=0000000000000000][0] R[r 1=0000000080002100] R[r 3=3cd4e997a25b6c63] inst=[0030bc27] fsd     ft3, 24(ra)
C0:       1881 [1] pc=[000000008000032c] W[r 0=0000000000000000][0] R[r 1=0000000080002100] R[r 4=3cd4e997a25b6c63] inst=[0240b027] fsd     ft4, 32(ra)
C0:       1882 [1] pc=[0000000080000330] W[r 0=0000000000000000][0] R[r 1=0000000080002100] R[r 5=3cd4e997a25b6c63] inst=[0250b427] fsd     ft5, 40(ra)
C0:       1883 [1] pc=[0000000080000334] W[r 0=0000000000000000][0] R[r 1=0000000080002100] R[r 6=3cd4e997a25b6c63] inst=[0260b827] fsd     ft6, 48(ra)
C0:       1884 [1] pc=[0000000080000338] W[r 0=0000000000000000][0] R[r 1=0000000080002100] R[r 8=3cd4e997a25b6c63] inst=[0480b027] fsd     fs0, 64(ra)
C0:       1885 [1] pc=[000000008000033c] W[r 0=0000000000000000][0] R[r 1=0000000080002100] R[r11=3cd4e997a25b6c63] inst=[04b0bc27] fsd     fa1, 88(ra)
C0:       1907 [1] pc=[0000000080000340] W[r 0=0000000000000000][0] R[r 1=0000000080002100] R[r14=3cd4e997a25b6c63] inst=[06e0b827] fsd     fa4, 112(ra)
C0:       1908 [1] pc=[0000000080000344] W[r 0=0000000000000000][0] R[r 1=0000000080002100] R[r15=3cd4e997a25b6c63] inst=[06f0bc27] fsd     fa5, 120(ra)
C0:       1909 [1] pc=[0000000080000348] W[r 0=0000000000000000][0] R[r 1=0000000080002100] R[r16=3cd4e997a25b6c63] inst=[0900b027] fsd     fa6, 128(ra)
C0:       1910 [1] pc=[000000008000034c] W[r 0=0000000000000000][0] R[r 1=0000000080002100] R[r17=3cd4e997a25b6c63] inst=[0910b427] fsd     fa7, 136(ra)
C0:       1911 [1] pc=[0000000080000350] W[r 0=0000000000000000][0] R[r 1=0000000080002100] R[r18=3cd4e997a25b6c63] inst=[0920b827] fsd     fs2, 144(ra)
C0:       1912 [1] pc=[0000000080000354] W[r 0=0000000000000000][0] R[r 1=0000000080002100] R[r19=3cd4e997a25b6c63] inst=[0930bc27] fsd     fs3, 152(ra)
C0:       1913 [1] pc=[0000000080000358] W[r 0=0000000000000000][0] R[r 1=0000000080002100] R[r20=3cd4e997a25b6c63] inst=[0b40b027] fsd     fs4, 160(ra)
C0:       1914 [1] pc=[000000008000035c] W[r 0=0000000000000000][0] R[r 1=0000000080002100] R[r23=3cd4e997a25b6c63] inst=[0b70bc27] fsd     fs7, 184(ra)
C0:       1915 [1] pc=[0000000080000360] W[r 0=0000000000000000][0] R[r 1=0000000080002100] R[r24=3cd4e997a25b6c63] inst=[0d80b027] fsd     fs8, 192(ra)
C0:       1916 [1] pc=[0000000080000364] W[r 0=0000000000000000][0] R[r 1=0000000080002100] R[r27=3cd4e997a25b6c63] inst=[0db0bc27] fsd     fs11, 216(ra)
C0:       1917 [1] pc=[0000000080000368] W[r 3=0000000000000001][1] R[r 0=0000000000000000] R[r 0=0000000000000000] inst=[00100193] li      gp, 1
C0:       1918 [1] pc=[000000008000036c] W[r30=000000008000136c][1] R[r 0=0000000000000000] R[r 0=0000000000000000] inst=[00001f17] auipc   t5, 0x1
C0:       1935 [1] pc=[0000000080000370] W[r 0=0000000000000000][0] R[r30=000000008000136c] R[r 3=0000000000000001] inst=[c83f2a23] sw      gp, -876(t5)
C0:       1936 [1] pc=[0000000080000374] W[r 0=0000000080000378][1] R[r 0=0000000000000000] R[r 0=0000000000000000] inst=[0000006f] j       pc + 0x0
C0:       1937 [1] pc=[0000000080000374] W[r 0=0000000080000378][1] R[r 0=0000000000000000] R[r 0=0000000000000000] inst=[0000006f] j       pc + 0x0
C0:       1938 [1] pc=[0000000080000374] W[r 0=0000000080000378][1] R[r 0=0000000000000000] R[r 0=0000000000000000] inst=[0000006f] j       pc + 0x0
C0:       1939 [1] pc=[0000000080000374] W[r 0=0000000080000378][1] R[r 0=0000000000000000] R[r 0=0000000000000000] inst=[0000006f] j       pc + 0x0
C0:       1940 [1] pc=[0000000080000374] W[r 0=0000000080000378][1] R[r 0=0000000000000000] R[r 0=0000000000000000] inst=[0000006f] j       pc + 0x0
C0:       1941 [1] pc=[0000000080000374] W[r 0=0000000080000378][1] R[r 0=0000000000000000] R[r 0=0000000000000000] inst=[0000006f] j       pc + 0x0
C0:       1942 [1] pc=[0000000080000374] W[r 0=0000000080000378][1] R[r 0=0000000000000000] R[r 0=0000000000000000] inst=[0000006f] j       pc + 0x0
C0:       1944 [1] pc=[0000000080000374] W[r 0=0000000080000378][1] R[r 0=0000000000000000] R[r 0=0000000000000000] inst=[0000006f] j       pc + 0x0
C0:       1945 [1] pc=[0000000080000374] W[r 0=0000000080000378][1] R[r 0=0000000000000000] R[r 0=0000000000000000] inst=[0000006f] j       pc + 0x0
C0:       1946 [1] pc=[0000000080000374] W[r 0=0000000080000378][1] R[r 0=0000000000000000] R[r 0=0000000000000000] inst=[0000006f] j       pc + 0x0
C0:       1948 [1] pc=[0000000080000374] W[r 0=0000000080000378][1] R[r 0=0000000000000000] R[r 0=0000000000000000] inst=[0000006f] j       pc + 0x0
C0:       1950 [1] pc=[0000000080000374] W[r 0=0000000080000378][1] R[r 0=0000000000000000] R[r 0=0000000000000000] inst=[0000006f] j       pc + 0x0
C0:       1951 [1] pc=[0000000080000374] W[r 0=0000000080000378][1] R[r 0=0000000000000000] R[r 0=0000000000000000] inst=[0000006f] j       pc + 0x0
C0:       1952 [1] pc=[0000000080000374] W[r 0=0000000080000378][1] R[r 0=0000000000000000] R[r 0=0000000000000000] inst=[0000006f] j       pc + 0x0
C0:       1954 [1] pc=[0000000080000374] W[r 0=0000000080000378][1] R[r 0=0000000000000000] R[r 0=0000000000000000] inst=[0000006f] j       pc + 0x0
C0:       1956 [1] pc=[0000000080000374] W[r 0=0000000080000378][1] R[r 0=0000000000000000] R[r 0=0000000000000000] inst=[0000006f] j       pc + 0x0
C0:       1957 [1] pc=[0000000080000374] W[r 0=0000000080000378][1] R[r 0=0000000000000000] R[r 0=0000000000000000] inst=[0000006f] j       pc + 0x0
C0:       1958 [1] pc=[0000000080000374] W[r 0=0000000080000378][1] R[r 0=0000000000000000] R[r 0=0000000000000000] inst=[0000006f] j       pc + 0x0
C0:       1960 [1] pc=[0000000080000374] W[r 0=0000000080000378][1] R[r 0=0000000000000000] R[r 0=0000000000000000] inst=[0000006f] j       pc + 0x0
C0:       1962 [1] pc=[0000000080000374] W[r 0=0000000080000378][1] R[r 0=0000000000000000] R[r 0=0000000000000000] inst=[0000006f] j       pc + 0x0
C0:       1963 [1] pc=[0000000080000374] W[r 0=0000000080000378][1] R[r 0=0000000000000000] R[r 0=0000000000000000] inst=[0000006f] j       pc + 0x0
C0:       1964 [1] pc=[0000000080000374] W[r 0=0000000080000378][1] R[r 0=0000000000000000] R[r 0=0000000000000000] inst=[0000006f] j       pc + 0x0
C0:       1966 [1] pc=[0000000080000374] W[r 0=0000000080000378][1] R[r 0=0000000000000000] R[r 0=0000000000000000] inst=[0000006f] j       pc + 0x0
C0:       1968 [1] pc=[0000000080000374] W[r 0=0000000080000378][1] R[r 0=0000000000000000] R[r 0=0000000000000000] inst=[0000006f] j       pc + 0x0
C0:       1969 [1] pc=[0000000080000374] W[r 0=0000000080000378][1] R[r 0=0000000000000000] R[r 0=0000000000000000] inst=[0000006f] j       pc + 0x0
C0:       1970 [1] pc=[0000000080000374] W[r 0=0000000080000378][1] R[r 0=0000000000000000] R[r 0=0000000000000000] inst=[0000006f] j       pc + 0x0
C0:       1972 [1] pc=[0000000080000374] W[r 0=0000000080000378][1] R[r 0=0000000000000000] R[r 0=0000000000000000] inst=[0000006f] j       pc + 0x0
C0:       1974 [1] pc=[0000000080000374] W[r 0=0000000080000378][1] R[r 0=0000000000000000] R[r 0=0000000000000000] inst=[0000006f] j       pc + 0x0
C0:       1975 [1] pc=[0000000080000374] W[r 0=0000000080000378][1] R[r 0=0000000000000000] R[r 0=0000000000000000] inst=[0000006f] j       pc + 0x0
C0:       1976 [1] pc=[0000000080000374] W[r 0=0000000080000378][1] R[r 0=0000000000000000] R[r 0=0000000000000000] inst=[0000006f] j       pc + 0x0
C0:       1978 [1] pc=[0000000080000374] W[r 0=0000000080000378][1] R[r 0=0000000000000000] R[r 0=0000000000000000] inst=[0000006f] j       pc + 0x0
C0:       1980 [1] pc=[0000000080000374] W[r 0=0000000080000378][1] R[r 0=0000000000000000] R[r 0=0000000000000000] inst=[0000006f] j       pc + 0x0
C0:       1981 [1] pc=[0000000080000374] W[r 0=0000000080000378][1] R[r 0=0000000000000000] R[r 0=0000000000000000] inst=[0000006f] j       pc + 0x0
C0:       1982 [1] pc=[0000000080000374] W[r 0=0000000080000378][1] R[r 0=0000000000000000] R[r 0=0000000000000000] inst=[0000006f] j       pc + 0x0
C0:       1984 [1] pc=[0000000080000374] W[r 0=0000000080000378][1] R[r 0=0000000000000000] R[r 0=0000000000000000] inst=[0000006f] j       pc + 0x0
C0:       1986 [1] pc=[0000000080000374] W[r 0=0000000080000378][1] R[r 0=0000000000000000] R[r 0=0000000000000000] inst=[0000006f] j       pc + 0x0
C0:       1987 [1] pc=[0000000080000374] W[r 0=0000000080000378][1] R[r 0=0000000000000000] R[r 0=0000000000000000] inst=[0000006f] j       pc + 0x0
C0:       1988 [1] pc=[0000000080000374] W[r 0=0000000080000378][1] R[r 0=0000000000000000] R[r 0=0000000000000000] inst=[0000006f] j       pc + 0x0
C0:       1990 [1] pc=[0000000080000374] W[r 0=0000000080000378][1] R[r 0=0000000000000000] R[r 0=0000000000000000] inst=[0000006f] j       pc + 0x0
C0:       1992 [1] pc=[0000000080000374] W[r 0=0000000080000378][1] R[r 0=0000000000000000] R[r 0=0000000000000000] inst=[0000006f] j       pc + 0x0
C0:       1993 [1] pc=[0000000080000374] W[r 0=0000000080000378][1] R[r 0=0000000000000000] R[r 0=0000000000000000] inst=[0000006f] j       pc + 0x0
C0:       1994 [1] pc=[0000000080000374] W[r 0=0000000080000378][1] R[r 0=0000000000000000] R[r 0=0000000000000000] inst=[0000006f] j       pc + 0x0
C0:       1996 [1] pc=[0000000080000374] W[r 0=0000000080000378][1] R[r 0=0000000000000000] R[r 0=0000000000000000] inst=[0000006f] j       pc + 0x0
C0:       1998 [1] pc=[0000000080000374] W[r 0=0000000080000378][1] R[r 0=0000000000000000] R[r 0=0000000000000000] inst=[0000006f] j       pc + 0x0
C0:       1999 [1] pc=[0000000080000374] W[r 0=0000000080000378][1] R[r 0=0000000000000000] R[r 0=0000000000000000] inst=[0000006f] j       pc + 0x0
C0:       2000 [1] pc=[0000000080000374] W[r 0=0000000080000378][1] R[r 0=0000000000000000] R[r 0=0000000000000000] inst=[0000006f] j       pc + 0x0
C0:       2002 [1] pc=[0000000080000374] W[r 0=0000000080000378][1] R[r 0=0000000000000000] R[r 0=0000000000000000] inst=[0000006f] j       pc + 0x0
C0:       2004 [1] pc=[0000000080000374] W[r 0=0000000080000378][1] R[r 0=0000000000000000] R[r 0=0000000000000000] inst=[0000006f] j       pc + 0x0
C0:       2005 [1] pc=[0000000080000374] W[r 0=0000000080000378][1] R[r 0=0000000000000000] R[r 0=0000000000000000] inst=[0000006f] j       pc + 0x0
C0:       2006 [1] pc=[0000000080000374] W[r 0=0000000080000378][1] R[r 0=0000000000000000] R[r 0=0000000000000000] inst=[0000006f] j       pc + 0x0
C0:       2008 [1] pc=[0000000080000374] W[r 0=0000000080000378][1] R[r 0=0000000000000000] R[r 0=0000000000000000] inst=[0000006f] j       pc + 0x0
C0:       2010 [1] pc=[0000000080000374] W[r 0=0000000080000378][1] R[r 0=0000000000000000] R[r 0=0000000000000000] inst=[0000006f] j       pc + 0x0
C0:       2011 [1] pc=[0000000080000374] W[r 0=0000000080000378][1] R[r 0=0000000000000000] R[r 0=0000000000000000] inst=[0000006f] j       pc + 0x0
C0:       2012 [1] pc=[0000000080000374] W[r 0=0000000080000378][1] R[r 0=0000000000000000] R[r 0=0000000000000000] inst=[0000006f] j       pc + 0x0
C0:       2014 [1] pc=[0000000080000374] W[r 0=0000000080000378][1] R[r 0=0000000000000000] R[r 0=0000000000000000] inst=[0000006f] j       pc + 0x0
C0:       2016 [1] pc=[0000000080000374] W[r 0=0000000080000378][1] R[r 0=0000000000000000] R[r 0=0000000000000000] inst=[0000006f] j       pc + 0x0
C0:       2017 [1] pc=[0000000080000374] W[r 0=0000000080000378][1] R[r 0=0000000000000000] R[r 0=0000000000000000] inst=[0000006f] j       pc + 0x0
C0:       2018 [1] pc=[0000000080000374] W[r 0=0000000080000378][1] R[r 0=0000000000000000] R[r 0=0000000000000000] inst=[0000006f] j       pc + 0x0
C0:       2020 [1] pc=[0000000080000374] W[r 0=0000000080000378][1] R[r 0=0000000000000000] R[r 0=0000000000000000] inst=[0000006f] j       pc + 0x0
C0:       2022 [1] pc=[0000000080000374] W[r 0=0000000080000378][1] R[r 0=0000000000000000] R[r 0=0000000000000000] inst=[0000006f] j       pc + 0x0
C0:       2023 [1] pc=[0000000080000374] W[r 0=0000000080000378][1] R[r 0=0000000000000000] R[r 0=0000000000000000] inst=[0000006f] j       pc + 0x0
C0:       2024 [1] pc=[0000000080000374] W[r 0=0000000080000378][1] R[r 0=0000000000000000] R[r 0=0000000000000000] inst=[0000006f] j       pc + 0x0
C0:       2026 [1] pc=[0000000080000374] W[r 0=0000000080000378][1] R[r 0=0000000000000000] R[r 0=0000000000000000] inst=[0000006f] j       pc + 0x0
C0:       2028 [1] pc=[0000000080000374] W[r 0=0000000080000378][1] R[r 0=0000000000000000] R[r 0=0000000000000000] inst=[0000006f] j       pc + 0x0
C0:       2029 [1] pc=[0000000080000374] W[r 0=0000000080000378][1] R[r 0=0000000000000000] R[r 0=0000000000000000] inst=[0000006f] j       pc + 0x0
C0:       2030 [1] pc=[0000000080000374] W[r 0=0000000080000378][1] R[r 0=0000000000000000] R[r 0=0000000000000000] inst=[0000006f] j       pc + 0x0
C0:       2032 [1] pc=[0000000080000374] W[r 0=0000000080000378][1] R[r 0=0000000000000000] R[r 0=0000000000000000] inst=[0000006f] j       pc + 0x0
C0:       2034 [1] pc=[0000000080000374] W[r 0=0000000080000378][1] R[r 0=0000000000000000] R[r 0=0000000000000000] inst=[0000006f] j       pc + 0x0
C0:       2035 [1] pc=[0000000080000374] W[r 0=0000000080000378][1] R[r 0=0000000000000000] R[r 0=0000000000000000] inst=[0000006f] j       pc + 0x0
C0:       2036 [1] pc=[0000000080000374] W[r 0=0000000080000378][1] R[r 0=0000000000000000] R[r 0=0000000000000000] inst=[0000006f] j       pc + 0x0
C0:       2038 [1] pc=[0000000080000374] W[r 0=0000000080000378][1] R[r 0=0000000000000000] R[r 0=0000000000000000] inst=[0000006f] j       pc + 0x0
C0:       2040 [1] pc=[0000000080000374] W[r 0=0000000080000378][1] R[r 0=0000000000000000] R[r 0=0000000000000000] inst=[0000006f] j       pc + 0x0
C0:       2041 [1] pc=[0000000080000374] W[r 0=0000000080000378][1] R[r 0=0000000000000000] R[r 0=0000000000000000] inst=[0000006f] j       pc + 0x0
C0:       2042 [1] pc=[0000000080000374] W[r 0=0000000080000378][1] R[r 0=0000000000000000] R[r 0=0000000000000000] inst=[0000006f] j       pc + 0x0
C0:       2044 [1] pc=[0000000080000374] W[r 0=0000000080000378][1] R[r 0=0000000000000000] R[r 0=0000000000000000] inst=[0000006f] j       pc + 0x0
C0:       2046 [1] pc=[0000000080000374] W[r 0=0000000080000378][1] R[r 0=0000000000000000] R[r 0=0000000000000000] inst=[0000006f] j       pc + 0x0
C0:       2047 [1] pc=[0000000080000374] W[r 0=0000000080000378][1] R[r 0=0000000000000000] R[r 0=0000000000000000] inst=[0000006f] j       pc + 0x0
C0:       2048 [1] pc=[0000000080000374] W[r 0=0000000080000378][1] R[r 0=0000000000000000] R[r 0=0000000000000000] inst=[0000006f] j       pc + 0x0
C0:       2050 [1] pc=[0000000080000374] W[r 0=0000000080000378][1] R[r 0=0000000000000000] R[r 0=0000000000000000] inst=[0000006f] j       pc + 0x0
C0:       2052 [1] pc=[0000000080000374] W[r 0=0000000080000378][1] R[r 0=0000000000000000] R[r 0=0000000000000000] inst=[0000006f] j       pc + 0x0
C0:       2053 [1] pc=[0000000080000374] W[r 0=0000000080000378][1] R[r 0=0000000000000000] R[r 0=0000000000000000] inst=[0000006f] j       pc + 0x0
C0:       2054 [1] pc=[0000000080000374] W[r 0=0000000080000378][1] R[r 0=0000000000000000] R[r 0=0000000000000000] inst=[0000006f] j       pc + 0x0
C0:       2056 [1] pc=[0000000080000374] W[r 0=0000000080000378][1] R[r 0=0000000000000000] R[r 0=0000000000000000] inst=[0000006f] j       pc + 0x0
C0:       2058 [1] pc=[0000000080000374] W[r 0=0000000080000378][1] R[r 0=0000000000000000] R[r 0=0000000000000000] inst=[0000006f] j       pc + 0x0
C0:       2059 [1] pc=[0000000080000374] W[r 0=0000000080000378][1] R[r 0=0000000000000000] R[r 0=0000000000000000] inst=[0000006f] j       pc + 0x0
C0:       2060 [1] pc=[0000000080000374] W[r 0=0000000080000378][1] R[r 0=0000000000000000] R[r 0=0000000000000000] inst=[0000006f] j       pc + 0x0
C0:       2062 [1] pc=[0000000080000374] W[r 0=0000000080000378][1] R[r 0=0000000000000000] R[r 0=0000000000000000] inst=[0000006f] j       pc + 0x0
C0:       2064 [1] pc=[0000000080000374] W[r 0=0000000080000378][1] R[r 0=0000000000000000] R[r 0=0000000000000000] inst=[0000006f] j       pc + 0x0
C0:       2065 [1] pc=[0000000080000374] W[r 0=0000000080000378][1] R[r 0=0000000000000000] R[r 0=0000000000000000] inst=[0000006f] j       pc + 0x0
C0:       2066 [1] pc=[0000000080000374] W[r 0=0000000080000378][1] R[r 0=0000000000000000] R[r 0=0000000000000000] inst=[0000006f] j       pc + 0x0
C0:       2068 [1] pc=[0000000080000374] W[r 0=0000000080000378][1] R[r 0=0000000000000000] R[r 0=0000000000000000] inst=[0000006f] j       pc + 0x0
C0:       2070 [1] pc=[0000000080000374] W[r 0=0000000080000378][1] R[r 0=0000000000000000] R[r 0=0000000000000000] inst=[0000006f] j       pc + 0x0
C0:       2071 [1] pc=[0000000080000374] W[r 0=0000000080000378][1] R[r 0=0000000000000000] R[r 0=0000000000000000] inst=[0000006f] j       pc + 0x0
C0:       2072 [1] pc=[0000000080000374] W[r 0=0000000080000378][1] R[r 0=0000000000000000] R[r 0=0000000000000000] inst=[0000006f] j       pc + 0x0
C0:       2074 [1] pc=[0000000080000374] W[r 0=0000000080000378][1] R[r 0=0000000000000000] R[r 0=0000000000000000] inst=[0000006f] j       pc + 0x0
C0:       2076 [1] pc=[0000000080000374] W[r 0=0000000080000378][1] R[r 0=0000000000000000] R[r 0=0000000000000000] inst=[0000006f] j       pc + 0x0
C0:       2077 [1] pc=[0000000080000374] W[r 0=0000000080000378][1] R[r 0=0000000000000000] R[r 0=0000000000000000] inst=[0000006f] j       pc + 0x0
C0:       2078 [1] pc=[0000000080000374] W[r 0=0000000080000378][1] R[r 0=0000000000000000] R[r 0=0000000000000000] inst=[0000006f] j       pc + 0x0
C0:       2080 [1] pc=[0000000080000374] W[r 0=0000000080000378][1] R[r 0=0000000000000000] R[r 0=0000000000000000] inst=[0000006f] j       pc + 0x0
C0:       2082 [1] pc=[0000000080000374] W[r 0=0000000080000378][1] R[r 0=0000000000000000] R[r 0=0000000000000000] inst=[0000006f] j       pc + 0x0
C0:       2083 [1] pc=[0000000080000374] W[r 0=0000000080000378][1] R[r 0=0000000000000000] R[r 0=0000000000000000] inst=[0000006f] j       pc + 0x0
C0:       2084 [1] pc=[0000000080000374] W[r 0=0000000080000378][1] R[r 0=0000000000000000] R[r 0=0000000000000000] inst=[0000006f] j       pc + 0x0
C0:       2086 [1] pc=[0000000080000374] W[r 0=0000000080000378][1] R[r 0=0000000000000000] R[r 0=0000000000000000] inst=[0000006f] j       pc + 0x0
C0:       2088 [1] pc=[0000000080000374] W[r 0=0000000080000378][1] R[r 0=0000000000000000] R[r 0=0000000000000000] inst=[0000006f] j       pc + 0x0
C0:       2089 [1] pc=[0000000080000374] W[r 0=0000000080000378][1] R[r 0=0000000000000000] R[r 0=0000000000000000] inst=[0000006f] j       pc + 0x0
C0:       2090 [1] pc=[0000000080000374] W[r 0=0000000080000378][1] R[r 0=0000000000000000] R[r 0=0000000000000000] inst=[0000006f] j       pc + 0x0
C0:       2092 [1] pc=[0000000080000374] W[r 0=0000000080000378][1] R[r 0=0000000000000000] R[r 0=0000000000000000] inst=[0000006f] j       pc + 0x0
C0:       2094 [1] pc=[0000000080000374] W[r 0=0000000080000378][1] R[r 0=0000000000000000] R[r 0=0000000000000000] inst=[0000006f] j       pc + 0x0
C0:       2095 [1] pc=[0000000080000374] W[r 0=0000000080000378][1] R[r 0=0000000000000000] R[r 0=0000000000000000] inst=[0000006f] j       pc + 0x0
C0:       2096 [1] pc=[0000000080000374] W[r 0=0000000080000378][1] R[r 0=0000000000000000] R[r 0=0000000000000000] inst=[0000006f] j       pc + 0x0
C0:       2098 [1] pc=[0000000080000374] W[r 0=0000000080000378][1] R[r 0=0000000000000000] R[r 0=0000000000000000] inst=[0000006f] j       pc + 0x0
C0:       2100 [1] pc=[0000000080000374] W[r 0=0000000080000378][1] R[r 0=0000000000000000] R[r 0=0000000000000000] inst=[0000006f] j       pc + 0x0
C0:       2101 [1] pc=[0000000080000374] W[r 0=0000000080000378][1] R[r 0=0000000000000000] R[r 0=0000000000000000] inst=[0000006f] j       pc + 0x0
C0:       2102 [1] pc=[0000000080000374] W[r 0=0000000080000378][1] R[r 0=0000000000000000] R[r 0=0000000000000000] inst=[0000006f] j       pc + 0x0
C0:       2104 [1] pc=[0000000080000374] W[r 0=0000000080000378][1] R[r 0=0000000000000000] R[r 0=0000000000000000] inst=[0000006f] j       pc + 0x0
C0:       2106 [1] pc=[0000000080000374] W[r 0=0000000080000378][1] R[r 0=0000000000000000] R[r 0=0000000000000000] inst=[0000006f] j       pc + 0x0
C0:       2107 [1] pc=[0000000080000374] W[r 0=0000000080000378][1] R[r 0=0000000000000000] R[r 0=0000000000000000] inst=[0000006f] j       pc + 0x0
C0:       2108 [1] pc=[0000000080000374] W[r 0=0000000080000378][1] R[r 0=0000000000000000] R[r 0=0000000000000000] inst=[0000006f] j       pc + 0x0
C0:       2110 [1] pc=[0000000080000374] W[r 0=0000000080000378][1] R[r 0=0000000000000000] R[r 0=0000000000000000] inst=[0000006f] j       pc + 0x0
C0:       2112 [1] pc=[0000000080000374] W[r 0=0000000080000378][1] R[r 0=0000000000000000] R[r 0=0000000000000000] inst=[0000006f] j       pc + 0x0
C0:       2113 [1] pc=[0000000080000374] W[r 0=0000000080000378][1] R[r 0=0000000000000000] R[r 0=0000000000000000] inst=[0000006f] j       pc + 0x0
C0:       2114 [1] pc=[0000000080000374] W[r 0=0000000080000378][1] R[r 0=0000000000000000] R[r 0=0000000000000000] inst=[0000006f] j       pc + 0x0
C0:       2116 [1] pc=[0000000080000374] W[r 0=0000000080000378][1] R[r 0=0000000000000000] R[r 0=0000000000000000] inst=[0000006f] j       pc + 0x0
C0:       2118 [1] pc=[0000000080000374] W[r 0=0000000080000378][1] R[r 0=0000000000000000] R[r 0=0000000000000000] inst=[0000006f] j       pc + 0x0
C0:       2119 [1] pc=[0000000080000374] W[r 0=0000000080000378][1] R[r 0=0000000000000000] R[r 0=0000000000000000] inst=[0000006f] j       pc + 0x0
C0:       2120 [1] pc=[0000000080000374] W[r 0=0000000080000378][1] R[r 0=0000000000000000] R[r 0=0000000000000000] inst=[0000006f] j       pc + 0x0
C0:       2122 [1] pc=[0000000080000374] W[r 0=0000000080000378][1] R[r 0=0000000000000000] R[r 0=0000000000000000] inst=[0000006f] j       pc + 0x0
C0:       2124 [1] pc=[0000000080000374] W[r 0=0000000080000378][1] R[r 0=0000000000000000] R[r 0=0000000000000000] inst=[0000006f] j       pc + 0x0
C0:       2125 [1] pc=[0000000080000374] W[r 0=0000000080000378][1] R[r 0=0000000000000000] R[r 0=0000000000000000] inst=[0000006f] j       pc + 0x0
C0:       2126 [1] pc=[0000000080000374] W[r 0=0000000080000378][1] R[r 0=0000000000000000] R[r 0=0000000000000000] inst=[0000006f] j       pc + 0x0
C0:       2128 [1] pc=[0000000080000374] W[r 0=0000000080000378][1] R[r 0=0000000000000000] R[r 0=0000000000000000] inst=[0000006f] j       pc + 0x0
C0:       2130 [1] pc=[0000000080000374] W[r 0=0000000080000378][1] R[r 0=0000000000000000] R[r 0=0000000000000000] inst=[0000006f] j       pc + 0x0
C0:       2131 [1] pc=[0000000080000374] W[r 0=0000000080000378][1] R[r 0=0000000000000000] R[r 0=0000000000000000] inst=[0000006f] j       pc + 0x0
C0:       2132 [1] pc=[0000000080000374] W[r 0=0000000080000378][1] R[r 0=0000000000000000] R[r 0=0000000000000000] inst=[0000006f] j       pc + 0x0
C0:       2134 [1] pc=[0000000080000374] W[r 0=0000000080000378][1] R[r 0=0000000000000000] R[r 0=0000000000000000] inst=[0000006f] j       pc + 0x0
C0:       2136 [1] pc=[0000000080000374] W[r 0=0000000080000378][1] R[r 0=0000000000000000] R[r 0=0000000000000000] inst=[0000006f] j       pc + 0x0
C0:       2137 [1] pc=[0000000080000374] W[r 0=0000000080000378][1] R[r 0=0000000000000000] R[r 0=0000000000000000] inst=[0000006f] j       pc + 0x0
*** PASSED *** Completed after               332036 simulation cycles
