ERROR: ld.so: object '/home/rsaravan/chipyard/.conda-env/lib/libstdc++.so.6' from LD_PRELOAD cannot be preloaded (wrong ELF class: ELFCLASS64): ignored.
testing $random aa374254
== Loading device model file '/home/rsaravan/chipyard/generators/testchipip/src/main/resources/dramsim2_ini/DDR3_micron_64M_8B_x4_sg15.ini' == 
== Loading system model file '/home/rsaravan/chipyard/generators/testchipip/src/main/resources/dramsim2_ini/system.ini' == 
===== MemorySystem 0 =====
CH. 0 TOTAL_STORAGE : 4096MB | 1 Ranks | 16 Devices per rank
DRAMSim2 Clock Frequency =666666666Hz, CPU Clock Frequency=500000000Hz
C0:         19 [1] pc=[0000000000010040] W[r10=0000000000010040][1] R[r 0=0000000000000000] R[r 0=0000000000000000] inst=[00000517] auipc   a0, 0x0
C0:         20 [1] pc=[0000000000010044] W[r10=0000000000010000][1] R[r10=0000000000010040] R[r 0=0000000000000000] inst=[fc050513] addi    a0, a0, -64
C0:         21 [1] pc=[0000000000010048] W[r 0=0000000000000000][1] R[r10=0000000000010000] R[r 0=0000000000000000] inst=[30551073] csrw    mtvec, a0
C0:         26 [1] pc=[000000000001004c] W[r 5=800000000094112d][1] R[r 0=0000000000000000] R[r 0=0000000000000000] inst=[301022f3] csrr    t0, misa
C0:         29 [1] pc=[0000000000010050] W[r 5=ffffe00000000025][1] R[r 5=800000000094112d] R[r 0=0000000000000000] inst=[4122d293] srai    t0, t0, 18
C0:         30 [1] pc=[0000000000010054] W[r 5=0000000000000001][1] R[r 5=ffffe00000000025] R[r 0=0000000000000000] inst=[0012f293] andi    t0, t0, 1
C0:         31 [1] pc=[0000000000010058] W[r 0=0000000000000000][0] R[r 5=0000000000000001] R[r 0=0000000000000000] inst=[00028463] beqz    t0, pc + 8
C0:         32 [1] pc=[000000000001005c] W[r 0=0000000000000202][1] R[r 0=0000000000000000] R[r 0=0000000000000000] inst=[30301073] csrw    mideleg, zero
C0:         37 [1] pc=[0000000000010060] W[r10=0000000000000008][1] R[r 0=0000000000000000] R[r 0=0000000000000000] inst=[00800513] li      a0, 8
C0:         38 [1] pc=[0000000000010064] W[r 0=0021820f436e91f8][1] R[r10=0000000000000008] R[r 0=0000000000000000] inst=[30451073] csrw    mie, a0
C0:         43 [1] pc=[0000000000010068] W[r 0=0000000a00001800][1] R[r10=0000000000000008] R[r 0=0000000000000000] inst=[30052073] csrs    mstatus, a0
C0:         48 [1] pc=[000000000001006c] W[r 0=0000000000000000][0] R[r 0=0000000000000000] R[r 0=0000000000000000] inst=[10500073] wfi
C0:         51 [0] pc=[0000000000010070] W[r 0=0000000000000000][0] R[r31=0000000000000008] R[r 0=0000000000000000] inst=[ffdff06f] j       pc - 0x4
C0:         70 [1] pc=[0000000000010000] W[r11=0000000002000000][1] R[r 0=0000000000000000] R[r 0=0000000000000000] inst=[020005b7] lui     a1, 0x2000
C0:         71 [1] pc=[0000000000010004] W[r10=0000000000000000][1] R[r 0=0000000000000000] R[r 0=0000000000000000] inst=[f1402573] csrr    a0, mhartid
C0:         74 [1] pc=[0000000000010008] W[r 0=0000000000000000][0] R[r10=0000000000000000] R[r 0=0000000000000000] inst=[00050463] beqz    a0, pc + 8
C0:         78 [1] pc=[0000000000010010] W[r12=0000000002000004][1] R[r11=0000000002000000] R[r 0=0000000000000000] inst=[00458613] addi    a2, a1, 4
C0:         79 [1] pc=[0000000000010014] W[r13=0000000000000001][1] R[r 0=0000000000000000] R[r 0=0000000000000000] inst=[00100693] li      a3, 1
C0:         80 [1] pc=[0000000000010018] W[r 0=0000000000000000][0] R[r12=0000000002000004] R[r13=0000000000000001] inst=[00d62023] sw      a3, 0(a2)
C0:         81 [1] pc=[000000000001001c] W[r12=0000000002000008][1] R[r12=0000000002000004] R[r 0=0000000000000000] inst=[00460613] addi    a2, a2, 4
C0:         87 [1] pc=[0000000000010020] W[r13=0000000000000000][0] R[r12=0000000002000008] R[r 0=0000000000000000] inst=[ffc62683] lw      a3, -4(a2)
C0:         95 [1] pc=[0000000000010024] W[r 0=0000000000000000][0] R[r13=0000000000000000] R[r 0=0000000000000000] inst=[fe069ae3] bnez    a3, pc - 12
C0:         96 [1] pc=[0000000000010028] W[r 0=000000000001002c][1] R[r 0=0000000000000000] R[r 0=0000000000000000] inst=[06c0006f] j       pc + 0x6c
C0:        116 [1] pc=[0000000000010094] W[r 0=0000000000000000][0] R[r11=0000000002000000] R[r 0=0000000000000000] inst=[0005a023] sw      zero, 0(a1)
C0:        117 [1] pc=[0000000000010098] W[r10=0000000000004000][1] R[r 0=0000000000000000] R[r 0=0000000000000000] inst=[00004537] lui     a0, 0x4
C0:        123 [1] pc=[000000000001009c] W[r10=0000000000000000][0] R[r10=0000000000004000] R[r 0=0000000000000000] inst=[00053503] ld      a0, 0(a0)
C0:        135 [1] pc=[00000000000100a0] W[r 0=0000000000010070][1] R[r10=0000000080000000] R[r 0=0000000000000000] inst=[34151073] csrw    mepc, a0
C0:        136 [1] pc=[00000000000100a4] W[r10=0000000000000000][1] R[r 0=0000000000000000] R[r 0=0000000000000000] inst=[f1402573] csrr    a0, mhartid
C0:        137 [1] pc=[00000000000100a8] W[r11=00000000000100a8][1] R[r 0=0000000000000000] R[r 0=0000000000000000] inst=[00000597] auipc   a1, 0x0
C0:        138 [1] pc=[00000000000100ac] W[r11=00000000000100c0][1] R[r11=00000000000100a8] R[r 0=0000000000000000] inst=[01858593] addi    a1, a1, 24
C0:        139 [1] pc=[00000000000100b0] W[r12=0000000000000080][1] R[r 0=0000000000000000] R[r 0=0000000000000000] inst=[08000613] li      a2, 128
C0:        140 [1] pc=[00000000000100b4] W[r 0=0000000a00001880][1] R[r12=0000000000000080] R[r 0=0000000000000000] inst=[30063073] csrc    mstatus, a2
C0:        145 [1] pc=[00000000000100b8] W[r 0=0000000000000000][0] R[r 0=0000000000000000] R[r 0=0000000000000000] inst=[30200073] mret
C0:        166 [1] pc=[0000000080000000] W[r31=0000000080010000][1] R[r 0=0000000000000000] R[r 0=0000000000000000] inst=[00010f97] auipc   t6, 0x10
C0:        167 [1] pc=[0000000080000004] W[r31=0000000080010000][1] R[r31=0000000080010000] R[r 0=0000000000000000] inst=[000f8f93] mv      t6, t6
C0:        211 [1] pc=[0000000080000008] W[r 1=7b58d9c6ab40aac5][1] R[r31=0000000080010000] R[r 0=0000000000000000] inst=[000fb083] ld      ra, 0(t6)
C0:        212 [1] pc=[000000008000000c] W[r 2=16b31666618e662e][1] R[r31=0000000080010000] R[r 0=0000000000000000] inst=[008fb103] ld      sp, 8(t6)
C0:        213 [1] pc=[0000000080000010] W[r 3=62b9eb0d42228e72][1] R[r31=0000000080010000] R[r 0=0000000000000000] inst=[010fb183] ld      gp, 16(t6)
C0:        214 [1] pc=[0000000080000014] W[r 4=c6d251b66e9fbd3a][1] R[r31=0000000080010000] R[r 0=0000000000000000] inst=[018fb203] ld      tp, 24(t6)
C0:        215 [1] pc=[0000000080000018] W[r 5=055d69c01481d5a2][1] R[r31=0000000080010000] R[r 0=0000000000000000] inst=[020fb283] ld      t0, 32(t6)
C0:        216 [1] pc=[000000008000001c] W[r 6=b506325d6f3dc767][1] R[r31=0000000080010000] R[r 0=0000000000000000] inst=[028fb303] ld      t1, 40(t6)
C0:        217 [1] pc=[0000000080000020] W[r 7=f38fcbba267e61cb][1] R[r31=0000000080010000] R[r 0=0000000000000000] inst=[030fb383] ld      t2, 48(t6)
C0:        218 [1] pc=[0000000080000024] W[r 8=c63d293be67010d3][1] R[r31=0000000080010000] R[r 0=0000000000000000] inst=[038fb403] ld      s0, 56(t6)
C0:        264 [1] pc=[0000000080000028] W[r 9=9db78e5d866028df][1] R[r31=0000000080010000] R[r 0=0000000000000000] inst=[040fb483] ld      s1, 64(t6)
C0:        265 [1] pc=[000000008000002c] W[r10=ce6fc240a7b71584][1] R[r31=0000000080010000] R[r 0=0000000000000000] inst=[048fb503] ld      a0, 72(t6)
C0:        266 [1] pc=[0000000080000030] W[r11=bbf6699dbb478136][1] R[r31=0000000080010000] R[r 0=0000000000000000] inst=[050fb583] ld      a1, 80(t6)
C0:        267 [1] pc=[0000000080000034] W[r12=04df2ce72eff4248][1] R[r31=0000000080010000] R[r 0=0000000000000000] inst=[058fb603] ld      a2, 88(t6)
C0:        268 [1] pc=[0000000080000038] W[r13=52e8f7b9806df49f][1] R[r31=0000000080010000] R[r 0=0000000000000000] inst=[060fb683] ld      a3, 96(t6)
C0:        269 [1] pc=[000000008000003c] W[r14=46a2a64061e4496a][1] R[r31=0000000080010000] R[r 0=0000000000000000] inst=[068fb703] ld      a4, 104(t6)
C0:        291 [1] pc=[0000000080000040] W[r15=50bb292dae11444a][1] R[r31=0000000080010000] R[r 0=0000000000000000] inst=[070fb783] ld      a5, 112(t6)
C0:        292 [1] pc=[0000000080000044] W[r16=68f2ab68faa72071][1] R[r31=0000000080010000] R[r 0=0000000000000000] inst=[078fb803] ld      a6, 120(t6)
C0:        337 [1] pc=[0000000080000048] W[r17=4120d39ee6ff695c][1] R[r31=0000000080010000] R[r 0=0000000000000000] inst=[080fb883] ld      a7, 128(t6)
C0:        338 [1] pc=[000000008000004c] W[r18=37aee0c0eb667b8b][1] R[r31=0000000080010000] R[r 0=0000000000000000] inst=[088fb903] ld      s2, 136(t6)
C0:        339 [1] pc=[0000000080000050] W[r19=8685f803396cec0c][1] R[r31=0000000080010000] R[r 0=0000000000000000] inst=[090fb983] ld      s3, 144(t6)
C0:        340 [1] pc=[0000000080000054] W[r20=ff8f72293e669bcd][1] R[r31=0000000080010000] R[r 0=0000000000000000] inst=[098fba03] ld      s4, 152(t6)
C0:        341 [1] pc=[0000000080000058] W[r21=a14732696480a409][1] R[r31=0000000080010000] R[r 0=0000000000000000] inst=[0a0fba83] ld      s5, 160(t6)
C0:        342 [1] pc=[000000008000005c] W[r22=3728ba7c7bb19226][1] R[r31=0000000080010000] R[r 0=0000000000000000] inst=[0a8fbb03] ld      s6, 168(t6)
C0:        343 [1] pc=[0000000080000060] W[r23=b8c0d4b3c0d45312][1] R[r31=0000000080010000] R[r 0=0000000000000000] inst=[0b0fbb83] ld      s7, 176(t6)
C0:        344 [1] pc=[0000000080000064] W[r24=782fd88124641ae3][1] R[r31=0000000080010000] R[r 0=0000000000000000] inst=[0b8fbc03] ld      s8, 184(t6)
C0:        388 [1] pc=[0000000080000068] W[r25=fa3bc2632f273c7c][1] R[r31=0000000080010000] R[r 0=0000000000000000] inst=[0c0fbc83] ld      s9, 192(t6)
C0:        389 [1] pc=[000000008000006c] W[r26=cbc8adc890c4b803][1] R[r31=0000000080010000] R[r 0=0000000000000000] inst=[0c8fbd03] ld      s10, 200(t6)
C0:        390 [1] pc=[0000000080000070] W[r27=d3d073ad47d9d90d][1] R[r31=0000000080010000] R[r 0=0000000000000000] inst=[0d0fbd83] ld      s11, 208(t6)
C0:        391 [1] pc=[0000000080000074] W[r28=79968efb3aab7702][1] R[r31=0000000080010000] R[r 0=0000000000000000] inst=[0d8fbe03] ld      t3, 216(t6)
C0:        392 [1] pc=[0000000080000078] W[r29=5a8e954f309152de][1] R[r31=0000000080010000] R[r 0=0000000000000000] inst=[0e0fbe83] ld      t4, 224(t6)
C0:        393 [1] pc=[000000008000007c] W[r30=e22f7c9c15278213][1] R[r31=0000000080010000] R[r 0=0000000000000000] inst=[0e8fbf03] ld      t5, 232(t6)
C0:        443 [1] pc=[0000000080000080] W[r31=ce190902643c77d9][1] R[r31=0000000080010000] R[r 0=0000000000000000] inst=[0f0fbf83] ld      t6, 240(t6)
C0:        444 [1] pc=[0000000080000084] W[r 0=0000000080000088][1] R[r 0=0000000000000000] R[r 0=0000000000000000] inst=[3100006f] j       pc + 0x310
C0:        467 [1] pc=[0000000080000394] W[r 0=0000000a00000080][1] R[r 0=0000000000000000] R[r 0=0000000000000000] inst=[30005073] csrwi   mstatus, 0
C0:        472 [1] pc=[0000000080000398] W[r10=0000000000000000][1] R[r 0=0000000000000000] R[r 0=0000000000000000] inst=[f1402573] csrr    a0, mhartid
C0:        475 [1] pc=[000000008000039c] W[r 0=0000000000000000][0] R[r10=0000000000000000] R[r 0=0000000000000000] inst=[00051063] bnez    a0, pc + 0
C0:        476 [1] pc=[00000000800003a0] W[r 5=00000000800003a0][1] R[r 0=0000000000000000] R[r 0=0000000000000000] inst=[00000297] auipc   t0, 0x0
C0:        477 [1] pc=[00000000800003a4] W[r 5=00000000800003b8][1] R[r 5=00000000800003a0] R[r 0=0000000000000000] inst=[01828293] addi    t0, t0, 24
C0:        478 [1] pc=[00000000800003a8] W[r 0=0000000000010000][1] R[r 5=00000000800003b8] R[r 0=0000000000000000] inst=[30529073] csrw    mtvec, t0
C0:        483 [1] pc=[00000000800003ac] W[r 0=0000000000e0355d][1] R[r 0=0000000000000000] R[r 0=0000000000000000] inst=[30205073] csrwi   medeleg, 0
C0:        488 [1] pc=[00000000800003b0] W[r 0=0000000000000000][1] R[r 0=0000000000000000] R[r 0=0000000000000000] inst=[30305073] csrwi   mideleg, 0
C0:        493 [1] pc=[00000000800003b4] W[r 0=0000000000000008][1] R[r 0=0000000000000000] R[r 0=0000000000000000] inst=[30405073] csrwi   mie, 0
C0:        498 [1] pc=[00000000800003b8] W[r 5=00000000800003b8][1] R[r 0=0000000000000000] R[r 0=0000000000000000] inst=[00000297] auipc   t0, 0x0
C0:        499 [1] pc=[00000000800003bc] W[r 5=00000000800003c8][1] R[r 5=00000000800003b8] R[r 0=0000000000000000] inst=[01028293] addi    t0, t0, 16
C0:        521 [1] pc=[00000000800003c0] W[r 0=00000000800003b8][1] R[r 5=00000000800003c8] R[r 0=0000000000000000] inst=[30529073] csrw    mtvec, t0
C0:        526 [1] pc=[00000000800003c4] W[r 0=0000024673b8f237][1] R[r 0=0000000000000000] R[r 0=0000000000000000] inst=[18005073] csrwi   satp, 0
C0:        531 [1] pc=[00000000800003c8] W[r 5=00000000800003c8][1] R[r 0=0000000000000000] R[r 0=0000000000000000] inst=[00000297] auipc   t0, 0x0
C0:        532 [1] pc=[00000000800003cc] W[r 5=00000000800003ec][1] R[r 5=00000000800003c8] R[r 0=0000000000000000] inst=[02428293] addi    t0, t0, 36
C0:        533 [1] pc=[00000000800003d0] W[r 0=00000000800003c8][1] R[r 5=00000000800003ec] R[r 0=0000000000000000] inst=[30529073] csrw    mtvec, t0
C0:        538 [1] pc=[00000000800003d4] W[r 5=0000000000000001][1] R[r 0=0000000000000000] R[r 0=0000000000000000] inst=[0010029b] addiw   t0, zero, 1
C0:        539 [1] pc=[00000000800003d8] W[r 5=0020000000000000][1] R[r 5=0000000000000001] R[r 0=0000000000000000] inst=[03529293] slli    t0, t0, 53
C0:        540 [1] pc=[00000000800003dc] W[r 5=001fffffffffffff][1] R[r 5=0020000000000000] R[r 0=0000000000000000] inst=[fff28293] addi    t0, t0, -1
C0:        541 [1] pc=[00000000800003e0] W[r 0=0000000028d90b3c][1] R[r 5=001fffffffffffff] R[r 0=0000000000000000] inst=[3b029073] csrw    pmpaddr0, t0
C0:        546 [1] pc=[00000000800003e4] W[r 5=000000000000001f][1] R[r 0=0000000000000000] R[r 0=0000000000000000] inst=[01f00293] li      t0, 31
C0:        547 [1] pc=[00000000800003e8] W[r 0=0007010003050304][1] R[r 5=000000000000001f] R[r 0=0000000000000000] inst=[3a029073] csrw    pmpcfg0, t0
C0:        552 [1] pc=[00000000800003ec] W[r 5=00000000800003ec][1] R[r 0=0000000000000000] R[r 0=0000000000000000] inst=[00000297] auipc   t0, 0x0
C0:        553 [1] pc=[00000000800003f0] W[r 5=0000000080000150][1] R[r 5=00000000800003ec] R[r 0=0000000000000000] inst=[d6428293] addi    t0, t0, -668
C0:        554 [1] pc=[00000000800003f4] W[r 0=00000000800003ec][1] R[r 5=0000000080000150] R[r 0=0000000000000000] inst=[30529073] csrw    mtvec, t0
C0:        559 [1] pc=[00000000800003f8] W[r 3=0000000000000000][1] R[r 0=0000000000000000] R[r 0=0000000000000000] inst=[00000193] li      gp, 0
C0:        560 [1] pc=[00000000800003fc] W[r10=0000000000000001][1] R[r 0=0000000000000000] R[r 0=0000000000000000] inst=[00100513] li      a0, 1
C0:        582 [1] pc=[0000000080000400] W[r10=0000000080000000][1] R[r10=0000000000000001] R[r 0=0000000000000000] inst=[01f51513] slli    a0, a0, 31
C0:        583 [1] pc=[0000000080000404] W[r 0=0000000000000000][0] R[r10=0000000080000000] R[r 0=0000000000000000] inst=[00055c63] bgez    a0, pc + 24
C0:        587 [1] pc=[000000008000041c] W[r 5=000000008000041c][1] R[r 0=0000000000000000] R[r 0=0000000000000000] inst=[00000297] auipc   t0, 0x0
C0:        588 [1] pc=[0000000080000420] W[r 5=0000000080000114][1] R[r 5=000000008000041c] R[r 0=0000000000000000] inst=[cf828293] addi    t0, t0, -776
C0:        589 [1] pc=[0000000080000424] W[r 0=ffffffd6f995f0c8][1] R[r 5=0000000080000114] R[r 0=0000000000000000] inst=[10529073] csrw    stvec, t0
C0:        594 [1] pc=[0000000080000428] W[r 5=000000000000b000][1] R[r 0=0000000000000000] R[r 0=0000000000000000] inst=[0000b2b7] lui     t0, 0xb
C0:        595 [1] pc=[000000008000042c] W[r 5=000000000000b109][1] R[r 5=000000000000b000] R[r 0=0000000000000000] inst=[1092829b] addiw   t0, t0, 265
C0:        596 [1] pc=[0000000080000430] W[r 0=0000000000000000][1] R[r 5=000000000000b109] R[r 0=0000000000000000] inst=[3022a073] csrs    medeleg, t0
C0:        601 [1] pc=[0000000080000434] W[r10=0000000000007000][1] R[r 0=0000000000000000] R[r 0=0000000000000000] inst=[00007537] lui     a0, 0x7
C0:        602 [1] pc=[0000000080000438] W[r10=0000000000006800][1] R[r10=0000000000007000] R[r 0=0000000000000000] inst=[8005051b] addiw   a0, a0, -2048
C0:        603 [1] pc=[000000008000043c] W[r 0=0000000a00000000][1] R[r10=0000000000006800] R[r 0=0000000000000000] inst=[30052073] csrs    mstatus, a0
C0:        624 [1] pc=[0000000080000440] W[r 0=000000000000003f][1] R[r 0=0000000000000000] R[r 0=0000000000000000] inst=[00305073] csrwi   fcsr, 0
C0:        629 [1] pc=[0000000080000444] W[r 1=0000000080000448][1] R[r 0=0000000000000000] R[r 0=0000000000000000] inst=[c45ff0ef] jal     pc - 0x3bc
C0:        630 [1] pc=[0000000080000088] W[r31=0000000080020088][1] R[r 0=0000000000000000] R[r 0=0000000000000000] inst=[00020f97] auipc   t6, 0x20
C0:        631 [1] pc=[000000008000008c] W[r31=0000000080020000][1] R[r31=0000000080020088] R[r 0=0000000000000000] inst=[f78f8f93] addi    t6, t6, -136
C0:        648 [1] pc=[0000000080000090] W[r 0=0000000000000000][0] R[r31=0000000080020000] R[r 0=0000000000000000] inst=[000fa007] flw     ft0, 0(t6)
C0:        649 [1] pc=[0000000080000094] W[r 1=0000000000000000][0] R[r31=0000000080020000] R[r 0=0000000000000000] inst=[008fa087] flw     ft1, 8(t6)
C0:        650 [1] pc=[0000000080000098] W[r 2=0000000000000000][0] R[r31=0000000080020000] R[r 0=0000000000000000] inst=[010fa107] flw     ft2, 16(t6)
C0:        651 [1] pc=[000000008000009c] W[r 3=0000000000000000][0] R[r31=0000000080020000] R[r 0=0000000000000000] inst=[018fb187] fld     ft3, 24(t6)
C0:        652 [1] pc=[00000000800000a0] W[r 4=0000000000000000][0] R[r31=0000000080020000] R[r 0=0000000000000000] inst=[020fb207] fld     ft4, 32(t6)
C0:        653 [1] pc=[00000000800000a4] W[r 5=0000000000000000][0] R[r31=0000000080020000] R[r 0=0000000000000000] inst=[028fb287] fld     ft5, 40(t6)
C0:        654 [1] pc=[00000000800000a8] W[r 6=0000000000000000][0] R[r31=0000000080020000] R[r 0=0000000000000000] inst=[030fb307] fld     ft6, 48(t6)
C0:        655 [1] pc=[00000000800000ac] W[r 7=0000000000000000][0] R[r31=0000000080020000] R[r 0=0000000000000000] inst=[038fa387] flw     ft7, 56(t6)
C0:        700 [1] pc=[00000000800000b0] W[r 8=0000000000000000][0] R[r31=0000000080020000] R[r 0=0000000000000000] inst=[040fb407] fld     fs0, 64(t6)
C0:        701 [1] pc=[00000000800000b4] W[r 9=0000000000000000][0] R[r31=0000000080020000] R[r 0=0000000000000000] inst=[048fb487] fld     fs1, 72(t6)
C0:        702 [1] pc=[00000000800000b8] W[r10=0000000000000000][0] R[r31=0000000080020000] R[r 0=0000000000000000] inst=[050fa507] flw     fa0, 80(t6)
C0:        703 [1] pc=[00000000800000bc] W[r11=0000000000000000][0] R[r31=0000000080020000] R[r 0=0000000000000000] inst=[058fb587] fld     fa1, 88(t6)
C0:        725 [1] pc=[00000000800000c0] W[r12=0000000000000000][0] R[r31=0000000080020000] R[r 0=0000000000000000] inst=[060fb607] fld     fa2, 96(t6)
C0:        726 [1] pc=[00000000800000c4] W[r13=0000000000000000][0] R[r31=0000000080020000] R[r 0=0000000000000000] inst=[068fb687] fld     fa3, 104(t6)
C0:        727 [1] pc=[00000000800000c8] W[r14=0000000000000000][0] R[r31=0000000080020000] R[r 0=0000000000000000] inst=[070fa707] flw     fa4, 112(t6)
C0:        728 [1] pc=[00000000800000cc] W[r15=0000000000000000][0] R[r31=0000000080020000] R[r 0=0000000000000000] inst=[078fb787] fld     fa5, 120(t6)
C0:        745 [1] pc=[00000000800000d0] W[r16=0000000000000000][0] R[r31=0000000080020000] R[r 0=0000000000000000] inst=[080fb807] fld     fa6, 128(t6)
C0:        746 [1] pc=[00000000800000d4] W[r17=0000000000000000][0] R[r31=0000000080020000] R[r 0=0000000000000000] inst=[088fa887] flw     fa7, 136(t6)
C0:        747 [1] pc=[00000000800000d8] W[r18=0000000000000000][0] R[r31=0000000080020000] R[r 0=0000000000000000] inst=[090fa907] flw     fs2, 144(t6)
C0:        748 [1] pc=[00000000800000dc] W[r19=0000000000000000][0] R[r31=0000000080020000] R[r 0=0000000000000000] inst=[098fa987] flw     fs3, 152(t6)
C0:        749 [1] pc=[00000000800000e0] W[r20=0000000000000000][0] R[r31=0000000080020000] R[r 0=0000000000000000] inst=[0a0fba07] fld     fs4, 160(t6)
C0:        750 [1] pc=[00000000800000e4] W[r21=0000000000000000][0] R[r31=0000000080020000] R[r 0=0000000000000000] inst=[0a8faa87] flw     fs5, 168(t6)
C0:        751 [1] pc=[00000000800000e8] W[r22=0000000000000000][0] R[r31=0000000080020000] R[r 0=0000000000000000] inst=[0b0fbb07] fld     fs6, 176(t6)
C0:        752 [1] pc=[00000000800000ec] W[r23=0000000000000000][0] R[r31=0000000080020000] R[r 0=0000000000000000] inst=[0b8fbb87] fld     fs7, 184(t6)
C0:        798 [1] pc=[00000000800000f0] W[r24=0000000000000000][0] R[r31=0000000080020000] R[r 0=0000000000000000] inst=[0c0fbc07] fld     fs8, 192(t6)
C0:        799 [1] pc=[00000000800000f4] W[r25=0000000000000000][0] R[r31=0000000080020000] R[r 0=0000000000000000] inst=[0c8fbc87] fld     fs9, 200(t6)
C0:        800 [1] pc=[00000000800000f8] W[r26=0000000000000000][0] R[r31=0000000080020000] R[r 0=0000000000000000] inst=[0d0fbd07] fld     fs10, 208(t6)
C0:        801 [1] pc=[00000000800000fc] W[r27=0000000000000000][0] R[r31=0000000080020000] R[r 0=0000000000000000] inst=[0d8fbd87] fld     fs11, 216(t6)
C0:        823 [1] pc=[0000000080000100] W[r28=0000000000000000][0] R[r31=0000000080020000] R[r 0=0000000000000000] inst=[0e0fbe07] fld     ft8, 224(t6)
C0:        824 [1] pc=[0000000080000104] W[r29=0000000000000000][0] R[r31=0000000080020000] R[r 0=0000000000000000] inst=[0e8fae87] flw     ft9, 232(t6)
C0:        825 [1] pc=[0000000080000108] W[r30=0000000000000000][0] R[r31=0000000080020000] R[r 0=0000000000000000] inst=[0f0faf07] flw     ft10, 240(t6)
C0:        826 [1] pc=[000000008000010c] W[r31=0000000000000000][0] R[r31=0000000080020000] R[r 0=0000000000000000] inst=[0f8faf87] flw     ft11, 248(t6)
C0:        827 [1] pc=[0000000080000110] W[r 0=0000000080000114][1] R[r 1=0000000080000448] R[r 0=0000000000000000] inst=[00008067] ret
C0:        829 [1] pc=[0000000080000448] W[r 0=000000000000008d][1] R[r 0=0000000000000000] R[r 0=0000000000000000] inst=[b0201073] csrw    minstret, zero
C0:        834 [1] pc=[000000008000044c] W[r10=0000000000000000][1] R[r 0=0000000000000000] R[r 0=0000000000000000] inst=[f1402573] csrr    a0, mhartid
C0:        835 [1] pc=[0000000080000450] W[r13=0000000000000000][1] R[r13=52e8f7b9806df49f] R[r13=52e8f7b9806df49f] inst=[00d6c6b3] xor     a3, a3, a3
C0:        836 [1] pc=[0000000080000454] W[r13=0000000000000001][1] R[r 0=0000000000000000] R[r 0=0000000000000000] inst=[00100693] li      a3, 1
C0:        837 [1] pc=[0000000080000458] W[r13=0000000000002000][1] R[r13=0000000000000001] R[r 0=0000000000000000] inst=[00d69693] slli    a3, a3, 13
C0:        838 [1] pc=[000000008000045c] W[r13=0000000000004000][1] R[r13=0000000000002000] R[r13=0000000000002000] inst=[00d686b3] add     a3, a3, a3
C0:        839 [1] pc=[0000000080000460] W[r14=0000000000000000][1] R[r13=0000000000004000] R[r 0=0000000000000000] inst=[0016b773] csrrc   a4, fflags, a3
C0:        844 [1] pc=[0000000080000464] W[r13=0000000000000000][1] R[r13=0000000000004000] R[r13=0000000000004000] inst=[00d6c6b3] xor     a3, a3, a3
C0:        845 [1] pc=[0000000080000468] W[r12=0000000000000000][1] R[r13=0000000000000000] R[r 0=0000000000000000] inst=[1446b673] csrrc   a2, sip, a3
C0:        850 [1] pc=[000000008000046c] W[r12=000000008005046c][1] R[r 0=0000000000000000] R[r 0=0000000000000000] inst=[00050617] auipc   a2, 0x50
C0:        851 [1] pc=[0000000080000470] W[r12=0000000080050150][1] R[r12=000000008005046c] R[r 0=0000000000000000] inst=[ce460613] addi    a2, a2, -796
C0:        852 [1] pc=[0000000080000474] W[r12=00000000400280a8][1] R[r12=0000000080050150] R[r 0=0000000000000000] inst=[40165613] srai    a2, a2, 1
C0:        853 [1] pc=[0000000080000478] W[r10=000000001a73e500][1] R[r12=00000000400280a8] R[r 0=0000000000000000] inst=[3b761573] csrrw   a0, pmpaddr7, a2
C0:        858 [1] pc=[000000008000047c] W[r 5=000000008000047c][1] R[r 0=0000000000000000] R[r 0=0000000000000000] inst=[00000297] auipc   t0, 0x0
C0:        875 [1] pc=[0000000080000480] W[r 5=00000000800004c0][1] R[r 5=000000008000047c] R[r 0=0000000000000000] inst=[04428293] addi    t0, t0, 68
C0:        876 [1] pc=[0000000080000484] W[r 0=0000000080000000][1] R[r 5=00000000800004c0] R[r 0=0000000000000000] inst=[34129073] csrw    mepc, t0
C0:        877 [1] pc=[0000000080000488] W[r 5=0000000000000000][1] R[r 0=0000000000000000] R[r 0=0000000000000000] inst=[00000293] li      t0, 0
C0:        878 [1] pc=[000000008000048c] W[r 0=0000000000000000][0] R[r 0=0000000000000000] R[r 0=0000000000000000] inst=[30200073] mret
C0:        899 [1] pc=[00000000800004c0] W[r 6=000000000000318f][1] R[r 8=c63d293be67010d3] R[r 0=0000000000000000] inst=[03245313] srli    t1, s0, 50
C0:        900 [1] pc=[00000000800004c4] W[r 1=0000000000000001][1] R[r14=0000000000000000] R[r 0=0000000000000000] inst=[fb473093] sltiu   ra, a4, -76
C0:        901 [1] pc=[00000000800004c8] W[r14=0000000000000001][1] R[r 0=0000000000000000] R[r 0=0000000000000000] inst=[00100713] li      a4, 1
C0:        902 [1] pc=[00000000800004cc] W[r 9=00000000800024cc][1] R[r 0=0000000000000000] R[r 0=0000000000000000] inst=[00002497] auipc   s1, 0x2
C0:        903 [1] pc=[00000000800004d0] W[r 9=00000000800023e0][1] R[r 9=00000000800024cc] R[r 0=0000000000000000] inst=[f1448493] addi    s1, s1, -236
C0:        904 [1] pc=[00000000800004d4] W[r 9=0000000080002408][1] R[r 9=00000000800023e0] R[r 0=0000000000000000] inst=[02848493] addi    s1, s1, 40
C0:        905 [1] pc=[00000000800004d8] W[r 0=0000000000000000][0] R[r14=0000000000000001] R[r 9=0000000080002408] inst=[12970073] sfence.vma a4, s1
C0:        910 [1] pc=[00000000800004dc] W[r 0=0000000000000000][0] R[r11=bbf6699dbb478136] R[r28=79968efb3aab7702] inst=[1bc59a63] bne     a1, t3, pc + 436
C0:        935 [1] pc=[0000000080000690] W[r16=0000000000000000][0] R[r 7=bbf6699dbb478137] R[r26=79968efb3aab7703] inst=[01a39853] fadd.s  fa6, ft7, fs10
C0:        936 [1] pc=[0000000080000694] W[r15=0000000080040694][1] R[r 0=0000000000000000] R[r 0=0000000000000000] inst=[00040797] auipc   a5, 0x40
C0:        937 [1] pc=[0000000080000698] W[r15=00000000800400b0][1] R[r15=0000000080040694] R[r 0=0000000000000000] inst=[a1c78793] addi    a5, a5, -1508
C0:        938 [1] pc=[000000008000069c] W[r15=00000000800400c4][1] R[r15=00000000800400b0] R[r 0=0000000000000000] inst=[01478793] addi    a5, a5, 20
C0:        955 [1] pc=[00000000800006a0] W[r23=00000000613fdf9d][1] R[r15=00000000800400c4] R[r 7=f38fcbba267e61cb] inst=[8077abaf] amomin.w s7, t2, (a5)
C0:        956 [1] pc=[00000000800006a4] W[r 1=0000000000000000][0] R[r21=a14732696480a409] R[r 0=0000000000000000] inst=[d02a80d3] fcvt.s.l ft1, s5
C0:        957 [1] pc=[00000000800006a8] W[r 7=00000000800306a8][1] R[r 0=0000000000000000] R[r 0=0000000000000000] inst=[00030397] auipc   t2, 0x30
C0:        958 [1] pc=[00000000800006ac] W[r 7=0000000080030140][1] R[r 7=00000000800306a8] R[r 0=0000000000000000] inst=[a9838393] addi    t2, t2, -1384
C0:        959 [1] pc=[00000000800006b0] W[r 7=0000000080030140][1] R[r 7=0000000080030140] R[r 0=0000000000000000] inst=[00038393] mv      t2, t2
C0:       1003 [1] pc=[00000000800006b4] W[r 5=08838ad631653358][1] R[r 7=0000000080030140] R[r22=3728ba7c7bb19226] inst=[0963b2af] amoswap.d t0, s6, (t2)
C0:       1004 [1] pc=[00000000800006b8] W[r10=000000000a45af90][1] R[r19=8685f803396cec0c] R[r25=fa3bc2632f273c7c] inst=[4199853b] subw    a0, s3, s9
C0:       1005 [1] pc=[00000000800006bc] W[r16=0000000000000000][0] R[r15=00000000800400c4] R[r10=000000000a45af90] inst=[02a7883b] mulw    a6, a5, a0
C0:       1027 [1] pc=[00000000800006c0] W[r26=7fffffffffffffff][1] R[r20=00000000800400c7] R[r 0=0000000000000000] inst=[c02a0d53] fcvt.l.s s10, fs4
C0:       1028 [1] pc=[00000000800006c4] W[r16=00000000800206c4][1] R[r 0=0000000000000000] R[r 0=0000000000000000] inst=[00020817] auipc   a6, 0x20
C0:       1029 [1] pc=[00000000800006c8] W[r16=0000000080020180][1] R[r16=00000000800206c4] R[r 0=0000000000000000] inst=[abc80813] addi    a6, a6, -1348
C0:       1064 [1] pc=[00000000800006cc] W[r 0=0000000000000000][0] R[r16=0000000080020180] R[r18=37aee0c0eb667b8b] inst=[ff281b23] sh      s2, -10(a6)
C0:       1065 [1] pc=[00000000800006d0] W[r12=0000000000000000][0] R[r13=0000000080020183] R[r 5=37aee0c0eb667b8b] inst=[28568653] fmin.s  fa2, fa3, ft5
C0:       1066 [1] pc=[00000000800006d4] W[r15=00000000800506d4][1] R[r 0=0000000000000000] R[r 0=0000000000000000] inst=[00050797] auipc   a5, 0x50
C0:       1067 [1] pc=[00000000800006d8] W[r15=00000000800500b0][1] R[r15=00000000800506d4] R[r 0=0000000000000000] inst=[9dc78793] addi    a5, a5, -1572
C0:       1068 [1] pc=[00000000800006dc] W[r15=00000000800500b0][1] R[r15=00000000800500b0] R[r 0=0000000000000000] inst=[00078793] mv      a5, a5
C0:       1114 [1] pc=[00000000800006e0] W[r26=0000000047b48f61][1] R[r15=00000000800500b0] R[r21=a14732696480a409] inst=[6157ad2f] amoand.w s10, s5, (a5)
C0:       1115 [1] pc=[00000000800006e4] W[r19=00000000800606e4][1] R[r 0=0000000000000000] R[r 0=0000000000000000] inst=[00060997] auipc   s3, 0x60
C0:       1116 [1] pc=[00000000800006e8] W[r19=00000000800601a0][1] R[r19=00000000800606e4] R[r 0=0000000000000000] inst=[abc98993] addi    s3, s3, -1348
C0:       1117 [1] pc=[00000000800006ec] W[r19=00000000400300d0][1] R[r19=00000000800601a0] R[r 0=0000000000000000] inst=[4019d993] srai    s3, s3, 1
C0:       1118 [0] pc=[00000000800006f0] W[r 7=0000000000000000][0] R[r19=000000003b39b3f3] R[r 0=0000000000000000] inst=[3b39b3f3] csrrc   t2, pmpaddr3, s3
C0:       1169 [1] pc=[0000000080000150] W[r 1=0000000080002150][1] R[r 0=0000000000000000] R[r 0=0000000000000000] inst=[00002097] auipc   ra, 0x2
C0:       1170 [1] pc=[0000000080000154] W[r 1=0000000080002200][1] R[r 1=0000000080002150] R[r 0=0000000000000000] inst=[0b008093] addi    ra, ra, 176
C0:       1171 [1] pc=[0000000080000158] W[r 2=8000000200006000][1] R[r 0=0000000000000000] R[r 0=0000000000000000] inst=[10002173] csrr    sp, sstatus
C0:       1190 [1] pc=[000000008000015c] W[r 0=0000000000000000][0] R[r 1=0000000080002200] R[r 2=8000000200006000] inst=[0420bc23] sd      sp, 88(ra)
C0:       1191 [1] pc=[0000000080000160] W[r 2=0000000000000000][1] R[r 0=0000000000000000] R[r 0=0000000000000000] inst=[10402173] csrr    sp, sie
C0:       1194 [1] pc=[0000000080000164] W[r 0=0000000000000000][0] R[r 1=0000000080002200] R[r 2=0000000000000000] inst=[0620b823] sd      sp, 112(ra)
C0:       1195 [1] pc=[0000000080000168] W[r 2=0000000080000114][1] R[r 0=0000000000000000] R[r 0=0000000000000000] inst=[10502173] csrr    sp, stvec
C0:       1198 [1] pc=[000000008000016c] W[r 0=0000000000000000][0] R[r 1=0000000080002200] R[r 2=0000000080000114] inst=[0620bc23] sd      sp, 120(ra)
C0:       1199 [1] pc=[0000000080000170] W[r 2=0000000000000005][1] R[r 0=0000000000000000] R[r 0=0000000000000000] inst=[10602173] csrr    sp, scounteren
C0:       1218 [1] pc=[0000000080000174] W[r 0=0000000000000000][0] R[r 1=0000000080002200] R[r 2=0000000000000005] inst=[0820b023] sd      sp, 128(ra)
C0:       1219 [1] pc=[0000000080000178] W[r 2=03705509c02a405b][1] R[r 0=0000000000000000] R[r 0=0000000000000000] inst=[14002173] csrr    sp, sscratch
C0:       1222 [1] pc=[000000008000017c] W[r 0=0000000000000000][0] R[r 1=0000000080002200] R[r 2=03705509c02a405b] inst=[0820b423] sd      sp, 136(ra)
C0:       1244 [1] pc=[0000000080000180] W[r 2=ffffffe8c44d51a4][1] R[r 0=0000000000000000] R[r 0=0000000000000000] inst=[14102173] csrr    sp, sepc
C0:       1247 [1] pc=[0000000080000184] W[r 0=0000000000000000][0] R[r 1=0000000080002200] R[r 2=ffffffe8c44d51a4] inst=[0820b823] sd      sp, 144(ra)
C0:       1248 [1] pc=[0000000080000188] W[r 2=5243e39961efb2ea][1] R[r 0=0000000000000000] R[r 0=0000000000000000] inst=[14202173] csrr    sp, scause
C0:       1251 [1] pc=[000000008000018c] W[r 0=0000000000000000][0] R[r 1=0000000080002200] R[r 2=5243e39961efb2ea] inst=[0820bc23] sd      sp, 152(ra)
C0:       1252 [1] pc=[0000000080000190] W[r 2=000000753c17b906][1] R[r 0=0000000000000000] R[r 0=0000000000000000] inst=[14302173] csrr    sp, stval
C0:       1255 [1] pc=[0000000080000194] W[r 0=0000000000000000][0] R[r 1=0000000080002200] R[r 2=000000753c17b906] inst=[0a20b023] sd      sp, 160(ra)
C0:       1256 [1] pc=[0000000080000198] W[r 2=0000000000000000][1] R[r 0=0000000000000000] R[r 0=0000000000000000] inst=[14402173] csrr    sp, sip
C0:       1259 [1] pc=[000000008000019c] W[r 2=0000000000000000][1] R[r 2=0000000000000000] R[r 0=0000000000000000] inst=[f7f17113] andi    sp, sp, -129
C0:       1260 [1] pc=[00000000800001a0] W[r 0=0000000000000000][0] R[r 1=0000000080002200] R[r 2=0000000000000000] inst=[0a20b423] sd      sp, 168(ra)
C0:       1261 [1] pc=[00000000800001a4] W[r 2=0000000000000000][1] R[r 0=0000000000000000] R[r 0=0000000000000000] inst=[18002173] csrr    sp, satp
C0:       1264 [1] pc=[00000000800001a8] W[r 0=0000000000000000][0] R[r 1=0000000080002200] R[r 2=0000000000000000] inst=[0a20b823] sd      sp, 176(ra)
C0:       1265 [1] pc=[00000000800001ac] W[r 2=0000000000000000][1] R[r 0=0000000000000000] R[r 0=0000000000000000] inst=[f1402173] csrr    sp, mhartid
C0:       1268 [1] pc=[00000000800001b0] W[r 0=0000000000000000][0] R[r 1=0000000080002200] R[r 2=0000000000000000] inst=[0a20bc23] sd      sp, 184(ra)
C0:       1269 [1] pc=[00000000800001b4] W[r 2=8000000a00006800][1] R[r 0=0000000000000000] R[r 0=0000000000000000] inst=[30002173] csrr    sp, mstatus
C0:       1288 [1] pc=[00000000800001b8] W[r 0=0000000000000000][0] R[r 1=0000000080002200] R[r 2=8000000a00006800] inst=[0c20b023] sd      sp, 192(ra)
C0:       1289 [1] pc=[00000000800001bc] W[r 2=000000000000b109][1] R[r 0=0000000000000000] R[r 0=0000000000000000] inst=[30202173] csrr    sp, medeleg
C0:       1311 [1] pc=[00000000800001c0] W[r 0=0000000000000000][0] R[r 1=0000000080002200] R[r 2=000000000000b109] inst=[0c20b423] sd      sp, 200(ra)
C0:       1312 [1] pc=[00000000800001c4] W[r 2=0000000000000000][1] R[r 0=0000000000000000] R[r 0=0000000000000000] inst=[30302173] csrr    sp, mideleg
C0:       1315 [1] pc=[00000000800001c8] W[r 0=0000000000000000][0] R[r 1=0000000080002200] R[r 2=0000000000000000] inst=[0c20b823] sd      sp, 208(ra)
C0:       1316 [1] pc=[00000000800001cc] W[r 2=0000000000000000][1] R[r 0=0000000000000000] R[r 0=0000000000000000] inst=[30402173] csrr    sp, mie
C0:       1319 [1] pc=[00000000800001d0] W[r 0=0000000000000000][0] R[r 1=0000000080002200] R[r 2=0000000000000000] inst=[0c20bc23] sd      sp, 216(ra)
C0:       1320 [1] pc=[00000000800001d4] W[r 2=0000000080000150][1] R[r 0=0000000000000000] R[r 0=0000000000000000] inst=[30502173] csrr    sp, mtvec
C0:       1323 [1] pc=[00000000800001d8] W[r 0=0000000000000000][0] R[r 1=0000000080002200] R[r 2=0000000080000150] inst=[0e20b023] sd      sp, 224(ra)
C0:       1324 [1] pc=[00000000800001dc] W[r 2=0000000000000003][1] R[r 0=0000000000000000] R[r 0=0000000000000000] inst=[30602173] csrr    sp, mcounteren
C0:       1327 [1] pc=[00000000800001e0] W[r 0=0000000000000000][0] R[r 1=0000000080002200] R[r 2=0000000000000003] inst=[0e20b423] sd      sp, 232(ra)
C0:       1328 [1] pc=[00000000800001e4] W[r 2=892fc0120650df0c][1] R[r 0=0000000000000000] R[r 0=0000000000000000] inst=[34002173] csrr    sp, mscratch
C0:       1331 [1] pc=[00000000800001e8] W[r 0=0000000000000000][0] R[r 1=0000000080002200] R[r 2=892fc0120650df0c] inst=[0e20b823] sd      sp, 240(ra)
C0:       1332 [1] pc=[00000000800001ec] W[r 2=00000000800006f0][1] R[r 0=0000000000000000] R[r 0=0000000000000000] inst=[34102173] csrr    sp, mepc
C0:       1335 [1] pc=[00000000800001f0] W[r 0=0000000000000000][0] R[r 1=0000000080002200] R[r 2=00000000800006f0] inst=[0e20bc23] sd      sp, 248(ra)
C0:       1336 [1] pc=[00000000800001f4] W[r 2=0000000000000002][1] R[r 0=0000000000000000] R[r 0=0000000000000000] inst=[34202173] csrr    sp, mcause
C0:       1355 [1] pc=[00000000800001f8] W[r 0=0000000000000000][0] R[r 1=0000000080002200] R[r 2=0000000000000002] inst=[1020b023] sd      sp, 256(ra)
C0:       1356 [1] pc=[00000000800001fc] W[r 2=000000003b39b3f3][1] R[r 0=0000000000000000] R[r 0=0000000000000000] inst=[34302173] csrr    sp, mtval
C0:       1378 [1] pc=[0000000080000200] W[r 0=0000000000000000][0] R[r 1=0000000080002200] R[r 2=000000003b39b3f3] inst=[1020b423] sd      sp, 264(ra)
C0:       1379 [1] pc=[0000000080000204] W[r 2=0000000000000020][1] R[r 0=0000000000000000] R[r 0=0000000000000000] inst=[34402173] csrr    sp, mip
C0:       1382 [1] pc=[0000000080000208] W[r 2=0000000000000020][1] R[r 2=0000000000000020] R[r 0=0000000000000000] inst=[f7f17113] andi    sp, sp, -129
C0:       1383 [1] pc=[000000008000020c] W[r 0=0000000000000000][0] R[r 1=0000000080002200] R[r 2=0000000000000020] inst=[1020b823] sd      sp, 272(ra)
C0:       1384 [1] pc=[0000000080000210] W[r 2=000000000000001f][1] R[r 0=0000000000000000] R[r 0=0000000000000000] inst=[3a002173] csrr    sp, pmpcfg0
C0:       1387 [1] pc=[0000000080000214] W[r 0=0000000000000000][0] R[r 1=0000000080002200] R[r 2=000000000000001f] inst=[1020bc23] sd      sp, 280(ra)
C0:       1388 [1] pc=[0000000080000218] W[r 2=000000003fffffff][1] R[r 0=0000000000000000] R[r 0=0000000000000000] inst=[3b002173] csrr    sp, pmpaddr0
C0:       1391 [1] pc=[000000008000021c] W[r 0=0000000000000000][0] R[r 1=0000000080002200] R[r 2=000000003fffffff] inst=[1220bc23] sd      sp, 312(ra)
C0:       1392 [1] pc=[0000000080000220] W[r 2=0000000007955f37][1] R[r 0=0000000000000000] R[r 0=0000000000000000] inst=[3b102173] csrr    sp, pmpaddr1
C0:       1411 [1] pc=[0000000080000224] W[r 0=0000000000000000][0] R[r 1=0000000080002200] R[r 2=0000000007955f37] inst=[1420b023] sd      sp, 320(ra)
C0:       1412 [1] pc=[0000000080000228] W[r 2=00000000040c5558][1] R[r 0=0000000000000000] R[r 0=0000000000000000] inst=[3b202173] csrr    sp, pmpaddr2
C0:       1415 [1] pc=[000000008000022c] W[r 0=0000000000000000][0] R[r 1=0000000080002200] R[r 2=00000000040c5558] inst=[1420b423] sd      sp, 328(ra)
C0:       1416 [1] pc=[0000000080000230] W[r 2=000000000e7595dc][1] R[r 0=0000000000000000] R[r 0=0000000000000000] inst=[3b302173] csrr    sp, pmpaddr3
C0:       1419 [1] pc=[0000000080000234] W[r 0=0000000000000000][0] R[r 1=0000000080002200] R[r 2=000000000e7595dc] inst=[1420b823] sd      sp, 336(ra)
C0:       1420 [1] pc=[0000000080000238] W[r 2=0000000021de349c][1] R[r 0=0000000000000000] R[r 0=0000000000000000] inst=[3b402173] csrr    sp, pmpaddr4
C0:       1423 [1] pc=[000000008000023c] W[r 0=0000000000000000][0] R[r 1=0000000080002200] R[r 2=0000000021de349c] inst=[1420bc23] sd      sp, 344(ra)
C0:       1445 [1] pc=[0000000080000240] W[r 2=000000001b9b4330][1] R[r 0=0000000000000000] R[r 0=0000000000000000] inst=[3b502173] csrr    sp, pmpaddr5
C0:       1448 [1] pc=[0000000080000244] W[r 0=0000000000000000][0] R[r 1=0000000080002200] R[r 2=000000001b9b4330] inst=[1620b023] sd      sp, 352(ra)
C0:       1449 [1] pc=[0000000080000248] W[r 2=00000000060df5d0][1] R[r 0=0000000000000000] R[r 0=0000000000000000] inst=[3b602173] csrr    sp, pmpaddr6
C0:       1452 [1] pc=[000000008000024c] W[r 0=0000000000000000][0] R[r 1=0000000080002200] R[r 2=00000000060df5d0] inst=[1620b423] sd      sp, 360(ra)
C0:       1453 [1] pc=[0000000080000250] W[r 2=00000000000280a8][1] R[r 0=0000000000000000] R[r 0=0000000000000000] inst=[3b702173] csrr    sp, pmpaddr7
C0:       1456 [1] pc=[0000000080000254] W[r 0=0000000000000000][0] R[r 1=0000000080002200] R[r 2=00000000000280a8] inst=[1620b823] sd      sp, 368(ra)
C0:       1457 [1] pc=[0000000080000258] W[r10=0000000000006000][1] R[r 0=0000000000000000] R[r 0=0000000000000000] inst=[00006537] lui     a0, 0x6
C0:       1458 [1] pc=[000000008000025c] W[r 0=8000000a00006800][1] R[r10=0000000000006000] R[r 0=0000000000000000] inst=[30052073] csrs    mstatus, a0
C0:       1463 [1] pc=[0000000080000260] W[r 2=0000000000000011][1] R[r 0=0000000000000000] R[r 0=0000000000000000] inst=[00102173] csrr    sp, fflags
C0:       1466 [1] pc=[0000000080000264] W[r 0=0000000000000000][0] R[r 1=0000000080002200] R[r 2=0000000000000011] inst=[0420b023] sd      sp, 64(ra)
C0:       1467 [1] pc=[0000000080000268] W[r 2=0000000000000000][1] R[r 0=0000000000000000] R[r 0=0000000000000000] inst=[00202173] csrr    sp, frm
C0:       1470 [1] pc=[000000008000026c] W[r 0=0000000000000000][0] R[r 1=0000000080002200] R[r 2=0000000000000000] inst=[0420b423] sd      sp, 72(ra)
C0:       1471 [1] pc=[0000000080000270] W[r 2=0000000000000011][1] R[r 0=0000000000000000] R[r 0=0000000000000000] inst=[00302173] csrr    sp, fcsr
C0:       1474 [1] pc=[0000000080000274] W[r 0=0000000000000000][0] R[r 1=0000000080002200] R[r 2=0000000000000011] inst=[0420b823] sd      sp, 80(ra)
C0:       1475 [1] pc=[0000000080000278] W[r 1=0000000080002278][1] R[r 0=0000000000000000] R[r 0=0000000000000000] inst=[00002097] auipc   ra, 0x2
C0:       1476 [1] pc=[000000008000027c] W[r 1=0000000080002000][1] R[r 1=0000000080002278] R[r 0=0000000000000000] inst=[d8808093] addi    ra, ra, -632
C0:       1514 [1] pc=[0000000080000280] W[r 0=0000000000000000][0] R[r 1=0000000080002000] R[r 0=0000000000000000] inst=[0000b023] sd      zero, 0(ra)
C0:       1515 [1] pc=[0000000080000284] W[r 0=0000000000000000][0] R[r 1=0000000080002000] R[r 2=0000000000000011] inst=[0020b823] sd      sp, 16(ra)
C0:       1516 [1] pc=[0000000080000288] W[r 0=0000000000000000][0] R[r 1=0000000080002000] R[r 3=0000000000000000] inst=[0030bc23] sd      gp, 24(ra)
C0:       1517 [1] pc=[000000008000028c] W[r 0=0000000000000000][0] R[r 1=0000000080002000] R[r 4=c6d251b66e9fbd3a] inst=[0240b023] sd      tp, 32(ra)
C0:       1518 [1] pc=[0000000080000290] W[r 0=0000000000000000][0] R[r 1=0000000080002000] R[r 5=08838ad631653358] inst=[0250b423] sd      t0, 40(ra)
C0:       1519 [1] pc=[0000000080000294] W[r 0=0000000000000000][0] R[r 1=0000000080002000] R[r 6=000000000000318f] inst=[0260b823] sd      t1, 48(ra)
C0:       1520 [1] pc=[0000000080000298] W[r 0=0000000000000000][0] R[r 1=0000000080002000] R[r 7=0000000080030140] inst=[0270bc23] sd      t2, 56(ra)
C0:       1537 [1] pc=[000000008000029c] W[r 0=0000000000000000][0] R[r 1=0000000080002000] R[r 8=c63d293be67010d3] inst=[0480b023] sd      s0, 64(ra)
C0:       1538 [1] pc=[00000000800002a0] W[r 0=0000000000000000][0] R[r 1=0000000080002000] R[r 9=0000000080002408] inst=[0490b423] sd      s1, 72(ra)
C0:       1539 [1] pc=[00000000800002a4] W[r 0=0000000000000000][0] R[r 1=0000000080002000] R[r10=0000000000006000] inst=[04a0b823] sd      a0, 80(ra)
C0:       1540 [1] pc=[00000000800002a8] W[r 0=0000000000000000][0] R[r 1=0000000080002000] R[r11=bbf6699dbb478136] inst=[04b0bc23] sd      a1, 88(ra)
C0:       1541 [1] pc=[00000000800002ac] W[r 0=0000000000000000][0] R[r 1=0000000080002000] R[r12=00000000400280a8] inst=[06c0b023] sd      a2, 96(ra)
C0:       1542 [1] pc=[00000000800002b0] W[r 0=0000000000000000][0] R[r 1=0000000080002000] R[r13=0000000000000000] inst=[06d0b423] sd      a3, 104(ra)
C0:       1543 [1] pc=[00000000800002b4] W[r 0=0000000000000000][0] R[r 1=0000000080002000] R[r14=0000000000000001] inst=[06e0b823] sd      a4, 112(ra)
C0:       1544 [1] pc=[00000000800002b8] W[r 0=0000000000000000][0] R[r 1=0000000080002000] R[r15=00000000800500b0] inst=[06f0bc23] sd      a5, 120(ra)
C0:       1561 [1] pc=[00000000800002bc] W[r 0=0000000000000000][0] R[r 1=0000000080002000] R[r16=0000000080020180] inst=[0900b023] sd      a6, 128(ra)
C0:       1572 [1] pc=[00000000800002c0] W[r 0=0000000000000000][0] R[r 1=0000000080002000] R[r17=4120d39ee6ff695c] inst=[0910b423] sd      a7, 136(ra)
C0:       1573 [1] pc=[00000000800002c4] W[r 0=0000000000000000][0] R[r 1=0000000080002000] R[r18=37aee0c0eb667b8b] inst=[0920b823] sd      s2, 144(ra)
C0:       1574 [1] pc=[00000000800002c8] W[r 0=0000000000000000][0] R[r 1=0000000080002000] R[r19=00000000400300d0] inst=[0930bc23] sd      s3, 152(ra)
C0:       1575 [1] pc=[00000000800002cc] W[r 0=0000000000000000][0] R[r 1=0000000080002000] R[r20=ff8f72293e669bcd] inst=[0b40b023] sd      s4, 160(ra)
C0:       1576 [1] pc=[00000000800002d0] W[r 0=0000000000000000][0] R[r 1=0000000080002000] R[r21=a14732696480a409] inst=[0b50b423] sd      s5, 168(ra)
C0:       1577 [1] pc=[00000000800002d4] W[r 0=0000000000000000][0] R[r 1=0000000080002000] R[r22=3728ba7c7bb19226] inst=[0b60b823] sd      s6, 176(ra)
C0:       1578 [1] pc=[00000000800002d8] W[r 0=0000000000000000][0] R[r 1=0000000080002000] R[r23=00000000613fdf9d] inst=[0b70bc23] sd      s7, 184(ra)
C0:       1613 [1] pc=[00000000800002dc] W[r 0=0000000000000000][0] R[r 1=0000000080002000] R[r24=782fd88124641ae3] inst=[0d80b023] sd      s8, 192(ra)
C0:       1614 [1] pc=[00000000800002e0] W[r 0=0000000000000000][0] R[r 1=0000000080002000] R[r25=fa3bc2632f273c7c] inst=[0d90b423] sd      s9, 200(ra)
C0:       1615 [1] pc=[00000000800002e4] W[r 0=0000000000000000][0] R[r 1=0000000080002000] R[r27=d3d073ad47d9d90d] inst=[0db0bc23] sd      s11, 216(ra)
C0:       1616 [1] pc=[00000000800002e8] W[r 0=0000000000000000][0] R[r 1=0000000080002000] R[r28=79968efb3aab7702] inst=[0fc0b023] sd      t3, 224(ra)
C0:       1617 [1] pc=[00000000800002ec] W[r 0=0000000000000000][0] R[r 1=0000000080002000] R[r29=5a8e954f309152de] inst=[0fd0b423] sd      t4, 232(ra)
C0:       1618 [1] pc=[00000000800002f0] W[r 0=0000000000000000][0] R[r 1=0000000080002000] R[r30=e22f7c9c15278213] inst=[0fe0b823] sd      t5, 240(ra)
C0:       1619 [1] pc=[00000000800002f4] W[r 1=00000000800022f4][1] R[r 0=0000000000000000] R[r 0=0000000000000000] inst=[00002097] auipc   ra, 0x2
C0:       1620 [1] pc=[00000000800002f8] W[r 1=0000000080002100][1] R[r 1=00000000800022f4] R[r 0=0000000000000000] inst=[e0c08093] addi    ra, ra, -500
C0:       1637 [1] pc=[00000000800002fc] W[r 0=0000000000000000][0] R[r 1=0000000080002100] R[r 1=e22f7c9c15278213] inst=[0010a427] fsw     ft1, 8(ra)
C0:       1648 [1] pc=[0000000080000300] W[r 0=0000000000000000][0] R[r 1=0000000080002100] R[r 2=e22f7c9c15278213] inst=[0020a827] fsw     ft2, 16(ra)
C0:       1649 [1] pc=[0000000080000304] W[r 0=0000000000000000][0] R[r 1=0000000080002100] R[r 7=e22f7c9c15278213] inst=[0270ac27] fsw     ft7, 56(ra)
C0:       1666 [1] pc=[0000000080000308] W[r 0=0000000000000000][0] R[r 1=0000000080002100] R[r 9=e22f7c9c15278213] inst=[0490a427] fsw     fs1, 72(ra)
C0:       1667 [1] pc=[000000008000030c] W[r 0=0000000000000000][0] R[r 1=0000000080002100] R[r10=e22f7c9c15278213] inst=[04a0a827] fsw     fa0, 80(ra)
C0:       1668 [1] pc=[0000000080000310] W[r 0=0000000000000000][0] R[r 1=0000000080002100] R[r12=e22f7c9c15278213] inst=[06c0a027] fsw     fa2, 96(ra)
C0:       1669 [1] pc=[0000000080000314] W[r 0=0000000000000000][0] R[r 1=0000000080002100] R[r13=e22f7c9c15278213] inst=[06d0a427] fsw     fa3, 104(ra)
C0:       1686 [1] pc=[0000000080000318] W[r 0=0000000000000000][0] R[r 1=0000000080002100] R[r21=e22f7c9c15278213] inst=[0b50a427] fsw     fs5, 168(ra)
C0:       1687 [1] pc=[000000008000031c] W[r 0=0000000000000000][0] R[r 1=0000000080002100] R[r22=e22f7c9c15278213] inst=[0b60a827] fsw     fs6, 176(ra)
C0:       1704 [1] pc=[0000000080000320] W[r 0=0000000000000000][0] R[r 1=0000000080002100] R[r25=e22f7c9c15278213] inst=[0d90a427] fsw     fs9, 200(ra)
C0:       1705 [1] pc=[0000000080000324] W[r 0=0000000000000000][0] R[r 1=0000000080002100] R[r26=e22f7c9c15278213] inst=[0da0a827] fsw     fs10, 208(ra)
C0:       1706 [1] pc=[0000000080000328] W[r 0=0000000000000000][0] R[r 1=0000000080002100] R[r28=e22f7c9c15278213] inst=[0fc0a027] fsw     ft8, 224(ra)
C0:       1707 [1] pc=[000000008000032c] W[r 0=0000000000000000][0] R[r 1=0000000080002100] R[r29=e22f7c9c15278213] inst=[0fd0a427] fsw     ft9, 232(ra)
C0:       1708 [1] pc=[0000000080000330] W[r 0=0000000000000000][0] R[r 1=0000000080002100] R[r30=e22f7c9c15278213] inst=[0fe0a827] fsw     ft10, 240(ra)
C0:       1709 [1] pc=[0000000080000334] W[r 0=0000000000000000][0] R[r 1=0000000080002100] R[r31=e22f7c9c15278213] inst=[0ff0ac27] fsw     ft11, 248(ra)
C0:       1710 [1] pc=[0000000080000338] W[r 1=0000000080002338][1] R[r 0=0000000000000000] R[r 0=0000000000000000] inst=[00002097] auipc   ra, 0x2
C0:       1711 [1] pc=[000000008000033c] W[r 1=0000000080002100][1] R[r 1=0000000080002338] R[r 0=0000000000000000] inst=[dc808093] addi    ra, ra, -568
C0:       1733 [1] pc=[0000000080000340] W[r 0=0000000000000000][0] R[r 1=0000000080002100] R[r 0=0000000000000000] inst=[0000b027] fsd     ft0, 0(ra)
C0:       1734 [1] pc=[0000000080000344] W[r 0=0000000000000000][0] R[r 1=0000000080002100] R[r 3=e22f7c9c15278213] inst=[0030bc27] fsd     ft3, 24(ra)
C0:       1735 [1] pc=[0000000080000348] W[r 0=0000000000000000][0] R[r 1=0000000080002100] R[r 4=e22f7c9c15278213] inst=[0240b027] fsd     ft4, 32(ra)
C0:       1736 [1] pc=[000000008000034c] W[r 0=0000000000000000][0] R[r 1=0000000080002100] R[r 5=e22f7c9c15278213] inst=[0250b427] fsd     ft5, 40(ra)
C0:       1737 [1] pc=[0000000080000350] W[r 0=0000000000000000][0] R[r 1=0000000080002100] R[r 6=e22f7c9c15278213] inst=[0260b827] fsd     ft6, 48(ra)
C0:       1738 [1] pc=[0000000080000354] W[r 0=0000000000000000][0] R[r 1=0000000080002100] R[r 8=e22f7c9c15278213] inst=[0480b027] fsd     fs0, 64(ra)
C0:       1739 [1] pc=[0000000080000358] W[r 0=0000000000000000][0] R[r 1=0000000080002100] R[r11=e22f7c9c15278213] inst=[04b0bc27] fsd     fa1, 88(ra)
C0:       1740 [1] pc=[000000008000035c] W[r 0=0000000000000000][0] R[r 1=0000000080002100] R[r14=e22f7c9c15278213] inst=[06e0b827] fsd     fa4, 112(ra)
C0:       1741 [1] pc=[0000000080000360] W[r 0=0000000000000000][0] R[r 1=0000000080002100] R[r15=e22f7c9c15278213] inst=[06f0bc27] fsd     fa5, 120(ra)
C0:       1742 [1] pc=[0000000080000364] W[r 0=0000000000000000][0] R[r 1=0000000080002100] R[r16=e22f7c9c15278213] inst=[0900b027] fsd     fa6, 128(ra)
C0:       1743 [1] pc=[0000000080000368] W[r 0=0000000000000000][0] R[r 1=0000000080002100] R[r17=e22f7c9c15278213] inst=[0910b427] fsd     fa7, 136(ra)
C0:       1744 [1] pc=[000000008000036c] W[r 0=0000000000000000][0] R[r 1=0000000080002100] R[r18=e22f7c9c15278213] inst=[0920b827] fsd     fs2, 144(ra)
C0:       1745 [1] pc=[0000000080000370] W[r 0=0000000000000000][0] R[r 1=0000000080002100] R[r19=e22f7c9c15278213] inst=[0930bc27] fsd     fs3, 152(ra)
C0:       1746 [1] pc=[0000000080000374] W[r 0=0000000000000000][0] R[r 1=0000000080002100] R[r20=e22f7c9c15278213] inst=[0b40b027] fsd     fs4, 160(ra)
C0:       1747 [1] pc=[0000000080000378] W[r 0=0000000000000000][0] R[r 1=0000000080002100] R[r23=e22f7c9c15278213] inst=[0b70bc27] fsd     fs7, 184(ra)
C0:       1748 [1] pc=[000000008000037c] W[r 0=0000000000000000][0] R[r 1=0000000080002100] R[r24=e22f7c9c15278213] inst=[0d80b027] fsd     fs8, 192(ra)
C0:       1749 [1] pc=[0000000080000380] W[r 0=0000000000000000][0] R[r 1=0000000080002100] R[r27=e22f7c9c15278213] inst=[0db0bc27] fsd     fs11, 216(ra)
C0:       1750 [1] pc=[0000000080000384] W[r 3=0000000000000001][1] R[r 0=0000000000000000] R[r 0=0000000000000000] inst=[00100193] li      gp, 1
C0:       1751 [1] pc=[0000000080000388] W[r30=0000000080001388][1] R[r 0=0000000000000000] R[r 0=0000000000000000] inst=[00001f17] auipc   t5, 0x1
C0:       1768 [1] pc=[000000008000038c] W[r 0=0000000000000000][0] R[r30=0000000080001388] R[r 3=0000000000000001] inst=[c63f2c23] sw      gp, -904(t5)
C0:       1769 [1] pc=[0000000080000390] W[r 0=0000000080000394][1] R[r 0=0000000000000000] R[r 0=0000000000000000] inst=[0000006f] j       pc + 0x0
C0:       1773 [1] pc=[0000000080000390] W[r 0=0000000080000394][1] R[r 0=0000000000000000] R[r 0=0000000000000000] inst=[0000006f] j       pc + 0x0
C0:       1775 [1] pc=[0000000080000390] W[r 0=0000000080000394][1] R[r 0=0000000000000000] R[r 0=0000000000000000] inst=[0000006f] j       pc + 0x0
C0:       1776 [1] pc=[0000000080000390] W[r 0=0000000080000394][1] R[r 0=0000000000000000] R[r 0=0000000000000000] inst=[0000006f] j       pc + 0x0
C0:       1777 [1] pc=[0000000080000390] W[r 0=0000000080000394][1] R[r 0=0000000000000000] R[r 0=0000000000000000] inst=[0000006f] j       pc + 0x0
C0:       1779 [1] pc=[0000000080000390] W[r 0=0000000080000394][1] R[r 0=0000000000000000] R[r 0=0000000000000000] inst=[0000006f] j       pc + 0x0
C0:       1781 [1] pc=[0000000080000390] W[r 0=0000000080000394][1] R[r 0=0000000000000000] R[r 0=0000000000000000] inst=[0000006f] j       pc + 0x0
C0:       1782 [1] pc=[0000000080000390] W[r 0=0000000080000394][1] R[r 0=0000000000000000] R[r 0=0000000000000000] inst=[0000006f] j       pc + 0x0
C0:       1783 [1] pc=[0000000080000390] W[r 0=0000000080000394][1] R[r 0=0000000000000000] R[r 0=0000000000000000] inst=[0000006f] j       pc + 0x0
C0:       1785 [1] pc=[0000000080000390] W[r 0=0000000080000394][1] R[r 0=0000000000000000] R[r 0=0000000000000000] inst=[0000006f] j       pc + 0x0
C0:       1787 [1] pc=[0000000080000390] W[r 0=0000000080000394][1] R[r 0=0000000000000000] R[r 0=0000000000000000] inst=[0000006f] j       pc + 0x0
C0:       1788 [1] pc=[0000000080000390] W[r 0=0000000080000394][1] R[r 0=0000000000000000] R[r 0=0000000000000000] inst=[0000006f] j       pc + 0x0
C0:       1789 [1] pc=[0000000080000390] W[r 0=0000000080000394][1] R[r 0=0000000000000000] R[r 0=0000000000000000] inst=[0000006f] j       pc + 0x0
C0:       1791 [1] pc=[0000000080000390] W[r 0=0000000080000394][1] R[r 0=0000000000000000] R[r 0=0000000000000000] inst=[0000006f] j       pc + 0x0
C0:       1793 [1] pc=[0000000080000390] W[r 0=0000000080000394][1] R[r 0=0000000000000000] R[r 0=0000000000000000] inst=[0000006f] j       pc + 0x0
C0:       1794 [1] pc=[0000000080000390] W[r 0=0000000080000394][1] R[r 0=0000000000000000] R[r 0=0000000000000000] inst=[0000006f] j       pc + 0x0
C0:       1795 [1] pc=[0000000080000390] W[r 0=0000000080000394][1] R[r 0=0000000000000000] R[r 0=0000000000000000] inst=[0000006f] j       pc + 0x0
C0:       1797 [1] pc=[0000000080000390] W[r 0=0000000080000394][1] R[r 0=0000000000000000] R[r 0=0000000000000000] inst=[0000006f] j       pc + 0x0
C0:       1799 [1] pc=[0000000080000390] W[r 0=0000000080000394][1] R[r 0=0000000000000000] R[r 0=0000000000000000] inst=[0000006f] j       pc + 0x0
C0:       1800 [1] pc=[0000000080000390] W[r 0=0000000080000394][1] R[r 0=0000000000000000] R[r 0=0000000000000000] inst=[0000006f] j       pc + 0x0
C0:       1801 [1] pc=[0000000080000390] W[r 0=0000000080000394][1] R[r 0=0000000000000000] R[r 0=0000000000000000] inst=[0000006f] j       pc + 0x0
C0:       1803 [1] pc=[0000000080000390] W[r 0=0000000080000394][1] R[r 0=0000000000000000] R[r 0=0000000000000000] inst=[0000006f] j       pc + 0x0
C0:       1805 [1] pc=[0000000080000390] W[r 0=0000000080000394][1] R[r 0=0000000000000000] R[r 0=0000000000000000] inst=[0000006f] j       pc + 0x0
C0:       1806 [1] pc=[0000000080000390] W[r 0=0000000080000394][1] R[r 0=0000000000000000] R[r 0=0000000000000000] inst=[0000006f] j       pc + 0x0
C0:       1807 [1] pc=[0000000080000390] W[r 0=0000000080000394][1] R[r 0=0000000000000000] R[r 0=0000000000000000] inst=[0000006f] j       pc + 0x0
C0:       1809 [1] pc=[0000000080000390] W[r 0=0000000080000394][1] R[r 0=0000000000000000] R[r 0=0000000000000000] inst=[0000006f] j       pc + 0x0
C0:       1811 [1] pc=[0000000080000390] W[r 0=0000000080000394][1] R[r 0=0000000000000000] R[r 0=0000000000000000] inst=[0000006f] j       pc + 0x0
C0:       1812 [1] pc=[0000000080000390] W[r 0=0000000080000394][1] R[r 0=0000000000000000] R[r 0=0000000000000000] inst=[0000006f] j       pc + 0x0
C0:       1813 [1] pc=[0000000080000390] W[r 0=0000000080000394][1] R[r 0=0000000000000000] R[r 0=0000000000000000] inst=[0000006f] j       pc + 0x0
C0:       1815 [1] pc=[0000000080000390] W[r 0=0000000080000394][1] R[r 0=0000000000000000] R[r 0=0000000000000000] inst=[0000006f] j       pc + 0x0
C0:       1817 [1] pc=[0000000080000390] W[r 0=0000000080000394][1] R[r 0=0000000000000000] R[r 0=0000000000000000] inst=[0000006f] j       pc + 0x0
C0:       1818 [1] pc=[0000000080000390] W[r 0=0000000080000394][1] R[r 0=0000000000000000] R[r 0=0000000000000000] inst=[0000006f] j       pc + 0x0
C0:       1819 [1] pc=[0000000080000390] W[r 0=0000000080000394][1] R[r 0=0000000000000000] R[r 0=0000000000000000] inst=[0000006f] j       pc + 0x0
C0:       1821 [1] pc=[0000000080000390] W[r 0=0000000080000394][1] R[r 0=0000000000000000] R[r 0=0000000000000000] inst=[0000006f] j       pc + 0x0
C0:       1823 [1] pc=[0000000080000390] W[r 0=0000000080000394][1] R[r 0=0000000000000000] R[r 0=0000000000000000] inst=[0000006f] j       pc + 0x0
C0:       1824 [1] pc=[0000000080000390] W[r 0=0000000080000394][1] R[r 0=0000000000000000] R[r 0=0000000000000000] inst=[0000006f] j       pc + 0x0
C0:       1825 [1] pc=[0000000080000390] W[r 0=0000000080000394][1] R[r 0=0000000000000000] R[r 0=0000000000000000] inst=[0000006f] j       pc + 0x0
C0:       1827 [1] pc=[0000000080000390] W[r 0=0000000080000394][1] R[r 0=0000000000000000] R[r 0=0000000000000000] inst=[0000006f] j       pc + 0x0
C0:       1829 [1] pc=[0000000080000390] W[r 0=0000000080000394][1] R[r 0=0000000000000000] R[r 0=0000000000000000] inst=[0000006f] j       pc + 0x0
C0:       1830 [1] pc=[0000000080000390] W[r 0=0000000080000394][1] R[r 0=0000000000000000] R[r 0=0000000000000000] inst=[0000006f] j       pc + 0x0
C0:       1831 [1] pc=[0000000080000390] W[r 0=0000000080000394][1] R[r 0=0000000000000000] R[r 0=0000000000000000] inst=[0000006f] j       pc + 0x0
C0:       1833 [1] pc=[0000000080000390] W[r 0=0000000080000394][1] R[r 0=0000000000000000] R[r 0=0000000000000000] inst=[0000006f] j       pc + 0x0
C0:       1835 [1] pc=[0000000080000390] W[r 0=0000000080000394][1] R[r 0=0000000000000000] R[r 0=0000000000000000] inst=[0000006f] j       pc + 0x0
C0:       1836 [1] pc=[0000000080000390] W[r 0=0000000080000394][1] R[r 0=0000000000000000] R[r 0=0000000000000000] inst=[0000006f] j       pc + 0x0
C0:       1837 [1] pc=[0000000080000390] W[r 0=0000000080000394][1] R[r 0=0000000000000000] R[r 0=0000000000000000] inst=[0000006f] j       pc + 0x0
C0:       1839 [1] pc=[0000000080000390] W[r 0=0000000080000394][1] R[r 0=0000000000000000] R[r 0=0000000000000000] inst=[0000006f] j       pc + 0x0
C0:       1841 [1] pc=[0000000080000390] W[r 0=0000000080000394][1] R[r 0=0000000000000000] R[r 0=0000000000000000] inst=[0000006f] j       pc + 0x0
C0:       1842 [1] pc=[0000000080000390] W[r 0=0000000080000394][1] R[r 0=0000000000000000] R[r 0=0000000000000000] inst=[0000006f] j       pc + 0x0
C0:       1843 [1] pc=[0000000080000390] W[r 0=0000000080000394][1] R[r 0=0000000000000000] R[r 0=0000000000000000] inst=[0000006f] j       pc + 0x0
C0:       1845 [1] pc=[0000000080000390] W[r 0=0000000080000394][1] R[r 0=0000000000000000] R[r 0=0000000000000000] inst=[0000006f] j       pc + 0x0
C0:       1847 [1] pc=[0000000080000390] W[r 0=0000000080000394][1] R[r 0=0000000000000000] R[r 0=0000000000000000] inst=[0000006f] j       pc + 0x0
C0:       1848 [1] pc=[0000000080000390] W[r 0=0000000080000394][1] R[r 0=0000000000000000] R[r 0=0000000000000000] inst=[0000006f] j       pc + 0x0
C0:       1849 [1] pc=[0000000080000390] W[r 0=0000000080000394][1] R[r 0=0000000000000000] R[r 0=0000000000000000] inst=[0000006f] j       pc + 0x0
C0:       1851 [1] pc=[0000000080000390] W[r 0=0000000080000394][1] R[r 0=0000000000000000] R[r 0=0000000000000000] inst=[0000006f] j       pc + 0x0
C0:       1853 [1] pc=[0000000080000390] W[r 0=0000000080000394][1] R[r 0=0000000000000000] R[r 0=0000000000000000] inst=[0000006f] j       pc + 0x0
C0:       1854 [1] pc=[0000000080000390] W[r 0=0000000080000394][1] R[r 0=0000000000000000] R[r 0=0000000000000000] inst=[0000006f] j       pc + 0x0
C0:       1855 [1] pc=[0000000080000390] W[r 0=0000000080000394][1] R[r 0=0000000000000000] R[r 0=0000000000000000] inst=[0000006f] j       pc + 0x0
C0:       1857 [1] pc=[0000000080000390] W[r 0=0000000080000394][1] R[r 0=0000000000000000] R[r 0=0000000000000000] inst=[0000006f] j       pc + 0x0
C0:       1859 [1] pc=[0000000080000390] W[r 0=0000000080000394][1] R[r 0=0000000000000000] R[r 0=0000000000000000] inst=[0000006f] j       pc + 0x0
C0:       1860 [1] pc=[0000000080000390] W[r 0=0000000080000394][1] R[r 0=0000000000000000] R[r 0=0000000000000000] inst=[0000006f] j       pc + 0x0
C0:       1861 [1] pc=[0000000080000390] W[r 0=0000000080000394][1] R[r 0=0000000000000000] R[r 0=0000000000000000] inst=[0000006f] j       pc + 0x0
C0:       1863 [1] pc=[0000000080000390] W[r 0=0000000080000394][1] R[r 0=0000000000000000] R[r 0=0000000000000000] inst=[0000006f] j       pc + 0x0
C0:       1865 [1] pc=[0000000080000390] W[r 0=0000000080000394][1] R[r 0=0000000000000000] R[r 0=0000000000000000] inst=[0000006f] j       pc + 0x0
C0:       1866 [1] pc=[0000000080000390] W[r 0=0000000080000394][1] R[r 0=0000000000000000] R[r 0=0000000000000000] inst=[0000006f] j       pc + 0x0
C0:       1867 [1] pc=[0000000080000390] W[r 0=0000000080000394][1] R[r 0=0000000000000000] R[r 0=0000000000000000] inst=[0000006f] j       pc + 0x0
C0:       1869 [1] pc=[0000000080000390] W[r 0=0000000080000394][1] R[r 0=0000000000000000] R[r 0=0000000000000000] inst=[0000006f] j       pc + 0x0
C0:       1871 [1] pc=[0000000080000390] W[r 0=0000000080000394][1] R[r 0=0000000000000000] R[r 0=0000000000000000] inst=[0000006f] j       pc + 0x0
C0:       1872 [1] pc=[0000000080000390] W[r 0=0000000080000394][1] R[r 0=0000000000000000] R[r 0=0000000000000000] inst=[0000006f] j       pc + 0x0
C0:       1873 [1] pc=[0000000080000390] W[r 0=0000000080000394][1] R[r 0=0000000000000000] R[r 0=0000000000000000] inst=[0000006f] j       pc + 0x0
C0:       1875 [1] pc=[0000000080000390] W[r 0=0000000080000394][1] R[r 0=0000000000000000] R[r 0=0000000000000000] inst=[0000006f] j       pc + 0x0
C0:       1877 [1] pc=[0000000080000390] W[r 0=0000000080000394][1] R[r 0=0000000000000000] R[r 0=0000000000000000] inst=[0000006f] j       pc + 0x0
C0:       1878 [1] pc=[0000000080000390] W[r 0=0000000080000394][1] R[r 0=0000000000000000] R[r 0=0000000000000000] inst=[0000006f] j       pc + 0x0
C0:       1879 [1] pc=[0000000080000390] W[r 0=0000000080000394][1] R[r 0=0000000000000000] R[r 0=0000000000000000] inst=[0000006f] j       pc + 0x0
C0:       1881 [1] pc=[0000000080000390] W[r 0=0000000080000394][1] R[r 0=0000000000000000] R[r 0=0000000000000000] inst=[0000006f] j       pc + 0x0
C0:       1883 [1] pc=[0000000080000390] W[r 0=0000000080000394][1] R[r 0=0000000000000000] R[r 0=0000000000000000] inst=[0000006f] j       pc + 0x0
C0:       1884 [1] pc=[0000000080000390] W[r 0=0000000080000394][1] R[r 0=0000000000000000] R[r 0=0000000000000000] inst=[0000006f] j       pc + 0x0
C0:       1885 [1] pc=[0000000080000390] W[r 0=0000000080000394][1] R[r 0=0000000000000000] R[r 0=0000000000000000] inst=[0000006f] j       pc + 0x0
C0:       1887 [1] pc=[0000000080000390] W[r 0=0000000080000394][1] R[r 0=0000000000000000] R[r 0=0000000000000000] inst=[0000006f] j       pc + 0x0
C0:       1889 [1] pc=[0000000080000390] W[r 0=0000000080000394][1] R[r 0=0000000000000000] R[r 0=0000000000000000] inst=[0000006f] j       pc + 0x0
C0:       1890 [1] pc=[0000000080000390] W[r 0=0000000080000394][1] R[r 0=0000000000000000] R[r 0=0000000000000000] inst=[0000006f] j       pc + 0x0
C0:       1891 [1] pc=[0000000080000390] W[r 0=0000000080000394][1] R[r 0=0000000000000000] R[r 0=0000000000000000] inst=[0000006f] j       pc + 0x0
C0:       1893 [1] pc=[0000000080000390] W[r 0=0000000080000394][1] R[r 0=0000000000000000] R[r 0=0000000000000000] inst=[0000006f] j       pc + 0x0
C0:       1895 [1] pc=[0000000080000390] W[r 0=0000000080000394][1] R[r 0=0000000000000000] R[r 0=0000000000000000] inst=[0000006f] j       pc + 0x0
C0:       1896 [1] pc=[0000000080000390] W[r 0=0000000080000394][1] R[r 0=0000000000000000] R[r 0=0000000000000000] inst=[0000006f] j       pc + 0x0
C0:       1897 [1] pc=[0000000080000390] W[r 0=0000000080000394][1] R[r 0=0000000000000000] R[r 0=0000000000000000] inst=[0000006f] j       pc + 0x0
C0:       1899 [1] pc=[0000000080000390] W[r 0=0000000080000394][1] R[r 0=0000000000000000] R[r 0=0000000000000000] inst=[0000006f] j       pc + 0x0
C0:       1901 [1] pc=[0000000080000390] W[r 0=0000000080000394][1] R[r 0=0000000000000000] R[r 0=0000000000000000] inst=[0000006f] j       pc + 0x0
C0:       1902 [1] pc=[0000000080000390] W[r 0=0000000080000394][1] R[r 0=0000000000000000] R[r 0=0000000000000000] inst=[0000006f] j       pc + 0x0
C0:       1903 [1] pc=[0000000080000390] W[r 0=0000000080000394][1] R[r 0=0000000000000000] R[r 0=0000000000000000] inst=[0000006f] j       pc + 0x0
C0:       1905 [1] pc=[0000000080000390] W[r 0=0000000080000394][1] R[r 0=0000000000000000] R[r 0=0000000000000000] inst=[0000006f] j       pc + 0x0
C0:       1907 [1] pc=[0000000080000390] W[r 0=0000000080000394][1] R[r 0=0000000000000000] R[r 0=0000000000000000] inst=[0000006f] j       pc + 0x0
C0:       1908 [1] pc=[0000000080000390] W[r 0=0000000080000394][1] R[r 0=0000000000000000] R[r 0=0000000000000000] inst=[0000006f] j       pc + 0x0
C0:       1909 [1] pc=[0000000080000390] W[r 0=0000000080000394][1] R[r 0=0000000000000000] R[r 0=0000000000000000] inst=[0000006f] j       pc + 0x0
C0:       1911 [1] pc=[0000000080000390] W[r 0=0000000080000394][1] R[r 0=0000000000000000] R[r 0=0000000000000000] inst=[0000006f] j       pc + 0x0
C0:       1913 [1] pc=[0000000080000390] W[r 0=0000000080000394][1] R[r 0=0000000000000000] R[r 0=0000000000000000] inst=[0000006f] j       pc + 0x0
C0:       1914 [1] pc=[0000000080000390] W[r 0=0000000080000394][1] R[r 0=0000000000000000] R[r 0=0000000000000000] inst=[0000006f] j       pc + 0x0
C0:       1915 [1] pc=[0000000080000390] W[r 0=0000000080000394][1] R[r 0=0000000000000000] R[r 0=0000000000000000] inst=[0000006f] j       pc + 0x0
C0:       1917 [1] pc=[0000000080000390] W[r 0=0000000080000394][1] R[r 0=0000000000000000] R[r 0=0000000000000000] inst=[0000006f] j       pc + 0x0
C0:       1919 [1] pc=[0000000080000390] W[r 0=0000000080000394][1] R[r 0=0000000000000000] R[r 0=0000000000000000] inst=[0000006f] j       pc + 0x0
C0:       1920 [1] pc=[0000000080000390] W[r 0=0000000080000394][1] R[r 0=0000000000000000] R[r 0=0000000000000000] inst=[0000006f] j       pc + 0x0
C0:       1921 [1] pc=[0000000080000390] W[r 0=0000000080000394][1] R[r 0=0000000000000000] R[r 0=0000000000000000] inst=[0000006f] j       pc + 0x0
C0:       1923 [1] pc=[0000000080000390] W[r 0=0000000080000394][1] R[r 0=0000000000000000] R[r 0=0000000000000000] inst=[0000006f] j       pc + 0x0
C0:       1925 [1] pc=[0000000080000390] W[r 0=0000000080000394][1] R[r 0=0000000000000000] R[r 0=0000000000000000] inst=[0000006f] j       pc + 0x0
C0:       1926 [1] pc=[0000000080000390] W[r 0=0000000080000394][1] R[r 0=0000000000000000] R[r 0=0000000000000000] inst=[0000006f] j       pc + 0x0
C0:       1927 [1] pc=[0000000080000390] W[r 0=0000000080000394][1] R[r 0=0000000000000000] R[r 0=0000000000000000] inst=[0000006f] j       pc + 0x0
C0:       1929 [1] pc=[0000000080000390] W[r 0=0000000080000394][1] R[r 0=0000000000000000] R[r 0=0000000000000000] inst=[0000006f] j       pc + 0x0
C0:       1931 [1] pc=[0000000080000390] W[r 0=0000000080000394][1] R[r 0=0000000000000000] R[r 0=0000000000000000] inst=[0000006f] j       pc + 0x0
C0:       1932 [1] pc=[0000000080000390] W[r 0=0000000080000394][1] R[r 0=0000000000000000] R[r 0=0000000000000000] inst=[0000006f] j       pc + 0x0
C0:       1933 [1] pc=[0000000080000390] W[r 0=0000000080000394][1] R[r 0=0000000000000000] R[r 0=0000000000000000] inst=[0000006f] j       pc + 0x0
C0:       1935 [1] pc=[0000000080000390] W[r 0=0000000080000394][1] R[r 0=0000000000000000] R[r 0=0000000000000000] inst=[0000006f] j       pc + 0x0
C0:       1937 [1] pc=[0000000080000390] W[r 0=0000000080000394][1] R[r 0=0000000000000000] R[r 0=0000000000000000] inst=[0000006f] j       pc + 0x0
C0:       1938 [1] pc=[0000000080000390] W[r 0=0000000080000394][1] R[r 0=0000000000000000] R[r 0=0000000000000000] inst=[0000006f] j       pc + 0x0
C0:       1939 [1] pc=[0000000080000390] W[r 0=0000000080000394][1] R[r 0=0000000000000000] R[r 0=0000000000000000] inst=[0000006f] j       pc + 0x0
C0:       1941 [1] pc=[0000000080000390] W[r 0=0000000080000394][1] R[r 0=0000000000000000] R[r 0=0000000000000000] inst=[0000006f] j       pc + 0x0
C0:       1943 [1] pc=[0000000080000390] W[r 0=0000000080000394][1] R[r 0=0000000000000000] R[r 0=0000000000000000] inst=[0000006f] j       pc + 0x0
C0:       1944 [1] pc=[0000000080000390] W[r 0=0000000080000394][1] R[r 0=0000000000000000] R[r 0=0000000000000000] inst=[0000006f] j       pc + 0x0
C0:       1945 [1] pc=[0000000080000390] W[r 0=0000000080000394][1] R[r 0=0000000000000000] R[r 0=0000000000000000] inst=[0000006f] j       pc + 0x0
C0:       1947 [1] pc=[0000000080000390] W[r 0=0000000080000394][1] R[r 0=0000000000000000] R[r 0=0000000000000000] inst=[0000006f] j       pc + 0x0
C0:       1949 [1] pc=[0000000080000390] W[r 0=0000000080000394][1] R[r 0=0000000000000000] R[r 0=0000000000000000] inst=[0000006f] j       pc + 0x0
C0:       1950 [1] pc=[0000000080000390] W[r 0=0000000080000394][1] R[r 0=0000000000000000] R[r 0=0000000000000000] inst=[0000006f] j       pc + 0x0
C0:       1951 [1] pc=[0000000080000390] W[r 0=0000000080000394][1] R[r 0=0000000000000000] R[r 0=0000000000000000] inst=[0000006f] j       pc + 0x0
C0:       1953 [1] pc=[0000000080000390] W[r 0=0000000080000394][1] R[r 0=0000000000000000] R[r 0=0000000000000000] inst=[0000006f] j       pc + 0x0
C0:       1955 [1] pc=[0000000080000390] W[r 0=0000000080000394][1] R[r 0=0000000000000000] R[r 0=0000000000000000] inst=[0000006f] j       pc + 0x0
C0:       1956 [1] pc=[0000000080000390] W[r 0=0000000080000394][1] R[r 0=0000000000000000] R[r 0=0000000000000000] inst=[0000006f] j       pc + 0x0
C0:       1957 [1] pc=[0000000080000390] W[r 0=0000000080000394][1] R[r 0=0000000000000000] R[r 0=0000000000000000] inst=[0000006f] j       pc + 0x0
C0:       1959 [1] pc=[0000000080000390] W[r 0=0000000080000394][1] R[r 0=0000000000000000] R[r 0=0000000000000000] inst=[0000006f] j       pc + 0x0
C0:       1961 [1] pc=[0000000080000390] W[r 0=0000000080000394][1] R[r 0=0000000000000000] R[r 0=0000000000000000] inst=[0000006f] j       pc + 0x0
C0:       1962 [1] pc=[0000000080000390] W[r 0=0000000080000394][1] R[r 0=0000000000000000] R[r 0=0000000000000000] inst=[0000006f] j       pc + 0x0
C0:       1963 [1] pc=[0000000080000390] W[r 0=0000000080000394][1] R[r 0=0000000000000000] R[r 0=0000000000000000] inst=[0000006f] j       pc + 0x0
C0:       1965 [1] pc=[0000000080000390] W[r 0=0000000080000394][1] R[r 0=0000000000000000] R[r 0=0000000000000000] inst=[0000006f] j       pc + 0x0
C0:       1967 [1] pc=[0000000080000390] W[r 0=0000000080000394][1] R[r 0=0000000000000000] R[r 0=0000000000000000] inst=[0000006f] j       pc + 0x0
C0:       1968 [1] pc=[0000000080000390] W[r 0=0000000080000394][1] R[r 0=0000000000000000] R[r 0=0000000000000000] inst=[0000006f] j       pc + 0x0
C0:       1969 [1] pc=[0000000080000390] W[r 0=0000000080000394][1] R[r 0=0000000000000000] R[r 0=0000000000000000] inst=[0000006f] j       pc + 0x0
C0:       1971 [1] pc=[0000000080000390] W[r 0=0000000080000394][1] R[r 0=0000000000000000] R[r 0=0000000000000000] inst=[0000006f] j       pc + 0x0
*** PASSED *** Completed after               332196 simulation cycles
