ERROR: ld.so: object '/home/rsaravan/chipyard/.conda-env/lib/libstdc++.so.6' from LD_PRELOAD cannot be preloaded (wrong ELF class: ELFCLASS64): ignored.
testing $random aa374254
== Loading device model file '/home/rsaravan/chipyard/generators/testchipip/src/main/resources/dramsim2_ini/DDR3_micron_64M_8B_x4_sg15.ini' == 
== Loading system model file '/home/rsaravan/chipyard/generators/testchipip/src/main/resources/dramsim2_ini/system.ini' == 
===== MemorySystem 0 =====
CH. 0 TOTAL_STORAGE : 4096MB | 1 Ranks | 16 Devices per rank
DRAMSim2 Clock Frequency =666666666Hz, CPU Clock Frequency=500000000Hz
C0:         19 [1] pc=[0000000000010040] W[r10=0000000000010040][1] R[r 0=0000000000000000] R[r 0=0000000000000000] inst=[00000517] auipc   a0, 0x0
C0:         20 [1] pc=[0000000000010044] W[r10=0000000000010000][1] R[r10=0000000000010040] R[r 0=0000000000000000] inst=[fc050513] addi    a0, a0, -64
C0:         21 [1] pc=[0000000000010048] W[r 0=0000000000000000][1] R[r10=0000000000010000] R[r 0=0000000000000000] inst=[30551073] csrw    mtvec, a0
C0:         26 [1] pc=[000000000001004c] W[r 5=800000000094112d][1] R[r 0=0000000000000000] R[r 0=0000000000000000] inst=[301022f3] csrr    t0, misa
C0:         29 [1] pc=[0000000000010050] W[r 5=ffffe00000000025][1] R[r 5=800000000094112d] R[r 0=0000000000000000] inst=[4122d293] srai    t0, t0, 18
C0:         30 [1] pc=[0000000000010054] W[r 5=0000000000000001][1] R[r 5=ffffe00000000025] R[r 0=0000000000000000] inst=[0012f293] andi    t0, t0, 1
C0:         31 [1] pc=[0000000000010058] W[r 0=0000000000000000][0] R[r 5=0000000000000001] R[r 0=0000000000000000] inst=[00028463] beqz    t0, pc + 8
C0:         32 [1] pc=[000000000001005c] W[r 0=0000000000000202][1] R[r 0=0000000000000000] R[r 0=0000000000000000] inst=[30301073] csrw    mideleg, zero
C0:         37 [1] pc=[0000000000010060] W[r10=0000000000000008][1] R[r 0=0000000000000000] R[r 0=0000000000000000] inst=[00800513] li      a0, 8
C0:         38 [1] pc=[0000000000010064] W[r 0=0021820f436e91f8][1] R[r10=0000000000000008] R[r 0=0000000000000000] inst=[30451073] csrw    mie, a0
C0:         43 [1] pc=[0000000000010068] W[r 0=0000000a00001800][1] R[r10=0000000000000008] R[r 0=0000000000000000] inst=[30052073] csrs    mstatus, a0
C0:         48 [1] pc=[000000000001006c] W[r 0=0000000000000000][0] R[r 0=0000000000000000] R[r 0=0000000000000000] inst=[10500073] wfi
C0:         51 [0] pc=[0000000000010070] W[r 0=0000000000000000][0] R[r31=0000000000000008] R[r 0=0000000000000000] inst=[ffdff06f] j       pc - 0x4
C0:         70 [1] pc=[0000000000010000] W[r11=0000000002000000][1] R[r 0=0000000000000000] R[r 0=0000000000000000] inst=[020005b7] lui     a1, 0x2000
C0:         71 [1] pc=[0000000000010004] W[r10=0000000000000000][1] R[r 0=0000000000000000] R[r 0=0000000000000000] inst=[f1402573] csrr    a0, mhartid
C0:         74 [1] pc=[0000000000010008] W[r 0=0000000000000000][0] R[r10=0000000000000000] R[r 0=0000000000000000] inst=[00050463] beqz    a0, pc + 8
C0:         78 [1] pc=[0000000000010010] W[r12=0000000002000004][1] R[r11=0000000002000000] R[r 0=0000000000000000] inst=[00458613] addi    a2, a1, 4
C0:         79 [1] pc=[0000000000010014] W[r13=0000000000000001][1] R[r 0=0000000000000000] R[r 0=0000000000000000] inst=[00100693] li      a3, 1
C0:         80 [1] pc=[0000000000010018] W[r 0=0000000000000000][0] R[r12=0000000002000004] R[r13=0000000000000001] inst=[00d62023] sw      a3, 0(a2)
C0:         81 [1] pc=[000000000001001c] W[r12=0000000002000008][1] R[r12=0000000002000004] R[r 0=0000000000000000] inst=[00460613] addi    a2, a2, 4
C0:         87 [1] pc=[0000000000010020] W[r13=0000000000000000][0] R[r12=0000000002000008] R[r 0=0000000000000000] inst=[ffc62683] lw      a3, -4(a2)
C0:         95 [1] pc=[0000000000010024] W[r 0=0000000000000000][0] R[r13=0000000000000000] R[r 0=0000000000000000] inst=[fe069ae3] bnez    a3, pc - 12
C0:         96 [1] pc=[0000000000010028] W[r 0=000000000001002c][1] R[r 0=0000000000000000] R[r 0=0000000000000000] inst=[06c0006f] j       pc + 0x6c
C0:        116 [1] pc=[0000000000010094] W[r 0=0000000000000000][0] R[r11=0000000002000000] R[r 0=0000000000000000] inst=[0005a023] sw      zero, 0(a1)
C0:        117 [1] pc=[0000000000010098] W[r10=0000000000004000][1] R[r 0=0000000000000000] R[r 0=0000000000000000] inst=[00004537] lui     a0, 0x4
C0:        123 [1] pc=[000000000001009c] W[r10=0000000000000000][0] R[r10=0000000000004000] R[r 0=0000000000000000] inst=[00053503] ld      a0, 0(a0)
C0:        135 [1] pc=[00000000000100a0] W[r 0=0000000000010070][1] R[r10=0000000080000000] R[r 0=0000000000000000] inst=[34151073] csrw    mepc, a0
C0:        136 [1] pc=[00000000000100a4] W[r10=0000000000000000][1] R[r 0=0000000000000000] R[r 0=0000000000000000] inst=[f1402573] csrr    a0, mhartid
C0:        137 [1] pc=[00000000000100a8] W[r11=00000000000100a8][1] R[r 0=0000000000000000] R[r 0=0000000000000000] inst=[00000597] auipc   a1, 0x0
C0:        138 [1] pc=[00000000000100ac] W[r11=00000000000100c0][1] R[r11=00000000000100a8] R[r 0=0000000000000000] inst=[01858593] addi    a1, a1, 24
C0:        139 [1] pc=[00000000000100b0] W[r12=0000000000000080][1] R[r 0=0000000000000000] R[r 0=0000000000000000] inst=[08000613] li      a2, 128
C0:        140 [1] pc=[00000000000100b4] W[r 0=0000000a00001880][1] R[r12=0000000000000080] R[r 0=0000000000000000] inst=[30063073] csrc    mstatus, a2
C0:        145 [1] pc=[00000000000100b8] W[r 0=0000000000000000][0] R[r 0=0000000000000000] R[r 0=0000000000000000] inst=[30200073] mret
C0:        166 [1] pc=[0000000080000000] W[r31=0000000080010000][1] R[r 0=0000000000000000] R[r 0=0000000000000000] inst=[00010f97] auipc   t6, 0x10
C0:        167 [1] pc=[0000000080000004] W[r31=0000000080010000][1] R[r31=0000000080010000] R[r 0=0000000000000000] inst=[000f8f93] mv      t6, t6
C0:        184 [1] pc=[0000000080000008] W[r 1=b4a4d0be4b56f10e][1] R[r31=0000000080010000] R[r 0=0000000000000000] inst=[000fb083] ld      ra, 0(t6)
C0:        185 [1] pc=[000000008000000c] W[r 2=52974eedab0004a4][1] R[r31=0000000080010000] R[r 0=0000000000000000] inst=[008fb103] ld      sp, 8(t6)
C0:        186 [1] pc=[0000000080000010] W[r 3=7eb4127856f591ec][1] R[r31=0000000080010000] R[r 0=0000000000000000] inst=[010fb183] ld      gp, 16(t6)
C0:        187 [1] pc=[0000000080000014] W[r 4=75173b8d671b82a3][1] R[r31=0000000080010000] R[r 0=0000000000000000] inst=[018fb203] ld      tp, 24(t6)
C0:        188 [1] pc=[0000000080000018] W[r 5=a69c5c5fd6ac83a1][1] R[r31=0000000080010000] R[r 0=0000000000000000] inst=[020fb283] ld      t0, 32(t6)
C0:        189 [1] pc=[000000008000001c] W[r 6=e0d18245b78fdf80][1] R[r31=0000000080010000] R[r 0=0000000000000000] inst=[028fb303] ld      t1, 40(t6)
C0:        190 [1] pc=[0000000080000020] W[r 7=4a6efa304f42a393][1] R[r31=0000000080010000] R[r 0=0000000000000000] inst=[030fb383] ld      t2, 48(t6)
C0:        191 [1] pc=[0000000080000024] W[r 8=11a987dd2143682d][1] R[r31=0000000080010000] R[r 0=0000000000000000] inst=[038fb403] ld      s0, 56(t6)
C0:        208 [1] pc=[0000000080000028] W[r 9=743b4ba284b0114d][1] R[r31=0000000080010000] R[r 0=0000000000000000] inst=[040fb483] ld      s1, 64(t6)
C0:        209 [1] pc=[000000008000002c] W[r10=0014685926e21225][1] R[r31=0000000080010000] R[r 0=0000000000000000] inst=[048fb503] ld      a0, 72(t6)
C0:        210 [1] pc=[0000000080000030] W[r11=abb593a9bf8b9b77][1] R[r31=0000000080010000] R[r 0=0000000000000000] inst=[050fb583] ld      a1, 80(t6)
C0:        211 [1] pc=[0000000080000034] W[r12=f4f1e7606695d7ba][1] R[r31=0000000080010000] R[r 0=0000000000000000] inst=[058fb603] ld      a2, 88(t6)
C0:        212 [1] pc=[0000000080000038] W[r13=e38b8e6665a840f4][1] R[r31=0000000080010000] R[r 0=0000000000000000] inst=[060fb683] ld      a3, 96(t6)
C0:        213 [1] pc=[000000008000003c] W[r14=f1fc6769a55c3283][1] R[r31=0000000080010000] R[r 0=0000000000000000] inst=[068fb703] ld      a4, 104(t6)
C0:        263 [1] pc=[0000000080000040] W[r15=2c24e13cf81a15d1][1] R[r31=0000000080010000] R[r 0=0000000000000000] inst=[070fb783] ld      a5, 112(t6)
C0:        264 [1] pc=[0000000080000044] W[r16=d95f9d2cd09d567f][1] R[r31=0000000080010000] R[r 0=0000000000000000] inst=[078fb803] ld      a6, 120(t6)
C0:        309 [1] pc=[0000000080000048] W[r17=461e6adbe06869e3][1] R[r31=0000000080010000] R[r 0=0000000000000000] inst=[080fb883] ld      a7, 128(t6)
C0:        310 [1] pc=[000000008000004c] W[r18=da2810216d2dd144][1] R[r31=0000000080010000] R[r 0=0000000000000000] inst=[088fb903] ld      s2, 136(t6)
C0:        311 [1] pc=[0000000080000050] W[r19=2ce0e157ed43a6a2][1] R[r31=0000000080010000] R[r 0=0000000000000000] inst=[090fb983] ld      s3, 144(t6)
C0:        312 [1] pc=[0000000080000054] W[r20=07afd4ea951d8dd3][1] R[r31=0000000080010000] R[r 0=0000000000000000] inst=[098fba03] ld      s4, 152(t6)
C0:        313 [1] pc=[0000000080000058] W[r21=032178a733d9bb87][1] R[r31=0000000080010000] R[r 0=0000000000000000] inst=[0a0fba83] ld      s5, 160(t6)
C0:        314 [1] pc=[000000008000005c] W[r22=4ea2058ddf4d4537][1] R[r31=0000000080010000] R[r 0=0000000000000000] inst=[0a8fbb03] ld      s6, 168(t6)
C0:        315 [1] pc=[0000000080000060] W[r23=5f8cd967b5a23e85][1] R[r31=0000000080010000] R[r 0=0000000000000000] inst=[0b0fbb83] ld      s7, 176(t6)
C0:        316 [1] pc=[0000000080000064] W[r24=50cc2f5d878f939a][1] R[r31=0000000080010000] R[r 0=0000000000000000] inst=[0b8fbc03] ld      s8, 184(t6)
C0:        362 [1] pc=[0000000080000068] W[r25=d3439c59fdcd846e][1] R[r31=0000000080010000] R[r 0=0000000000000000] inst=[0c0fbc83] ld      s9, 192(t6)
C0:        363 [1] pc=[000000008000006c] W[r26=09c5b7054d0cf8dc][1] R[r31=0000000080010000] R[r 0=0000000000000000] inst=[0c8fbd03] ld      s10, 200(t6)
C0:        364 [1] pc=[0000000080000070] W[r27=f0c88ac06bb7f3bc][1] R[r31=0000000080010000] R[r 0=0000000000000000] inst=[0d0fbd83] ld      s11, 208(t6)
C0:        365 [1] pc=[0000000080000074] W[r28=0b303141d1b582df][1] R[r31=0000000080010000] R[r 0=0000000000000000] inst=[0d8fbe03] ld      t3, 216(t6)
C0:        366 [1] pc=[0000000080000078] W[r29=b413c6f37ef4b2e1][1] R[r31=0000000080010000] R[r 0=0000000000000000] inst=[0e0fbe83] ld      t4, 224(t6)
C0:        367 [1] pc=[000000008000007c] W[r30=0dae588fef63d50f][1] R[r31=0000000080010000] R[r 0=0000000000000000] inst=[0e8fbf03] ld      t5, 232(t6)
C0:        389 [1] pc=[0000000080000080] W[r31=a957d912db384af5][1] R[r31=0000000080010000] R[r 0=0000000000000000] inst=[0f0fbf83] ld      t6, 240(t6)
C0:        390 [1] pc=[0000000080000084] W[r 0=0000000080000088][1] R[r 0=0000000000000000] R[r 0=0000000000000000] inst=[2d80006f] j       pc + 0x2d8
C0:        413 [1] pc=[000000008000035c] W[r 0=0000000a00000080][1] R[r 0=0000000000000000] R[r 0=0000000000000000] inst=[30005073] csrwi   mstatus, 0
C0:        418 [1] pc=[0000000080000360] W[r10=0000000000000000][1] R[r 0=0000000000000000] R[r 0=0000000000000000] inst=[f1402573] csrr    a0, mhartid
C0:        421 [1] pc=[0000000080000364] W[r 0=0000000000000000][0] R[r10=0000000000000000] R[r 0=0000000000000000] inst=[00051063] bnez    a0, pc + 0
C0:        422 [1] pc=[0000000080000368] W[r 5=0000000080000368][1] R[r 0=0000000000000000] R[r 0=0000000000000000] inst=[00000297] auipc   t0, 0x0
C0:        423 [1] pc=[000000008000036c] W[r 5=0000000080000380][1] R[r 5=0000000080000368] R[r 0=0000000000000000] inst=[01828293] addi    t0, t0, 24
C0:        424 [1] pc=[0000000080000370] W[r 0=0000000000010000][1] R[r 5=0000000080000380] R[r 0=0000000000000000] inst=[30529073] csrw    mtvec, t0
C0:        429 [1] pc=[0000000080000374] W[r 0=0000000000e0355d][1] R[r 0=0000000000000000] R[r 0=0000000000000000] inst=[30205073] csrwi   medeleg, 0
C0:        434 [1] pc=[0000000080000378] W[r 0=0000000000000000][1] R[r 0=0000000000000000] R[r 0=0000000000000000] inst=[30305073] csrwi   mideleg, 0
C0:        439 [1] pc=[000000008000037c] W[r 0=0000000000000008][1] R[r 0=0000000000000000] R[r 0=0000000000000000] inst=[30405073] csrwi   mie, 0
C0:        456 [1] pc=[0000000080000380] W[r 5=0000000080000380][1] R[r 0=0000000000000000] R[r 0=0000000000000000] inst=[00000297] auipc   t0, 0x0
C0:        457 [1] pc=[0000000080000384] W[r 5=0000000080000390][1] R[r 5=0000000080000380] R[r 0=0000000000000000] inst=[01028293] addi    t0, t0, 16
C0:        458 [1] pc=[0000000080000388] W[r 0=0000000080000380][1] R[r 5=0000000080000390] R[r 0=0000000000000000] inst=[30529073] csrw    mtvec, t0
C0:        463 [1] pc=[000000008000038c] W[r 0=0000024673b8f237][1] R[r 0=0000000000000000] R[r 0=0000000000000000] inst=[18005073] csrwi   satp, 0
C0:        468 [1] pc=[0000000080000390] W[r 5=0000000080000390][1] R[r 0=0000000000000000] R[r 0=0000000000000000] inst=[00000297] auipc   t0, 0x0
C0:        469 [1] pc=[0000000080000394] W[r 5=00000000800003b4][1] R[r 5=0000000080000390] R[r 0=0000000000000000] inst=[02428293] addi    t0, t0, 36
C0:        470 [1] pc=[0000000080000398] W[r 0=0000000080000390][1] R[r 5=00000000800003b4] R[r 0=0000000000000000] inst=[30529073] csrw    mtvec, t0
C0:        475 [1] pc=[000000008000039c] W[r 5=0000000000000001][1] R[r 0=0000000000000000] R[r 0=0000000000000000] inst=[0010029b] addiw   t0, zero, 1
C0:        476 [1] pc=[00000000800003a0] W[r 5=0020000000000000][1] R[r 5=0000000000000001] R[r 0=0000000000000000] inst=[03529293] slli    t0, t0, 53
C0:        477 [1] pc=[00000000800003a4] W[r 5=001fffffffffffff][1] R[r 5=0020000000000000] R[r 0=0000000000000000] inst=[fff28293] addi    t0, t0, -1
C0:        478 [1] pc=[00000000800003a8] W[r 0=0000000028d90b3c][1] R[r 5=001fffffffffffff] R[r 0=0000000000000000] inst=[3b029073] csrw    pmpaddr0, t0
C0:        483 [1] pc=[00000000800003ac] W[r 5=000000000000001f][1] R[r 0=0000000000000000] R[r 0=0000000000000000] inst=[01f00293] li      t0, 31
C0:        484 [1] pc=[00000000800003b0] W[r 0=0007010003050304][1] R[r 5=000000000000001f] R[r 0=0000000000000000] inst=[3a029073] csrw    pmpcfg0, t0
C0:        489 [1] pc=[00000000800003b4] W[r 5=00000000800003b4][1] R[r 0=0000000000000000] R[r 0=0000000000000000] inst=[00000297] auipc   t0, 0x0
C0:        490 [1] pc=[00000000800003b8] W[r 5=0000000080000118][1] R[r 5=00000000800003b4] R[r 0=0000000000000000] inst=[d6428293] addi    t0, t0, -668
C0:        491 [1] pc=[00000000800003bc] W[r 0=00000000800003b4][1] R[r 5=0000000080000118] R[r 0=0000000000000000] inst=[30529073] csrw    mtvec, t0
C0:        512 [1] pc=[00000000800003c0] W[r 3=0000000000000000][1] R[r 0=0000000000000000] R[r 0=0000000000000000] inst=[00000193] li      gp, 0
C0:        513 [1] pc=[00000000800003c4] W[r10=0000000000000001][1] R[r 0=0000000000000000] R[r 0=0000000000000000] inst=[00100513] li      a0, 1
C0:        514 [1] pc=[00000000800003c8] W[r10=0000000080000000][1] R[r10=0000000000000001] R[r 0=0000000000000000] inst=[01f51513] slli    a0, a0, 31
C0:        515 [1] pc=[00000000800003cc] W[r 0=0000000000000000][0] R[r10=0000000080000000] R[r 0=0000000000000000] inst=[00055c63] bgez    a0, pc + 24
C0:        519 [1] pc=[00000000800003e4] W[r 5=00000000800003e4][1] R[r 0=0000000000000000] R[r 0=0000000000000000] inst=[00000297] auipc   t0, 0x0
C0:        520 [1] pc=[00000000800003e8] W[r 5=0000000080000114][1] R[r 5=00000000800003e4] R[r 0=0000000000000000] inst=[d3028293] addi    t0, t0, -720
C0:        521 [1] pc=[00000000800003ec] W[r 0=ffffffd6f995f0c8][1] R[r 5=0000000080000114] R[r 0=0000000000000000] inst=[10529073] csrw    stvec, t0
C0:        526 [1] pc=[00000000800003f0] W[r 5=000000000000b000][1] R[r 0=0000000000000000] R[r 0=0000000000000000] inst=[0000b2b7] lui     t0, 0xb
C0:        527 [1] pc=[00000000800003f4] W[r 5=000000000000b109][1] R[r 5=000000000000b000] R[r 0=0000000000000000] inst=[1092829b] addiw   t0, t0, 265
C0:        528 [1] pc=[00000000800003f8] W[r 0=0000000000000000][1] R[r 5=000000000000b109] R[r 0=0000000000000000] inst=[3022a073] csrs    medeleg, t0
C0:        533 [1] pc=[00000000800003fc] W[r10=0000000000008000][1] R[r 0=0000000000000000] R[r 0=0000000000000000] inst=[00008537] lui     a0, 0x8
C0:        550 [1] pc=[0000000080000400] W[r10=0000000000007800][1] R[r10=0000000000008000] R[r 0=0000000000000000] inst=[8005051b] addiw   a0, a0, -2048
C0:        551 [1] pc=[0000000080000404] W[r 0=0000000a00000000][1] R[r10=0000000000007800] R[r 0=0000000000000000] inst=[30052073] csrs    mstatus, a0
C0:        556 [1] pc=[0000000080000408] W[r 0=000000000000003f][1] R[r 0=0000000000000000] R[r 0=0000000000000000] inst=[00305073] csrwi   fcsr, 0
C0:        561 [1] pc=[000000008000040c] W[r 1=0000000080000410][1] R[r 0=0000000000000000] R[r 0=0000000000000000] inst=[c7dff0ef] jal     pc - 0x384
C0:        562 [1] pc=[0000000080000088] W[r31=0000000080020088][1] R[r 0=0000000000000000] R[r 0=0000000000000000] inst=[00020f97] auipc   t6, 0x20
C0:        563 [1] pc=[000000008000008c] W[r31=0000000080020000][1] R[r31=0000000080020088] R[r 0=0000000000000000] inst=[f78f8f93] addi    t6, t6, -136
C0:        609 [1] pc=[0000000080000090] W[r 0=0000000000000000][0] R[r31=0000000080020000] R[r 0=0000000000000000] inst=[000fa007] flw     ft0, 0(t6)
C0:        610 [1] pc=[0000000080000094] W[r 1=0000000000000000][0] R[r31=0000000080020000] R[r 0=0000000000000000] inst=[008fa087] flw     ft1, 8(t6)
C0:        611 [1] pc=[0000000080000098] W[r 2=0000000000000000][0] R[r31=0000000080020000] R[r 0=0000000000000000] inst=[010fa107] flw     ft2, 16(t6)
C0:        612 [1] pc=[000000008000009c] W[r 3=0000000000000000][0] R[r31=0000000080020000] R[r 0=0000000000000000] inst=[018fb187] fld     ft3, 24(t6)
C0:        613 [1] pc=[00000000800000a0] W[r 4=0000000000000000][0] R[r31=0000000080020000] R[r 0=0000000000000000] inst=[020fb207] fld     ft4, 32(t6)
C0:        614 [1] pc=[00000000800000a4] W[r 5=0000000000000000][0] R[r31=0000000080020000] R[r 0=0000000000000000] inst=[028fb287] fld     ft5, 40(t6)
C0:        615 [1] pc=[00000000800000a8] W[r 6=0000000000000000][0] R[r31=0000000080020000] R[r 0=0000000000000000] inst=[030fb307] fld     ft6, 48(t6)
C0:        616 [1] pc=[00000000800000ac] W[r 7=0000000000000000][0] R[r31=0000000080020000] R[r 0=0000000000000000] inst=[038fa387] flw     ft7, 56(t6)
C0:        668 [1] pc=[00000000800000b0] W[r 8=0000000000000000][0] R[r31=0000000080020000] R[r 0=0000000000000000] inst=[040fb407] fld     fs0, 64(t6)
C0:        669 [1] pc=[00000000800000b4] W[r 9=0000000000000000][0] R[r31=0000000080020000] R[r 0=0000000000000000] inst=[048fb487] fld     fs1, 72(t6)
C0:        670 [1] pc=[00000000800000b8] W[r10=0000000000000000][0] R[r31=0000000080020000] R[r 0=0000000000000000] inst=[050fa507] flw     fa0, 80(t6)
C0:        671 [1] pc=[00000000800000bc] W[r11=0000000000000000][0] R[r31=0000000080020000] R[r 0=0000000000000000] inst=[058fb587] fld     fa1, 88(t6)
C0:        721 [1] pc=[00000000800000c0] W[r12=0000000000000000][0] R[r31=0000000080020000] R[r 0=0000000000000000] inst=[060fb607] fld     fa2, 96(t6)
C0:        722 [1] pc=[00000000800000c4] W[r13=0000000000000000][0] R[r31=0000000080020000] R[r 0=0000000000000000] inst=[068fb687] fld     fa3, 104(t6)
C0:        723 [1] pc=[00000000800000c8] W[r14=0000000000000000][0] R[r31=0000000080020000] R[r 0=0000000000000000] inst=[070fa707] flw     fa4, 112(t6)
C0:        724 [1] pc=[00000000800000cc] W[r15=0000000000000000][0] R[r31=0000000080020000] R[r 0=0000000000000000] inst=[078fb787] fld     fa5, 120(t6)
C0:        768 [1] pc=[00000000800000d0] W[r16=0000000000000000][0] R[r31=0000000080020000] R[r 0=0000000000000000] inst=[080fb807] fld     fa6, 128(t6)
C0:        769 [1] pc=[00000000800000d4] W[r17=0000000000000000][0] R[r31=0000000080020000] R[r 0=0000000000000000] inst=[088fa887] flw     fa7, 136(t6)
C0:        770 [1] pc=[00000000800000d8] W[r18=0000000000000000][0] R[r31=0000000080020000] R[r 0=0000000000000000] inst=[090fa907] flw     fs2, 144(t6)
C0:        771 [1] pc=[00000000800000dc] W[r19=0000000000000000][0] R[r31=0000000080020000] R[r 0=0000000000000000] inst=[098fa987] flw     fs3, 152(t6)
C0:        772 [1] pc=[00000000800000e0] W[r20=0000000000000000][0] R[r31=0000000080020000] R[r 0=0000000000000000] inst=[0a0fba07] fld     fs4, 160(t6)
C0:        773 [1] pc=[00000000800000e4] W[r21=0000000000000000][0] R[r31=0000000080020000] R[r 0=0000000000000000] inst=[0a8faa87] flw     fs5, 168(t6)
C0:        774 [1] pc=[00000000800000e8] W[r22=0000000000000000][0] R[r31=0000000080020000] R[r 0=0000000000000000] inst=[0b0fbb07] fld     fs6, 176(t6)
C0:        775 [1] pc=[00000000800000ec] W[r23=0000000000000000][0] R[r31=0000000080020000] R[r 0=0000000000000000] inst=[0b8fbb87] fld     fs7, 184(t6)
C0:        827 [1] pc=[00000000800000f0] W[r24=0000000000000000][0] R[r31=0000000080020000] R[r 0=0000000000000000] inst=[0c0fbc07] fld     fs8, 192(t6)
C0:        828 [1] pc=[00000000800000f4] W[r25=0000000000000000][0] R[r31=0000000080020000] R[r 0=0000000000000000] inst=[0c8fbc87] fld     fs9, 200(t6)
C0:        829 [1] pc=[00000000800000f8] W[r26=0000000000000000][0] R[r31=0000000080020000] R[r 0=0000000000000000] inst=[0d0fbd07] fld     fs10, 208(t6)
C0:        830 [1] pc=[00000000800000fc] W[r27=0000000000000000][0] R[r31=0000000080020000] R[r 0=0000000000000000] inst=[0d8fbd87] fld     fs11, 216(t6)
C0:        852 [1] pc=[0000000080000100] W[r28=0000000000000000][0] R[r31=0000000080020000] R[r 0=0000000000000000] inst=[0e0fbe07] fld     ft8, 224(t6)
C0:        853 [1] pc=[0000000080000104] W[r29=0000000000000000][0] R[r31=0000000080020000] R[r 0=0000000000000000] inst=[0e8fae87] flw     ft9, 232(t6)
C0:        854 [1] pc=[0000000080000108] W[r30=0000000000000000][0] R[r31=0000000080020000] R[r 0=0000000000000000] inst=[0f0faf07] flw     ft10, 240(t6)
C0:        855 [1] pc=[000000008000010c] W[r31=0000000000000000][0] R[r31=0000000080020000] R[r 0=0000000000000000] inst=[0f8faf87] flw     ft11, 248(t6)
C0:        856 [1] pc=[0000000080000110] W[r 0=0000000080000114][1] R[r 1=0000000080000410] R[r 0=0000000000000000] inst=[00008067] ret
C0:        858 [1] pc=[0000000080000410] W[r 0=000000000000008d][1] R[r 0=0000000000000000] R[r 0=0000000000000000] inst=[b0201073] csrw    minstret, zero
C0:        863 [1] pc=[0000000080000414] W[r10=0000000000000000][1] R[r 0=0000000000000000] R[r 0=0000000000000000] inst=[f1402573] csrr    a0, mhartid
C0:        864 [1] pc=[0000000080000418] W[r14=000000001a73e500][1] R[r 0=0000000000000000] R[r 0=0000000000000000] inst=[3b7d7773] csrrci  a4, pmpaddr7, 26
C0:        869 [1] pc=[000000008000041c] W[r10=000000753c17b906][1] R[r 0=0000000000000000] R[r 0=0000000000000000] inst=[143d6573] csrrsi  a0, stval, 26
C0:        872 [1] pc=[0000000080000420] W[r10=0000000080020420][1] R[r 0=0000000000000000] R[r 0=0000000000000000] inst=[00020517] auipc   a0, 0x20
C0:        873 [1] pc=[0000000080000424] W[r10=00000000800201a0][1] R[r10=0000000080020420] R[r 0=0000000000000000] inst=[d8050513] addi    a0, a0, -640
C0:        874 [1] pc=[0000000080000428] W[r10=00000000400100d0][1] R[r10=00000000800201a0] R[r 0=0000000000000000] inst=[40155513] srai    a0, a0, 1
C0:        875 [1] pc=[000000008000042c] W[r10=000000000e7595dc][1] R[r10=00000000400100d0] R[r 0=0000000000000000] inst=[3b352573] csrrs   a0, pmpaddr3, a0
C0:        880 [1] pc=[0000000080000430] W[r 5=0000000080000430][1] R[r 0=0000000000000000] R[r 0=0000000000000000] inst=[00000297] auipc   t0, 0x0
C0:        881 [1] pc=[0000000080000434] W[r 5=0000000080000480][1] R[r 5=0000000080000430] R[r 0=0000000000000000] inst=[05028293] addi    t0, t0, 80
C0:        882 [1] pc=[0000000080000438] W[r 0=0000000080000000][1] R[r 5=0000000080000480] R[r 0=0000000000000000] inst=[34129073] csrw    mepc, t0
C0:        883 [1] pc=[000000008000043c] W[r 5=0000000000000000][1] R[r 0=0000000000000000] R[r 0=0000000000000000] inst=[00000293] li      t0, 0
C0:        905 [1] pc=[0000000080000440] W[r 0=0000000000000000][0] R[r 0=0000000000000000] R[r 0=0000000000000000] inst=[30200073] mret
C0:        926 [1] pc=[0000000080000480] W[r13=0000000064d1a67b][1] R[r14=000000001a73e500] R[r23=5f8cd967b5a23e85] inst=[417706bb] subw    a3, a4, s7
C0:        927 [1] pc=[0000000080000484] W[r17=0000000000000000][0] R[r17=000000001a73e503] R[r21=5f8cd967b5a23e87] inst=[1158b8d3] fmul.s  fa7, fa7, fs5
C0:        928 [1] pc=[0000000080000488] W[r 0=0000000000000000][0] R[r 0=0000000000000000] R[r 0=0000000000000000] inst=[0000100f] fence.i
C0:        949 [1] pc=[000000008000048c] W[r10=000000008001048c][1] R[r 0=0000000000000000] R[r 0=0000000000000000] inst=[00010517] auipc   a0, 0x10
C0:        950 [1] pc=[0000000080000490] W[r10=0000000080010100][1] R[r10=000000008001048c] R[r 0=0000000000000000] inst=[c7450513] addi    a0, a0, -908
C0:       1041 [1] pc=[0000000080000494] W[r26=0000000000000000][0] R[r10=0000000080010100] R[r 0=0000000000000000] inst=[00052d07] flw     fs10, 0(a0)
C0:       1042 [1] pc=[0000000080000498] W[r14=000000007ffff498][1] R[r 0=0000000000000000] R[r 0=0000000000000000] inst=[fffff717] auipc   a4, 0xfffff
C0:       1043 [1] pc=[000000008000049c] W[r29=000000008002049c][1] R[r 0=0000000000000000] R[r 0=0000000000000000] inst=[00020e97] auipc   t4, 0x20
C0:       1044 [1] pc=[00000000800004a0] W[r29=00000000800200f0][1] R[r29=000000008002049c] R[r 0=0000000000000000] inst=[c54e8e93] addi    t4, t4, -940
C0:       1089 [1] pc=[00000000800004a4] W[r 0=0000000000000000][0] R[r29=00000000800200f0] R[r16=d95f9d2cd09d567f] inst=[010eb823] sd      a6, 16(t4)
C0:       1090 [1] pc=[00000000800004a8] W[r 7=00000000800104a8][1] R[r 0=0000000000000000] R[r 0=0000000000000000] inst=[00010397] auipc   t2, 0x10
C0:       1091 [1] pc=[00000000800004ac] W[r 5=0000000000000002][1] R[r26=00000000800200f3] R[r 0=0000000000000000] inst=[e00d12d3] fclass.s t0, fs10
C0:       1092 [1] pc=[00000000800004b0] W[r 8=00000000800504b0][1] R[r 0=0000000000000000] R[r 0=0000000000000000] inst=[00050417] auipc   s0, 0x50
C0:       1093 [1] pc=[00000000800004b4] W[r 8=0000000080050130][1] R[r 8=00000000800504b0] R[r 0=0000000000000000] inst=[c8040413] addi    s0, s0, -896
C0:       1128 [1] pc=[00000000800004b8] W[r28=0000000000000000][0] R[r 8=0000000080050130] R[r 0=0000000000000000] inst=[00042e07] flw     ft8, 0(s0)
C0:       1129 [1] pc=[00000000800004bc] W[r28=f4f1e7606695d7ba][1] R[r12=f4f1e7606695d7ba] R[r 0=0000000000000000] inst=[00066e13] ori     t3, a2, 0
C0:       1151 [1] pc=[00000000800004c0] W[r12=00000000800104c0][1] R[r 0=0000000000000000] R[r 0=0000000000000000] inst=[00010617] auipc   a2, 0x10
C0:       1152 [1] pc=[00000000800004c4] W[r12=00000000800100a0][1] R[r12=00000000800104c0] R[r 0=0000000000000000] inst=[be060613] addi    a2, a2, -1056
C0:       1153 [1] pc=[00000000800004c8] W[r12=0000000080010090][1] R[r12=00000000800100a0] R[r 0=0000000000000000] inst=[ff060613] addi    a2, a2, -16
C0:       1170 [1] pc=[00000000800004cc] W[r10=2ce0e157ed43a6a2][1] R[r12=0000000080010090] R[r17=461e6adbe06869e3] inst=[4116352f] amoor.d a0, a7, (a2)
C0:       1171 [1] pc=[00000000800004d0] W[r27=0000000000000000][0] R[r22=4ea2058ddf4d4537] R[r 1=0000000080000410] inst=[021b5dbb] divuw   s11, s6, ra
C0:       1176 [1] pc=[00000000800004d4] W[r 4=0000000000000000][0] R[r11=abb593a9bf8b9b77] R[r16=d95f9d2cd09d567f] inst=[0305e233] rem     tp, a1, a6
C0:       1177 [1] pc=[00000000800004d8] W[r28=00000000800004d8][1] R[r 0=0000000000000000] R[r 0=0000000000000000] inst=[00000e17] auipc   t3, 0x0
C0:       1178 [1] pc=[00000000800004dc] W[r28=0000000080000560][1] R[r28=00000000800004d8] R[r 0=0000000000000000] inst=[088e0e13] addi    t3, t3, 136
C0:       1179 [1] pc=[00000000800004e0] W[r12=00000000800004e4][1] R[r28=0000000080000560] R[r 0=0000000000000000] inst=[000e0667] jalr    a2, t3, 0
C0:       1204 [1] pc=[0000000080000560] W[r 6=0000000000000000][1] R[r 2=52974eedab0004a4] R[r 0=0000000000000000] inst=[d1912313] slti    t1, sp, -743
C0:       1205 [1] pc=[0000000080000564] W[r25=0000000000000000][0] R[r23=5f8cd967b5a23e85] R[r28=0000000080000560] inst=[03cb8cbb] mulw    s9, s7, t3
C0:       1206 [1] pc=[0000000080000568] W[r28=0000000000000000][0] R[r19=5f8cd967b5a23e87] R[r 3=0000000080000563] inst=[20398e53] fsgnj.s ft8, fs3, ft3
C0:       1207 [1] pc=[000000008000056c] W[r12=0000000000000000][1] R[r25=0000000035a243e5] R[r19=0000000080000563] inst=[a13ca653] feq.s   a2, fs9, fs3
C0:       1208 [1] pc=[0000000080000570] W[r22=0000000080030570][1] R[r 0=0000000000000000] R[r 0=0000000000000000] inst=[00030b17] auipc   s6, 0x30
C0:       1209 [1] pc=[0000000080000574] W[r22=00000000800300c0][1] R[r22=0000000080030570] R[r 0=0000000000000000] inst=[b50b0b13] addi    s6, s6, -1200
C0:       1260 [1] pc=[0000000080000578] W[r 0=0000000000000000][0] R[r22=00000000800300c0] R[r17=461e6adbe06869e3] inst=[ff1b1123] sh      a7, -30(s6)
C0:       1261 [1] pc=[000000008000057c] W[r12=0000000000000000][0] R[r16=00000000800300c3] R[r 1=461e6adbe06869e3] inst=[8818264b] fnmsub.s fa2, fa6, ft1, fa7
C0:       1285 [1] pc=[0000000080000580] W[r27=0000000080010580][1] R[r 0=0000000000000000] R[r 0=0000000000000000] inst=[00010d97] auipc   s11, 0x10
C0:       1286 [1] pc=[0000000080000584] W[r27=00000000800100b0][1] R[r27=0000000080010580] R[r 0=0000000000000000] inst=[b30d8d93] addi    s11, s11, -1232
C0:       1287 [1] pc=[0000000080000588] W[r27=00000000800100a4][1] R[r27=00000000800100b0] R[r 0=0000000000000000] inst=[ff4d8d93] addi    s11, s11, -12
C0:       1288 [1] pc=[000000008000058c] W[r 5=00000000032178a7][1] R[r27=00000000800100a4] R[r27=00000000800100a4] inst=[e1bda2af] amomaxu.w t0, s11, (s11)
C0:       1289 [1] pc=[0000000080000590] W[r11=0000000058002520][1] R[r 2=52974eedab0004a4] R[r 0=0000000000000000] inst=[0031159b] slliw   a1, sp, 3
C0:       1290 [1] pc=[0000000080000594] W[r22=0000000000000000][0] R[r 7=00000000800104a8] R[r 0=0000000000000000] inst=[d0339b53] fcvt.s.lu fs6, t2
C0:       1291 [1] pc=[0000000080000598] W[r15=0000000000000000][0] R[r 2=00000000800104ab] R[r 5=461e6adbe06869e3] inst=[805127c3] fmadd.s fa5, ft2, ft5, fa6
C0:       1292 [1] pc=[000000008000059c] W[r 9=ffffffffc8100ae0][1] R[r25=ffffffffc8100ae0] R[r 0=0000000000000000] inst=[000c9493] slli    s1, s9, 0
C0:       1293 [1] pc=[00000000800005a0] W[r 2=00000000800405a0][1] R[r 0=0000000000000000] R[r 0=0000000000000000] inst=[00040117] auipc   sp, 0x40
C0:       1294 [1] pc=[00000000800005a4] W[r 2=0000000080040090][1] R[r 2=00000000800405a0] R[r 0=0000000000000000] inst=[af010113] addi    sp, sp, -1296
C0:       1329 [1] pc=[00000000800005a8] W[r23=0000000000000000][0] R[r 2=0000000080040090] R[r 0=0000000000000000] inst=[01c12b87] flw     fs7, 28(sp)
C0:       1330 [1] pc=[00000000800005ac] W[r 8=00000000800405ac][1] R[r 0=0000000000000000] R[r 0=0000000000000000] inst=[00040417] auipc   s0, 0x40
C0:       1331 [1] pc=[00000000800005b0] W[r 8=00000000800400a0][1] R[r 8=00000000800405ac] R[r 0=0000000000000000] inst=[af440413] addi    s0, s0, -1292
C0:       1332 [1] pc=[00000000800005b4] W[r24=fffffffffffffff1][1] R[r 8=00000000800400a0] R[r 0=0000000000000000] inst=[01440c03] lb      s8, 20(s0)
C0:       1333 [1] pc=[00000000800005b8] W[r 3=0000000000000000][0] R[r 0=0000000000000000] R[r 0=0000000000000000] inst=[d01001d3] fcvt.s.wu ft3, zero
C0:       1334 [1] pc=[00000000800005bc] W[r 0=0000000000000000][0] R[r 2=0000000080040090] R[r21=032178a733d9bb87] inst=[17514463] blt     sp, s5, pc + 360
C0:       1359 [1] pc=[0000000080000724] W[r 4=0000000000000000][0] R[r 6=0000000080040093] R[r15=032178a733d9bb87] inst=[e8f3224b] fnmsub.s ft4, ft6, fa5, ft9
C0:       1360 [1] pc=[0000000080000728] W[r23=0000000000000000][0] R[r27=00000000800100a4] R[r15=2c24e13cf81a15d1] inst=[02fd8bbb] mulw    s7, s11, a5
C0:       1366 [1] pc=[000000008000072c] W[r 2=0000000000000000][0] R[r10=2ce0e157ed43a6a2] R[r16=d95f9d2cd09d567f] inst=[03055133] divu    sp, a0, a6
C0:       1367 [1] pc=[0000000080000730] W[r25=0000000080040730][1] R[r 0=0000000000000000] R[r 0=0000000000000000] inst=[00040c97] auipc   s9, 0x40
C0:       1368 [1] pc=[0000000080000734] W[r25=00000000800400e0][1] R[r25=0000000080040730] R[r 0=0000000000000000] inst=[9b0c8c93] addi    s9, s9, -1616
C0:       1369 [1] pc=[0000000080000738] W[r25=00000000800400e0][1] R[r25=00000000800400e0] R[r 0=0000000000000000] inst=[000c8c93] mv      s9, s9
C0:       1386 [1] pc=[000000008000073c] W[r 4=f77c4d5192239e4e][1] R[r25=00000000800400e0] R[r25=00000000800400e0] inst=[019cb22f] amoadd.d tp, s9, (s9)
C0:       1397 [1] pc=[0000000080000740] W[r28=0000000080020740][1] R[r 0=0000000000000000] R[r 0=0000000000000000] inst=[00020e17] auipc   t3, 0x20
C0:       1398 [1] pc=[0000000080000744] W[r28=00000000800201c0][1] R[r28=0000000080020740] R[r 0=0000000000000000] inst=[a80e0e13] addi    t3, t3, -1408
C0:       1399 [1] pc=[0000000080000748] W[r28=00000000800201c0][1] R[r28=00000000800201c0] R[r 0=0000000000000000] inst=[000e0e13] mv      t3, t3
C0:       1400 [1] pc=[000000008000074c] W[r24=ffffffffffe00000][1] R[r 0=0000000000000000] R[r 0=0000000000000000] inst=[ffe00c37] lui     s8, 0xffe00
C0:       1401 [1] pc=[0000000080000750] W[r28=ffffffff7fe201c0][1] R[r28=00000000800201c0] R[r24=ffffffffffe00000] inst=[018e4e33] xor     t3, t3, s8
C0:       1402 [0] pc=[0000000080000754] W[r27=0000000000000000][0] R[r28=ffffffff7fe201c0] R[r24=ffffffffffe00000] inst=[018e3daf] amoadd.d s11, s8, (t3)
C0:       1423 [1] pc=[0000000080000118] W[r 1=0000000080002118][1] R[r 0=0000000000000000] R[r 0=0000000000000000] inst=[00002097] auipc   ra, 0x2
C0:       1424 [1] pc=[000000008000011c] W[r 1=0000000080002200][1] R[r 1=0000000080002118] R[r 0=0000000000000000] inst=[0e808093] addi    ra, ra, 232
C0:       1433 [1] pc=[0000000080000120] W[r 2=8000000200006000][1] R[r 0=0000000000000000] R[r 0=0000000000000000] inst=[10002173] csrr    sp, sstatus
C0:       1452 [1] pc=[0000000080000124] W[r 0=0000000000000000][0] R[r 1=0000000080002200] R[r 2=8000000200006000] inst=[0420bc23] sd      sp, 88(ra)
C0:       1453 [1] pc=[0000000080000128] W[r 2=0000000000000000][1] R[r 0=0000000000000000] R[r 0=0000000000000000] inst=[10402173] csrr    sp, sie
C0:       1456 [1] pc=[000000008000012c] W[r 0=0000000000000000][0] R[r 1=0000000080002200] R[r 2=0000000000000000] inst=[0620b823] sd      sp, 112(ra)
C0:       1457 [1] pc=[0000000080000130] W[r 2=0000000080000114][1] R[r 0=0000000000000000] R[r 0=0000000000000000] inst=[10502173] csrr    sp, stvec
C0:       1460 [1] pc=[0000000080000134] W[r 0=0000000000000000][0] R[r 1=0000000080002200] R[r 2=0000000080000114] inst=[0620bc23] sd      sp, 120(ra)
C0:       1461 [1] pc=[0000000080000138] W[r 2=0000000000000005][1] R[r 0=0000000000000000] R[r 0=0000000000000000] inst=[10602173] csrr    sp, scounteren
C0:       1480 [1] pc=[000000008000013c] W[r 0=0000000000000000][0] R[r 1=0000000080002200] R[r 2=0000000000000005] inst=[0820b023] sd      sp, 128(ra)
C0:       1515 [1] pc=[0000000080000140] W[r 2=03705509c02a405b][1] R[r 0=0000000000000000] R[r 0=0000000000000000] inst=[14002173] csrr    sp, sscratch
C0:       1518 [1] pc=[0000000080000144] W[r 0=0000000000000000][0] R[r 1=0000000080002200] R[r 2=03705509c02a405b] inst=[0820b423] sd      sp, 136(ra)
C0:       1519 [1] pc=[0000000080000148] W[r 2=ffffffe8c44d51a4][1] R[r 0=0000000000000000] R[r 0=0000000000000000] inst=[14102173] csrr    sp, sepc
C0:       1522 [1] pc=[000000008000014c] W[r 0=0000000000000000][0] R[r 1=0000000080002200] R[r 2=ffffffe8c44d51a4] inst=[0820b823] sd      sp, 144(ra)
C0:       1523 [1] pc=[0000000080000150] W[r 2=5243e39961efb2ea][1] R[r 0=0000000000000000] R[r 0=0000000000000000] inst=[14202173] csrr    sp, scause
C0:       1526 [1] pc=[0000000080000154] W[r 0=0000000000000000][0] R[r 1=0000000080002200] R[r 2=5243e39961efb2ea] inst=[0820bc23] sd      sp, 152(ra)
C0:       1527 [1] pc=[0000000080000158] W[r 2=000000753c17b91e][1] R[r 0=0000000000000000] R[r 0=0000000000000000] inst=[14302173] csrr    sp, stval
C0:       1530 [1] pc=[000000008000015c] W[r 0=0000000000000000][0] R[r 1=0000000080002200] R[r 2=000000753c17b91e] inst=[0a20b023] sd      sp, 160(ra)
C0:       1531 [1] pc=[0000000080000160] W[r 2=0000000000000000][1] R[r 0=0000000000000000] R[r 0=0000000000000000] inst=[14402173] csrr    sp, sip
C0:       1534 [1] pc=[0000000080000164] W[r 2=0000000000000000][1] R[r 2=0000000000000000] R[r 0=0000000000000000] inst=[f7f17113] andi    sp, sp, -129
C0:       1535 [1] pc=[0000000080000168] W[r 0=0000000000000000][0] R[r 1=0000000080002200] R[r 2=0000000000000000] inst=[0a20b423] sd      sp, 168(ra)
C0:       1536 [1] pc=[000000008000016c] W[r 2=0000000000000000][1] R[r 0=0000000000000000] R[r 0=0000000000000000] inst=[18002173] csrr    sp, satp
C0:       1539 [1] pc=[0000000080000170] W[r 0=0000000000000000][0] R[r 1=0000000080002200] R[r 2=0000000000000000] inst=[0a20b823] sd      sp, 176(ra)
C0:       1540 [1] pc=[0000000080000174] W[r 2=0000000000000000][1] R[r 0=0000000000000000] R[r 0=0000000000000000] inst=[f1402173] csrr    sp, mhartid
C0:       1543 [1] pc=[0000000080000178] W[r 0=0000000000000000][0] R[r 1=0000000080002200] R[r 2=0000000000000000] inst=[0a20bc23] sd      sp, 184(ra)
C0:       1544 [1] pc=[000000008000017c] W[r 2=8000000a00007800][1] R[r 0=0000000000000000] R[r 0=0000000000000000] inst=[30002173] csrr    sp, mstatus
C0:       1610 [1] pc=[0000000080000180] W[r 0=0000000000000000][0] R[r 1=0000000080002200] R[r 2=8000000a00007800] inst=[0c20b023] sd      sp, 192(ra)
C0:       1611 [1] pc=[0000000080000184] W[r 2=000000000000b109][1] R[r 0=0000000000000000] R[r 0=0000000000000000] inst=[30202173] csrr    sp, medeleg
C0:       1614 [1] pc=[0000000080000188] W[r 0=0000000000000000][0] R[r 1=0000000080002200] R[r 2=000000000000b109] inst=[0c20b423] sd      sp, 200(ra)
C0:       1615 [1] pc=[000000008000018c] W[r 2=0000000000000000][1] R[r 0=0000000000000000] R[r 0=0000000000000000] inst=[30302173] csrr    sp, mideleg
C0:       1618 [1] pc=[0000000080000190] W[r 0=0000000000000000][0] R[r 1=0000000080002200] R[r 2=0000000000000000] inst=[0c20b823] sd      sp, 208(ra)
C0:       1619 [1] pc=[0000000080000194] W[r 2=0000000000000000][1] R[r 0=0000000000000000] R[r 0=0000000000000000] inst=[30402173] csrr    sp, mie
C0:       1622 [1] pc=[0000000080000198] W[r 0=0000000000000000][0] R[r 1=0000000080002200] R[r 2=0000000000000000] inst=[0c20bc23] sd      sp, 216(ra)
C0:       1623 [1] pc=[000000008000019c] W[r 2=0000000080000118][1] R[r 0=0000000000000000] R[r 0=0000000000000000] inst=[30502173] csrr    sp, mtvec
C0:       1626 [1] pc=[00000000800001a0] W[r 0=0000000000000000][0] R[r 1=0000000080002200] R[r 2=0000000080000118] inst=[0e20b023] sd      sp, 224(ra)
C0:       1627 [1] pc=[00000000800001a4] W[r 2=0000000000000003][1] R[r 0=0000000000000000] R[r 0=0000000000000000] inst=[30602173] csrr    sp, mcounteren
C0:       1630 [1] pc=[00000000800001a8] W[r 0=0000000000000000][0] R[r 1=0000000080002200] R[r 2=0000000000000003] inst=[0e20b423] sd      sp, 232(ra)
C0:       1631 [1] pc=[00000000800001ac] W[r 2=892fc0120650df0c][1] R[r 0=0000000000000000] R[r 0=0000000000000000] inst=[34002173] csrr    sp, mscratch
C0:       1634 [1] pc=[00000000800001b0] W[r 0=0000000000000000][0] R[r 1=0000000080002200] R[r 2=892fc0120650df0c] inst=[0e20b823] sd      sp, 240(ra)
C0:       1635 [1] pc=[00000000800001b4] W[r 2=0000000080000754][1] R[r 0=0000000000000000] R[r 0=0000000000000000] inst=[34102173] csrr    sp, mepc
C0:       1638 [1] pc=[00000000800001b8] W[r 0=0000000000000000][0] R[r 1=0000000080002200] R[r 2=0000000080000754] inst=[0e20bc23] sd      sp, 248(ra)
C0:       1639 [1] pc=[00000000800001bc] W[r 2=0000000000000007][1] R[r 0=0000000000000000] R[r 0=0000000000000000] inst=[34202173] csrr    sp, mcause
C0:       1677 [1] pc=[00000000800001c0] W[r 0=0000000000000000][0] R[r 1=0000000080002200] R[r 2=0000000000000007] inst=[1020b023] sd      sp, 256(ra)
C0:       1678 [1] pc=[00000000800001c4] W[r 2=ffffffff7fe201c0][1] R[r 0=0000000000000000] R[r 0=0000000000000000] inst=[34302173] csrr    sp, mtval
C0:       1681 [1] pc=[00000000800001c8] W[r 0=0000000000000000][0] R[r 1=0000000080002200] R[r 2=ffffffff7fe201c0] inst=[1020b423] sd      sp, 264(ra)
C0:       1682 [1] pc=[00000000800001cc] W[r 2=0000000000000020][1] R[r 0=0000000000000000] R[r 0=0000000000000000] inst=[34402173] csrr    sp, mip
C0:       1685 [1] pc=[00000000800001d0] W[r 2=0000000000000020][1] R[r 2=0000000000000020] R[r 0=0000000000000000] inst=[f7f17113] andi    sp, sp, -129
C0:       1686 [1] pc=[00000000800001d4] W[r 0=0000000000000000][0] R[r 1=0000000080002200] R[r 2=0000000000000020] inst=[1020b823] sd      sp, 272(ra)
C0:       1687 [1] pc=[00000000800001d8] W[r 2=000000000000001f][1] R[r 0=0000000000000000] R[r 0=0000000000000000] inst=[3a002173] csrr    sp, pmpcfg0
C0:       1690 [1] pc=[00000000800001dc] W[r 0=0000000000000000][0] R[r 1=0000000080002200] R[r 2=000000000000001f] inst=[1020bc23] sd      sp, 280(ra)
C0:       1691 [1] pc=[00000000800001e0] W[r 2=000000003fffffff][1] R[r 0=0000000000000000] R[r 0=0000000000000000] inst=[3b002173] csrr    sp, pmpaddr0
C0:       1694 [1] pc=[00000000800001e4] W[r 0=0000000000000000][0] R[r 1=0000000080002200] R[r 2=000000003fffffff] inst=[1220bc23] sd      sp, 312(ra)
C0:       1695 [1] pc=[00000000800001e8] W[r 2=0000000007955f37][1] R[r 0=0000000000000000] R[r 0=0000000000000000] inst=[3b102173] csrr    sp, pmpaddr1
C0:       1714 [1] pc=[00000000800001ec] W[r 0=0000000000000000][0] R[r 1=0000000080002200] R[r 2=0000000007955f37] inst=[1420b023] sd      sp, 320(ra)
C0:       1715 [1] pc=[00000000800001f0] W[r 2=00000000040c5558][1] R[r 0=0000000000000000] R[r 0=0000000000000000] inst=[3b202173] csrr    sp, pmpaddr2
C0:       1718 [1] pc=[00000000800001f4] W[r 0=0000000000000000][0] R[r 1=0000000080002200] R[r 2=00000000040c5558] inst=[1420b423] sd      sp, 328(ra)
C0:       1719 [1] pc=[00000000800001f8] W[r 2=000000000e7595dc][1] R[r 0=0000000000000000] R[r 0=0000000000000000] inst=[3b302173] csrr    sp, pmpaddr3
C0:       1722 [1] pc=[00000000800001fc] W[r 0=0000000000000000][0] R[r 1=0000000080002200] R[r 2=000000000e7595dc] inst=[1420b823] sd      sp, 336(ra)
C0:       1744 [1] pc=[0000000080000200] W[r 2=0000000021de349c][1] R[r 0=0000000000000000] R[r 0=0000000000000000] inst=[3b402173] csrr    sp, pmpaddr4
C0:       1747 [1] pc=[0000000080000204] W[r 0=0000000000000000][0] R[r 1=0000000080002200] R[r 2=0000000021de349c] inst=[1420bc23] sd      sp, 344(ra)
C0:       1748 [1] pc=[0000000080000208] W[r 2=000000001b9b4330][1] R[r 0=0000000000000000] R[r 0=0000000000000000] inst=[3b502173] csrr    sp, pmpaddr5
C0:       1751 [1] pc=[000000008000020c] W[r 0=0000000000000000][0] R[r 1=0000000080002200] R[r 2=000000001b9b4330] inst=[1620b023] sd      sp, 352(ra)
C0:       1752 [1] pc=[0000000080000210] W[r 2=00000000060df5d0][1] R[r 0=0000000000000000] R[r 0=0000000000000000] inst=[3b602173] csrr    sp, pmpaddr6
C0:       1755 [1] pc=[0000000080000214] W[r 0=0000000000000000][0] R[r 1=0000000080002200] R[r 2=00000000060df5d0] inst=[1620b423] sd      sp, 360(ra)
C0:       1756 [1] pc=[0000000080000218] W[r 2=000000001a73e500][1] R[r 0=0000000000000000] R[r 0=0000000000000000] inst=[3b702173] csrr    sp, pmpaddr7
C0:       1759 [1] pc=[000000008000021c] W[r 0=0000000000000000][0] R[r 1=0000000080002200] R[r 2=000000001a73e500] inst=[1620b823] sd      sp, 368(ra)
C0:       1760 [1] pc=[0000000080000220] W[r10=0000000000006000][1] R[r 0=0000000000000000] R[r 0=0000000000000000] inst=[00006537] lui     a0, 0x6
C0:       1761 [1] pc=[0000000080000224] W[r 0=8000000a00007800][1] R[r10=0000000000006000] R[r 0=0000000000000000] inst=[30052073] csrs    mstatus, a0
C0:       1766 [1] pc=[0000000080000228] W[r 2=0000000000000001][1] R[r 0=0000000000000000] R[r 0=0000000000000000] inst=[00102173] csrr    sp, fflags
C0:       1769 [1] pc=[000000008000022c] W[r 0=0000000000000000][0] R[r 1=0000000080002200] R[r 2=0000000000000001] inst=[0420b023] sd      sp, 64(ra)
C0:       1770 [1] pc=[0000000080000230] W[r 2=0000000000000000][1] R[r 0=0000000000000000] R[r 0=0000000000000000] inst=[00202173] csrr    sp, frm
C0:       1773 [1] pc=[0000000080000234] W[r 0=0000000000000000][0] R[r 1=0000000080002200] R[r 2=0000000000000000] inst=[0420b423] sd      sp, 72(ra)
C0:       1774 [1] pc=[0000000080000238] W[r 2=0000000000000001][1] R[r 0=0000000000000000] R[r 0=0000000000000000] inst=[00302173] csrr    sp, fcsr
C0:       1777 [1] pc=[000000008000023c] W[r 0=0000000000000000][0] R[r 1=0000000080002200] R[r 2=0000000000000001] inst=[0420b823] sd      sp, 80(ra)
C0:       1799 [1] pc=[0000000080000240] W[r 1=0000000080002240][1] R[r 0=0000000000000000] R[r 0=0000000000000000] inst=[00002097] auipc   ra, 0x2
C0:       1800 [1] pc=[0000000080000244] W[r 1=0000000080002000][1] R[r 1=0000000080002240] R[r 0=0000000000000000] inst=[dc008093] addi    ra, ra, -576
C0:       1817 [1] pc=[0000000080000248] W[r 0=0000000000000000][0] R[r 1=0000000080002000] R[r 0=0000000000000000] inst=[0000b023] sd      zero, 0(ra)
C0:       1818 [1] pc=[000000008000024c] W[r 0=0000000000000000][0] R[r 1=0000000080002000] R[r 2=0000000000000001] inst=[0020b823] sd      sp, 16(ra)
C0:       1819 [1] pc=[0000000080000250] W[r 0=0000000000000000][0] R[r 1=0000000080002000] R[r 3=0000000000000000] inst=[0030bc23] sd      gp, 24(ra)
C0:       1820 [1] pc=[0000000080000254] W[r 0=0000000000000000][0] R[r 1=0000000080002000] R[r 4=f77c4d5192239e4e] inst=[0240b023] sd      tp, 32(ra)
C0:       1821 [1] pc=[0000000080000258] W[r 0=0000000000000000][0] R[r 1=0000000080002000] R[r 5=00000000032178a7] inst=[0250b423] sd      t0, 40(ra)
C0:       1822 [1] pc=[000000008000025c] W[r 0=0000000000000000][0] R[r 1=0000000080002000] R[r 6=0000000000000000] inst=[0260b823] sd      t1, 48(ra)
C0:       1823 [1] pc=[0000000080000260] W[r 0=0000000000000000][0] R[r 1=0000000080002000] R[r 7=00000000800104a8] inst=[0270bc23] sd      t2, 56(ra)
C0:       1840 [1] pc=[0000000080000264] W[r 0=0000000000000000][0] R[r 1=0000000080002000] R[r 8=00000000800400a0] inst=[0480b023] sd      s0, 64(ra)
C0:       1841 [1] pc=[0000000080000268] W[r 0=0000000000000000][0] R[r 1=0000000080002000] R[r 9=ffffffffc8100ae0] inst=[0490b423] sd      s1, 72(ra)
C0:       1842 [1] pc=[000000008000026c] W[r 0=0000000000000000][0] R[r 1=0000000080002000] R[r10=0000000000006000] inst=[04a0b823] sd      a0, 80(ra)
C0:       1843 [1] pc=[0000000080000270] W[r 0=0000000000000000][0] R[r 1=0000000080002000] R[r11=0000000058002520] inst=[04b0bc23] sd      a1, 88(ra)
C0:       1844 [1] pc=[0000000080000274] W[r 0=0000000000000000][0] R[r 1=0000000080002000] R[r12=0000000000000000] inst=[06c0b023] sd      a2, 96(ra)
C0:       1845 [1] pc=[0000000080000278] W[r 0=0000000000000000][0] R[r 1=0000000080002000] R[r13=0000000064d1a67b] inst=[06d0b423] sd      a3, 104(ra)
C0:       1846 [1] pc=[000000008000027c] W[r 0=0000000000000000][0] R[r 1=0000000080002000] R[r14=000000007ffff498] inst=[06e0b823] sd      a4, 112(ra)
C0:       1868 [1] pc=[0000000080000280] W[r 0=0000000000000000][0] R[r 1=0000000080002000] R[r15=2c24e13cf81a15d1] inst=[06f0bc23] sd      a5, 120(ra)
C0:       1885 [1] pc=[0000000080000284] W[r 0=0000000000000000][0] R[r 1=0000000080002000] R[r16=d95f9d2cd09d567f] inst=[0900b023] sd      a6, 128(ra)
C0:       1886 [1] pc=[0000000080000288] W[r 0=0000000000000000][0] R[r 1=0000000080002000] R[r17=461e6adbe06869e3] inst=[0910b423] sd      a7, 136(ra)
C0:       1887 [1] pc=[000000008000028c] W[r 0=0000000000000000][0] R[r 1=0000000080002000] R[r18=da2810216d2dd144] inst=[0920b823] sd      s2, 144(ra)
C0:       1888 [1] pc=[0000000080000290] W[r 0=0000000000000000][0] R[r 1=0000000080002000] R[r19=2ce0e157ed43a6a2] inst=[0930bc23] sd      s3, 152(ra)
C0:       1889 [1] pc=[0000000080000294] W[r 0=0000000000000000][0] R[r 1=0000000080002000] R[r20=07afd4ea951d8dd3] inst=[0b40b023] sd      s4, 160(ra)
C0:       1890 [1] pc=[0000000080000298] W[r 0=0000000000000000][0] R[r 1=0000000080002000] R[r21=032178a733d9bb87] inst=[0b50b423] sd      s5, 168(ra)
C0:       1891 [1] pc=[000000008000029c] W[r 0=0000000000000000][0] R[r 1=0000000080002000] R[r22=00000000800300c0] inst=[0b60b823] sd      s6, 176(ra)
C0:       1892 [1] pc=[00000000800002a0] W[r 0=0000000000000000][0] R[r 1=0000000080002000] R[r23=ffffffff8686f9e4] inst=[0b70bc23] sd      s7, 184(ra)
C0:       1909 [1] pc=[00000000800002a4] W[r 0=0000000000000000][0] R[r 1=0000000080002000] R[r24=ffffffffffe00000] inst=[0d80b023] sd      s8, 192(ra)
C0:       1910 [1] pc=[00000000800002a8] W[r 0=0000000000000000][0] R[r 1=0000000080002000] R[r25=00000000800400e0] inst=[0d90b423] sd      s9, 200(ra)
C0:       1911 [1] pc=[00000000800002ac] W[r 0=0000000000000000][0] R[r 1=0000000080002000] R[r27=00000000800100a4] inst=[0db0bc23] sd      s11, 216(ra)
C0:       1912 [1] pc=[00000000800002b0] W[r 0=0000000000000000][0] R[r 1=0000000080002000] R[r28=ffffffff7fe201c0] inst=[0fc0b023] sd      t3, 224(ra)
C0:       1913 [1] pc=[00000000800002b4] W[r 0=0000000000000000][0] R[r 1=0000000080002000] R[r29=00000000800200f0] inst=[0fd0b423] sd      t4, 232(ra)
C0:       1914 [1] pc=[00000000800002b8] W[r 0=0000000000000000][0] R[r 1=0000000080002000] R[r30=0dae588fef63d50f] inst=[0fe0b823] sd      t5, 240(ra)
C0:       1915 [1] pc=[00000000800002bc] W[r 1=00000000800022bc][1] R[r 0=0000000000000000] R[r 0=0000000000000000] inst=[00002097] auipc   ra, 0x2
C0:       1937 [1] pc=[00000000800002c0] W[r 1=0000000080002100][1] R[r 1=00000000800022bc] R[r 0=0000000000000000] inst=[e4408093] addi    ra, ra, -444
C0:       1954 [1] pc=[00000000800002c4] W[r 0=0000000000000000][0] R[r 1=0000000080002100] R[r 1=0dae588fef63d50f] inst=[0010a427] fsw     ft1, 8(ra)
C0:       1955 [1] pc=[00000000800002c8] W[r 0=0000000000000000][0] R[r 1=0000000080002100] R[r 2=0dae588fef63d50f] inst=[0020a827] fsw     ft2, 16(ra)
C0:       1956 [1] pc=[00000000800002cc] W[r 0=0000000000000000][0] R[r 1=0000000080002100] R[r 7=0dae588fef63d50f] inst=[0270ac27] fsw     ft7, 56(ra)
C0:       1973 [1] pc=[00000000800002d0] W[r 0=0000000000000000][0] R[r 1=0000000080002100] R[r 9=0dae588fef63d50f] inst=[0490a427] fsw     fs1, 72(ra)
C0:       1974 [1] pc=[00000000800002d4] W[r 0=0000000000000000][0] R[r 1=0000000080002100] R[r10=0dae588fef63d50f] inst=[04a0a827] fsw     fa0, 80(ra)
C0:       1975 [1] pc=[00000000800002d8] W[r 0=0000000000000000][0] R[r 1=0000000080002100] R[r12=0dae588fef63d50f] inst=[06c0a027] fsw     fa2, 96(ra)
C0:       1976 [1] pc=[00000000800002dc] W[r 0=0000000000000000][0] R[r 1=0000000080002100] R[r13=0dae588fef63d50f] inst=[06d0a427] fsw     fa3, 104(ra)
C0:       1993 [1] pc=[00000000800002e0] W[r 0=0000000000000000][0] R[r 1=0000000080002100] R[r21=0dae588fef63d50f] inst=[0b50a427] fsw     fs5, 168(ra)
C0:       1994 [1] pc=[00000000800002e4] W[r 0=0000000000000000][0] R[r 1=0000000080002100] R[r22=0dae588fef63d50f] inst=[0b60a827] fsw     fs6, 176(ra)
C0:       2011 [1] pc=[00000000800002e8] W[r 0=0000000000000000][0] R[r 1=0000000080002100] R[r25=0dae588fef63d50f] inst=[0d90a427] fsw     fs9, 200(ra)
C0:       2012 [1] pc=[00000000800002ec] W[r 0=0000000000000000][0] R[r 1=0000000080002100] R[r26=0dae588fef63d50f] inst=[0da0a827] fsw     fs10, 208(ra)
C0:       2013 [1] pc=[00000000800002f0] W[r 0=0000000000000000][0] R[r 1=0000000080002100] R[r28=0dae588fef63d50f] inst=[0fc0a027] fsw     ft8, 224(ra)
C0:       2014 [1] pc=[00000000800002f4] W[r 0=0000000000000000][0] R[r 1=0000000080002100] R[r29=0dae588fef63d50f] inst=[0fd0a427] fsw     ft9, 232(ra)
C0:       2015 [1] pc=[00000000800002f8] W[r 0=0000000000000000][0] R[r 1=0000000080002100] R[r30=0dae588fef63d50f] inst=[0fe0a827] fsw     ft10, 240(ra)
C0:       2016 [1] pc=[00000000800002fc] W[r 0=0000000000000000][0] R[r 1=0000000080002100] R[r31=0dae588fef63d50f] inst=[0ff0ac27] fsw     ft11, 248(ra)
C0:       2038 [1] pc=[0000000080000300] W[r 1=0000000080002300][1] R[r 0=0000000000000000] R[r 0=0000000000000000] inst=[00002097] auipc   ra, 0x2
C0:       2039 [1] pc=[0000000080000304] W[r 1=0000000080002100][1] R[r 1=0000000080002300] R[r 0=0000000000000000] inst=[e0008093] addi    ra, ra, -512
C0:       2040 [1] pc=[0000000080000308] W[r 0=0000000000000000][0] R[r 1=0000000080002100] R[r 0=0000000000000000] inst=[0000b027] fsd     ft0, 0(ra)
C0:       2041 [1] pc=[000000008000030c] W[r 0=0000000000000000][0] R[r 1=0000000080002100] R[r 3=0dae588fef63d50f] inst=[0030bc27] fsd     ft3, 24(ra)
C0:       2042 [1] pc=[0000000080000310] W[r 0=0000000000000000][0] R[r 1=0000000080002100] R[r 4=0dae588fef63d50f] inst=[0240b027] fsd     ft4, 32(ra)
C0:       2043 [1] pc=[0000000080000314] W[r 0=0000000000000000][0] R[r 1=0000000080002100] R[r 5=0dae588fef63d50f] inst=[0250b427] fsd     ft5, 40(ra)
C0:       2044 [1] pc=[0000000080000318] W[r 0=0000000000000000][0] R[r 1=0000000080002100] R[r 6=0dae588fef63d50f] inst=[0260b827] fsd     ft6, 48(ra)
C0:       2045 [1] pc=[000000008000031c] W[r 0=0000000000000000][0] R[r 1=0000000080002100] R[r 8=0dae588fef63d50f] inst=[0480b027] fsd     fs0, 64(ra)
C0:       2046 [1] pc=[0000000080000320] W[r 0=0000000000000000][0] R[r 1=0000000080002100] R[r11=0dae588fef63d50f] inst=[04b0bc27] fsd     fa1, 88(ra)
C0:       2047 [1] pc=[0000000080000324] W[r 0=0000000000000000][0] R[r 1=0000000080002100] R[r14=0dae588fef63d50f] inst=[06e0b827] fsd     fa4, 112(ra)
C0:       2048 [1] pc=[0000000080000328] W[r 0=0000000000000000][0] R[r 1=0000000080002100] R[r15=0dae588fef63d50f] inst=[06f0bc27] fsd     fa5, 120(ra)
C0:       2049 [1] pc=[000000008000032c] W[r 0=0000000000000000][0] R[r 1=0000000080002100] R[r16=0dae588fef63d50f] inst=[0900b027] fsd     fa6, 128(ra)
C0:       2050 [1] pc=[0000000080000330] W[r 0=0000000000000000][0] R[r 1=0000000080002100] R[r17=0dae588fef63d50f] inst=[0910b427] fsd     fa7, 136(ra)
C0:       2051 [1] pc=[0000000080000334] W[r 0=0000000000000000][0] R[r 1=0000000080002100] R[r18=0dae588fef63d50f] inst=[0920b827] fsd     fs2, 144(ra)
C0:       2052 [1] pc=[0000000080000338] W[r 0=0000000000000000][0] R[r 1=0000000080002100] R[r19=0dae588fef63d50f] inst=[0930bc27] fsd     fs3, 152(ra)
C0:       2053 [1] pc=[000000008000033c] W[r 0=0000000000000000][0] R[r 1=0000000080002100] R[r20=0dae588fef63d50f] inst=[0b40b027] fsd     fs4, 160(ra)
C0:       2075 [1] pc=[0000000080000340] W[r 0=0000000000000000][0] R[r 1=0000000080002100] R[r23=0dae588fef63d50f] inst=[0b70bc27] fsd     fs7, 184(ra)
C0:       2076 [1] pc=[0000000080000344] W[r 0=0000000000000000][0] R[r 1=0000000080002100] R[r24=0dae588fef63d50f] inst=[0d80b027] fsd     fs8, 192(ra)
C0:       2077 [1] pc=[0000000080000348] W[r 0=0000000000000000][0] R[r 1=0000000080002100] R[r27=0dae588fef63d50f] inst=[0db0bc27] fsd     fs11, 216(ra)
C0:       2078 [1] pc=[000000008000034c] W[r 3=0000000000000001][1] R[r 0=0000000000000000] R[r 0=0000000000000000] inst=[00100193] li      gp, 1
C0:       2079 [1] pc=[0000000080000350] W[r30=0000000080001350][1] R[r 0=0000000000000000] R[r 0=0000000000000000] inst=[00001f17] auipc   t5, 0x1
C0:       2096 [1] pc=[0000000080000354] W[r 0=0000000000000000][0] R[r30=0000000080001350] R[r 3=0000000000000001] inst=[ca3f2823] sw      gp, -848(t5)
C0:       2097 [1] pc=[0000000080000358] W[r 0=000000008000035c][1] R[r 0=0000000000000000] R[r 0=0000000000000000] inst=[0000006f] j       pc + 0x0
C0:       2101 [1] pc=[0000000080000358] W[r 0=000000008000035c][1] R[r 0=0000000000000000] R[r 0=0000000000000000] inst=[0000006f] j       pc + 0x0
C0:       2103 [1] pc=[0000000080000358] W[r 0=000000008000035c][1] R[r 0=0000000000000000] R[r 0=0000000000000000] inst=[0000006f] j       pc + 0x0
C0:       2104 [1] pc=[0000000080000358] W[r 0=000000008000035c][1] R[r 0=0000000000000000] R[r 0=0000000000000000] inst=[0000006f] j       pc + 0x0
C0:       2105 [1] pc=[0000000080000358] W[r 0=000000008000035c][1] R[r 0=0000000000000000] R[r 0=0000000000000000] inst=[0000006f] j       pc + 0x0
C0:       2107 [1] pc=[0000000080000358] W[r 0=000000008000035c][1] R[r 0=0000000000000000] R[r 0=0000000000000000] inst=[0000006f] j       pc + 0x0
C0:       2109 [1] pc=[0000000080000358] W[r 0=000000008000035c][1] R[r 0=0000000000000000] R[r 0=0000000000000000] inst=[0000006f] j       pc + 0x0
C0:       2110 [1] pc=[0000000080000358] W[r 0=000000008000035c][1] R[r 0=0000000000000000] R[r 0=0000000000000000] inst=[0000006f] j       pc + 0x0
C0:       2111 [1] pc=[0000000080000358] W[r 0=000000008000035c][1] R[r 0=0000000000000000] R[r 0=0000000000000000] inst=[0000006f] j       pc + 0x0
C0:       2113 [1] pc=[0000000080000358] W[r 0=000000008000035c][1] R[r 0=0000000000000000] R[r 0=0000000000000000] inst=[0000006f] j       pc + 0x0
C0:       2115 [1] pc=[0000000080000358] W[r 0=000000008000035c][1] R[r 0=0000000000000000] R[r 0=0000000000000000] inst=[0000006f] j       pc + 0x0
C0:       2116 [1] pc=[0000000080000358] W[r 0=000000008000035c][1] R[r 0=0000000000000000] R[r 0=0000000000000000] inst=[0000006f] j       pc + 0x0
C0:       2117 [1] pc=[0000000080000358] W[r 0=000000008000035c][1] R[r 0=0000000000000000] R[r 0=0000000000000000] inst=[0000006f] j       pc + 0x0
C0:       2119 [1] pc=[0000000080000358] W[r 0=000000008000035c][1] R[r 0=0000000000000000] R[r 0=0000000000000000] inst=[0000006f] j       pc + 0x0
C0:       2121 [1] pc=[0000000080000358] W[r 0=000000008000035c][1] R[r 0=0000000000000000] R[r 0=0000000000000000] inst=[0000006f] j       pc + 0x0
C0:       2122 [1] pc=[0000000080000358] W[r 0=000000008000035c][1] R[r 0=0000000000000000] R[r 0=0000000000000000] inst=[0000006f] j       pc + 0x0
C0:       2123 [1] pc=[0000000080000358] W[r 0=000000008000035c][1] R[r 0=0000000000000000] R[r 0=0000000000000000] inst=[0000006f] j       pc + 0x0
C0:       2125 [1] pc=[0000000080000358] W[r 0=000000008000035c][1] R[r 0=0000000000000000] R[r 0=0000000000000000] inst=[0000006f] j       pc + 0x0
C0:       2127 [1] pc=[0000000080000358] W[r 0=000000008000035c][1] R[r 0=0000000000000000] R[r 0=0000000000000000] inst=[0000006f] j       pc + 0x0
C0:       2128 [1] pc=[0000000080000358] W[r 0=000000008000035c][1] R[r 0=0000000000000000] R[r 0=0000000000000000] inst=[0000006f] j       pc + 0x0
C0:       2129 [1] pc=[0000000080000358] W[r 0=000000008000035c][1] R[r 0=0000000000000000] R[r 0=0000000000000000] inst=[0000006f] j       pc + 0x0
C0:       2131 [1] pc=[0000000080000358] W[r 0=000000008000035c][1] R[r 0=0000000000000000] R[r 0=0000000000000000] inst=[0000006f] j       pc + 0x0
C0:       2133 [1] pc=[0000000080000358] W[r 0=000000008000035c][1] R[r 0=0000000000000000] R[r 0=0000000000000000] inst=[0000006f] j       pc + 0x0
C0:       2134 [1] pc=[0000000080000358] W[r 0=000000008000035c][1] R[r 0=0000000000000000] R[r 0=0000000000000000] inst=[0000006f] j       pc + 0x0
C0:       2135 [1] pc=[0000000080000358] W[r 0=000000008000035c][1] R[r 0=0000000000000000] R[r 0=0000000000000000] inst=[0000006f] j       pc + 0x0
C0:       2137 [1] pc=[0000000080000358] W[r 0=000000008000035c][1] R[r 0=0000000000000000] R[r 0=0000000000000000] inst=[0000006f] j       pc + 0x0
C0:       2139 [1] pc=[0000000080000358] W[r 0=000000008000035c][1] R[r 0=0000000000000000] R[r 0=0000000000000000] inst=[0000006f] j       pc + 0x0
C0:       2140 [1] pc=[0000000080000358] W[r 0=000000008000035c][1] R[r 0=0000000000000000] R[r 0=0000000000000000] inst=[0000006f] j       pc + 0x0
C0:       2141 [1] pc=[0000000080000358] W[r 0=000000008000035c][1] R[r 0=0000000000000000] R[r 0=0000000000000000] inst=[0000006f] j       pc + 0x0
C0:       2143 [1] pc=[0000000080000358] W[r 0=000000008000035c][1] R[r 0=0000000000000000] R[r 0=0000000000000000] inst=[0000006f] j       pc + 0x0
C0:       2145 [1] pc=[0000000080000358] W[r 0=000000008000035c][1] R[r 0=0000000000000000] R[r 0=0000000000000000] inst=[0000006f] j       pc + 0x0
C0:       2146 [1] pc=[0000000080000358] W[r 0=000000008000035c][1] R[r 0=0000000000000000] R[r 0=0000000000000000] inst=[0000006f] j       pc + 0x0
C0:       2147 [1] pc=[0000000080000358] W[r 0=000000008000035c][1] R[r 0=0000000000000000] R[r 0=0000000000000000] inst=[0000006f] j       pc + 0x0
C0:       2149 [1] pc=[0000000080000358] W[r 0=000000008000035c][1] R[r 0=0000000000000000] R[r 0=0000000000000000] inst=[0000006f] j       pc + 0x0
C0:       2151 [1] pc=[0000000080000358] W[r 0=000000008000035c][1] R[r 0=0000000000000000] R[r 0=0000000000000000] inst=[0000006f] j       pc + 0x0
C0:       2152 [1] pc=[0000000080000358] W[r 0=000000008000035c][1] R[r 0=0000000000000000] R[r 0=0000000000000000] inst=[0000006f] j       pc + 0x0
C0:       2153 [1] pc=[0000000080000358] W[r 0=000000008000035c][1] R[r 0=0000000000000000] R[r 0=0000000000000000] inst=[0000006f] j       pc + 0x0
C0:       2155 [1] pc=[0000000080000358] W[r 0=000000008000035c][1] R[r 0=0000000000000000] R[r 0=0000000000000000] inst=[0000006f] j       pc + 0x0
C0:       2157 [1] pc=[0000000080000358] W[r 0=000000008000035c][1] R[r 0=0000000000000000] R[r 0=0000000000000000] inst=[0000006f] j       pc + 0x0
C0:       2158 [1] pc=[0000000080000358] W[r 0=000000008000035c][1] R[r 0=0000000000000000] R[r 0=0000000000000000] inst=[0000006f] j       pc + 0x0
C0:       2159 [1] pc=[0000000080000358] W[r 0=000000008000035c][1] R[r 0=0000000000000000] R[r 0=0000000000000000] inst=[0000006f] j       pc + 0x0
C0:       2161 [1] pc=[0000000080000358] W[r 0=000000008000035c][1] R[r 0=0000000000000000] R[r 0=0000000000000000] inst=[0000006f] j       pc + 0x0
C0:       2163 [1] pc=[0000000080000358] W[r 0=000000008000035c][1] R[r 0=0000000000000000] R[r 0=0000000000000000] inst=[0000006f] j       pc + 0x0
C0:       2164 [1] pc=[0000000080000358] W[r 0=000000008000035c][1] R[r 0=0000000000000000] R[r 0=0000000000000000] inst=[0000006f] j       pc + 0x0
C0:       2165 [1] pc=[0000000080000358] W[r 0=000000008000035c][1] R[r 0=0000000000000000] R[r 0=0000000000000000] inst=[0000006f] j       pc + 0x0
C0:       2167 [1] pc=[0000000080000358] W[r 0=000000008000035c][1] R[r 0=0000000000000000] R[r 0=0000000000000000] inst=[0000006f] j       pc + 0x0
C0:       2169 [1] pc=[0000000080000358] W[r 0=000000008000035c][1] R[r 0=0000000000000000] R[r 0=0000000000000000] inst=[0000006f] j       pc + 0x0
C0:       2170 [1] pc=[0000000080000358] W[r 0=000000008000035c][1] R[r 0=0000000000000000] R[r 0=0000000000000000] inst=[0000006f] j       pc + 0x0
C0:       2171 [1] pc=[0000000080000358] W[r 0=000000008000035c][1] R[r 0=0000000000000000] R[r 0=0000000000000000] inst=[0000006f] j       pc + 0x0
C0:       2173 [1] pc=[0000000080000358] W[r 0=000000008000035c][1] R[r 0=0000000000000000] R[r 0=0000000000000000] inst=[0000006f] j       pc + 0x0
C0:       2175 [1] pc=[0000000080000358] W[r 0=000000008000035c][1] R[r 0=0000000000000000] R[r 0=0000000000000000] inst=[0000006f] j       pc + 0x0
C0:       2176 [1] pc=[0000000080000358] W[r 0=000000008000035c][1] R[r 0=0000000000000000] R[r 0=0000000000000000] inst=[0000006f] j       pc + 0x0
C0:       2177 [1] pc=[0000000080000358] W[r 0=000000008000035c][1] R[r 0=0000000000000000] R[r 0=0000000000000000] inst=[0000006f] j       pc + 0x0
C0:       2179 [1] pc=[0000000080000358] W[r 0=000000008000035c][1] R[r 0=0000000000000000] R[r 0=0000000000000000] inst=[0000006f] j       pc + 0x0
C0:       2181 [1] pc=[0000000080000358] W[r 0=000000008000035c][1] R[r 0=0000000000000000] R[r 0=0000000000000000] inst=[0000006f] j       pc + 0x0
C0:       2182 [1] pc=[0000000080000358] W[r 0=000000008000035c][1] R[r 0=0000000000000000] R[r 0=0000000000000000] inst=[0000006f] j       pc + 0x0
C0:       2183 [1] pc=[0000000080000358] W[r 0=000000008000035c][1] R[r 0=0000000000000000] R[r 0=0000000000000000] inst=[0000006f] j       pc + 0x0
C0:       2185 [1] pc=[0000000080000358] W[r 0=000000008000035c][1] R[r 0=0000000000000000] R[r 0=0000000000000000] inst=[0000006f] j       pc + 0x0
C0:       2187 [1] pc=[0000000080000358] W[r 0=000000008000035c][1] R[r 0=0000000000000000] R[r 0=0000000000000000] inst=[0000006f] j       pc + 0x0
C0:       2188 [1] pc=[0000000080000358] W[r 0=000000008000035c][1] R[r 0=0000000000000000] R[r 0=0000000000000000] inst=[0000006f] j       pc + 0x0
C0:       2189 [1] pc=[0000000080000358] W[r 0=000000008000035c][1] R[r 0=0000000000000000] R[r 0=0000000000000000] inst=[0000006f] j       pc + 0x0
C0:       2191 [1] pc=[0000000080000358] W[r 0=000000008000035c][1] R[r 0=0000000000000000] R[r 0=0000000000000000] inst=[0000006f] j       pc + 0x0
C0:       2193 [1] pc=[0000000080000358] W[r 0=000000008000035c][1] R[r 0=0000000000000000] R[r 0=0000000000000000] inst=[0000006f] j       pc + 0x0
C0:       2194 [1] pc=[0000000080000358] W[r 0=000000008000035c][1] R[r 0=0000000000000000] R[r 0=0000000000000000] inst=[0000006f] j       pc + 0x0
C0:       2195 [1] pc=[0000000080000358] W[r 0=000000008000035c][1] R[r 0=0000000000000000] R[r 0=0000000000000000] inst=[0000006f] j       pc + 0x0
C0:       2197 [1] pc=[0000000080000358] W[r 0=000000008000035c][1] R[r 0=0000000000000000] R[r 0=0000000000000000] inst=[0000006f] j       pc + 0x0
C0:       2199 [1] pc=[0000000080000358] W[r 0=000000008000035c][1] R[r 0=0000000000000000] R[r 0=0000000000000000] inst=[0000006f] j       pc + 0x0
C0:       2200 [1] pc=[0000000080000358] W[r 0=000000008000035c][1] R[r 0=0000000000000000] R[r 0=0000000000000000] inst=[0000006f] j       pc + 0x0
C0:       2201 [1] pc=[0000000080000358] W[r 0=000000008000035c][1] R[r 0=0000000000000000] R[r 0=0000000000000000] inst=[0000006f] j       pc + 0x0
C0:       2203 [1] pc=[0000000080000358] W[r 0=000000008000035c][1] R[r 0=0000000000000000] R[r 0=0000000000000000] inst=[0000006f] j       pc + 0x0
C0:       2205 [1] pc=[0000000080000358] W[r 0=000000008000035c][1] R[r 0=0000000000000000] R[r 0=0000000000000000] inst=[0000006f] j       pc + 0x0
C0:       2206 [1] pc=[0000000080000358] W[r 0=000000008000035c][1] R[r 0=0000000000000000] R[r 0=0000000000000000] inst=[0000006f] j       pc + 0x0
C0:       2207 [1] pc=[0000000080000358] W[r 0=000000008000035c][1] R[r 0=0000000000000000] R[r 0=0000000000000000] inst=[0000006f] j       pc + 0x0
C0:       2209 [1] pc=[0000000080000358] W[r 0=000000008000035c][1] R[r 0=0000000000000000] R[r 0=0000000000000000] inst=[0000006f] j       pc + 0x0
C0:       2211 [1] pc=[0000000080000358] W[r 0=000000008000035c][1] R[r 0=0000000000000000] R[r 0=0000000000000000] inst=[0000006f] j       pc + 0x0
C0:       2212 [1] pc=[0000000080000358] W[r 0=000000008000035c][1] R[r 0=0000000000000000] R[r 0=0000000000000000] inst=[0000006f] j       pc + 0x0
C0:       2213 [1] pc=[0000000080000358] W[r 0=000000008000035c][1] R[r 0=0000000000000000] R[r 0=0000000000000000] inst=[0000006f] j       pc + 0x0
C0:       2215 [1] pc=[0000000080000358] W[r 0=000000008000035c][1] R[r 0=0000000000000000] R[r 0=0000000000000000] inst=[0000006f] j       pc + 0x0
C0:       2217 [1] pc=[0000000080000358] W[r 0=000000008000035c][1] R[r 0=0000000000000000] R[r 0=0000000000000000] inst=[0000006f] j       pc + 0x0
C0:       2218 [1] pc=[0000000080000358] W[r 0=000000008000035c][1] R[r 0=0000000000000000] R[r 0=0000000000000000] inst=[0000006f] j       pc + 0x0
C0:       2219 [1] pc=[0000000080000358] W[r 0=000000008000035c][1] R[r 0=0000000000000000] R[r 0=0000000000000000] inst=[0000006f] j       pc + 0x0
C0:       2221 [1] pc=[0000000080000358] W[r 0=000000008000035c][1] R[r 0=0000000000000000] R[r 0=0000000000000000] inst=[0000006f] j       pc + 0x0
C0:       2223 [1] pc=[0000000080000358] W[r 0=000000008000035c][1] R[r 0=0000000000000000] R[r 0=0000000000000000] inst=[0000006f] j       pc + 0x0
C0:       2224 [1] pc=[0000000080000358] W[r 0=000000008000035c][1] R[r 0=0000000000000000] R[r 0=0000000000000000] inst=[0000006f] j       pc + 0x0
C0:       2225 [1] pc=[0000000080000358] W[r 0=000000008000035c][1] R[r 0=0000000000000000] R[r 0=0000000000000000] inst=[0000006f] j       pc + 0x0
C0:       2227 [1] pc=[0000000080000358] W[r 0=000000008000035c][1] R[r 0=0000000000000000] R[r 0=0000000000000000] inst=[0000006f] j       pc + 0x0
C0:       2229 [1] pc=[0000000080000358] W[r 0=000000008000035c][1] R[r 0=0000000000000000] R[r 0=0000000000000000] inst=[0000006f] j       pc + 0x0
C0:       2230 [1] pc=[0000000080000358] W[r 0=000000008000035c][1] R[r 0=0000000000000000] R[r 0=0000000000000000] inst=[0000006f] j       pc + 0x0
C0:       2231 [1] pc=[0000000080000358] W[r 0=000000008000035c][1] R[r 0=0000000000000000] R[r 0=0000000000000000] inst=[0000006f] j       pc + 0x0
C0:       2233 [1] pc=[0000000080000358] W[r 0=000000008000035c][1] R[r 0=0000000000000000] R[r 0=0000000000000000] inst=[0000006f] j       pc + 0x0
C0:       2235 [1] pc=[0000000080000358] W[r 0=000000008000035c][1] R[r 0=0000000000000000] R[r 0=0000000000000000] inst=[0000006f] j       pc + 0x0
C0:       2236 [1] pc=[0000000080000358] W[r 0=000000008000035c][1] R[r 0=0000000000000000] R[r 0=0000000000000000] inst=[0000006f] j       pc + 0x0
C0:       2237 [1] pc=[0000000080000358] W[r 0=000000008000035c][1] R[r 0=0000000000000000] R[r 0=0000000000000000] inst=[0000006f] j       pc + 0x0
C0:       2239 [1] pc=[0000000080000358] W[r 0=000000008000035c][1] R[r 0=0000000000000000] R[r 0=0000000000000000] inst=[0000006f] j       pc + 0x0
C0:       2241 [1] pc=[0000000080000358] W[r 0=000000008000035c][1] R[r 0=0000000000000000] R[r 0=0000000000000000] inst=[0000006f] j       pc + 0x0
C0:       2242 [1] pc=[0000000080000358] W[r 0=000000008000035c][1] R[r 0=0000000000000000] R[r 0=0000000000000000] inst=[0000006f] j       pc + 0x0
C0:       2243 [1] pc=[0000000080000358] W[r 0=000000008000035c][1] R[r 0=0000000000000000] R[r 0=0000000000000000] inst=[0000006f] j       pc + 0x0
C0:       2245 [1] pc=[0000000080000358] W[r 0=000000008000035c][1] R[r 0=0000000000000000] R[r 0=0000000000000000] inst=[0000006f] j       pc + 0x0
C0:       2247 [1] pc=[0000000080000358] W[r 0=000000008000035c][1] R[r 0=0000000000000000] R[r 0=0000000000000000] inst=[0000006f] j       pc + 0x0
C0:       2248 [1] pc=[0000000080000358] W[r 0=000000008000035c][1] R[r 0=0000000000000000] R[r 0=0000000000000000] inst=[0000006f] j       pc + 0x0
C0:       2249 [1] pc=[0000000080000358] W[r 0=000000008000035c][1] R[r 0=0000000000000000] R[r 0=0000000000000000] inst=[0000006f] j       pc + 0x0
C0:       2251 [1] pc=[0000000080000358] W[r 0=000000008000035c][1] R[r 0=0000000000000000] R[r 0=0000000000000000] inst=[0000006f] j       pc + 0x0
C0:       2253 [1] pc=[0000000080000358] W[r 0=000000008000035c][1] R[r 0=0000000000000000] R[r 0=0000000000000000] inst=[0000006f] j       pc + 0x0
C0:       2254 [1] pc=[0000000080000358] W[r 0=000000008000035c][1] R[r 0=0000000000000000] R[r 0=0000000000000000] inst=[0000006f] j       pc + 0x0
C0:       2255 [1] pc=[0000000080000358] W[r 0=000000008000035c][1] R[r 0=0000000000000000] R[r 0=0000000000000000] inst=[0000006f] j       pc + 0x0
C0:       2257 [1] pc=[0000000080000358] W[r 0=000000008000035c][1] R[r 0=0000000000000000] R[r 0=0000000000000000] inst=[0000006f] j       pc + 0x0
C0:       2259 [1] pc=[0000000080000358] W[r 0=000000008000035c][1] R[r 0=0000000000000000] R[r 0=0000000000000000] inst=[0000006f] j       pc + 0x0
C0:       2260 [1] pc=[0000000080000358] W[r 0=000000008000035c][1] R[r 0=0000000000000000] R[r 0=0000000000000000] inst=[0000006f] j       pc + 0x0
C0:       2261 [1] pc=[0000000080000358] W[r 0=000000008000035c][1] R[r 0=0000000000000000] R[r 0=0000000000000000] inst=[0000006f] j       pc + 0x0
C0:       2263 [1] pc=[0000000080000358] W[r 0=000000008000035c][1] R[r 0=0000000000000000] R[r 0=0000000000000000] inst=[0000006f] j       pc + 0x0
C0:       2265 [1] pc=[0000000080000358] W[r 0=000000008000035c][1] R[r 0=0000000000000000] R[r 0=0000000000000000] inst=[0000006f] j       pc + 0x0
C0:       2266 [1] pc=[0000000080000358] W[r 0=000000008000035c][1] R[r 0=0000000000000000] R[r 0=0000000000000000] inst=[0000006f] j       pc + 0x0
C0:       2267 [1] pc=[0000000080000358] W[r 0=000000008000035c][1] R[r 0=0000000000000000] R[r 0=0000000000000000] inst=[0000006f] j       pc + 0x0
C0:       2269 [1] pc=[0000000080000358] W[r 0=000000008000035c][1] R[r 0=0000000000000000] R[r 0=0000000000000000] inst=[0000006f] j       pc + 0x0
C0:       2271 [1] pc=[0000000080000358] W[r 0=000000008000035c][1] R[r 0=0000000000000000] R[r 0=0000000000000000] inst=[0000006f] j       pc + 0x0
C0:       2272 [1] pc=[0000000080000358] W[r 0=000000008000035c][1] R[r 0=0000000000000000] R[r 0=0000000000000000] inst=[0000006f] j       pc + 0x0
C0:       2273 [1] pc=[0000000080000358] W[r 0=000000008000035c][1] R[r 0=0000000000000000] R[r 0=0000000000000000] inst=[0000006f] j       pc + 0x0
C0:       2275 [1] pc=[0000000080000358] W[r 0=000000008000035c][1] R[r 0=0000000000000000] R[r 0=0000000000000000] inst=[0000006f] j       pc + 0x0
C0:       2277 [1] pc=[0000000080000358] W[r 0=000000008000035c][1] R[r 0=0000000000000000] R[r 0=0000000000000000] inst=[0000006f] j       pc + 0x0
C0:       2278 [1] pc=[0000000080000358] W[r 0=000000008000035c][1] R[r 0=0000000000000000] R[r 0=0000000000000000] inst=[0000006f] j       pc + 0x0
C0:       2279 [1] pc=[0000000080000358] W[r 0=000000008000035c][1] R[r 0=0000000000000000] R[r 0=0000000000000000] inst=[0000006f] j       pc + 0x0
C0:       2281 [1] pc=[0000000080000358] W[r 0=000000008000035c][1] R[r 0=0000000000000000] R[r 0=0000000000000000] inst=[0000006f] j       pc + 0x0
*** PASSED *** Completed after               331126 simulation cycles
