ERROR: ld.so: object '/home/rsaravan/chipyard/.conda-env/lib/libstdc++.so.6' from LD_PRELOAD cannot be preloaded (wrong ELF class: ELFCLASS64): ignored.
testing $random aa374254
== Loading device model file '/home/rsaravan/chipyard/generators/testchipip/src/main/resources/dramsim2_ini/DDR3_micron_64M_8B_x4_sg15.ini' == 
== Loading system model file '/home/rsaravan/chipyard/generators/testchipip/src/main/resources/dramsim2_ini/system.ini' == 
===== MemorySystem 0 =====
CH. 0 TOTAL_STORAGE : 4096MB | 1 Ranks | 16 Devices per rank
DRAMSim2 Clock Frequency =666666666Hz, CPU Clock Frequency=500000000Hz
C0:         19 [1] pc=[0000000000010040] W[r10=0000000000010040][1] R[r 0=0000000000000000] R[r 0=0000000000000000] inst=[00000517] auipc   a0, 0x0
C0:         20 [1] pc=[0000000000010044] W[r10=0000000000010000][1] R[r10=0000000000010040] R[r 0=0000000000000000] inst=[fc050513] addi    a0, a0, -64
C0:         21 [1] pc=[0000000000010048] W[r 0=0000000000000000][1] R[r10=0000000000010000] R[r 0=0000000000000000] inst=[30551073] csrw    mtvec, a0
C0:         26 [1] pc=[000000000001004c] W[r 5=800000000094112d][1] R[r 0=0000000000000000] R[r 0=0000000000000000] inst=[301022f3] csrr    t0, misa
C0:         29 [1] pc=[0000000000010050] W[r 5=ffffe00000000025][1] R[r 5=800000000094112d] R[r 0=0000000000000000] inst=[4122d293] srai    t0, t0, 18
C0:         30 [1] pc=[0000000000010054] W[r 5=0000000000000001][1] R[r 5=ffffe00000000025] R[r 0=0000000000000000] inst=[0012f293] andi    t0, t0, 1
C0:         31 [1] pc=[0000000000010058] W[r 0=0000000000000000][0] R[r 5=0000000000000001] R[r 0=0000000000000000] inst=[00028463] beqz    t0, pc + 8
C0:         32 [1] pc=[000000000001005c] W[r 0=0000000000000202][1] R[r 0=0000000000000000] R[r 0=0000000000000000] inst=[30301073] csrw    mideleg, zero
C0:         37 [1] pc=[0000000000010060] W[r10=0000000000000008][1] R[r 0=0000000000000000] R[r 0=0000000000000000] inst=[00800513] li      a0, 8
C0:         38 [1] pc=[0000000000010064] W[r 0=0021820f436e91f8][1] R[r10=0000000000000008] R[r 0=0000000000000000] inst=[30451073] csrw    mie, a0
C0:         43 [1] pc=[0000000000010068] W[r 0=0000000a00001800][1] R[r10=0000000000000008] R[r 0=0000000000000000] inst=[30052073] csrs    mstatus, a0
C0:         48 [1] pc=[000000000001006c] W[r 0=0000000000000000][0] R[r 0=0000000000000000] R[r 0=0000000000000000] inst=[10500073] wfi
C0:         51 [0] pc=[0000000000010070] W[r 0=0000000000000000][0] R[r31=0000000000000008] R[r 0=0000000000000000] inst=[ffdff06f] j       pc - 0x4
C0:         70 [1] pc=[0000000000010000] W[r11=0000000002000000][1] R[r 0=0000000000000000] R[r 0=0000000000000000] inst=[020005b7] lui     a1, 0x2000
C0:         71 [1] pc=[0000000000010004] W[r10=0000000000000000][1] R[r 0=0000000000000000] R[r 0=0000000000000000] inst=[f1402573] csrr    a0, mhartid
C0:         74 [1] pc=[0000000000010008] W[r 0=0000000000000000][0] R[r10=0000000000000000] R[r 0=0000000000000000] inst=[00050463] beqz    a0, pc + 8
C0:         78 [1] pc=[0000000000010010] W[r12=0000000002000004][1] R[r11=0000000002000000] R[r 0=0000000000000000] inst=[00458613] addi    a2, a1, 4
C0:         79 [1] pc=[0000000000010014] W[r13=0000000000000001][1] R[r 0=0000000000000000] R[r 0=0000000000000000] inst=[00100693] li      a3, 1
C0:         80 [1] pc=[0000000000010018] W[r 0=0000000000000000][0] R[r12=0000000002000004] R[r13=0000000000000001] inst=[00d62023] sw      a3, 0(a2)
C0:         81 [1] pc=[000000000001001c] W[r12=0000000002000008][1] R[r12=0000000002000004] R[r 0=0000000000000000] inst=[00460613] addi    a2, a2, 4
C0:         87 [1] pc=[0000000000010020] W[r13=0000000000000000][0] R[r12=0000000002000008] R[r 0=0000000000000000] inst=[ffc62683] lw      a3, -4(a2)
C0:         95 [1] pc=[0000000000010024] W[r 0=0000000000000000][0] R[r13=0000000000000000] R[r 0=0000000000000000] inst=[fe069ae3] bnez    a3, pc - 12
C0:         96 [1] pc=[0000000000010028] W[r 0=000000000001002c][1] R[r 0=0000000000000000] R[r 0=0000000000000000] inst=[06c0006f] j       pc + 0x6c
C0:        116 [1] pc=[0000000000010094] W[r 0=0000000000000000][0] R[r11=0000000002000000] R[r 0=0000000000000000] inst=[0005a023] sw      zero, 0(a1)
C0:        117 [1] pc=[0000000000010098] W[r10=0000000000004000][1] R[r 0=0000000000000000] R[r 0=0000000000000000] inst=[00004537] lui     a0, 0x4
C0:        123 [1] pc=[000000000001009c] W[r10=0000000000000000][0] R[r10=0000000000004000] R[r 0=0000000000000000] inst=[00053503] ld      a0, 0(a0)
C0:        135 [1] pc=[00000000000100a0] W[r 0=0000000000010070][1] R[r10=0000000080000000] R[r 0=0000000000000000] inst=[34151073] csrw    mepc, a0
C0:        136 [1] pc=[00000000000100a4] W[r10=0000000000000000][1] R[r 0=0000000000000000] R[r 0=0000000000000000] inst=[f1402573] csrr    a0, mhartid
C0:        137 [1] pc=[00000000000100a8] W[r11=00000000000100a8][1] R[r 0=0000000000000000] R[r 0=0000000000000000] inst=[00000597] auipc   a1, 0x0
C0:        138 [1] pc=[00000000000100ac] W[r11=00000000000100c0][1] R[r11=00000000000100a8] R[r 0=0000000000000000] inst=[01858593] addi    a1, a1, 24
C0:        139 [1] pc=[00000000000100b0] W[r12=0000000000000080][1] R[r 0=0000000000000000] R[r 0=0000000000000000] inst=[08000613] li      a2, 128
C0:        140 [1] pc=[00000000000100b4] W[r 0=0000000a00001880][1] R[r12=0000000000000080] R[r 0=0000000000000000] inst=[30063073] csrc    mstatus, a2
C0:        145 [1] pc=[00000000000100b8] W[r 0=0000000000000000][0] R[r 0=0000000000000000] R[r 0=0000000000000000] inst=[30200073] mret
C0:        166 [1] pc=[0000000080000000] W[r31=0000000080010000][1] R[r 0=0000000000000000] R[r 0=0000000000000000] inst=[00010f97] auipc   t6, 0x10
C0:        167 [1] pc=[0000000080000004] W[r31=0000000080010000][1] R[r31=0000000080010000] R[r 0=0000000000000000] inst=[000f8f93] mv      t6, t6
C0:        184 [1] pc=[0000000080000008] W[r 1=5742f90c6763ac8a][1] R[r31=0000000080010000] R[r 0=0000000000000000] inst=[000fb083] ld      ra, 0(t6)
C0:        185 [1] pc=[000000008000000c] W[r 2=0b5eefb63b776ae9][1] R[r31=0000000080010000] R[r 0=0000000000000000] inst=[008fb103] ld      sp, 8(t6)
C0:        186 [1] pc=[0000000080000010] W[r 3=ebcb92a4f5dcea67][1] R[r31=0000000080010000] R[r 0=0000000000000000] inst=[010fb183] ld      gp, 16(t6)
C0:        187 [1] pc=[0000000080000014] W[r 4=8a739d719328cbd5][1] R[r31=0000000080010000] R[r 0=0000000000000000] inst=[018fb203] ld      tp, 24(t6)
C0:        188 [1] pc=[0000000080000018] W[r 5=ff18525f0535c276][1] R[r31=0000000080010000] R[r 0=0000000000000000] inst=[020fb283] ld      t0, 32(t6)
C0:        189 [1] pc=[000000008000001c] W[r 6=a970b5821aa7f31a][1] R[r31=0000000080010000] R[r 0=0000000000000000] inst=[028fb303] ld      t1, 40(t6)
C0:        190 [1] pc=[0000000080000020] W[r 7=4f8dcfb5552cc946][1] R[r31=0000000080010000] R[r 0=0000000000000000] inst=[030fb383] ld      t2, 48(t6)
C0:        191 [1] pc=[0000000080000024] W[r 8=d12fe011736b1eaa][1] R[r31=0000000080010000] R[r 0=0000000000000000] inst=[038fb403] ld      s0, 56(t6)
C0:        237 [1] pc=[0000000080000028] W[r 9=52864eb3d016bd6a][1] R[r31=0000000080010000] R[r 0=0000000000000000] inst=[040fb483] ld      s1, 64(t6)
C0:        238 [1] pc=[000000008000002c] W[r10=4f17668e31fe1376][1] R[r31=0000000080010000] R[r 0=0000000000000000] inst=[048fb503] ld      a0, 72(t6)
C0:        239 [1] pc=[0000000080000030] W[r11=80a4e98f39544b94][1] R[r31=0000000080010000] R[r 0=0000000000000000] inst=[050fb583] ld      a1, 80(t6)
C0:        240 [1] pc=[0000000080000034] W[r12=a491c7ea31763115][1] R[r31=0000000080010000] R[r 0=0000000000000000] inst=[058fb603] ld      a2, 88(t6)
C0:        241 [1] pc=[0000000080000038] W[r13=bc39d9f04d9943d4][1] R[r31=0000000080010000] R[r 0=0000000000000000] inst=[060fb683] ld      a3, 96(t6)
C0:        242 [1] pc=[000000008000003c] W[r14=5f41eb91fc294322][1] R[r31=0000000080010000] R[r 0=0000000000000000] inst=[068fb703] ld      a4, 104(t6)
C0:        264 [1] pc=[0000000080000040] W[r15=487e568fb186913a][1] R[r31=0000000080010000] R[r 0=0000000000000000] inst=[070fb783] ld      a5, 112(t6)
C0:        265 [1] pc=[0000000080000044] W[r16=048af7c16f3c57e1][1] R[r31=0000000080010000] R[r 0=0000000000000000] inst=[078fb803] ld      a6, 120(t6)
C0:        310 [1] pc=[0000000080000048] W[r17=9adb0ac9587dd757][1] R[r31=0000000080010000] R[r 0=0000000000000000] inst=[080fb883] ld      a7, 128(t6)
C0:        311 [1] pc=[000000008000004c] W[r18=20337c91074167b5][1] R[r31=0000000080010000] R[r 0=0000000000000000] inst=[088fb903] ld      s2, 136(t6)
C0:        312 [1] pc=[0000000080000050] W[r19=492661695443a5e2][1] R[r31=0000000080010000] R[r 0=0000000000000000] inst=[090fb983] ld      s3, 144(t6)
C0:        313 [1] pc=[0000000080000054] W[r20=34b55dfe82cafdbd][1] R[r31=0000000080010000] R[r 0=0000000000000000] inst=[098fba03] ld      s4, 152(t6)
C0:        314 [1] pc=[0000000080000058] W[r21=7103566970632e30][1] R[r31=0000000080010000] R[r 0=0000000000000000] inst=[0a0fba83] ld      s5, 160(t6)
C0:        315 [1] pc=[000000008000005c] W[r22=3657d207f232d6cb][1] R[r31=0000000080010000] R[r 0=0000000000000000] inst=[0a8fbb03] ld      s6, 168(t6)
C0:        316 [1] pc=[0000000080000060] W[r23=d8b611777c46b0d3][1] R[r31=0000000080010000] R[r 0=0000000000000000] inst=[0b0fbb83] ld      s7, 176(t6)
C0:        317 [1] pc=[0000000080000064] W[r24=5dae6b2543d8c0c7][1] R[r31=0000000080010000] R[r 0=0000000000000000] inst=[0b8fbc03] ld      s8, 184(t6)
C0:        361 [1] pc=[0000000080000068] W[r25=5f10bafb5ebbaf88][1] R[r31=0000000080010000] R[r 0=0000000000000000] inst=[0c0fbc83] ld      s9, 192(t6)
C0:        362 [1] pc=[000000008000006c] W[r26=10f6d3d70811773a][1] R[r31=0000000080010000] R[r 0=0000000000000000] inst=[0c8fbd03] ld      s10, 200(t6)
C0:        363 [1] pc=[0000000080000070] W[r27=4a4cc77ab2488e4f][1] R[r31=0000000080010000] R[r 0=0000000000000000] inst=[0d0fbd83] ld      s11, 208(t6)
C0:        364 [1] pc=[0000000080000074] W[r28=216d9e6677ab4f57][1] R[r31=0000000080010000] R[r 0=0000000000000000] inst=[0d8fbe03] ld      t3, 216(t6)
C0:        365 [1] pc=[0000000080000078] W[r29=0d8e7cfb8e01e3f6][1] R[r31=0000000080010000] R[r 0=0000000000000000] inst=[0e0fbe83] ld      t4, 224(t6)
C0:        366 [1] pc=[000000008000007c] W[r30=6c3d23a358f35120][1] R[r31=0000000080010000] R[r 0=0000000000000000] inst=[0e8fbf03] ld      t5, 232(t6)
C0:        388 [1] pc=[0000000080000080] W[r31=ea6ed9559e4b542e][1] R[r31=0000000080010000] R[r 0=0000000000000000] inst=[0f0fbf83] ld      t6, 240(t6)
C0:        389 [1] pc=[0000000080000084] W[r 0=0000000080000088][1] R[r 0=0000000000000000] R[r 0=0000000000000000] inst=[2ec0006f] j       pc + 0x2ec
C0:        412 [1] pc=[0000000080000370] W[r 0=0000000a00000080][1] R[r 0=0000000000000000] R[r 0=0000000000000000] inst=[30005073] csrwi   mstatus, 0
C0:        417 [1] pc=[0000000080000374] W[r10=0000000000000000][1] R[r 0=0000000000000000] R[r 0=0000000000000000] inst=[f1402573] csrr    a0, mhartid
C0:        420 [1] pc=[0000000080000378] W[r 0=0000000000000000][0] R[r10=0000000000000000] R[r 0=0000000000000000] inst=[00051063] bnez    a0, pc + 0
C0:        421 [1] pc=[000000008000037c] W[r 5=000000008000037c][1] R[r 0=0000000000000000] R[r 0=0000000000000000] inst=[00000297] auipc   t0, 0x0
C0:        443 [1] pc=[0000000080000380] W[r 5=0000000080000394][1] R[r 5=000000008000037c] R[r 0=0000000000000000] inst=[01828293] addi    t0, t0, 24
C0:        444 [1] pc=[0000000080000384] W[r 0=0000000000010000][1] R[r 5=0000000080000394] R[r 0=0000000000000000] inst=[30529073] csrw    mtvec, t0
C0:        449 [1] pc=[0000000080000388] W[r 0=0000000000e0355d][1] R[r 0=0000000000000000] R[r 0=0000000000000000] inst=[30205073] csrwi   medeleg, 0
C0:        454 [1] pc=[000000008000038c] W[r 0=0000000000000000][1] R[r 0=0000000000000000] R[r 0=0000000000000000] inst=[30305073] csrwi   mideleg, 0
C0:        459 [1] pc=[0000000080000390] W[r 0=0000000000000008][1] R[r 0=0000000000000000] R[r 0=0000000000000000] inst=[30405073] csrwi   mie, 0
C0:        464 [1] pc=[0000000080000394] W[r 5=0000000080000394][1] R[r 0=0000000000000000] R[r 0=0000000000000000] inst=[00000297] auipc   t0, 0x0
C0:        465 [1] pc=[0000000080000398] W[r 5=00000000800003a4][1] R[r 5=0000000080000394] R[r 0=0000000000000000] inst=[01028293] addi    t0, t0, 16
C0:        466 [1] pc=[000000008000039c] W[r 0=0000000080000394][1] R[r 5=00000000800003a4] R[r 0=0000000000000000] inst=[30529073] csrw    mtvec, t0
C0:        471 [1] pc=[00000000800003a0] W[r 0=0000024673b8f237][1] R[r 0=0000000000000000] R[r 0=0000000000000000] inst=[18005073] csrwi   satp, 0
C0:        476 [1] pc=[00000000800003a4] W[r 5=00000000800003a4][1] R[r 0=0000000000000000] R[r 0=0000000000000000] inst=[00000297] auipc   t0, 0x0
C0:        477 [1] pc=[00000000800003a8] W[r 5=00000000800003c8][1] R[r 5=00000000800003a4] R[r 0=0000000000000000] inst=[02428293] addi    t0, t0, 36
C0:        478 [1] pc=[00000000800003ac] W[r 0=00000000800003a4][1] R[r 5=00000000800003c8] R[r 0=0000000000000000] inst=[30529073] csrw    mtvec, t0
C0:        483 [1] pc=[00000000800003b0] W[r 5=0000000000000001][1] R[r 0=0000000000000000] R[r 0=0000000000000000] inst=[0010029b] addiw   t0, zero, 1
C0:        484 [1] pc=[00000000800003b4] W[r 5=0020000000000000][1] R[r 5=0000000000000001] R[r 0=0000000000000000] inst=[03529293] slli    t0, t0, 53
C0:        485 [1] pc=[00000000800003b8] W[r 5=001fffffffffffff][1] R[r 5=0020000000000000] R[r 0=0000000000000000] inst=[fff28293] addi    t0, t0, -1
C0:        486 [1] pc=[00000000800003bc] W[r 0=0000000028d90b3c][1] R[r 5=001fffffffffffff] R[r 0=0000000000000000] inst=[3b029073] csrw    pmpaddr0, t0
C0:        507 [1] pc=[00000000800003c0] W[r 5=000000000000001f][1] R[r 0=0000000000000000] R[r 0=0000000000000000] inst=[01f00293] li      t0, 31
C0:        508 [1] pc=[00000000800003c4] W[r 0=0007010003050304][1] R[r 5=000000000000001f] R[r 0=0000000000000000] inst=[3a029073] csrw    pmpcfg0, t0
C0:        513 [1] pc=[00000000800003c8] W[r 5=00000000800003c8][1] R[r 0=0000000000000000] R[r 0=0000000000000000] inst=[00000297] auipc   t0, 0x0
C0:        514 [1] pc=[00000000800003cc] W[r 5=000000008000012c][1] R[r 5=00000000800003c8] R[r 0=0000000000000000] inst=[d6428293] addi    t0, t0, -668
C0:        515 [1] pc=[00000000800003d0] W[r 0=00000000800003c8][1] R[r 5=000000008000012c] R[r 0=0000000000000000] inst=[30529073] csrw    mtvec, t0
C0:        520 [1] pc=[00000000800003d4] W[r 3=0000000000000000][1] R[r 0=0000000000000000] R[r 0=0000000000000000] inst=[00000193] li      gp, 0
C0:        521 [1] pc=[00000000800003d8] W[r10=0000000000000001][1] R[r 0=0000000000000000] R[r 0=0000000000000000] inst=[00100513] li      a0, 1
C0:        522 [1] pc=[00000000800003dc] W[r10=0000000080000000][1] R[r10=0000000000000001] R[r 0=0000000000000000] inst=[01f51513] slli    a0, a0, 31
C0:        523 [1] pc=[00000000800003e0] W[r 0=0000000000000000][0] R[r10=0000000080000000] R[r 0=0000000000000000] inst=[00055c63] bgez    a0, pc + 24
C0:        527 [1] pc=[00000000800003f8] W[r 5=00000000800003f8][1] R[r 0=0000000000000000] R[r 0=0000000000000000] inst=[00000297] auipc   t0, 0x0
C0:        528 [1] pc=[00000000800003fc] W[r 5=0000000080000114][1] R[r 5=00000000800003f8] R[r 0=0000000000000000] inst=[d1c28293] addi    t0, t0, -740
C0:        550 [1] pc=[0000000080000400] W[r 0=ffffffd6f995f0c8][1] R[r 5=0000000080000114] R[r 0=0000000000000000] inst=[10529073] csrw    stvec, t0
C0:        555 [1] pc=[0000000080000404] W[r 5=000000000000b000][1] R[r 0=0000000000000000] R[r 0=0000000000000000] inst=[0000b2b7] lui     t0, 0xb
C0:        556 [1] pc=[0000000080000408] W[r 5=000000000000b109][1] R[r 5=000000000000b000] R[r 0=0000000000000000] inst=[1092829b] addiw   t0, t0, 265
C0:        557 [1] pc=[000000008000040c] W[r 0=0000000000000000][1] R[r 5=000000000000b109] R[r 0=0000000000000000] inst=[3022a073] csrs    medeleg, t0
C0:        562 [1] pc=[0000000080000410] W[r10=0000000000006000][1] R[r 0=0000000000000000] R[r 0=0000000000000000] inst=[00006537] lui     a0, 0x6
C0:        563 [1] pc=[0000000080000414] W[r 0=0000000a00000000][1] R[r10=0000000000006000] R[r 0=0000000000000000] inst=[30052073] csrs    mstatus, a0
C0:        568 [1] pc=[0000000080000418] W[r 0=000000000000003f][1] R[r 0=0000000000000000] R[r 0=0000000000000000] inst=[00305073] csrwi   fcsr, 0
C0:        573 [1] pc=[000000008000041c] W[r 1=0000000080000420][1] R[r 0=0000000000000000] R[r 0=0000000000000000] inst=[c6dff0ef] jal     pc - 0x394
C0:        574 [1] pc=[0000000080000088] W[r31=0000000080020088][1] R[r 0=0000000000000000] R[r 0=0000000000000000] inst=[00020f97] auipc   t6, 0x20
C0:        575 [1] pc=[000000008000008c] W[r31=0000000080020000][1] R[r31=0000000080020088] R[r 0=0000000000000000] inst=[f78f8f93] addi    t6, t6, -136
C0:        621 [1] pc=[0000000080000090] W[r 0=0000000000000000][0] R[r31=0000000080020000] R[r 0=0000000000000000] inst=[000fa007] flw     ft0, 0(t6)
C0:        622 [1] pc=[0000000080000094] W[r 1=0000000000000000][0] R[r31=0000000080020000] R[r 0=0000000000000000] inst=[008fa087] flw     ft1, 8(t6)
C0:        623 [1] pc=[0000000080000098] W[r 2=0000000000000000][0] R[r31=0000000080020000] R[r 0=0000000000000000] inst=[010fa107] flw     ft2, 16(t6)
C0:        624 [1] pc=[000000008000009c] W[r 3=0000000000000000][0] R[r31=0000000080020000] R[r 0=0000000000000000] inst=[018fb187] fld     ft3, 24(t6)
C0:        625 [1] pc=[00000000800000a0] W[r 4=0000000000000000][0] R[r31=0000000080020000] R[r 0=0000000000000000] inst=[020fb207] fld     ft4, 32(t6)
C0:        626 [1] pc=[00000000800000a4] W[r 5=0000000000000000][0] R[r31=0000000080020000] R[r 0=0000000000000000] inst=[028fb287] fld     ft5, 40(t6)
C0:        627 [1] pc=[00000000800000a8] W[r 6=0000000000000000][0] R[r31=0000000080020000] R[r 0=0000000000000000] inst=[030fb307] fld     ft6, 48(t6)
C0:        628 [1] pc=[00000000800000ac] W[r 7=0000000000000000][0] R[r31=0000000080020000] R[r 0=0000000000000000] inst=[038fa387] flw     ft7, 56(t6)
C0:        673 [1] pc=[00000000800000b0] W[r 8=0000000000000000][0] R[r31=0000000080020000] R[r 0=0000000000000000] inst=[040fb407] fld     fs0, 64(t6)
C0:        674 [1] pc=[00000000800000b4] W[r 9=0000000000000000][0] R[r31=0000000080020000] R[r 0=0000000000000000] inst=[048fb487] fld     fs1, 72(t6)
C0:        675 [1] pc=[00000000800000b8] W[r10=0000000000000000][0] R[r31=0000000080020000] R[r 0=0000000000000000] inst=[050fa507] flw     fa0, 80(t6)
C0:        676 [1] pc=[00000000800000bc] W[r11=0000000000000000][0] R[r31=0000000080020000] R[r 0=0000000000000000] inst=[058fb587] fld     fa1, 88(t6)
C0:        698 [1] pc=[00000000800000c0] W[r12=0000000000000000][0] R[r31=0000000080020000] R[r 0=0000000000000000] inst=[060fb607] fld     fa2, 96(t6)
C0:        699 [1] pc=[00000000800000c4] W[r13=0000000000000000][0] R[r31=0000000080020000] R[r 0=0000000000000000] inst=[068fb687] fld     fa3, 104(t6)
C0:        700 [1] pc=[00000000800000c8] W[r14=0000000000000000][0] R[r31=0000000080020000] R[r 0=0000000000000000] inst=[070fa707] flw     fa4, 112(t6)
C0:        701 [1] pc=[00000000800000cc] W[r15=0000000000000000][0] R[r31=0000000080020000] R[r 0=0000000000000000] inst=[078fb787] fld     fa5, 120(t6)
C0:        718 [1] pc=[00000000800000d0] W[r16=0000000000000000][0] R[r31=0000000080020000] R[r 0=0000000000000000] inst=[080fb807] fld     fa6, 128(t6)
C0:        719 [1] pc=[00000000800000d4] W[r17=0000000000000000][0] R[r31=0000000080020000] R[r 0=0000000000000000] inst=[088fa887] flw     fa7, 136(t6)
C0:        720 [1] pc=[00000000800000d8] W[r18=0000000000000000][0] R[r31=0000000080020000] R[r 0=0000000000000000] inst=[090fa907] flw     fs2, 144(t6)
C0:        721 [1] pc=[00000000800000dc] W[r19=0000000000000000][0] R[r31=0000000080020000] R[r 0=0000000000000000] inst=[098fa987] flw     fs3, 152(t6)
C0:        722 [1] pc=[00000000800000e0] W[r20=0000000000000000][0] R[r31=0000000080020000] R[r 0=0000000000000000] inst=[0a0fba07] fld     fs4, 160(t6)
C0:        723 [1] pc=[00000000800000e4] W[r21=0000000000000000][0] R[r31=0000000080020000] R[r 0=0000000000000000] inst=[0a8faa87] flw     fs5, 168(t6)
C0:        724 [1] pc=[00000000800000e8] W[r22=0000000000000000][0] R[r31=0000000080020000] R[r 0=0000000000000000] inst=[0b0fbb07] fld     fs6, 176(t6)
C0:        725 [1] pc=[00000000800000ec] W[r23=0000000000000000][0] R[r31=0000000080020000] R[r 0=0000000000000000] inst=[0b8fbb87] fld     fs7, 184(t6)
C0:        771 [1] pc=[00000000800000f0] W[r24=0000000000000000][0] R[r31=0000000080020000] R[r 0=0000000000000000] inst=[0c0fbc07] fld     fs8, 192(t6)
C0:        772 [1] pc=[00000000800000f4] W[r25=0000000000000000][0] R[r31=0000000080020000] R[r 0=0000000000000000] inst=[0c8fbc87] fld     fs9, 200(t6)
C0:        773 [1] pc=[00000000800000f8] W[r26=0000000000000000][0] R[r31=0000000080020000] R[r 0=0000000000000000] inst=[0d0fbd07] fld     fs10, 208(t6)
C0:        774 [1] pc=[00000000800000fc] W[r27=0000000000000000][0] R[r31=0000000080020000] R[r 0=0000000000000000] inst=[0d8fbd87] fld     fs11, 216(t6)
C0:        824 [1] pc=[0000000080000100] W[r28=0000000000000000][0] R[r31=0000000080020000] R[r 0=0000000000000000] inst=[0e0fbe07] fld     ft8, 224(t6)
C0:        825 [1] pc=[0000000080000104] W[r29=0000000000000000][0] R[r31=0000000080020000] R[r 0=0000000000000000] inst=[0e8fae87] flw     ft9, 232(t6)
C0:        826 [1] pc=[0000000080000108] W[r30=0000000000000000][0] R[r31=0000000080020000] R[r 0=0000000000000000] inst=[0f0faf07] flw     ft10, 240(t6)
C0:        827 [1] pc=[000000008000010c] W[r31=0000000000000000][0] R[r31=0000000080020000] R[r 0=0000000000000000] inst=[0f8faf87] flw     ft11, 248(t6)
C0:        828 [1] pc=[0000000080000110] W[r 0=0000000080000114][1] R[r 1=0000000080000420] R[r 0=0000000000000000] inst=[00008067] ret
C0:        830 [1] pc=[0000000080000420] W[r 0=000000000000008c][1] R[r 0=0000000000000000] R[r 0=0000000000000000] inst=[b0201073] csrw    minstret, zero
C0:        835 [1] pc=[0000000080000424] W[r10=0000000000000000][1] R[r 0=0000000000000000] R[r 0=0000000000000000] inst=[f1402573] csrr    a0, mhartid
C0:        836 [1] pc=[0000000080000428] W[r11=000000001a73e500][1] R[r 0=0000000000000000] R[r 0=0000000000000000] inst=[3b79d5f3] csrrwi  a1, pmpaddr7, 19
C0:        841 [1] pc=[000000008000042c] W[r11=0000000000000000][1] R[r 0=0000000000000000] R[r 0=0000000000000000] inst=[304b65f3] csrrsi  a1, mie, 22
C0:        846 [1] pc=[0000000080000430] W[r14=00000000060df5d0][1] R[r 0=0000000000000000] R[r 0=0000000000000000] inst=[3b665773] csrrwi  a4, pmpaddr6, 12
C0:        851 [1] pc=[0000000080000434] W[r 5=0000000080000434][1] R[r 0=0000000000000000] R[r 0=0000000000000000] inst=[00000297] auipc   t0, 0x0
C0:        852 [1] pc=[0000000080000438] W[r 5=0000000080000480][1] R[r 5=0000000080000434] R[r 0=0000000000000000] inst=[04c28293] addi    t0, t0, 76
C0:        853 [1] pc=[000000008000043c] W[r 0=0000000080000000][1] R[r 5=0000000080000480] R[r 0=0000000000000000] inst=[34129073] csrw    mepc, t0
C0:        875 [1] pc=[0000000080000440] W[r 5=0000000000000000][1] R[r 0=0000000000000000] R[r 0=0000000000000000] inst=[00000293] li      t0, 0
C0:        876 [1] pc=[0000000080000444] W[r 0=0000000000000000][0] R[r 0=0000000000000000] R[r 0=0000000000000000] inst=[30200073] mret
C0:        897 [1] pc=[0000000080000480] W[r 9=0000000000000000][1] R[r15=0000000080000423] R[r10=b1d8c062c01a958f] inst=[a0a794d3] flt.s   s1, fa5, fa0
C0:        898 [1] pc=[0000000080000484] W[r18=0000000080030484][1] R[r 0=0000000000000000] R[r 0=0000000000000000] inst=[00030917] auipc   s2, 0x30
C0:        899 [1] pc=[0000000080000488] W[r18=0000000080030070][1] R[r18=0000000080030484] R[r 0=0000000000000000] inst=[bec90913] addi    s2, s2, -1044
C0:        916 [1] pc=[000000008000048c] W[r 0=0000000000000000][0] R[r18=0000000080030070] R[r24=5dae6b2543d8c0c7] inst=[ff892e23] sw      s8, -4(s2)
C0:        917 [1] pc=[0000000080000490] W[r 8=0000000000000000][1] R[r19=492661695443a5e2] R[r 0=0000000000000000] inst=[03f99413] slli    s0, s3, 63
C0:        918 [1] pc=[0000000080000494] W[r24=0000000080020494][1] R[r 0=0000000000000000] R[r 0=0000000000000000] inst=[00020c17] auipc   s8, 0x20
C0:        919 [1] pc=[0000000080000498] W[r24=0000000080020040][1] R[r24=0000000080020494] R[r 0=0000000000000000] inst=[bacc0c13] addi    s8, s8, -1108
C0:        920 [1] pc=[000000008000049c] W[r24=0000000080020040][1] R[r24=0000000080020040] R[r 0=0000000000000000] inst=[000c0c13] mv      s8, s8
C0:        955 [1] pc=[00000000800004a0] W[r25=75ab1b15e566feca][1] R[r24=0000000080020040] R[r 8=0000000000000000] inst=[088c3caf] amoswap.d s9, s0, (s8)
C0:        959 [1] pc=[00000000800004a4] W[r 0=0000000000000000][0] R[r 0=0000000000000000] R[r 0=0000000000000000] inst=[0000100f] fence.i
C0:        980 [1] pc=[00000000800004a8] W[r 0=0000000000000000][1] R[r 8=0000000000000000] R[r10=0000000000000000] inst=[00a4003b] addw    zero, s0, a0
C0:        981 [1] pc=[00000000800004ac] W[r25=00000000800004ac][1] R[r 0=0000000000000000] R[r 0=0000000000000000] inst=[00000c97] auipc   s9, 0x0
C0:        982 [1] pc=[00000000800004b0] W[r25=00000000800005dc][1] R[r25=00000000800004ac] R[r 0=0000000000000000] inst=[130c8c93] addi    s9, s9, 304
C0:        983 [0] pc=[00000000800004b4] W[r 0=0000000000000000][0] R[r25=00000000341c9073] R[r 0=0000000000000000] inst=[341c9073] csrw    mepc, s9
C0:       1004 [1] pc=[000000008000012c] W[r 1=000000008000212c][1] R[r 0=0000000000000000] R[r 0=0000000000000000] inst=[00002097] auipc   ra, 0x2
C0:       1005 [1] pc=[0000000080000130] W[r 1=0000000080002200][1] R[r 1=000000008000212c] R[r 0=0000000000000000] inst=[0d408093] addi    ra, ra, 212
C0:       1006 [1] pc=[0000000080000134] W[r 2=8000000200006000][1] R[r 0=0000000000000000] R[r 0=0000000000000000] inst=[10002173] csrr    sp, sstatus
C0:       1025 [1] pc=[0000000080000138] W[r 0=0000000000000000][0] R[r 1=0000000080002200] R[r 2=8000000200006000] inst=[0420bc23] sd      sp, 88(ra)
C0:       1026 [1] pc=[000000008000013c] W[r 2=0000000000000000][1] R[r 0=0000000000000000] R[r 0=0000000000000000] inst=[10402173] csrr    sp, sie
C0:       1078 [1] pc=[0000000080000140] W[r 0=0000000000000000][0] R[r 1=0000000080002200] R[r 2=0000000000000000] inst=[0620b823] sd      sp, 112(ra)
C0:       1079 [1] pc=[0000000080000144] W[r 2=0000000080000114][1] R[r 0=0000000000000000] R[r 0=0000000000000000] inst=[10502173] csrr    sp, stvec
C0:       1082 [1] pc=[0000000080000148] W[r 0=0000000000000000][0] R[r 1=0000000080002200] R[r 2=0000000080000114] inst=[0620bc23] sd      sp, 120(ra)
C0:       1083 [1] pc=[000000008000014c] W[r 2=0000000000000005][1] R[r 0=0000000000000000] R[r 0=0000000000000000] inst=[10602173] csrr    sp, scounteren
C0:       1102 [1] pc=[0000000080000150] W[r 0=0000000000000000][0] R[r 1=0000000080002200] R[r 2=0000000000000005] inst=[0820b023] sd      sp, 128(ra)
C0:       1103 [1] pc=[0000000080000154] W[r 2=03705509c02a405b][1] R[r 0=0000000000000000] R[r 0=0000000000000000] inst=[14002173] csrr    sp, sscratch
C0:       1106 [1] pc=[0000000080000158] W[r 0=0000000000000000][0] R[r 1=0000000080002200] R[r 2=03705509c02a405b] inst=[0820b423] sd      sp, 136(ra)
C0:       1107 [1] pc=[000000008000015c] W[r 2=ffffffe8c44d51a4][1] R[r 0=0000000000000000] R[r 0=0000000000000000] inst=[14102173] csrr    sp, sepc
C0:       1110 [1] pc=[0000000080000160] W[r 0=0000000000000000][0] R[r 1=0000000080002200] R[r 2=ffffffe8c44d51a4] inst=[0820b823] sd      sp, 144(ra)
C0:       1111 [1] pc=[0000000080000164] W[r 2=5243e39961efb2ea][1] R[r 0=0000000000000000] R[r 0=0000000000000000] inst=[14202173] csrr    sp, scause
C0:       1114 [1] pc=[0000000080000168] W[r 0=0000000000000000][0] R[r 1=0000000080002200] R[r 2=5243e39961efb2ea] inst=[0820bc23] sd      sp, 152(ra)
C0:       1115 [1] pc=[000000008000016c] W[r 2=000000753c17b906][1] R[r 0=0000000000000000] R[r 0=0000000000000000] inst=[14302173] csrr    sp, stval
C0:       1118 [1] pc=[0000000080000170] W[r 0=0000000000000000][0] R[r 1=0000000080002200] R[r 2=000000753c17b906] inst=[0a20b023] sd      sp, 160(ra)
C0:       1119 [1] pc=[0000000080000174] W[r 2=0000000000000000][1] R[r 0=0000000000000000] R[r 0=0000000000000000] inst=[14402173] csrr    sp, sip
C0:       1122 [1] pc=[0000000080000178] W[r 2=0000000000000000][1] R[r 2=0000000000000000] R[r 0=0000000000000000] inst=[f7f17113] andi    sp, sp, -129
C0:       1123 [1] pc=[000000008000017c] W[r 0=0000000000000000][0] R[r 1=0000000080002200] R[r 2=0000000000000000] inst=[0a20b423] sd      sp, 168(ra)
C0:       1145 [1] pc=[0000000080000180] W[r 2=0000000000000000][1] R[r 0=0000000000000000] R[r 0=0000000000000000] inst=[18002173] csrr    sp, satp
C0:       1148 [1] pc=[0000000080000184] W[r 0=0000000000000000][0] R[r 1=0000000080002200] R[r 2=0000000000000000] inst=[0a20b823] sd      sp, 176(ra)
C0:       1149 [1] pc=[0000000080000188] W[r 2=0000000000000000][1] R[r 0=0000000000000000] R[r 0=0000000000000000] inst=[f1402173] csrr    sp, mhartid
C0:       1152 [1] pc=[000000008000018c] W[r 0=0000000000000000][0] R[r 1=0000000080002200] R[r 2=0000000000000000] inst=[0a20bc23] sd      sp, 184(ra)
C0:       1153 [1] pc=[0000000080000190] W[r 2=8000000a00006000][1] R[r 0=0000000000000000] R[r 0=0000000000000000] inst=[30002173] csrr    sp, mstatus
C0:       1172 [1] pc=[0000000080000194] W[r 0=0000000000000000][0] R[r 1=0000000080002200] R[r 2=8000000a00006000] inst=[0c20b023] sd      sp, 192(ra)
C0:       1173 [1] pc=[0000000080000198] W[r 2=000000000000b109][1] R[r 0=0000000000000000] R[r 0=0000000000000000] inst=[30202173] csrr    sp, medeleg
C0:       1176 [1] pc=[000000008000019c] W[r 0=0000000000000000][0] R[r 1=0000000080002200] R[r 2=000000000000b109] inst=[0c20b423] sd      sp, 200(ra)
C0:       1177 [1] pc=[00000000800001a0] W[r 2=0000000000000000][1] R[r 0=0000000000000000] R[r 0=0000000000000000] inst=[30302173] csrr    sp, mideleg
C0:       1180 [1] pc=[00000000800001a4] W[r 0=0000000000000000][0] R[r 1=0000000080002200] R[r 2=0000000000000000] inst=[0c20b823] sd      sp, 208(ra)
C0:       1181 [1] pc=[00000000800001a8] W[r 2=0000000000000002][1] R[r 0=0000000000000000] R[r 0=0000000000000000] inst=[30402173] csrr    sp, mie
C0:       1184 [1] pc=[00000000800001ac] W[r 0=0000000000000000][0] R[r 1=0000000080002200] R[r 2=0000000000000002] inst=[0c20bc23] sd      sp, 216(ra)
C0:       1185 [1] pc=[00000000800001b0] W[r 2=000000008000012c][1] R[r 0=0000000000000000] R[r 0=0000000000000000] inst=[30502173] csrr    sp, mtvec
C0:       1188 [1] pc=[00000000800001b4] W[r 0=0000000000000000][0] R[r 1=0000000080002200] R[r 2=000000008000012c] inst=[0e20b023] sd      sp, 224(ra)
C0:       1189 [1] pc=[00000000800001b8] W[r 2=0000000000000003][1] R[r 0=0000000000000000] R[r 0=0000000000000000] inst=[30602173] csrr    sp, mcounteren
C0:       1192 [1] pc=[00000000800001bc] W[r 0=0000000000000000][0] R[r 1=0000000080002200] R[r 2=0000000000000003] inst=[0e20b423] sd      sp, 232(ra)
C0:       1242 [1] pc=[00000000800001c0] W[r 2=892fc0120650df0c][1] R[r 0=0000000000000000] R[r 0=0000000000000000] inst=[34002173] csrr    sp, mscratch
C0:       1245 [1] pc=[00000000800001c4] W[r 0=0000000000000000][0] R[r 1=0000000080002200] R[r 2=892fc0120650df0c] inst=[0e20b823] sd      sp, 240(ra)
C0:       1246 [1] pc=[00000000800001c8] W[r 2=00000000800004b4][1] R[r 0=0000000000000000] R[r 0=0000000000000000] inst=[34102173] csrr    sp, mepc
C0:       1249 [1] pc=[00000000800001cc] W[r 0=0000000000000000][0] R[r 1=0000000080002200] R[r 2=00000000800004b4] inst=[0e20bc23] sd      sp, 248(ra)
C0:       1250 [1] pc=[00000000800001d0] W[r 2=0000000000000002][1] R[r 0=0000000000000000] R[r 0=0000000000000000] inst=[34202173] csrr    sp, mcause
C0:       1269 [1] pc=[00000000800001d4] W[r 0=0000000000000000][0] R[r 1=0000000080002200] R[r 2=0000000000000002] inst=[1020b023] sd      sp, 256(ra)
C0:       1270 [1] pc=[00000000800001d8] W[r 2=00000000341c9073][1] R[r 0=0000000000000000] R[r 0=0000000000000000] inst=[34302173] csrr    sp, mtval
C0:       1273 [1] pc=[00000000800001dc] W[r 0=0000000000000000][0] R[r 1=0000000080002200] R[r 2=00000000341c9073] inst=[1020b423] sd      sp, 264(ra)
C0:       1274 [1] pc=[00000000800001e0] W[r 2=0000000000000020][1] R[r 0=0000000000000000] R[r 0=0000000000000000] inst=[34402173] csrr    sp, mip
C0:       1277 [1] pc=[00000000800001e4] W[r 2=0000000000000020][1] R[r 2=0000000000000020] R[r 0=0000000000000000] inst=[f7f17113] andi    sp, sp, -129
C0:       1278 [1] pc=[00000000800001e8] W[r 0=0000000000000000][0] R[r 1=0000000080002200] R[r 2=0000000000000020] inst=[1020b823] sd      sp, 272(ra)
C0:       1279 [1] pc=[00000000800001ec] W[r 2=000000000000001f][1] R[r 0=0000000000000000] R[r 0=0000000000000000] inst=[3a002173] csrr    sp, pmpcfg0
C0:       1282 [1] pc=[00000000800001f0] W[r 0=0000000000000000][0] R[r 1=0000000080002200] R[r 2=000000000000001f] inst=[1020bc23] sd      sp, 280(ra)
C0:       1283 [1] pc=[00000000800001f4] W[r 2=000000003fffffff][1] R[r 0=0000000000000000] R[r 0=0000000000000000] inst=[3b002173] csrr    sp, pmpaddr0
C0:       1286 [1] pc=[00000000800001f8] W[r 0=0000000000000000][0] R[r 1=0000000080002200] R[r 2=000000003fffffff] inst=[1220bc23] sd      sp, 312(ra)
C0:       1287 [1] pc=[00000000800001fc] W[r 2=0000000007955f37][1] R[r 0=0000000000000000] R[r 0=0000000000000000] inst=[3b102173] csrr    sp, pmpaddr1
C0:       1325 [1] pc=[0000000080000200] W[r 0=0000000000000000][0] R[r 1=0000000080002200] R[r 2=0000000007955f37] inst=[1420b023] sd      sp, 320(ra)
C0:       1326 [1] pc=[0000000080000204] W[r 2=00000000040c5558][1] R[r 0=0000000000000000] R[r 0=0000000000000000] inst=[3b202173] csrr    sp, pmpaddr2
C0:       1329 [1] pc=[0000000080000208] W[r 0=0000000000000000][0] R[r 1=0000000080002200] R[r 2=00000000040c5558] inst=[1420b423] sd      sp, 328(ra)
C0:       1330 [1] pc=[000000008000020c] W[r 2=000000000e7595dc][1] R[r 0=0000000000000000] R[r 0=0000000000000000] inst=[3b302173] csrr    sp, pmpaddr3
C0:       1333 [1] pc=[0000000080000210] W[r 0=0000000000000000][0] R[r 1=0000000080002200] R[r 2=000000000e7595dc] inst=[1420b823] sd      sp, 336(ra)
C0:       1334 [1] pc=[0000000080000214] W[r 2=0000000021de349c][1] R[r 0=0000000000000000] R[r 0=0000000000000000] inst=[3b402173] csrr    sp, pmpaddr4
C0:       1337 [1] pc=[0000000080000218] W[r 0=0000000000000000][0] R[r 1=0000000080002200] R[r 2=0000000021de349c] inst=[1420bc23] sd      sp, 344(ra)
C0:       1338 [1] pc=[000000008000021c] W[r 2=000000001b9b4330][1] R[r 0=0000000000000000] R[r 0=0000000000000000] inst=[3b502173] csrr    sp, pmpaddr5
C0:       1341 [1] pc=[0000000080000220] W[r 0=0000000000000000][0] R[r 1=0000000080002200] R[r 2=000000001b9b4330] inst=[1620b023] sd      sp, 352(ra)
C0:       1342 [1] pc=[0000000080000224] W[r 2=000000000000000c][1] R[r 0=0000000000000000] R[r 0=0000000000000000] inst=[3b602173] csrr    sp, pmpaddr6
C0:       1345 [1] pc=[0000000080000228] W[r 0=0000000000000000][0] R[r 1=0000000080002200] R[r 2=000000000000000c] inst=[1620b423] sd      sp, 360(ra)
C0:       1346 [1] pc=[000000008000022c] W[r 2=0000000000000013][1] R[r 0=0000000000000000] R[r 0=0000000000000000] inst=[3b702173] csrr    sp, pmpaddr7
C0:       1349 [1] pc=[0000000080000230] W[r 0=0000000000000000][0] R[r 1=0000000080002200] R[r 2=0000000000000013] inst=[1620b823] sd      sp, 368(ra)
C0:       1350 [1] pc=[0000000080000234] W[r10=0000000000006000][1] R[r 0=0000000000000000] R[r 0=0000000000000000] inst=[00006537] lui     a0, 0x6
C0:       1351 [1] pc=[0000000080000238] W[r 0=8000000a00006000][1] R[r10=0000000000006000] R[r 0=0000000000000000] inst=[30052073] csrs    mstatus, a0
C0:       1356 [1] pc=[000000008000023c] W[r 2=0000000000000010][1] R[r 0=0000000000000000] R[r 0=0000000000000000] inst=[00102173] csrr    sp, fflags
C0:       1373 [1] pc=[0000000080000240] W[r 0=0000000000000000][0] R[r 1=0000000080002200] R[r 2=0000000000000010] inst=[0420b023] sd      sp, 64(ra)
C0:       1374 [1] pc=[0000000080000244] W[r 2=0000000000000000][1] R[r 0=0000000000000000] R[r 0=0000000000000000] inst=[00202173] csrr    sp, frm
C0:       1377 [1] pc=[0000000080000248] W[r 0=0000000000000000][0] R[r 1=0000000080002200] R[r 2=0000000000000000] inst=[0420b423] sd      sp, 72(ra)
C0:       1378 [1] pc=[000000008000024c] W[r 2=0000000000000010][1] R[r 0=0000000000000000] R[r 0=0000000000000000] inst=[00302173] csrr    sp, fcsr
C0:       1381 [1] pc=[0000000080000250] W[r 0=0000000000000000][0] R[r 1=0000000080002200] R[r 2=0000000000000010] inst=[0420b823] sd      sp, 80(ra)
C0:       1382 [1] pc=[0000000080000254] W[r 1=0000000080002254][1] R[r 0=0000000000000000] R[r 0=0000000000000000] inst=[00002097] auipc   ra, 0x2
C0:       1383 [1] pc=[0000000080000258] W[r 1=0000000080002000][1] R[r 1=0000000080002254] R[r 0=0000000000000000] inst=[dac08093] addi    ra, ra, -596
C0:       1400 [1] pc=[000000008000025c] W[r 0=0000000000000000][0] R[r 1=0000000080002000] R[r 0=0000000000000000] inst=[0000b023] sd      zero, 0(ra)
C0:       1401 [1] pc=[0000000080000260] W[r 0=0000000000000000][0] R[r 1=0000000080002000] R[r 2=0000000000000010] inst=[0020b823] sd      sp, 16(ra)
C0:       1402 [1] pc=[0000000080000264] W[r 0=0000000000000000][0] R[r 1=0000000080002000] R[r 3=0000000000000000] inst=[0030bc23] sd      gp, 24(ra)
C0:       1403 [1] pc=[0000000080000268] W[r 0=0000000000000000][0] R[r 1=0000000080002000] R[r 4=8a739d719328cbd5] inst=[0240b023] sd      tp, 32(ra)
C0:       1404 [1] pc=[000000008000026c] W[r 0=0000000000000000][0] R[r 1=0000000080002000] R[r 5=0000000000000000] inst=[0250b423] sd      t0, 40(ra)
C0:       1405 [1] pc=[0000000080000270] W[r 0=0000000000000000][0] R[r 1=0000000080002000] R[r 6=a970b5821aa7f31a] inst=[0260b823] sd      t1, 48(ra)
C0:       1406 [1] pc=[0000000080000274] W[r 0=0000000000000000][0] R[r 1=0000000080002000] R[r 7=4f8dcfb5552cc946] inst=[0270bc23] sd      t2, 56(ra)
C0:       1423 [1] pc=[0000000080000278] W[r 0=0000000000000000][0] R[r 1=0000000080002000] R[r 8=0000000000000000] inst=[0480b023] sd      s0, 64(ra)
C0:       1424 [1] pc=[000000008000027c] W[r 0=0000000000000000][0] R[r 1=0000000080002000] R[r 9=0000000000000000] inst=[0490b423] sd      s1, 72(ra)
C0:       1446 [1] pc=[0000000080000280] W[r 0=0000000000000000][0] R[r 1=0000000080002000] R[r10=0000000000006000] inst=[04a0b823] sd      a0, 80(ra)
C0:       1447 [1] pc=[0000000080000284] W[r 0=0000000000000000][0] R[r 1=0000000080002000] R[r11=0000000000000000] inst=[04b0bc23] sd      a1, 88(ra)
C0:       1448 [1] pc=[0000000080000288] W[r 0=0000000000000000][0] R[r 1=0000000080002000] R[r12=a491c7ea31763115] inst=[06c0b023] sd      a2, 96(ra)
C0:       1449 [1] pc=[000000008000028c] W[r 0=0000000000000000][0] R[r 1=0000000080002000] R[r13=bc39d9f04d9943d4] inst=[06d0b423] sd      a3, 104(ra)
C0:       1450 [1] pc=[0000000080000290] W[r 0=0000000000000000][0] R[r 1=0000000080002000] R[r14=00000000060df5d0] inst=[06e0b823] sd      a4, 112(ra)
C0:       1451 [1] pc=[0000000080000294] W[r 0=0000000000000000][0] R[r 1=0000000080002000] R[r15=487e568fb186913a] inst=[06f0bc23] sd      a5, 120(ra)
C0:       1468 [1] pc=[0000000080000298] W[r 0=0000000000000000][0] R[r 1=0000000080002000] R[r16=048af7c16f3c57e1] inst=[0900b023] sd      a6, 128(ra)
C0:       1469 [1] pc=[000000008000029c] W[r 0=0000000000000000][0] R[r 1=0000000080002000] R[r17=9adb0ac9587dd757] inst=[0910b423] sd      a7, 136(ra)
C0:       1470 [1] pc=[00000000800002a0] W[r 0=0000000000000000][0] R[r 1=0000000080002000] R[r18=0000000080030070] inst=[0920b823] sd      s2, 144(ra)
C0:       1471 [1] pc=[00000000800002a4] W[r 0=0000000000000000][0] R[r 1=0000000080002000] R[r19=492661695443a5e2] inst=[0930bc23] sd      s3, 152(ra)
C0:       1472 [1] pc=[00000000800002a8] W[r 0=0000000000000000][0] R[r 1=0000000080002000] R[r20=34b55dfe82cafdbd] inst=[0b40b023] sd      s4, 160(ra)
C0:       1473 [1] pc=[00000000800002ac] W[r 0=0000000000000000][0] R[r 1=0000000080002000] R[r21=7103566970632e30] inst=[0b50b423] sd      s5, 168(ra)
C0:       1474 [1] pc=[00000000800002b0] W[r 0=0000000000000000][0] R[r 1=0000000080002000] R[r22=3657d207f232d6cb] inst=[0b60b823] sd      s6, 176(ra)
C0:       1475 [1] pc=[00000000800002b4] W[r 0=0000000000000000][0] R[r 1=0000000080002000] R[r23=d8b611777c46b0d3] inst=[0b70bc23] sd      s7, 184(ra)
C0:       1492 [1] pc=[00000000800002b8] W[r 0=0000000000000000][0] R[r 1=0000000080002000] R[r24=0000000080020040] inst=[0d80b023] sd      s8, 192(ra)
C0:       1493 [1] pc=[00000000800002bc] W[r 0=0000000000000000][0] R[r 1=0000000080002000] R[r25=00000000800005dc] inst=[0d90b423] sd      s9, 200(ra)
C0:       1515 [1] pc=[00000000800002c0] W[r 0=0000000000000000][0] R[r 1=0000000080002000] R[r27=4a4cc77ab2488e4f] inst=[0db0bc23] sd      s11, 216(ra)
C0:       1516 [1] pc=[00000000800002c4] W[r 0=0000000000000000][0] R[r 1=0000000080002000] R[r28=216d9e6677ab4f57] inst=[0fc0b023] sd      t3, 224(ra)
C0:       1517 [1] pc=[00000000800002c8] W[r 0=0000000000000000][0] R[r 1=0000000080002000] R[r29=0d8e7cfb8e01e3f6] inst=[0fd0b423] sd      t4, 232(ra)
C0:       1518 [1] pc=[00000000800002cc] W[r 0=0000000000000000][0] R[r 1=0000000080002000] R[r30=6c3d23a358f35120] inst=[0fe0b823] sd      t5, 240(ra)
C0:       1519 [1] pc=[00000000800002d0] W[r 1=00000000800022d0][1] R[r 0=0000000000000000] R[r 0=0000000000000000] inst=[00002097] auipc   ra, 0x2
C0:       1520 [1] pc=[00000000800002d4] W[r 1=0000000080002100][1] R[r 1=00000000800022d0] R[r 0=0000000000000000] inst=[e3008093] addi    ra, ra, -464
C0:       1537 [1] pc=[00000000800002d8] W[r 0=0000000000000000][0] R[r 1=0000000080002100] R[r 1=6c3d23a358f35123] inst=[0010a427] fsw     ft1, 8(ra)
C0:       1538 [1] pc=[00000000800002dc] W[r 0=0000000000000000][0] R[r 1=0000000080002100] R[r 2=6c3d23a358f35123] inst=[0020a827] fsw     ft2, 16(ra)
C0:       1539 [1] pc=[00000000800002e0] W[r 0=0000000000000000][0] R[r 1=0000000080002100] R[r 7=6c3d23a358f35123] inst=[0270ac27] fsw     ft7, 56(ra)
C0:       1556 [1] pc=[00000000800002e4] W[r 0=0000000000000000][0] R[r 1=0000000080002100] R[r 9=6c3d23a358f35123] inst=[0490a427] fsw     fs1, 72(ra)
C0:       1557 [1] pc=[00000000800002e8] W[r 0=0000000000000000][0] R[r 1=0000000080002100] R[r10=6c3d23a358f35123] inst=[04a0a827] fsw     fa0, 80(ra)
C0:       1558 [1] pc=[00000000800002ec] W[r 0=0000000000000000][0] R[r 1=0000000080002100] R[r12=6c3d23a358f35123] inst=[06c0a027] fsw     fa2, 96(ra)
C0:       1559 [1] pc=[00000000800002f0] W[r 0=0000000000000000][0] R[r 1=0000000080002100] R[r13=6c3d23a358f35123] inst=[06d0a427] fsw     fa3, 104(ra)
C0:       1576 [1] pc=[00000000800002f4] W[r 0=0000000000000000][0] R[r 1=0000000080002100] R[r21=6c3d23a358f35123] inst=[0b50a427] fsw     fs5, 168(ra)
C0:       1577 [1] pc=[00000000800002f8] W[r 0=0000000000000000][0] R[r 1=0000000080002100] R[r22=6c3d23a358f35123] inst=[0b60a827] fsw     fs6, 176(ra)
C0:       1594 [1] pc=[00000000800002fc] W[r 0=0000000000000000][0] R[r 1=0000000080002100] R[r25=6c3d23a358f35123] inst=[0d90a427] fsw     fs9, 200(ra)
C0:       1607 [1] pc=[0000000080000300] W[r 0=0000000000000000][0] R[r 1=0000000080002100] R[r26=6c3d23a358f35123] inst=[0da0a827] fsw     fs10, 208(ra)
C0:       1608 [1] pc=[0000000080000304] W[r 0=0000000000000000][0] R[r 1=0000000080002100] R[r28=6c3d23a358f35123] inst=[0fc0a027] fsw     ft8, 224(ra)
C0:       1609 [1] pc=[0000000080000308] W[r 0=0000000000000000][0] R[r 1=0000000080002100] R[r29=6c3d23a358f35123] inst=[0fd0a427] fsw     ft9, 232(ra)
C0:       1610 [1] pc=[000000008000030c] W[r 0=0000000000000000][0] R[r 1=0000000080002100] R[r30=6c3d23a358f35123] inst=[0fe0a827] fsw     ft10, 240(ra)
C0:       1611 [1] pc=[0000000080000310] W[r 0=0000000000000000][0] R[r 1=0000000080002100] R[r31=6c3d23a358f35123] inst=[0ff0ac27] fsw     ft11, 248(ra)
C0:       1612 [1] pc=[0000000080000314] W[r 1=0000000080002314][1] R[r 0=0000000000000000] R[r 0=0000000000000000] inst=[00002097] auipc   ra, 0x2
C0:       1613 [1] pc=[0000000080000318] W[r 1=0000000080002100][1] R[r 1=0000000080002314] R[r 0=0000000000000000] inst=[dec08093] addi    ra, ra, -532
C0:       1614 [1] pc=[000000008000031c] W[r 0=0000000000000000][0] R[r 1=0000000080002100] R[r 0=0000000000000000] inst=[0000b027] fsd     ft0, 0(ra)
C0:       1615 [1] pc=[0000000080000320] W[r 0=0000000000000000][0] R[r 1=0000000080002100] R[r 3=6c3d23a358f35123] inst=[0030bc27] fsd     ft3, 24(ra)
C0:       1616 [1] pc=[0000000080000324] W[r 0=0000000000000000][0] R[r 1=0000000080002100] R[r 4=6c3d23a358f35123] inst=[0240b027] fsd     ft4, 32(ra)
C0:       1617 [1] pc=[0000000080000328] W[r 0=0000000000000000][0] R[r 1=0000000080002100] R[r 5=6c3d23a358f35123] inst=[0250b427] fsd     ft5, 40(ra)
C0:       1618 [1] pc=[000000008000032c] W[r 0=0000000000000000][0] R[r 1=0000000080002100] R[r 6=6c3d23a358f35123] inst=[0260b827] fsd     ft6, 48(ra)
C0:       1619 [1] pc=[0000000080000330] W[r 0=0000000000000000][0] R[r 1=0000000080002100] R[r 8=6c3d23a358f35123] inst=[0480b027] fsd     fs0, 64(ra)
C0:       1620 [1] pc=[0000000080000334] W[r 0=0000000000000000][0] R[r 1=0000000080002100] R[r11=6c3d23a358f35123] inst=[04b0bc27] fsd     fa1, 88(ra)
C0:       1621 [1] pc=[0000000080000338] W[r 0=0000000000000000][0] R[r 1=0000000080002100] R[r14=6c3d23a358f35123] inst=[06e0b827] fsd     fa4, 112(ra)
C0:       1622 [1] pc=[000000008000033c] W[r 0=0000000000000000][0] R[r 1=0000000080002100] R[r15=6c3d23a358f35123] inst=[06f0bc27] fsd     fa5, 120(ra)
C0:       1644 [1] pc=[0000000080000340] W[r 0=0000000000000000][0] R[r 1=0000000080002100] R[r16=6c3d23a358f35123] inst=[0900b027] fsd     fa6, 128(ra)
C0:       1645 [1] pc=[0000000080000344] W[r 0=0000000000000000][0] R[r 1=0000000080002100] R[r17=6c3d23a358f35123] inst=[0910b427] fsd     fa7, 136(ra)
C0:       1646 [1] pc=[0000000080000348] W[r 0=0000000000000000][0] R[r 1=0000000080002100] R[r18=6c3d23a358f35123] inst=[0920b827] fsd     fs2, 144(ra)
C0:       1647 [1] pc=[000000008000034c] W[r 0=0000000000000000][0] R[r 1=0000000080002100] R[r19=6c3d23a358f35123] inst=[0930bc27] fsd     fs3, 152(ra)
C0:       1648 [1] pc=[0000000080000350] W[r 0=0000000000000000][0] R[r 1=0000000080002100] R[r20=6c3d23a358f35123] inst=[0b40b027] fsd     fs4, 160(ra)
C0:       1649 [1] pc=[0000000080000354] W[r 0=0000000000000000][0] R[r 1=0000000080002100] R[r23=6c3d23a358f35123] inst=[0b70bc27] fsd     fs7, 184(ra)
C0:       1650 [1] pc=[0000000080000358] W[r 0=0000000000000000][0] R[r 1=0000000080002100] R[r24=6c3d23a358f35123] inst=[0d80b027] fsd     fs8, 192(ra)
C0:       1651 [1] pc=[000000008000035c] W[r 0=0000000000000000][0] R[r 1=0000000080002100] R[r27=6c3d23a358f35123] inst=[0db0bc27] fsd     fs11, 216(ra)
C0:       1652 [1] pc=[0000000080000360] W[r 3=0000000000000001][1] R[r 0=0000000000000000] R[r 0=0000000000000000] inst=[00100193] li      gp, 1
C0:       1653 [1] pc=[0000000080000364] W[r30=0000000080001364][1] R[r 0=0000000000000000] R[r 0=0000000000000000] inst=[00001f17] auipc   t5, 0x1
C0:       1688 [1] pc=[0000000080000368] W[r 0=0000000000000000][0] R[r30=0000000080001364] R[r 3=0000000000000001] inst=[c83f2e23] sw      gp, -868(t5)
C0:       1689 [1] pc=[000000008000036c] W[r 0=0000000080000370][1] R[r 0=0000000000000000] R[r 0=0000000000000000] inst=[0000006f] j       pc + 0x0
C0:       1690 [1] pc=[000000008000036c] W[r 0=0000000080000370][1] R[r 0=0000000000000000] R[r 0=0000000000000000] inst=[0000006f] j       pc + 0x0
C0:       1691 [1] pc=[000000008000036c] W[r 0=0000000080000370][1] R[r 0=0000000000000000] R[r 0=0000000000000000] inst=[0000006f] j       pc + 0x0
C0:       1692 [1] pc=[000000008000036c] W[r 0=0000000080000370][1] R[r 0=0000000000000000] R[r 0=0000000000000000] inst=[0000006f] j       pc + 0x0
C0:       1693 [1] pc=[000000008000036c] W[r 0=0000000080000370][1] R[r 0=0000000000000000] R[r 0=0000000000000000] inst=[0000006f] j       pc + 0x0
C0:       1694 [1] pc=[000000008000036c] W[r 0=0000000080000370][1] R[r 0=0000000000000000] R[r 0=0000000000000000] inst=[0000006f] j       pc + 0x0
C0:       1695 [1] pc=[000000008000036c] W[r 0=0000000080000370][1] R[r 0=0000000000000000] R[r 0=0000000000000000] inst=[0000006f] j       pc + 0x0
C0:       1697 [1] pc=[000000008000036c] W[r 0=0000000080000370][1] R[r 0=0000000000000000] R[r 0=0000000000000000] inst=[0000006f] j       pc + 0x0
C0:       1698 [1] pc=[000000008000036c] W[r 0=0000000080000370][1] R[r 0=0000000000000000] R[r 0=0000000000000000] inst=[0000006f] j       pc + 0x0
C0:       1699 [1] pc=[000000008000036c] W[r 0=0000000080000370][1] R[r 0=0000000000000000] R[r 0=0000000000000000] inst=[0000006f] j       pc + 0x0
C0:       1701 [1] pc=[000000008000036c] W[r 0=0000000080000370][1] R[r 0=0000000000000000] R[r 0=0000000000000000] inst=[0000006f] j       pc + 0x0
C0:       1703 [1] pc=[000000008000036c] W[r 0=0000000080000370][1] R[r 0=0000000000000000] R[r 0=0000000000000000] inst=[0000006f] j       pc + 0x0
C0:       1704 [1] pc=[000000008000036c] W[r 0=0000000080000370][1] R[r 0=0000000000000000] R[r 0=0000000000000000] inst=[0000006f] j       pc + 0x0
C0:       1705 [1] pc=[000000008000036c] W[r 0=0000000080000370][1] R[r 0=0000000000000000] R[r 0=0000000000000000] inst=[0000006f] j       pc + 0x0
C0:       1707 [1] pc=[000000008000036c] W[r 0=0000000080000370][1] R[r 0=0000000000000000] R[r 0=0000000000000000] inst=[0000006f] j       pc + 0x0
C0:       1709 [1] pc=[000000008000036c] W[r 0=0000000080000370][1] R[r 0=0000000000000000] R[r 0=0000000000000000] inst=[0000006f] j       pc + 0x0
C0:       1710 [1] pc=[000000008000036c] W[r 0=0000000080000370][1] R[r 0=0000000000000000] R[r 0=0000000000000000] inst=[0000006f] j       pc + 0x0
C0:       1711 [1] pc=[000000008000036c] W[r 0=0000000080000370][1] R[r 0=0000000000000000] R[r 0=0000000000000000] inst=[0000006f] j       pc + 0x0
C0:       1713 [1] pc=[000000008000036c] W[r 0=0000000080000370][1] R[r 0=0000000000000000] R[r 0=0000000000000000] inst=[0000006f] j       pc + 0x0
C0:       1715 [1] pc=[000000008000036c] W[r 0=0000000080000370][1] R[r 0=0000000000000000] R[r 0=0000000000000000] inst=[0000006f] j       pc + 0x0
C0:       1716 [1] pc=[000000008000036c] W[r 0=0000000080000370][1] R[r 0=0000000000000000] R[r 0=0000000000000000] inst=[0000006f] j       pc + 0x0
C0:       1717 [1] pc=[000000008000036c] W[r 0=0000000080000370][1] R[r 0=0000000000000000] R[r 0=0000000000000000] inst=[0000006f] j       pc + 0x0
C0:       1719 [1] pc=[000000008000036c] W[r 0=0000000080000370][1] R[r 0=0000000000000000] R[r 0=0000000000000000] inst=[0000006f] j       pc + 0x0
C0:       1721 [1] pc=[000000008000036c] W[r 0=0000000080000370][1] R[r 0=0000000000000000] R[r 0=0000000000000000] inst=[0000006f] j       pc + 0x0
C0:       1722 [1] pc=[000000008000036c] W[r 0=0000000080000370][1] R[r 0=0000000000000000] R[r 0=0000000000000000] inst=[0000006f] j       pc + 0x0
C0:       1723 [1] pc=[000000008000036c] W[r 0=0000000080000370][1] R[r 0=0000000000000000] R[r 0=0000000000000000] inst=[0000006f] j       pc + 0x0
C0:       1725 [1] pc=[000000008000036c] W[r 0=0000000080000370][1] R[r 0=0000000000000000] R[r 0=0000000000000000] inst=[0000006f] j       pc + 0x0
C0:       1727 [1] pc=[000000008000036c] W[r 0=0000000080000370][1] R[r 0=0000000000000000] R[r 0=0000000000000000] inst=[0000006f] j       pc + 0x0
C0:       1728 [1] pc=[000000008000036c] W[r 0=0000000080000370][1] R[r 0=0000000000000000] R[r 0=0000000000000000] inst=[0000006f] j       pc + 0x0
C0:       1729 [1] pc=[000000008000036c] W[r 0=0000000080000370][1] R[r 0=0000000000000000] R[r 0=0000000000000000] inst=[0000006f] j       pc + 0x0
C0:       1731 [1] pc=[000000008000036c] W[r 0=0000000080000370][1] R[r 0=0000000000000000] R[r 0=0000000000000000] inst=[0000006f] j       pc + 0x0
C0:       1733 [1] pc=[000000008000036c] W[r 0=0000000080000370][1] R[r 0=0000000000000000] R[r 0=0000000000000000] inst=[0000006f] j       pc + 0x0
C0:       1734 [1] pc=[000000008000036c] W[r 0=0000000080000370][1] R[r 0=0000000000000000] R[r 0=0000000000000000] inst=[0000006f] j       pc + 0x0
C0:       1735 [1] pc=[000000008000036c] W[r 0=0000000080000370][1] R[r 0=0000000000000000] R[r 0=0000000000000000] inst=[0000006f] j       pc + 0x0
C0:       1737 [1] pc=[000000008000036c] W[r 0=0000000080000370][1] R[r 0=0000000000000000] R[r 0=0000000000000000] inst=[0000006f] j       pc + 0x0
C0:       1739 [1] pc=[000000008000036c] W[r 0=0000000080000370][1] R[r 0=0000000000000000] R[r 0=0000000000000000] inst=[0000006f] j       pc + 0x0
C0:       1740 [1] pc=[000000008000036c] W[r 0=0000000080000370][1] R[r 0=0000000000000000] R[r 0=0000000000000000] inst=[0000006f] j       pc + 0x0
C0:       1741 [1] pc=[000000008000036c] W[r 0=0000000080000370][1] R[r 0=0000000000000000] R[r 0=0000000000000000] inst=[0000006f] j       pc + 0x0
C0:       1743 [1] pc=[000000008000036c] W[r 0=0000000080000370][1] R[r 0=0000000000000000] R[r 0=0000000000000000] inst=[0000006f] j       pc + 0x0
C0:       1745 [1] pc=[000000008000036c] W[r 0=0000000080000370][1] R[r 0=0000000000000000] R[r 0=0000000000000000] inst=[0000006f] j       pc + 0x0
C0:       1746 [1] pc=[000000008000036c] W[r 0=0000000080000370][1] R[r 0=0000000000000000] R[r 0=0000000000000000] inst=[0000006f] j       pc + 0x0
C0:       1747 [1] pc=[000000008000036c] W[r 0=0000000080000370][1] R[r 0=0000000000000000] R[r 0=0000000000000000] inst=[0000006f] j       pc + 0x0
C0:       1749 [1] pc=[000000008000036c] W[r 0=0000000080000370][1] R[r 0=0000000000000000] R[r 0=0000000000000000] inst=[0000006f] j       pc + 0x0
C0:       1751 [1] pc=[000000008000036c] W[r 0=0000000080000370][1] R[r 0=0000000000000000] R[r 0=0000000000000000] inst=[0000006f] j       pc + 0x0
C0:       1752 [1] pc=[000000008000036c] W[r 0=0000000080000370][1] R[r 0=0000000000000000] R[r 0=0000000000000000] inst=[0000006f] j       pc + 0x0
C0:       1753 [1] pc=[000000008000036c] W[r 0=0000000080000370][1] R[r 0=0000000000000000] R[r 0=0000000000000000] inst=[0000006f] j       pc + 0x0
C0:       1755 [1] pc=[000000008000036c] W[r 0=0000000080000370][1] R[r 0=0000000000000000] R[r 0=0000000000000000] inst=[0000006f] j       pc + 0x0
C0:       1757 [1] pc=[000000008000036c] W[r 0=0000000080000370][1] R[r 0=0000000000000000] R[r 0=0000000000000000] inst=[0000006f] j       pc + 0x0
C0:       1758 [1] pc=[000000008000036c] W[r 0=0000000080000370][1] R[r 0=0000000000000000] R[r 0=0000000000000000] inst=[0000006f] j       pc + 0x0
C0:       1759 [1] pc=[000000008000036c] W[r 0=0000000080000370][1] R[r 0=0000000000000000] R[r 0=0000000000000000] inst=[0000006f] j       pc + 0x0
C0:       1761 [1] pc=[000000008000036c] W[r 0=0000000080000370][1] R[r 0=0000000000000000] R[r 0=0000000000000000] inst=[0000006f] j       pc + 0x0
C0:       1763 [1] pc=[000000008000036c] W[r 0=0000000080000370][1] R[r 0=0000000000000000] R[r 0=0000000000000000] inst=[0000006f] j       pc + 0x0
C0:       1764 [1] pc=[000000008000036c] W[r 0=0000000080000370][1] R[r 0=0000000000000000] R[r 0=0000000000000000] inst=[0000006f] j       pc + 0x0
C0:       1765 [1] pc=[000000008000036c] W[r 0=0000000080000370][1] R[r 0=0000000000000000] R[r 0=0000000000000000] inst=[0000006f] j       pc + 0x0
C0:       1767 [1] pc=[000000008000036c] W[r 0=0000000080000370][1] R[r 0=0000000000000000] R[r 0=0000000000000000] inst=[0000006f] j       pc + 0x0
C0:       1769 [1] pc=[000000008000036c] W[r 0=0000000080000370][1] R[r 0=0000000000000000] R[r 0=0000000000000000] inst=[0000006f] j       pc + 0x0
C0:       1770 [1] pc=[000000008000036c] W[r 0=0000000080000370][1] R[r 0=0000000000000000] R[r 0=0000000000000000] inst=[0000006f] j       pc + 0x0
C0:       1771 [1] pc=[000000008000036c] W[r 0=0000000080000370][1] R[r 0=0000000000000000] R[r 0=0000000000000000] inst=[0000006f] j       pc + 0x0
C0:       1773 [1] pc=[000000008000036c] W[r 0=0000000080000370][1] R[r 0=0000000000000000] R[r 0=0000000000000000] inst=[0000006f] j       pc + 0x0
C0:       1775 [1] pc=[000000008000036c] W[r 0=0000000080000370][1] R[r 0=0000000000000000] R[r 0=0000000000000000] inst=[0000006f] j       pc + 0x0
C0:       1776 [1] pc=[000000008000036c] W[r 0=0000000080000370][1] R[r 0=0000000000000000] R[r 0=0000000000000000] inst=[0000006f] j       pc + 0x0
C0:       1777 [1] pc=[000000008000036c] W[r 0=0000000080000370][1] R[r 0=0000000000000000] R[r 0=0000000000000000] inst=[0000006f] j       pc + 0x0
C0:       1779 [1] pc=[000000008000036c] W[r 0=0000000080000370][1] R[r 0=0000000000000000] R[r 0=0000000000000000] inst=[0000006f] j       pc + 0x0
C0:       1781 [1] pc=[000000008000036c] W[r 0=0000000080000370][1] R[r 0=0000000000000000] R[r 0=0000000000000000] inst=[0000006f] j       pc + 0x0
C0:       1782 [1] pc=[000000008000036c] W[r 0=0000000080000370][1] R[r 0=0000000000000000] R[r 0=0000000000000000] inst=[0000006f] j       pc + 0x0
C0:       1783 [1] pc=[000000008000036c] W[r 0=0000000080000370][1] R[r 0=0000000000000000] R[r 0=0000000000000000] inst=[0000006f] j       pc + 0x0
C0:       1785 [1] pc=[000000008000036c] W[r 0=0000000080000370][1] R[r 0=0000000000000000] R[r 0=0000000000000000] inst=[0000006f] j       pc + 0x0
C0:       1787 [1] pc=[000000008000036c] W[r 0=0000000080000370][1] R[r 0=0000000000000000] R[r 0=0000000000000000] inst=[0000006f] j       pc + 0x0
C0:       1788 [1] pc=[000000008000036c] W[r 0=0000000080000370][1] R[r 0=0000000000000000] R[r 0=0000000000000000] inst=[0000006f] j       pc + 0x0
C0:       1789 [1] pc=[000000008000036c] W[r 0=0000000080000370][1] R[r 0=0000000000000000] R[r 0=0000000000000000] inst=[0000006f] j       pc + 0x0
C0:       1791 [1] pc=[000000008000036c] W[r 0=0000000080000370][1] R[r 0=0000000000000000] R[r 0=0000000000000000] inst=[0000006f] j       pc + 0x0
C0:       1793 [1] pc=[000000008000036c] W[r 0=0000000080000370][1] R[r 0=0000000000000000] R[r 0=0000000000000000] inst=[0000006f] j       pc + 0x0
C0:       1794 [1] pc=[000000008000036c] W[r 0=0000000080000370][1] R[r 0=0000000000000000] R[r 0=0000000000000000] inst=[0000006f] j       pc + 0x0
C0:       1795 [1] pc=[000000008000036c] W[r 0=0000000080000370][1] R[r 0=0000000000000000] R[r 0=0000000000000000] inst=[0000006f] j       pc + 0x0
C0:       1797 [1] pc=[000000008000036c] W[r 0=0000000080000370][1] R[r 0=0000000000000000] R[r 0=0000000000000000] inst=[0000006f] j       pc + 0x0
C0:       1799 [1] pc=[000000008000036c] W[r 0=0000000080000370][1] R[r 0=0000000000000000] R[r 0=0000000000000000] inst=[0000006f] j       pc + 0x0
C0:       1800 [1] pc=[000000008000036c] W[r 0=0000000080000370][1] R[r 0=0000000000000000] R[r 0=0000000000000000] inst=[0000006f] j       pc + 0x0
C0:       1801 [1] pc=[000000008000036c] W[r 0=0000000080000370][1] R[r 0=0000000000000000] R[r 0=0000000000000000] inst=[0000006f] j       pc + 0x0
C0:       1803 [1] pc=[000000008000036c] W[r 0=0000000080000370][1] R[r 0=0000000000000000] R[r 0=0000000000000000] inst=[0000006f] j       pc + 0x0
C0:       1805 [1] pc=[000000008000036c] W[r 0=0000000080000370][1] R[r 0=0000000000000000] R[r 0=0000000000000000] inst=[0000006f] j       pc + 0x0
C0:       1806 [1] pc=[000000008000036c] W[r 0=0000000080000370][1] R[r 0=0000000000000000] R[r 0=0000000000000000] inst=[0000006f] j       pc + 0x0
C0:       1807 [1] pc=[000000008000036c] W[r 0=0000000080000370][1] R[r 0=0000000000000000] R[r 0=0000000000000000] inst=[0000006f] j       pc + 0x0
C0:       1809 [1] pc=[000000008000036c] W[r 0=0000000080000370][1] R[r 0=0000000000000000] R[r 0=0000000000000000] inst=[0000006f] j       pc + 0x0
C0:       1811 [1] pc=[000000008000036c] W[r 0=0000000080000370][1] R[r 0=0000000000000000] R[r 0=0000000000000000] inst=[0000006f] j       pc + 0x0
C0:       1812 [1] pc=[000000008000036c] W[r 0=0000000080000370][1] R[r 0=0000000000000000] R[r 0=0000000000000000] inst=[0000006f] j       pc + 0x0
C0:       1813 [1] pc=[000000008000036c] W[r 0=0000000080000370][1] R[r 0=0000000000000000] R[r 0=0000000000000000] inst=[0000006f] j       pc + 0x0
C0:       1815 [1] pc=[000000008000036c] W[r 0=0000000080000370][1] R[r 0=0000000000000000] R[r 0=0000000000000000] inst=[0000006f] j       pc + 0x0
C0:       1817 [1] pc=[000000008000036c] W[r 0=0000000080000370][1] R[r 0=0000000000000000] R[r 0=0000000000000000] inst=[0000006f] j       pc + 0x0
C0:       1818 [1] pc=[000000008000036c] W[r 0=0000000080000370][1] R[r 0=0000000000000000] R[r 0=0000000000000000] inst=[0000006f] j       pc + 0x0
C0:       1819 [1] pc=[000000008000036c] W[r 0=0000000080000370][1] R[r 0=0000000000000000] R[r 0=0000000000000000] inst=[0000006f] j       pc + 0x0
C0:       1821 [1] pc=[000000008000036c] W[r 0=0000000080000370][1] R[r 0=0000000000000000] R[r 0=0000000000000000] inst=[0000006f] j       pc + 0x0
C0:       1823 [1] pc=[000000008000036c] W[r 0=0000000080000370][1] R[r 0=0000000000000000] R[r 0=0000000000000000] inst=[0000006f] j       pc + 0x0
C0:       1824 [1] pc=[000000008000036c] W[r 0=0000000080000370][1] R[r 0=0000000000000000] R[r 0=0000000000000000] inst=[0000006f] j       pc + 0x0
C0:       1825 [1] pc=[000000008000036c] W[r 0=0000000080000370][1] R[r 0=0000000000000000] R[r 0=0000000000000000] inst=[0000006f] j       pc + 0x0
C0:       1827 [1] pc=[000000008000036c] W[r 0=0000000080000370][1] R[r 0=0000000000000000] R[r 0=0000000000000000] inst=[0000006f] j       pc + 0x0
*** PASSED *** Completed after               332266 simulation cycles
