ERROR: ld.so: object '/home/rsaravan/chipyard/.conda-env/lib/libstdc++.so.6' from LD_PRELOAD cannot be preloaded (wrong ELF class: ELFCLASS64): ignored.
testing $random aa374254
== Loading device model file '/home/rsaravan/chipyard/generators/testchipip/src/main/resources/dramsim2_ini/DDR3_micron_64M_8B_x4_sg15.ini' == 
== Loading system model file '/home/rsaravan/chipyard/generators/testchipip/src/main/resources/dramsim2_ini/system.ini' == 
===== MemorySystem 0 =====
CH. 0 TOTAL_STORAGE : 4096MB | 1 Ranks | 16 Devices per rank
DRAMSim2 Clock Frequency =666666666Hz, CPU Clock Frequency=500000000Hz
C0:         19 [1] pc=[0000000000010040] W[r10=0000000000010040][1] R[r 0=0000000000000000] R[r 0=0000000000000000] inst=[00000517] auipc   a0, 0x0
C0:         20 [1] pc=[0000000000010044] W[r10=0000000000010000][1] R[r10=0000000000010040] R[r 0=0000000000000000] inst=[fc050513] addi    a0, a0, -64
C0:         21 [1] pc=[0000000000010048] W[r 0=0000000000000000][1] R[r10=0000000000010000] R[r 0=0000000000000000] inst=[30551073] csrw    mtvec, a0
C0:         26 [1] pc=[000000000001004c] W[r 5=800000000094112d][1] R[r 0=0000000000000000] R[r 0=0000000000000000] inst=[301022f3] csrr    t0, misa
C0:         29 [1] pc=[0000000000010050] W[r 5=ffffe00000000025][1] R[r 5=800000000094112d] R[r 0=0000000000000000] inst=[4122d293] srai    t0, t0, 18
C0:         30 [1] pc=[0000000000010054] W[r 5=0000000000000001][1] R[r 5=ffffe00000000025] R[r 0=0000000000000000] inst=[0012f293] andi    t0, t0, 1
C0:         31 [1] pc=[0000000000010058] W[r 0=0000000000000000][0] R[r 5=0000000000000001] R[r 0=0000000000000000] inst=[00028463] beqz    t0, pc + 8
C0:         32 [1] pc=[000000000001005c] W[r 0=0000000000000202][1] R[r 0=0000000000000000] R[r 0=0000000000000000] inst=[30301073] csrw    mideleg, zero
C0:         37 [1] pc=[0000000000010060] W[r10=0000000000000008][1] R[r 0=0000000000000000] R[r 0=0000000000000000] inst=[00800513] li      a0, 8
C0:         38 [1] pc=[0000000000010064] W[r 0=0021820f436e91f8][1] R[r10=0000000000000008] R[r 0=0000000000000000] inst=[30451073] csrw    mie, a0
C0:         43 [1] pc=[0000000000010068] W[r 0=0000000a00001800][1] R[r10=0000000000000008] R[r 0=0000000000000000] inst=[30052073] csrs    mstatus, a0
C0:         48 [1] pc=[000000000001006c] W[r 0=0000000000000000][0] R[r 0=0000000000000000] R[r 0=0000000000000000] inst=[10500073] wfi
C0:         51 [0] pc=[0000000000010070] W[r 0=0000000000000000][0] R[r31=0000000000000008] R[r 0=0000000000000000] inst=[ffdff06f] j       pc - 0x4
C0:         70 [1] pc=[0000000000010000] W[r11=0000000002000000][1] R[r 0=0000000000000000] R[r 0=0000000000000000] inst=[020005b7] lui     a1, 0x2000
C0:         71 [1] pc=[0000000000010004] W[r10=0000000000000000][1] R[r 0=0000000000000000] R[r 0=0000000000000000] inst=[f1402573] csrr    a0, mhartid
C0:         74 [1] pc=[0000000000010008] W[r 0=0000000000000000][0] R[r10=0000000000000000] R[r 0=0000000000000000] inst=[00050463] beqz    a0, pc + 8
C0:         78 [1] pc=[0000000000010010] W[r12=0000000002000004][1] R[r11=0000000002000000] R[r 0=0000000000000000] inst=[00458613] addi    a2, a1, 4
C0:         79 [1] pc=[0000000000010014] W[r13=0000000000000001][1] R[r 0=0000000000000000] R[r 0=0000000000000000] inst=[00100693] li      a3, 1
C0:         80 [1] pc=[0000000000010018] W[r 0=0000000000000000][0] R[r12=0000000002000004] R[r13=0000000000000001] inst=[00d62023] sw      a3, 0(a2)
C0:         81 [1] pc=[000000000001001c] W[r12=0000000002000008][1] R[r12=0000000002000004] R[r 0=0000000000000000] inst=[00460613] addi    a2, a2, 4
C0:         87 [1] pc=[0000000000010020] W[r13=0000000000000000][0] R[r12=0000000002000008] R[r 0=0000000000000000] inst=[ffc62683] lw      a3, -4(a2)
C0:         95 [1] pc=[0000000000010024] W[r 0=0000000000000000][0] R[r13=0000000000000000] R[r 0=0000000000000000] inst=[fe069ae3] bnez    a3, pc - 12
C0:         96 [1] pc=[0000000000010028] W[r 0=000000000001002c][1] R[r 0=0000000000000000] R[r 0=0000000000000000] inst=[06c0006f] j       pc + 0x6c
C0:        116 [1] pc=[0000000000010094] W[r 0=0000000000000000][0] R[r11=0000000002000000] R[r 0=0000000000000000] inst=[0005a023] sw      zero, 0(a1)
C0:        117 [1] pc=[0000000000010098] W[r10=0000000000004000][1] R[r 0=0000000000000000] R[r 0=0000000000000000] inst=[00004537] lui     a0, 0x4
C0:        123 [1] pc=[000000000001009c] W[r10=0000000000000000][0] R[r10=0000000000004000] R[r 0=0000000000000000] inst=[00053503] ld      a0, 0(a0)
C0:        135 [1] pc=[00000000000100a0] W[r 0=0000000000010070][1] R[r10=0000000080000000] R[r 0=0000000000000000] inst=[34151073] csrw    mepc, a0
C0:        136 [1] pc=[00000000000100a4] W[r10=0000000000000000][1] R[r 0=0000000000000000] R[r 0=0000000000000000] inst=[f1402573] csrr    a0, mhartid
C0:        137 [1] pc=[00000000000100a8] W[r11=00000000000100a8][1] R[r 0=0000000000000000] R[r 0=0000000000000000] inst=[00000597] auipc   a1, 0x0
C0:        138 [1] pc=[00000000000100ac] W[r11=00000000000100c0][1] R[r11=00000000000100a8] R[r 0=0000000000000000] inst=[01858593] addi    a1, a1, 24
C0:        139 [1] pc=[00000000000100b0] W[r12=0000000000000080][1] R[r 0=0000000000000000] R[r 0=0000000000000000] inst=[08000613] li      a2, 128
C0:        140 [1] pc=[00000000000100b4] W[r 0=0000000a00001880][1] R[r12=0000000000000080] R[r 0=0000000000000000] inst=[30063073] csrc    mstatus, a2
C0:        145 [1] pc=[00000000000100b8] W[r 0=0000000000000000][0] R[r 0=0000000000000000] R[r 0=0000000000000000] inst=[30200073] mret
C0:        196 [1] pc=[0000000080000000] W[r31=0000000080010000][1] R[r 0=0000000000000000] R[r 0=0000000000000000] inst=[00010f97] auipc   t6, 0x10
C0:        197 [1] pc=[0000000080000004] W[r31=0000000080010000][1] R[r31=0000000080010000] R[r 0=0000000000000000] inst=[000f8f93] mv      t6, t6
C0:        214 [1] pc=[0000000080000008] W[r 1=d95acaa2d353eef3][1] R[r31=0000000080010000] R[r 0=0000000000000000] inst=[000fb083] ld      ra, 0(t6)
C0:        215 [1] pc=[000000008000000c] W[r 2=820ecaa8436153a6][1] R[r31=0000000080010000] R[r 0=0000000000000000] inst=[008fb103] ld      sp, 8(t6)
C0:        216 [1] pc=[0000000080000010] W[r 3=cd42c1c9fe7b7552][1] R[r31=0000000080010000] R[r 0=0000000000000000] inst=[010fb183] ld      gp, 16(t6)
C0:        217 [1] pc=[0000000080000014] W[r 4=f34960dd14acd0c7][1] R[r31=0000000080010000] R[r 0=0000000000000000] inst=[018fb203] ld      tp, 24(t6)
C0:        218 [1] pc=[0000000080000018] W[r 5=6517f821ee2045cf][1] R[r31=0000000080010000] R[r 0=0000000000000000] inst=[020fb283] ld      t0, 32(t6)
C0:        219 [1] pc=[000000008000001c] W[r 6=0c5555f532ac7af0][1] R[r31=0000000080010000] R[r 0=0000000000000000] inst=[028fb303] ld      t1, 40(t6)
C0:        220 [1] pc=[0000000080000020] W[r 7=c708e60a9b2401aa][1] R[r31=0000000080010000] R[r 0=0000000000000000] inst=[030fb383] ld      t2, 48(t6)
C0:        221 [1] pc=[0000000080000024] W[r 8=0ffc5054fb8901a0][1] R[r31=0000000080010000] R[r 0=0000000000000000] inst=[038fb403] ld      s0, 56(t6)
C0:        267 [1] pc=[0000000080000028] W[r 9=6534b3efa5d93bdf][1] R[r31=0000000080010000] R[r 0=0000000000000000] inst=[040fb483] ld      s1, 64(t6)
C0:        268 [1] pc=[000000008000002c] W[r10=9cfbb2916500a9da][1] R[r31=0000000080010000] R[r 0=0000000000000000] inst=[048fb503] ld      a0, 72(t6)
C0:        269 [1] pc=[0000000080000030] W[r11=728c07588799a7cd][1] R[r31=0000000080010000] R[r 0=0000000000000000] inst=[050fb583] ld      a1, 80(t6)
C0:        270 [1] pc=[0000000080000034] W[r12=d2ed46833b002ea8][1] R[r31=0000000080010000] R[r 0=0000000000000000] inst=[058fb603] ld      a2, 88(t6)
C0:        271 [1] pc=[0000000080000038] W[r13=9b932a5ba33c7964][1] R[r31=0000000080010000] R[r 0=0000000000000000] inst=[060fb683] ld      a3, 96(t6)
C0:        272 [1] pc=[000000008000003c] W[r14=ed0b82c4e0174704][1] R[r31=0000000080010000] R[r 0=0000000000000000] inst=[068fb703] ld      a4, 104(t6)
C0:        294 [1] pc=[0000000080000040] W[r15=c12ddd1de79f3a8b][1] R[r31=0000000080010000] R[r 0=0000000000000000] inst=[070fb783] ld      a5, 112(t6)
C0:        295 [1] pc=[0000000080000044] W[r16=bc49e75117e8cbb7][1] R[r31=0000000080010000] R[r 0=0000000000000000] inst=[078fb803] ld      a6, 120(t6)
C0:        312 [1] pc=[0000000080000048] W[r17=307b821b157ba63a][1] R[r31=0000000080010000] R[r 0=0000000000000000] inst=[080fb883] ld      a7, 128(t6)
C0:        313 [1] pc=[000000008000004c] W[r18=4a39d5c8fe2e5397][1] R[r31=0000000080010000] R[r 0=0000000000000000] inst=[088fb903] ld      s2, 136(t6)
C0:        314 [1] pc=[0000000080000050] W[r19=49ab42569759b92f][1] R[r31=0000000080010000] R[r 0=0000000000000000] inst=[090fb983] ld      s3, 144(t6)
C0:        315 [1] pc=[0000000080000054] W[r20=3dd0ac87d1236dc9][1] R[r31=0000000080010000] R[r 0=0000000000000000] inst=[098fba03] ld      s4, 152(t6)
C0:        316 [1] pc=[0000000080000058] W[r21=1796223d0b357589][1] R[r31=0000000080010000] R[r 0=0000000000000000] inst=[0a0fba83] ld      s5, 160(t6)
C0:        317 [1] pc=[000000008000005c] W[r22=ce4057ba35235466][1] R[r31=0000000080010000] R[r 0=0000000000000000] inst=[0a8fbb03] ld      s6, 168(t6)
C0:        318 [1] pc=[0000000080000060] W[r23=0561474671b37f7e][1] R[r31=0000000080010000] R[r 0=0000000000000000] inst=[0b0fbb83] ld      s7, 176(t6)
C0:        319 [1] pc=[0000000080000064] W[r24=4c7e85e6d32ea70e][1] R[r31=0000000080010000] R[r 0=0000000000000000] inst=[0b8fbc03] ld      s8, 184(t6)
C0:        336 [1] pc=[0000000080000068] W[r25=1f23a9bb0ec75d37][1] R[r31=0000000080010000] R[r 0=0000000000000000] inst=[0c0fbc83] ld      s9, 192(t6)
C0:        337 [1] pc=[000000008000006c] W[r26=132e7c148246d3c0][1] R[r31=0000000080010000] R[r 0=0000000000000000] inst=[0c8fbd03] ld      s10, 200(t6)
C0:        338 [1] pc=[0000000080000070] W[r27=41b5f33f51454fbb][1] R[r31=0000000080010000] R[r 0=0000000000000000] inst=[0d0fbd83] ld      s11, 208(t6)
C0:        339 [1] pc=[0000000080000074] W[r28=4abf355d8057f94a][1] R[r31=0000000080010000] R[r 0=0000000000000000] inst=[0d8fbe03] ld      t3, 216(t6)
C0:        340 [1] pc=[0000000080000078] W[r29=5d9beea2322a8476][1] R[r31=0000000080010000] R[r 0=0000000000000000] inst=[0e0fbe83] ld      t4, 224(t6)
C0:        341 [1] pc=[000000008000007c] W[r30=285b427c329a52cb][1] R[r31=0000000080010000] R[r 0=0000000000000000] inst=[0e8fbf03] ld      t5, 232(t6)
C0:        393 [1] pc=[0000000080000080] W[r31=e187a59ba86adc0d][1] R[r31=0000000080010000] R[r 0=0000000000000000] inst=[0f0fbf83] ld      t6, 240(t6)
C0:        394 [1] pc=[0000000080000084] W[r 0=0000000080000088][1] R[r 0=0000000000000000] R[r 0=0000000000000000] inst=[31c0006f] j       pc + 0x31c
C0:        417 [1] pc=[00000000800003a0] W[r 0=0000000a00000080][1] R[r 0=0000000000000000] R[r 0=0000000000000000] inst=[30005073] csrwi   mstatus, 0
C0:        422 [1] pc=[00000000800003a4] W[r10=0000000000000000][1] R[r 0=0000000000000000] R[r 0=0000000000000000] inst=[f1402573] csrr    a0, mhartid
C0:        425 [1] pc=[00000000800003a8] W[r 0=0000000000000000][0] R[r10=0000000000000000] R[r 0=0000000000000000] inst=[00051063] bnez    a0, pc + 0
C0:        426 [1] pc=[00000000800003ac] W[r 5=00000000800003ac][1] R[r 0=0000000000000000] R[r 0=0000000000000000] inst=[00000297] auipc   t0, 0x0
C0:        427 [1] pc=[00000000800003b0] W[r 5=00000000800003c4][1] R[r 5=00000000800003ac] R[r 0=0000000000000000] inst=[01828293] addi    t0, t0, 24
C0:        428 [1] pc=[00000000800003b4] W[r 0=0000000000010000][1] R[r 5=00000000800003c4] R[r 0=0000000000000000] inst=[30529073] csrw    mtvec, t0
C0:        433 [1] pc=[00000000800003b8] W[r 0=0000000000e0355d][1] R[r 0=0000000000000000] R[r 0=0000000000000000] inst=[30205073] csrwi   medeleg, 0
C0:        438 [1] pc=[00000000800003bc] W[r 0=0000000000000000][1] R[r 0=0000000000000000] R[r 0=0000000000000000] inst=[30305073] csrwi   mideleg, 0
C0:        455 [1] pc=[00000000800003c0] W[r 0=0000000000000008][1] R[r 0=0000000000000000] R[r 0=0000000000000000] inst=[30405073] csrwi   mie, 0
C0:        460 [1] pc=[00000000800003c4] W[r 5=00000000800003c4][1] R[r 0=0000000000000000] R[r 0=0000000000000000] inst=[00000297] auipc   t0, 0x0
C0:        461 [1] pc=[00000000800003c8] W[r 5=00000000800003d4][1] R[r 5=00000000800003c4] R[r 0=0000000000000000] inst=[01028293] addi    t0, t0, 16
C0:        462 [1] pc=[00000000800003cc] W[r 0=00000000800003c4][1] R[r 5=00000000800003d4] R[r 0=0000000000000000] inst=[30529073] csrw    mtvec, t0
C0:        467 [1] pc=[00000000800003d0] W[r 0=0000024673b8f237][1] R[r 0=0000000000000000] R[r 0=0000000000000000] inst=[18005073] csrwi   satp, 0
C0:        472 [1] pc=[00000000800003d4] W[r 5=00000000800003d4][1] R[r 0=0000000000000000] R[r 0=0000000000000000] inst=[00000297] auipc   t0, 0x0
C0:        473 [1] pc=[00000000800003d8] W[r 5=00000000800003f8][1] R[r 5=00000000800003d4] R[r 0=0000000000000000] inst=[02428293] addi    t0, t0, 36
C0:        474 [1] pc=[00000000800003dc] W[r 0=00000000800003d4][1] R[r 5=00000000800003f8] R[r 0=0000000000000000] inst=[30529073] csrw    mtvec, t0
C0:        479 [1] pc=[00000000800003e0] W[r 5=0000000000000001][1] R[r 0=0000000000000000] R[r 0=0000000000000000] inst=[0010029b] addiw   t0, zero, 1
C0:        480 [1] pc=[00000000800003e4] W[r 5=0020000000000000][1] R[r 5=0000000000000001] R[r 0=0000000000000000] inst=[03529293] slli    t0, t0, 53
C0:        481 [1] pc=[00000000800003e8] W[r 5=001fffffffffffff][1] R[r 5=0020000000000000] R[r 0=0000000000000000] inst=[fff28293] addi    t0, t0, -1
C0:        482 [1] pc=[00000000800003ec] W[r 0=0000000028d90b3c][1] R[r 5=001fffffffffffff] R[r 0=0000000000000000] inst=[3b029073] csrw    pmpaddr0, t0
C0:        487 [1] pc=[00000000800003f0] W[r 5=000000000000001f][1] R[r 0=0000000000000000] R[r 0=0000000000000000] inst=[01f00293] li      t0, 31
C0:        488 [1] pc=[00000000800003f4] W[r 0=0007010003050304][1] R[r 5=000000000000001f] R[r 0=0000000000000000] inst=[3a029073] csrw    pmpcfg0, t0
C0:        493 [1] pc=[00000000800003f8] W[r 5=00000000800003f8][1] R[r 0=0000000000000000] R[r 0=0000000000000000] inst=[00000297] auipc   t0, 0x0
C0:        494 [1] pc=[00000000800003fc] W[r 5=000000008000015c][1] R[r 5=00000000800003f8] R[r 0=0000000000000000] inst=[d6428293] addi    t0, t0, -668
C0:        516 [1] pc=[0000000080000400] W[r 0=00000000800003f8][1] R[r 5=000000008000015c] R[r 0=0000000000000000] inst=[30529073] csrw    mtvec, t0
C0:        521 [1] pc=[0000000080000404] W[r 3=0000000000000000][1] R[r 0=0000000000000000] R[r 0=0000000000000000] inst=[00000193] li      gp, 0
C0:        522 [1] pc=[0000000080000408] W[r10=0000000000000001][1] R[r 0=0000000000000000] R[r 0=0000000000000000] inst=[00100513] li      a0, 1
C0:        523 [1] pc=[000000008000040c] W[r10=0000000080000000][1] R[r10=0000000000000001] R[r 0=0000000000000000] inst=[01f51513] slli    a0, a0, 31
C0:        524 [1] pc=[0000000080000410] W[r 0=0000000000000000][0] R[r10=0000000080000000] R[r 0=0000000000000000] inst=[00055c63] bgez    a0, pc + 24
C0:        528 [1] pc=[0000000080000428] W[r 5=0000000080000428][1] R[r 0=0000000000000000] R[r 0=0000000000000000] inst=[00000297] auipc   t0, 0x0
C0:        529 [1] pc=[000000008000042c] W[r 5=0000000080000114][1] R[r 5=0000000080000428] R[r 0=0000000000000000] inst=[cec28293] addi    t0, t0, -788
C0:        530 [1] pc=[0000000080000430] W[r 0=ffffffd6f995f0c8][1] R[r 5=0000000080000114] R[r 0=0000000000000000] inst=[10529073] csrw    stvec, t0
C0:        535 [1] pc=[0000000080000434] W[r 5=000000000000b000][1] R[r 0=0000000000000000] R[r 0=0000000000000000] inst=[0000b2b7] lui     t0, 0xb
C0:        536 [1] pc=[0000000080000438] W[r 5=000000000000b109][1] R[r 5=000000000000b000] R[r 0=0000000000000000] inst=[1092829b] addiw   t0, t0, 265
C0:        537 [1] pc=[000000008000043c] W[r 0=0000000000000000][1] R[r 5=000000000000b109] R[r 0=0000000000000000] inst=[3022a073] csrs    medeleg, t0
C0:        558 [1] pc=[0000000080000440] W[r10=0000000000007000][1] R[r 0=0000000000000000] R[r 0=0000000000000000] inst=[00007537] lui     a0, 0x7
C0:        559 [1] pc=[0000000080000444] W[r10=0000000000006800][1] R[r10=0000000000007000] R[r 0=0000000000000000] inst=[8005051b] addiw   a0, a0, -2048
C0:        560 [1] pc=[0000000080000448] W[r 0=0000000a00000000][1] R[r10=0000000000006800] R[r 0=0000000000000000] inst=[30052073] csrs    mstatus, a0
C0:        565 [1] pc=[000000008000044c] W[r 0=000000000000003f][1] R[r 0=0000000000000000] R[r 0=0000000000000000] inst=[00305073] csrwi   fcsr, 0
C0:        570 [1] pc=[0000000080000450] W[r 1=0000000080000454][1] R[r 0=0000000000000000] R[r 0=0000000000000000] inst=[c39ff0ef] jal     pc - 0x3c8
C0:        571 [1] pc=[0000000080000088] W[r31=0000000080020088][1] R[r 0=0000000000000000] R[r 0=0000000000000000] inst=[00020f97] auipc   t6, 0x20
C0:        572 [1] pc=[000000008000008c] W[r31=0000000080020000][1] R[r31=0000000080020088] R[r 0=0000000000000000] inst=[f78f8f93] addi    t6, t6, -136
C0:        589 [1] pc=[0000000080000090] W[r 0=0000000000000000][0] R[r31=0000000080020000] R[r 0=0000000000000000] inst=[000fa007] flw     ft0, 0(t6)
C0:        590 [1] pc=[0000000080000094] W[r 1=0000000000000000][0] R[r31=0000000080020000] R[r 0=0000000000000000] inst=[008fa087] flw     ft1, 8(t6)
C0:        591 [1] pc=[0000000080000098] W[r 2=0000000000000000][0] R[r31=0000000080020000] R[r 0=0000000000000000] inst=[010fa107] flw     ft2, 16(t6)
C0:        592 [1] pc=[000000008000009c] W[r 3=0000000000000000][0] R[r31=0000000080020000] R[r 0=0000000000000000] inst=[018fb187] fld     ft3, 24(t6)
C0:        593 [1] pc=[00000000800000a0] W[r 4=0000000000000000][0] R[r31=0000000080020000] R[r 0=0000000000000000] inst=[020fb207] fld     ft4, 32(t6)
C0:        594 [1] pc=[00000000800000a4] W[r 5=0000000000000000][0] R[r31=0000000080020000] R[r 0=0000000000000000] inst=[028fb287] fld     ft5, 40(t6)
C0:        595 [1] pc=[00000000800000a8] W[r 6=0000000000000000][0] R[r31=0000000080020000] R[r 0=0000000000000000] inst=[030fb307] fld     ft6, 48(t6)
C0:        596 [1] pc=[00000000800000ac] W[r 7=0000000000000000][0] R[r31=0000000080020000] R[r 0=0000000000000000] inst=[038fa387] flw     ft7, 56(t6)
C0:        641 [1] pc=[00000000800000b0] W[r 8=0000000000000000][0] R[r31=0000000080020000] R[r 0=0000000000000000] inst=[040fb407] fld     fs0, 64(t6)
C0:        642 [1] pc=[00000000800000b4] W[r 9=0000000000000000][0] R[r31=0000000080020000] R[r 0=0000000000000000] inst=[048fb487] fld     fs1, 72(t6)
C0:        643 [1] pc=[00000000800000b8] W[r10=0000000000000000][0] R[r31=0000000080020000] R[r 0=0000000000000000] inst=[050fa507] flw     fa0, 80(t6)
C0:        644 [1] pc=[00000000800000bc] W[r11=0000000000000000][0] R[r31=0000000080020000] R[r 0=0000000000000000] inst=[058fb587] fld     fa1, 88(t6)
C0:        694 [1] pc=[00000000800000c0] W[r12=0000000000000000][0] R[r31=0000000080020000] R[r 0=0000000000000000] inst=[060fb607] fld     fa2, 96(t6)
C0:        695 [1] pc=[00000000800000c4] W[r13=0000000000000000][0] R[r31=0000000080020000] R[r 0=0000000000000000] inst=[068fb687] fld     fa3, 104(t6)
C0:        696 [1] pc=[00000000800000c8] W[r14=0000000000000000][0] R[r31=0000000080020000] R[r 0=0000000000000000] inst=[070fa707] flw     fa4, 112(t6)
C0:        697 [1] pc=[00000000800000cc] W[r15=0000000000000000][0] R[r31=0000000080020000] R[r 0=0000000000000000] inst=[078fb787] fld     fa5, 120(t6)
C0:        743 [1] pc=[00000000800000d0] W[r16=0000000000000000][0] R[r31=0000000080020000] R[r 0=0000000000000000] inst=[080fb807] fld     fa6, 128(t6)
C0:        744 [1] pc=[00000000800000d4] W[r17=0000000000000000][0] R[r31=0000000080020000] R[r 0=0000000000000000] inst=[088fa887] flw     fa7, 136(t6)
C0:        745 [1] pc=[00000000800000d8] W[r18=0000000000000000][0] R[r31=0000000080020000] R[r 0=0000000000000000] inst=[090fa907] flw     fs2, 144(t6)
C0:        746 [1] pc=[00000000800000dc] W[r19=0000000000000000][0] R[r31=0000000080020000] R[r 0=0000000000000000] inst=[098fa987] flw     fs3, 152(t6)
C0:        747 [1] pc=[00000000800000e0] W[r20=0000000000000000][0] R[r31=0000000080020000] R[r 0=0000000000000000] inst=[0a0fba07] fld     fs4, 160(t6)
C0:        748 [1] pc=[00000000800000e4] W[r21=0000000000000000][0] R[r31=0000000080020000] R[r 0=0000000000000000] inst=[0a8faa87] flw     fs5, 168(t6)
C0:        749 [1] pc=[00000000800000e8] W[r22=0000000000000000][0] R[r31=0000000080020000] R[r 0=0000000000000000] inst=[0b0fbb07] fld     fs6, 176(t6)
C0:        750 [1] pc=[00000000800000ec] W[r23=0000000000000000][0] R[r31=0000000080020000] R[r 0=0000000000000000] inst=[0b8fbb87] fld     fs7, 184(t6)
C0:        767 [1] pc=[00000000800000f0] W[r24=0000000000000000][0] R[r31=0000000080020000] R[r 0=0000000000000000] inst=[0c0fbc07] fld     fs8, 192(t6)
C0:        768 [1] pc=[00000000800000f4] W[r25=0000000000000000][0] R[r31=0000000080020000] R[r 0=0000000000000000] inst=[0c8fbc87] fld     fs9, 200(t6)
C0:        769 [1] pc=[00000000800000f8] W[r26=0000000000000000][0] R[r31=0000000080020000] R[r 0=0000000000000000] inst=[0d0fbd07] fld     fs10, 208(t6)
C0:        770 [1] pc=[00000000800000fc] W[r27=0000000000000000][0] R[r31=0000000080020000] R[r 0=0000000000000000] inst=[0d8fbd87] fld     fs11, 216(t6)
C0:        792 [1] pc=[0000000080000100] W[r28=0000000000000000][0] R[r31=0000000080020000] R[r 0=0000000000000000] inst=[0e0fbe07] fld     ft8, 224(t6)
C0:        793 [1] pc=[0000000080000104] W[r29=0000000000000000][0] R[r31=0000000080020000] R[r 0=0000000000000000] inst=[0e8fae87] flw     ft9, 232(t6)
C0:        794 [1] pc=[0000000080000108] W[r30=0000000000000000][0] R[r31=0000000080020000] R[r 0=0000000000000000] inst=[0f0faf07] flw     ft10, 240(t6)
C0:        795 [1] pc=[000000008000010c] W[r31=0000000000000000][0] R[r31=0000000080020000] R[r 0=0000000000000000] inst=[0f8faf87] flw     ft11, 248(t6)
C0:        796 [1] pc=[0000000080000110] W[r 0=0000000080000114][1] R[r 1=0000000080000454] R[r 0=0000000000000000] inst=[00008067] ret
C0:        798 [1] pc=[0000000080000454] W[r 0=000000000000008d][1] R[r 0=0000000000000000] R[r 0=0000000000000000] inst=[b0201073] csrw    minstret, zero
C0:        803 [1] pc=[0000000080000458] W[r10=0000000000000000][1] R[r 0=0000000000000000] R[r 0=0000000000000000] inst=[f1402573] csrr    a0, mhartid
C0:        804 [1] pc=[000000008000045c] W[r12=00000000040c5558][1] R[r 0=0000000000000000] R[r 0=0000000000000000] inst=[3b2de673] csrrsi  a2, pmpaddr2, 27
C0:        809 [1] pc=[0000000080000460] W[r10=0000000021de349c][1] R[r 0=0000000000000000] R[r 0=0000000000000000] inst=[3b4ae573] csrrsi  a0, pmpaddr4, 21
C0:        814 [1] pc=[0000000080000464] W[r10=0000000000000000][1] R[r10=0000000021de349c] R[r10=0000000021de349c] inst=[00a54533] xor     a0, a0, a0
C0:        815 [1] pc=[0000000080000468] W[r10=892fc0120650df0c][1] R[r10=0000000000000000] R[r 0=0000000000000000] inst=[34051573] csrrw   a0, mscratch, a0
C0:        816 [1] pc=[000000008000046c] W[r 5=000000008000046c][1] R[r 0=0000000000000000] R[r 0=0000000000000000] inst=[00000297] auipc   t0, 0x0
C0:        817 [1] pc=[0000000080000470] W[r 5=0000000080000480][1] R[r 5=000000008000046c] R[r 0=0000000000000000] inst=[01428293] addi    t0, t0, 20
C0:        818 [1] pc=[0000000080000474] W[r 0=0000000080000000][1] R[r 5=0000000080000480] R[r 0=0000000000000000] inst=[34129073] csrw    mepc, t0
C0:        819 [1] pc=[0000000080000478] W[r 5=0000000000000000][1] R[r 0=0000000000000000] R[r 0=0000000000000000] inst=[00000293] li      t0, 0
C0:        820 [1] pc=[000000008000047c] W[r 0=0000000000000000][0] R[r 0=0000000000000000] R[r 0=0000000000000000] inst=[30200073] mret
C0:        841 [1] pc=[0000000080000480] W[r15=0000000080020480][1] R[r 0=0000000000000000] R[r 0=0000000000000000] inst=[00020797] auipc   a5, 0x20
C0:        842 [1] pc=[0000000080000484] W[r15=00000000800201b0][1] R[r15=0000000080020480] R[r 0=0000000000000000] inst=[d3078793] addi    a5, a5, -720
C0:        843 [1] pc=[0000000080000488] W[r15=0000000080020198][1] R[r15=00000000800201b0] R[r 0=0000000000000000] inst=[fe878793] addi    a5, a5, -24
C0:        888 [1] pc=[000000008000048c] W[r 9=9d24f69559e0fe67][1] R[r15=0000000080020198] R[r 0=0000000000000000] inst=[1007b4af] lr.d    s1, (a5)
C0:        889 [1] pc=[0000000080000490] W[r15=0400100cc0000000][1] R[r15=0000000080020198] R[r 0=0000000000000000] inst=[01b79793] slli    a5, a5, 27
C0:        890 [1] pc=[0000000080000494] W[r28=0000000000000000][0] R[r 5=000000008002019b] R[r29=0000000021de349f] inst=[29d29e53] fmax.s  ft8, ft5, ft9
C0:        891 [1] pc=[0000000080000498] W[r24=000000132e7c1482][1] R[r26=132e7c148246d3c0] R[r 0=0000000000000000] inst=[418d5c13] srai    s8, s10, 24
C0:        892 [1] pc=[000000008000049c] W[r 0=0000000000000000][0] R[r26=132e7c148246d3c0] R[r 5=0000000000000000] inst=[0a5d7263] bgeu    s10, t0, pc + 164
C0:        917 [1] pc=[0000000080000540] W[r23=0000000000000000][1] R[r23=0561474671b37f7e] R[r23=0561474671b37f7e] inst=[017bcbb3] xor     s7, s7, s7
C0:        918 [1] pc=[0000000080000544] W[r23=0000000000000003][1] R[r 0=0000000000000000] R[r 0=0000000000000000] inst=[00300b93] li      s7, 3
C0:        919 [1] pc=[0000000080000548] W[r23=00000000c0000000][1] R[r23=0000000000000003] R[r 0=0000000000000000] inst=[01eb9b93] slli    s7, s7, 30
C0:        920 [1] pc=[000000008000054c] W[r23=0000000180000000][1] R[r23=00000000c0000000] R[r23=00000000c0000000] inst=[017b8bb3] add     s7, s7, s7
C0:        921 [1] pc=[0000000080000550] W[r11=0000000000000001][1] R[r 0=0000000000000000] R[r 0=0000000000000000] inst=[00100593] li      a1, 1
C0:        922 [1] pc=[0000000080000554] W[r11=0000000008000000][1] R[r11=0000000000000001] R[r 0=0000000000000000] inst=[01b59593] slli    a1, a1, 27
C0:        923 [1] pc=[0000000080000558] W[r23=0000000188000000][1] R[r23=0000000180000000] R[r11=0000000008000000] inst=[00bb8bb3] add     s7, s7, a1
C0:        924 [1] pc=[000000008000055c] W[r16=0000000000000003][1] R[r 0=0000000000000000] R[r 0=0000000000000000] inst=[00300813] li      a6, 3
C0:        925 [1] pc=[0000000080000560] W[r16=0000000000000600][1] R[r16=0000000000000003] R[r 0=0000000000000000] inst=[00981813] slli    a6, a6, 9
C0:        926 [1] pc=[0000000080000564] W[r23=0000000188000600][1] R[r23=0000000188000000] R[r16=0000000000000600] inst=[010b8bb3] add     s7, s7, a6
C0:        927 [0] pc=[0000000080000568] W[r30=0000000000000000][0] R[r23=00000000304b9f73] R[r 0=0000000000000000] inst=[304b9f73] csrrw   t5, mie, s7
C0:        948 [1] pc=[000000008000015c] W[r 1=000000008000215c][1] R[r 0=0000000000000000] R[r 0=0000000000000000] inst=[00002097] auipc   ra, 0x2
C0:        949 [1] pc=[0000000080000160] W[r 1=0000000080002200][1] R[r 1=000000008000215c] R[r 0=0000000000000000] inst=[0a408093] addi    ra, ra, 164
C0:        950 [1] pc=[0000000080000164] W[r 2=8000000200006000][1] R[r 0=0000000000000000] R[r 0=0000000000000000] inst=[10002173] csrr    sp, sstatus
C0:        969 [1] pc=[0000000080000168] W[r 0=0000000000000000][0] R[r 1=0000000080002200] R[r 2=8000000200006000] inst=[0420bc23] sd      sp, 88(ra)
C0:        970 [1] pc=[000000008000016c] W[r 2=0000000000000000][1] R[r 0=0000000000000000] R[r 0=0000000000000000] inst=[10402173] csrr    sp, sie
C0:        973 [1] pc=[0000000080000170] W[r 0=0000000000000000][0] R[r 1=0000000080002200] R[r 2=0000000000000000] inst=[0620b823] sd      sp, 112(ra)
C0:        974 [1] pc=[0000000080000174] W[r 2=0000000080000114][1] R[r 0=0000000000000000] R[r 0=0000000000000000] inst=[10502173] csrr    sp, stvec
C0:        977 [1] pc=[0000000080000178] W[r 0=0000000000000000][0] R[r 1=0000000080002200] R[r 2=0000000080000114] inst=[0620bc23] sd      sp, 120(ra)
C0:        978 [1] pc=[000000008000017c] W[r 2=0000000000000005][1] R[r 0=0000000000000000] R[r 0=0000000000000000] inst=[10602173] csrr    sp, scounteren
C0:       1046 [1] pc=[0000000080000180] W[r 0=0000000000000000][0] R[r 1=0000000080002200] R[r 2=0000000000000005] inst=[0820b023] sd      sp, 128(ra)
C0:       1047 [1] pc=[0000000080000184] W[r 2=03705509c02a405b][1] R[r 0=0000000000000000] R[r 0=0000000000000000] inst=[14002173] csrr    sp, sscratch
C0:       1050 [1] pc=[0000000080000188] W[r 0=0000000000000000][0] R[r 1=0000000080002200] R[r 2=03705509c02a405b] inst=[0820b423] sd      sp, 136(ra)
C0:       1051 [1] pc=[000000008000018c] W[r 2=ffffffe8c44d51a4][1] R[r 0=0000000000000000] R[r 0=0000000000000000] inst=[14102173] csrr    sp, sepc
C0:       1054 [1] pc=[0000000080000190] W[r 0=0000000000000000][0] R[r 1=0000000080002200] R[r 2=ffffffe8c44d51a4] inst=[0820b823] sd      sp, 144(ra)
C0:       1055 [1] pc=[0000000080000194] W[r 2=5243e39961efb2ea][1] R[r 0=0000000000000000] R[r 0=0000000000000000] inst=[14202173] csrr    sp, scause
C0:       1058 [1] pc=[0000000080000198] W[r 0=0000000000000000][0] R[r 1=0000000080002200] R[r 2=5243e39961efb2ea] inst=[0820bc23] sd      sp, 152(ra)
C0:       1059 [1] pc=[000000008000019c] W[r 2=000000753c17b906][1] R[r 0=0000000000000000] R[r 0=0000000000000000] inst=[14302173] csrr    sp, stval
C0:       1062 [1] pc=[00000000800001a0] W[r 0=0000000000000000][0] R[r 1=0000000080002200] R[r 2=000000753c17b906] inst=[0a20b023] sd      sp, 160(ra)
C0:       1063 [1] pc=[00000000800001a4] W[r 2=0000000000000000][1] R[r 0=0000000000000000] R[r 0=0000000000000000] inst=[14402173] csrr    sp, sip
C0:       1066 [1] pc=[00000000800001a8] W[r 2=0000000000000000][1] R[r 2=0000000000000000] R[r 0=0000000000000000] inst=[f7f17113] andi    sp, sp, -129
C0:       1067 [1] pc=[00000000800001ac] W[r 0=0000000000000000][0] R[r 1=0000000080002200] R[r 2=0000000000000000] inst=[0a20b423] sd      sp, 168(ra)
C0:       1068 [1] pc=[00000000800001b0] W[r 2=0000000000000000][1] R[r 0=0000000000000000] R[r 0=0000000000000000] inst=[18002173] csrr    sp, satp
C0:       1071 [1] pc=[00000000800001b4] W[r 0=0000000000000000][0] R[r 1=0000000080002200] R[r 2=0000000000000000] inst=[0a20b823] sd      sp, 176(ra)
C0:       1072 [1] pc=[00000000800001b8] W[r 2=0000000000000000][1] R[r 0=0000000000000000] R[r 0=0000000000000000] inst=[f1402173] csrr    sp, mhartid
C0:       1075 [1] pc=[00000000800001bc] W[r 0=0000000000000000][0] R[r 1=0000000080002200] R[r 2=0000000000000000] inst=[0a20bc23] sd      sp, 184(ra)
C0:       1097 [1] pc=[00000000800001c0] W[r 2=8000000a00006800][1] R[r 0=0000000000000000] R[r 0=0000000000000000] inst=[30002173] csrr    sp, mstatus
C0:       1116 [1] pc=[00000000800001c4] W[r 0=0000000000000000][0] R[r 1=0000000080002200] R[r 2=8000000a00006800] inst=[0c20b023] sd      sp, 192(ra)
C0:       1117 [1] pc=[00000000800001c8] W[r 2=000000000000b109][1] R[r 0=0000000000000000] R[r 0=0000000000000000] inst=[30202173] csrr    sp, medeleg
C0:       1120 [1] pc=[00000000800001cc] W[r 0=0000000000000000][0] R[r 1=0000000080002200] R[r 2=000000000000b109] inst=[0c20b423] sd      sp, 200(ra)
C0:       1121 [1] pc=[00000000800001d0] W[r 2=0000000000000000][1] R[r 0=0000000000000000] R[r 0=0000000000000000] inst=[30302173] csrr    sp, mideleg
C0:       1124 [1] pc=[00000000800001d4] W[r 0=0000000000000000][0] R[r 1=0000000080002200] R[r 2=0000000000000000] inst=[0c20b823] sd      sp, 208(ra)
C0:       1125 [1] pc=[00000000800001d8] W[r 2=0000000000000000][1] R[r 0=0000000000000000] R[r 0=0000000000000000] inst=[30402173] csrr    sp, mie
C0:       1128 [1] pc=[00000000800001dc] W[r 0=0000000000000000][0] R[r 1=0000000080002200] R[r 2=0000000000000000] inst=[0c20bc23] sd      sp, 216(ra)
C0:       1129 [1] pc=[00000000800001e0] W[r 2=000000008000015c][1] R[r 0=0000000000000000] R[r 0=0000000000000000] inst=[30502173] csrr    sp, mtvec
C0:       1132 [1] pc=[00000000800001e4] W[r 0=0000000000000000][0] R[r 1=0000000080002200] R[r 2=000000008000015c] inst=[0e20b023] sd      sp, 224(ra)
C0:       1133 [1] pc=[00000000800001e8] W[r 2=0000000000000003][1] R[r 0=0000000000000000] R[r 0=0000000000000000] inst=[30602173] csrr    sp, mcounteren
C0:       1136 [1] pc=[00000000800001ec] W[r 0=0000000000000000][0] R[r 1=0000000080002200] R[r 2=0000000000000003] inst=[0e20b423] sd      sp, 232(ra)
C0:       1137 [1] pc=[00000000800001f0] W[r 2=0000000000000000][1] R[r 0=0000000000000000] R[r 0=0000000000000000] inst=[34002173] csrr    sp, mscratch
C0:       1140 [1] pc=[00000000800001f4] W[r 0=0000000000000000][0] R[r 1=0000000080002200] R[r 2=0000000000000000] inst=[0e20b823] sd      sp, 240(ra)
C0:       1141 [1] pc=[00000000800001f8] W[r 2=0000000080000568][1] R[r 0=0000000000000000] R[r 0=0000000000000000] inst=[34102173] csrr    sp, mepc
C0:       1144 [1] pc=[00000000800001fc] W[r 0=0000000000000000][0] R[r 1=0000000080002200] R[r 2=0000000080000568] inst=[0e20bc23] sd      sp, 248(ra)
C0:       1166 [1] pc=[0000000080000200] W[r 2=0000000000000002][1] R[r 0=0000000000000000] R[r 0=0000000000000000] inst=[34202173] csrr    sp, mcause
C0:       1185 [1] pc=[0000000080000204] W[r 0=0000000000000000][0] R[r 1=0000000080002200] R[r 2=0000000000000002] inst=[1020b023] sd      sp, 256(ra)
C0:       1186 [1] pc=[0000000080000208] W[r 2=00000000304b9f73][1] R[r 0=0000000000000000] R[r 0=0000000000000000] inst=[34302173] csrr    sp, mtval
C0:       1189 [1] pc=[000000008000020c] W[r 0=0000000000000000][0] R[r 1=0000000080002200] R[r 2=00000000304b9f73] inst=[1020b423] sd      sp, 264(ra)
C0:       1190 [1] pc=[0000000080000210] W[r 2=0000000000000020][1] R[r 0=0000000000000000] R[r 0=0000000000000000] inst=[34402173] csrr    sp, mip
C0:       1193 [1] pc=[0000000080000214] W[r 2=0000000000000020][1] R[r 2=0000000000000020] R[r 0=0000000000000000] inst=[f7f17113] andi    sp, sp, -129
C0:       1194 [1] pc=[0000000080000218] W[r 0=0000000000000000][0] R[r 1=0000000080002200] R[r 2=0000000000000020] inst=[1020b823] sd      sp, 272(ra)
C0:       1195 [1] pc=[000000008000021c] W[r 2=000000000000001f][1] R[r 0=0000000000000000] R[r 0=0000000000000000] inst=[3a002173] csrr    sp, pmpcfg0
C0:       1198 [1] pc=[0000000080000220] W[r 0=0000000000000000][0] R[r 1=0000000080002200] R[r 2=000000000000001f] inst=[1020bc23] sd      sp, 280(ra)
C0:       1199 [1] pc=[0000000080000224] W[r 2=000000003fffffff][1] R[r 0=0000000000000000] R[r 0=0000000000000000] inst=[3b002173] csrr    sp, pmpaddr0
C0:       1202 [1] pc=[0000000080000228] W[r 0=0000000000000000][0] R[r 1=0000000080002200] R[r 2=000000003fffffff] inst=[1220bc23] sd      sp, 312(ra)
C0:       1203 [1] pc=[000000008000022c] W[r 2=0000000007955f37][1] R[r 0=0000000000000000] R[r 0=0000000000000000] inst=[3b102173] csrr    sp, pmpaddr1
C0:       1222 [1] pc=[0000000080000230] W[r 0=0000000000000000][0] R[r 1=0000000080002200] R[r 2=0000000007955f37] inst=[1420b023] sd      sp, 320(ra)
C0:       1223 [1] pc=[0000000080000234] W[r 2=00000000040c555b][1] R[r 0=0000000000000000] R[r 0=0000000000000000] inst=[3b202173] csrr    sp, pmpaddr2
C0:       1226 [1] pc=[0000000080000238] W[r 0=0000000000000000][0] R[r 1=0000000080002200] R[r 2=00000000040c555b] inst=[1420b423] sd      sp, 328(ra)
C0:       1227 [1] pc=[000000008000023c] W[r 2=000000000e7595dc][1] R[r 0=0000000000000000] R[r 0=0000000000000000] inst=[3b302173] csrr    sp, pmpaddr3
C0:       1249 [1] pc=[0000000080000240] W[r 0=0000000000000000][0] R[r 1=0000000080002200] R[r 2=000000000e7595dc] inst=[1420b823] sd      sp, 336(ra)
C0:       1250 [1] pc=[0000000080000244] W[r 2=0000000021de349d][1] R[r 0=0000000000000000] R[r 0=0000000000000000] inst=[3b402173] csrr    sp, pmpaddr4
C0:       1253 [1] pc=[0000000080000248] W[r 0=0000000000000000][0] R[r 1=0000000080002200] R[r 2=0000000021de349d] inst=[1420bc23] sd      sp, 344(ra)
C0:       1254 [1] pc=[000000008000024c] W[r 2=000000001b9b4330][1] R[r 0=0000000000000000] R[r 0=0000000000000000] inst=[3b502173] csrr    sp, pmpaddr5
C0:       1257 [1] pc=[0000000080000250] W[r 0=0000000000000000][0] R[r 1=0000000080002200] R[r 2=000000001b9b4330] inst=[1620b023] sd      sp, 352(ra)
C0:       1258 [1] pc=[0000000080000254] W[r 2=00000000060df5d0][1] R[r 0=0000000000000000] R[r 0=0000000000000000] inst=[3b602173] csrr    sp, pmpaddr6
C0:       1261 [1] pc=[0000000080000258] W[r 0=0000000000000000][0] R[r 1=0000000080002200] R[r 2=00000000060df5d0] inst=[1620b423] sd      sp, 360(ra)
C0:       1262 [1] pc=[000000008000025c] W[r 2=000000001a73e500][1] R[r 0=0000000000000000] R[r 0=0000000000000000] inst=[3b702173] csrr    sp, pmpaddr7
C0:       1265 [1] pc=[0000000080000260] W[r 0=0000000000000000][0] R[r 1=0000000080002200] R[r 2=000000001a73e500] inst=[1620b823] sd      sp, 368(ra)
C0:       1266 [1] pc=[0000000080000264] W[r10=0000000000006000][1] R[r 0=0000000000000000] R[r 0=0000000000000000] inst=[00006537] lui     a0, 0x6
C0:       1267 [1] pc=[0000000080000268] W[r 0=8000000a00006800][1] R[r10=0000000000006000] R[r 0=0000000000000000] inst=[30052073] csrs    mstatus, a0
C0:       1272 [1] pc=[000000008000026c] W[r 2=0000000000000000][1] R[r 0=0000000000000000] R[r 0=0000000000000000] inst=[00102173] csrr    sp, fflags
C0:       1275 [1] pc=[0000000080000270] W[r 0=0000000000000000][0] R[r 1=0000000080002200] R[r 2=0000000000000000] inst=[0420b023] sd      sp, 64(ra)
C0:       1276 [1] pc=[0000000080000274] W[r 2=0000000000000000][1] R[r 0=0000000000000000] R[r 0=0000000000000000] inst=[00202173] csrr    sp, frm
C0:       1279 [1] pc=[0000000080000278] W[r 0=0000000000000000][0] R[r 1=0000000080002200] R[r 2=0000000000000000] inst=[0420b423] sd      sp, 72(ra)
C0:       1280 [1] pc=[000000008000027c] W[r 2=0000000000000000][1] R[r 0=0000000000000000] R[r 0=0000000000000000] inst=[00302173] csrr    sp, fcsr
C0:       1302 [1] pc=[0000000080000280] W[r 0=0000000000000000][0] R[r 1=0000000080002200] R[r 2=0000000000000000] inst=[0420b823] sd      sp, 80(ra)
C0:       1303 [1] pc=[0000000080000284] W[r 1=0000000080002284][1] R[r 0=0000000000000000] R[r 0=0000000000000000] inst=[00002097] auipc   ra, 0x2
C0:       1304 [1] pc=[0000000080000288] W[r 1=0000000080002000][1] R[r 1=0000000080002284] R[r 0=0000000000000000] inst=[d7c08093] addi    ra, ra, -644
C0:       1321 [1] pc=[000000008000028c] W[r 0=0000000000000000][0] R[r 1=0000000080002000] R[r 0=0000000000000000] inst=[0000b023] sd      zero, 0(ra)
C0:       1322 [1] pc=[0000000080000290] W[r 0=0000000000000000][0] R[r 1=0000000080002000] R[r 2=0000000000000000] inst=[0020b823] sd      sp, 16(ra)
C0:       1323 [1] pc=[0000000080000294] W[r 0=0000000000000000][0] R[r 1=0000000080002000] R[r 3=0000000000000000] inst=[0030bc23] sd      gp, 24(ra)
C0:       1324 [1] pc=[0000000080000298] W[r 0=0000000000000000][0] R[r 1=0000000080002000] R[r 4=f34960dd14acd0c7] inst=[0240b023] sd      tp, 32(ra)
C0:       1325 [1] pc=[000000008000029c] W[r 0=0000000000000000][0] R[r 1=0000000080002000] R[r 5=0000000000000000] inst=[0250b423] sd      t0, 40(ra)
C0:       1326 [1] pc=[00000000800002a0] W[r 0=0000000000000000][0] R[r 1=0000000080002000] R[r 6=0c5555f532ac7af0] inst=[0260b823] sd      t1, 48(ra)
C0:       1327 [1] pc=[00000000800002a4] W[r 0=0000000000000000][0] R[r 1=0000000080002000] R[r 7=c708e60a9b2401aa] inst=[0270bc23] sd      t2, 56(ra)
C0:       1344 [1] pc=[00000000800002a8] W[r 0=0000000000000000][0] R[r 1=0000000080002000] R[r 8=0ffc5054fb8901a0] inst=[0480b023] sd      s0, 64(ra)
C0:       1345 [1] pc=[00000000800002ac] W[r 0=0000000000000000][0] R[r 1=0000000080002000] R[r 9=9d24f69559e0fe67] inst=[0490b423] sd      s1, 72(ra)
C0:       1346 [1] pc=[00000000800002b0] W[r 0=0000000000000000][0] R[r 1=0000000080002000] R[r10=0000000000006000] inst=[04a0b823] sd      a0, 80(ra)
C0:       1347 [1] pc=[00000000800002b4] W[r 0=0000000000000000][0] R[r 1=0000000080002000] R[r11=0000000008000000] inst=[04b0bc23] sd      a1, 88(ra)
C0:       1348 [1] pc=[00000000800002b8] W[r 0=0000000000000000][0] R[r 1=0000000080002000] R[r12=00000000040c5558] inst=[06c0b023] sd      a2, 96(ra)
C0:       1349 [1] pc=[00000000800002bc] W[r 0=0000000000000000][0] R[r 1=0000000080002000] R[r13=9b932a5ba33c7964] inst=[06d0b423] sd      a3, 104(ra)
C0:       1371 [1] pc=[00000000800002c0] W[r 0=0000000000000000][0] R[r 1=0000000080002000] R[r14=ed0b82c4e0174704] inst=[06e0b823] sd      a4, 112(ra)
C0:       1372 [1] pc=[00000000800002c4] W[r 0=0000000000000000][0] R[r 1=0000000080002000] R[r15=0400100cc0000000] inst=[06f0bc23] sd      a5, 120(ra)
C0:       1389 [1] pc=[00000000800002c8] W[r 0=0000000000000000][0] R[r 1=0000000080002000] R[r16=0000000000000600] inst=[0900b023] sd      a6, 128(ra)
C0:       1390 [1] pc=[00000000800002cc] W[r 0=0000000000000000][0] R[r 1=0000000080002000] R[r17=307b821b157ba63a] inst=[0910b423] sd      a7, 136(ra)
C0:       1391 [1] pc=[00000000800002d0] W[r 0=0000000000000000][0] R[r 1=0000000080002000] R[r18=4a39d5c8fe2e5397] inst=[0920b823] sd      s2, 144(ra)
C0:       1392 [1] pc=[00000000800002d4] W[r 0=0000000000000000][0] R[r 1=0000000080002000] R[r19=49ab42569759b92f] inst=[0930bc23] sd      s3, 152(ra)
C0:       1393 [1] pc=[00000000800002d8] W[r 0=0000000000000000][0] R[r 1=0000000080002000] R[r20=3dd0ac87d1236dc9] inst=[0b40b023] sd      s4, 160(ra)
C0:       1394 [1] pc=[00000000800002dc] W[r 0=0000000000000000][0] R[r 1=0000000080002000] R[r21=1796223d0b357589] inst=[0b50b423] sd      s5, 168(ra)
C0:       1395 [1] pc=[00000000800002e0] W[r 0=0000000000000000][0] R[r 1=0000000080002000] R[r22=ce4057ba35235466] inst=[0b60b823] sd      s6, 176(ra)
C0:       1396 [1] pc=[00000000800002e4] W[r 0=0000000000000000][0] R[r 1=0000000080002000] R[r23=0000000188000600] inst=[0b70bc23] sd      s7, 184(ra)
C0:       1413 [1] pc=[00000000800002e8] W[r 0=0000000000000000][0] R[r 1=0000000080002000] R[r24=000000132e7c1482] inst=[0d80b023] sd      s8, 192(ra)
C0:       1414 [1] pc=[00000000800002ec] W[r 0=0000000000000000][0] R[r 1=0000000080002000] R[r25=1f23a9bb0ec75d37] inst=[0d90b423] sd      s9, 200(ra)
C0:       1415 [1] pc=[00000000800002f0] W[r 0=0000000000000000][0] R[r 1=0000000080002000] R[r27=41b5f33f51454fbb] inst=[0db0bc23] sd      s11, 216(ra)
C0:       1416 [1] pc=[00000000800002f4] W[r 0=0000000000000000][0] R[r 1=0000000080002000] R[r28=4abf355d8057f94a] inst=[0fc0b023] sd      t3, 224(ra)
C0:       1417 [1] pc=[00000000800002f8] W[r 0=0000000000000000][0] R[r 1=0000000080002000] R[r29=5d9beea2322a8476] inst=[0fd0b423] sd      t4, 232(ra)
C0:       1418 [1] pc=[00000000800002fc] W[r 0=0000000000000000][0] R[r 1=0000000080002000] R[r30=285b427c329a52cb] inst=[0fe0b823] sd      t5, 240(ra)
C0:       1440 [1] pc=[0000000080000300] W[r 1=0000000080002300][1] R[r 0=0000000000000000] R[r 0=0000000000000000] inst=[00002097] auipc   ra, 0x2
C0:       1441 [1] pc=[0000000080000304] W[r 1=0000000080002100][1] R[r 1=0000000080002300] R[r 0=0000000000000000] inst=[e0008093] addi    ra, ra, -512
C0:       1458 [1] pc=[0000000080000308] W[r 0=0000000000000000][0] R[r 1=0000000080002100] R[r 1=285b427c329a52cb] inst=[0010a427] fsw     ft1, 8(ra)
C0:       1459 [1] pc=[000000008000030c] W[r 0=0000000000000000][0] R[r 1=0000000080002100] R[r 2=285b427c329a52cb] inst=[0020a827] fsw     ft2, 16(ra)
C0:       1460 [1] pc=[0000000080000310] W[r 0=0000000000000000][0] R[r 1=0000000080002100] R[r 7=285b427c329a52cb] inst=[0270ac27] fsw     ft7, 56(ra)
C0:       1477 [1] pc=[0000000080000314] W[r 0=0000000000000000][0] R[r 1=0000000080002100] R[r 9=285b427c329a52cb] inst=[0490a427] fsw     fs1, 72(ra)
C0:       1478 [1] pc=[0000000080000318] W[r 0=0000000000000000][0] R[r 1=0000000080002100] R[r10=285b427c329a52cb] inst=[04a0a827] fsw     fa0, 80(ra)
C0:       1479 [1] pc=[000000008000031c] W[r 0=0000000000000000][0] R[r 1=0000000080002100] R[r12=285b427c329a52cb] inst=[06c0a027] fsw     fa2, 96(ra)
C0:       1480 [1] pc=[0000000080000320] W[r 0=0000000000000000][0] R[r 1=0000000080002100] R[r13=285b427c329a52cb] inst=[06d0a427] fsw     fa3, 104(ra)
C0:       1497 [1] pc=[0000000080000324] W[r 0=0000000000000000][0] R[r 1=0000000080002100] R[r21=285b427c329a52cb] inst=[0b50a427] fsw     fs5, 168(ra)
C0:       1498 [1] pc=[0000000080000328] W[r 0=0000000000000000][0] R[r 1=0000000080002100] R[r22=285b427c329a52cb] inst=[0b60a827] fsw     fs6, 176(ra)
C0:       1515 [1] pc=[000000008000032c] W[r 0=0000000000000000][0] R[r 1=0000000080002100] R[r25=285b427c329a52cb] inst=[0d90a427] fsw     fs9, 200(ra)
C0:       1516 [1] pc=[0000000080000330] W[r 0=0000000000000000][0] R[r 1=0000000080002100] R[r26=285b427c329a52cb] inst=[0da0a827] fsw     fs10, 208(ra)
C0:       1517 [1] pc=[0000000080000334] W[r 0=0000000000000000][0] R[r 1=0000000080002100] R[r28=285b427c329a52cb] inst=[0fc0a027] fsw     ft8, 224(ra)
C0:       1518 [1] pc=[0000000080000338] W[r 0=0000000000000000][0] R[r 1=0000000080002100] R[r29=285b427c329a52cb] inst=[0fd0a427] fsw     ft9, 232(ra)
C0:       1519 [1] pc=[000000008000033c] W[r 0=0000000000000000][0] R[r 1=0000000080002100] R[r30=285b427c329a52cb] inst=[0fe0a827] fsw     ft10, 240(ra)
C0:       1541 [1] pc=[0000000080000340] W[r 0=0000000000000000][0] R[r 1=0000000080002100] R[r31=285b427c329a52cb] inst=[0ff0ac27] fsw     ft11, 248(ra)
C0:       1542 [1] pc=[0000000080000344] W[r 1=0000000080002344][1] R[r 0=0000000000000000] R[r 0=0000000000000000] inst=[00002097] auipc   ra, 0x2
C0:       1543 [1] pc=[0000000080000348] W[r 1=0000000080002100][1] R[r 1=0000000080002344] R[r 0=0000000000000000] inst=[dbc08093] addi    ra, ra, -580
C0:       1544 [1] pc=[000000008000034c] W[r 0=0000000000000000][0] R[r 1=0000000080002100] R[r 0=0000000000000000] inst=[0000b027] fsd     ft0, 0(ra)
C0:       1545 [1] pc=[0000000080000350] W[r 0=0000000000000000][0] R[r 1=0000000080002100] R[r 3=285b427c329a52cb] inst=[0030bc27] fsd     ft3, 24(ra)
C0:       1546 [1] pc=[0000000080000354] W[r 0=0000000000000000][0] R[r 1=0000000080002100] R[r 4=285b427c329a52cb] inst=[0240b027] fsd     ft4, 32(ra)
C0:       1547 [1] pc=[0000000080000358] W[r 0=0000000000000000][0] R[r 1=0000000080002100] R[r 5=285b427c329a52cb] inst=[0250b427] fsd     ft5, 40(ra)
C0:       1548 [1] pc=[000000008000035c] W[r 0=0000000000000000][0] R[r 1=0000000080002100] R[r 6=285b427c329a52cb] inst=[0260b827] fsd     ft6, 48(ra)
C0:       1549 [1] pc=[0000000080000360] W[r 0=0000000000000000][0] R[r 1=0000000080002100] R[r 8=285b427c329a52cb] inst=[0480b027] fsd     fs0, 64(ra)
C0:       1550 [1] pc=[0000000080000364] W[r 0=0000000000000000][0] R[r 1=0000000080002100] R[r11=285b427c329a52cb] inst=[04b0bc27] fsd     fa1, 88(ra)
C0:       1551 [1] pc=[0000000080000368] W[r 0=0000000000000000][0] R[r 1=0000000080002100] R[r14=285b427c329a52cb] inst=[06e0b827] fsd     fa4, 112(ra)
C0:       1552 [1] pc=[000000008000036c] W[r 0=0000000000000000][0] R[r 1=0000000080002100] R[r15=285b427c329a52cb] inst=[06f0bc27] fsd     fa5, 120(ra)
C0:       1553 [1] pc=[0000000080000370] W[r 0=0000000000000000][0] R[r 1=0000000080002100] R[r16=285b427c329a52cb] inst=[0900b027] fsd     fa6, 128(ra)
C0:       1554 [1] pc=[0000000080000374] W[r 0=0000000000000000][0] R[r 1=0000000080002100] R[r17=285b427c329a52cb] inst=[0910b427] fsd     fa7, 136(ra)
C0:       1555 [1] pc=[0000000080000378] W[r 0=0000000000000000][0] R[r 1=0000000080002100] R[r18=285b427c329a52cb] inst=[0920b827] fsd     fs2, 144(ra)
C0:       1556 [1] pc=[000000008000037c] W[r 0=0000000000000000][0] R[r 1=0000000080002100] R[r19=285b427c329a52cb] inst=[0930bc27] fsd     fs3, 152(ra)
C0:       1557 [1] pc=[0000000080000380] W[r 0=0000000000000000][0] R[r 1=0000000080002100] R[r20=285b427c329a52cb] inst=[0b40b027] fsd     fs4, 160(ra)
C0:       1558 [1] pc=[0000000080000384] W[r 0=0000000000000000][0] R[r 1=0000000080002100] R[r23=285b427c329a52cb] inst=[0b70bc27] fsd     fs7, 184(ra)
C0:       1559 [1] pc=[0000000080000388] W[r 0=0000000000000000][0] R[r 1=0000000080002100] R[r24=285b427c329a52cb] inst=[0d80b027] fsd     fs8, 192(ra)
C0:       1560 [1] pc=[000000008000038c] W[r 0=0000000000000000][0] R[r 1=0000000080002100] R[r27=285b427c329a52cb] inst=[0db0bc27] fsd     fs11, 216(ra)
C0:       1561 [1] pc=[0000000080000390] W[r 3=0000000000000001][1] R[r 0=0000000000000000] R[r 0=0000000000000000] inst=[00100193] li      gp, 1
C0:       1562 [1] pc=[0000000080000394] W[r30=0000000080001394][1] R[r 0=0000000000000000] R[r 0=0000000000000000] inst=[00001f17] auipc   t5, 0x1
C0:       1579 [1] pc=[0000000080000398] W[r 0=0000000000000000][0] R[r30=0000000080001394] R[r 3=0000000000000001] inst=[c63f2623] sw      gp, -916(t5)
C0:       1580 [1] pc=[000000008000039c] W[r 0=00000000800003a0][1] R[r 0=0000000000000000] R[r 0=0000000000000000] inst=[0000006f] j       pc + 0x0
C0:       1581 [1] pc=[000000008000039c] W[r 0=00000000800003a0][1] R[r 0=0000000000000000] R[r 0=0000000000000000] inst=[0000006f] j       pc + 0x0
C0:       1582 [1] pc=[000000008000039c] W[r 0=00000000800003a0][1] R[r 0=0000000000000000] R[r 0=0000000000000000] inst=[0000006f] j       pc + 0x0
C0:       1583 [1] pc=[000000008000039c] W[r 0=00000000800003a0][1] R[r 0=0000000000000000] R[r 0=0000000000000000] inst=[0000006f] j       pc + 0x0
C0:       1584 [1] pc=[000000008000039c] W[r 0=00000000800003a0][1] R[r 0=0000000000000000] R[r 0=0000000000000000] inst=[0000006f] j       pc + 0x0
C0:       1585 [1] pc=[000000008000039c] W[r 0=00000000800003a0][1] R[r 0=0000000000000000] R[r 0=0000000000000000] inst=[0000006f] j       pc + 0x0
C0:       1586 [1] pc=[000000008000039c] W[r 0=00000000800003a0][1] R[r 0=0000000000000000] R[r 0=0000000000000000] inst=[0000006f] j       pc + 0x0
C0:       1588 [1] pc=[000000008000039c] W[r 0=00000000800003a0][1] R[r 0=0000000000000000] R[r 0=0000000000000000] inst=[0000006f] j       pc + 0x0
C0:       1589 [1] pc=[000000008000039c] W[r 0=00000000800003a0][1] R[r 0=0000000000000000] R[r 0=0000000000000000] inst=[0000006f] j       pc + 0x0
C0:       1590 [1] pc=[000000008000039c] W[r 0=00000000800003a0][1] R[r 0=0000000000000000] R[r 0=0000000000000000] inst=[0000006f] j       pc + 0x0
C0:       1592 [1] pc=[000000008000039c] W[r 0=00000000800003a0][1] R[r 0=0000000000000000] R[r 0=0000000000000000] inst=[0000006f] j       pc + 0x0
C0:       1594 [1] pc=[000000008000039c] W[r 0=00000000800003a0][1] R[r 0=0000000000000000] R[r 0=0000000000000000] inst=[0000006f] j       pc + 0x0
C0:       1595 [1] pc=[000000008000039c] W[r 0=00000000800003a0][1] R[r 0=0000000000000000] R[r 0=0000000000000000] inst=[0000006f] j       pc + 0x0
C0:       1596 [1] pc=[000000008000039c] W[r 0=00000000800003a0][1] R[r 0=0000000000000000] R[r 0=0000000000000000] inst=[0000006f] j       pc + 0x0
C0:       1598 [1] pc=[000000008000039c] W[r 0=00000000800003a0][1] R[r 0=0000000000000000] R[r 0=0000000000000000] inst=[0000006f] j       pc + 0x0
C0:       1600 [1] pc=[000000008000039c] W[r 0=00000000800003a0][1] R[r 0=0000000000000000] R[r 0=0000000000000000] inst=[0000006f] j       pc + 0x0
C0:       1601 [1] pc=[000000008000039c] W[r 0=00000000800003a0][1] R[r 0=0000000000000000] R[r 0=0000000000000000] inst=[0000006f] j       pc + 0x0
C0:       1602 [1] pc=[000000008000039c] W[r 0=00000000800003a0][1] R[r 0=0000000000000000] R[r 0=0000000000000000] inst=[0000006f] j       pc + 0x0
C0:       1604 [1] pc=[000000008000039c] W[r 0=00000000800003a0][1] R[r 0=0000000000000000] R[r 0=0000000000000000] inst=[0000006f] j       pc + 0x0
C0:       1606 [1] pc=[000000008000039c] W[r 0=00000000800003a0][1] R[r 0=0000000000000000] R[r 0=0000000000000000] inst=[0000006f] j       pc + 0x0
C0:       1607 [1] pc=[000000008000039c] W[r 0=00000000800003a0][1] R[r 0=0000000000000000] R[r 0=0000000000000000] inst=[0000006f] j       pc + 0x0
C0:       1608 [1] pc=[000000008000039c] W[r 0=00000000800003a0][1] R[r 0=0000000000000000] R[r 0=0000000000000000] inst=[0000006f] j       pc + 0x0
C0:       1610 [1] pc=[000000008000039c] W[r 0=00000000800003a0][1] R[r 0=0000000000000000] R[r 0=0000000000000000] inst=[0000006f] j       pc + 0x0
C0:       1612 [1] pc=[000000008000039c] W[r 0=00000000800003a0][1] R[r 0=0000000000000000] R[r 0=0000000000000000] inst=[0000006f] j       pc + 0x0
C0:       1613 [1] pc=[000000008000039c] W[r 0=00000000800003a0][1] R[r 0=0000000000000000] R[r 0=0000000000000000] inst=[0000006f] j       pc + 0x0
C0:       1614 [1] pc=[000000008000039c] W[r 0=00000000800003a0][1] R[r 0=0000000000000000] R[r 0=0000000000000000] inst=[0000006f] j       pc + 0x0
C0:       1616 [1] pc=[000000008000039c] W[r 0=00000000800003a0][1] R[r 0=0000000000000000] R[r 0=0000000000000000] inst=[0000006f] j       pc + 0x0
C0:       1618 [1] pc=[000000008000039c] W[r 0=00000000800003a0][1] R[r 0=0000000000000000] R[r 0=0000000000000000] inst=[0000006f] j       pc + 0x0
C0:       1619 [1] pc=[000000008000039c] W[r 0=00000000800003a0][1] R[r 0=0000000000000000] R[r 0=0000000000000000] inst=[0000006f] j       pc + 0x0
C0:       1620 [1] pc=[000000008000039c] W[r 0=00000000800003a0][1] R[r 0=0000000000000000] R[r 0=0000000000000000] inst=[0000006f] j       pc + 0x0
C0:       1622 [1] pc=[000000008000039c] W[r 0=00000000800003a0][1] R[r 0=0000000000000000] R[r 0=0000000000000000] inst=[0000006f] j       pc + 0x0
C0:       1624 [1] pc=[000000008000039c] W[r 0=00000000800003a0][1] R[r 0=0000000000000000] R[r 0=0000000000000000] inst=[0000006f] j       pc + 0x0
C0:       1625 [1] pc=[000000008000039c] W[r 0=00000000800003a0][1] R[r 0=0000000000000000] R[r 0=0000000000000000] inst=[0000006f] j       pc + 0x0
C0:       1626 [1] pc=[000000008000039c] W[r 0=00000000800003a0][1] R[r 0=0000000000000000] R[r 0=0000000000000000] inst=[0000006f] j       pc + 0x0
C0:       1628 [1] pc=[000000008000039c] W[r 0=00000000800003a0][1] R[r 0=0000000000000000] R[r 0=0000000000000000] inst=[0000006f] j       pc + 0x0
C0:       1630 [1] pc=[000000008000039c] W[r 0=00000000800003a0][1] R[r 0=0000000000000000] R[r 0=0000000000000000] inst=[0000006f] j       pc + 0x0
C0:       1631 [1] pc=[000000008000039c] W[r 0=00000000800003a0][1] R[r 0=0000000000000000] R[r 0=0000000000000000] inst=[0000006f] j       pc + 0x0
C0:       1632 [1] pc=[000000008000039c] W[r 0=00000000800003a0][1] R[r 0=0000000000000000] R[r 0=0000000000000000] inst=[0000006f] j       pc + 0x0
C0:       1634 [1] pc=[000000008000039c] W[r 0=00000000800003a0][1] R[r 0=0000000000000000] R[r 0=0000000000000000] inst=[0000006f] j       pc + 0x0
C0:       1636 [1] pc=[000000008000039c] W[r 0=00000000800003a0][1] R[r 0=0000000000000000] R[r 0=0000000000000000] inst=[0000006f] j       pc + 0x0
C0:       1637 [1] pc=[000000008000039c] W[r 0=00000000800003a0][1] R[r 0=0000000000000000] R[r 0=0000000000000000] inst=[0000006f] j       pc + 0x0
C0:       1638 [1] pc=[000000008000039c] W[r 0=00000000800003a0][1] R[r 0=0000000000000000] R[r 0=0000000000000000] inst=[0000006f] j       pc + 0x0
C0:       1640 [1] pc=[000000008000039c] W[r 0=00000000800003a0][1] R[r 0=0000000000000000] R[r 0=0000000000000000] inst=[0000006f] j       pc + 0x0
C0:       1642 [1] pc=[000000008000039c] W[r 0=00000000800003a0][1] R[r 0=0000000000000000] R[r 0=0000000000000000] inst=[0000006f] j       pc + 0x0
C0:       1643 [1] pc=[000000008000039c] W[r 0=00000000800003a0][1] R[r 0=0000000000000000] R[r 0=0000000000000000] inst=[0000006f] j       pc + 0x0
C0:       1644 [1] pc=[000000008000039c] W[r 0=00000000800003a0][1] R[r 0=0000000000000000] R[r 0=0000000000000000] inst=[0000006f] j       pc + 0x0
C0:       1646 [1] pc=[000000008000039c] W[r 0=00000000800003a0][1] R[r 0=0000000000000000] R[r 0=0000000000000000] inst=[0000006f] j       pc + 0x0
C0:       1648 [1] pc=[000000008000039c] W[r 0=00000000800003a0][1] R[r 0=0000000000000000] R[r 0=0000000000000000] inst=[0000006f] j       pc + 0x0
C0:       1649 [1] pc=[000000008000039c] W[r 0=00000000800003a0][1] R[r 0=0000000000000000] R[r 0=0000000000000000] inst=[0000006f] j       pc + 0x0
C0:       1650 [1] pc=[000000008000039c] W[r 0=00000000800003a0][1] R[r 0=0000000000000000] R[r 0=0000000000000000] inst=[0000006f] j       pc + 0x0
C0:       1652 [1] pc=[000000008000039c] W[r 0=00000000800003a0][1] R[r 0=0000000000000000] R[r 0=0000000000000000] inst=[0000006f] j       pc + 0x0
C0:       1654 [1] pc=[000000008000039c] W[r 0=00000000800003a0][1] R[r 0=0000000000000000] R[r 0=0000000000000000] inst=[0000006f] j       pc + 0x0
C0:       1655 [1] pc=[000000008000039c] W[r 0=00000000800003a0][1] R[r 0=0000000000000000] R[r 0=0000000000000000] inst=[0000006f] j       pc + 0x0
C0:       1656 [1] pc=[000000008000039c] W[r 0=00000000800003a0][1] R[r 0=0000000000000000] R[r 0=0000000000000000] inst=[0000006f] j       pc + 0x0
C0:       1658 [1] pc=[000000008000039c] W[r 0=00000000800003a0][1] R[r 0=0000000000000000] R[r 0=0000000000000000] inst=[0000006f] j       pc + 0x0
C0:       1660 [1] pc=[000000008000039c] W[r 0=00000000800003a0][1] R[r 0=0000000000000000] R[r 0=0000000000000000] inst=[0000006f] j       pc + 0x0
C0:       1661 [1] pc=[000000008000039c] W[r 0=00000000800003a0][1] R[r 0=0000000000000000] R[r 0=0000000000000000] inst=[0000006f] j       pc + 0x0
C0:       1662 [1] pc=[000000008000039c] W[r 0=00000000800003a0][1] R[r 0=0000000000000000] R[r 0=0000000000000000] inst=[0000006f] j       pc + 0x0
C0:       1664 [1] pc=[000000008000039c] W[r 0=00000000800003a0][1] R[r 0=0000000000000000] R[r 0=0000000000000000] inst=[0000006f] j       pc + 0x0
C0:       1666 [1] pc=[000000008000039c] W[r 0=00000000800003a0][1] R[r 0=0000000000000000] R[r 0=0000000000000000] inst=[0000006f] j       pc + 0x0
C0:       1667 [1] pc=[000000008000039c] W[r 0=00000000800003a0][1] R[r 0=0000000000000000] R[r 0=0000000000000000] inst=[0000006f] j       pc + 0x0
C0:       1668 [1] pc=[000000008000039c] W[r 0=00000000800003a0][1] R[r 0=0000000000000000] R[r 0=0000000000000000] inst=[0000006f] j       pc + 0x0
C0:       1670 [1] pc=[000000008000039c] W[r 0=00000000800003a0][1] R[r 0=0000000000000000] R[r 0=0000000000000000] inst=[0000006f] j       pc + 0x0
C0:       1672 [1] pc=[000000008000039c] W[r 0=00000000800003a0][1] R[r 0=0000000000000000] R[r 0=0000000000000000] inst=[0000006f] j       pc + 0x0
*** PASSED *** Completed after               336506 simulation cycles
