ERROR: ld.so: object '/home/rsaravan/chipyard/.conda-env/lib/libstdc++.so.6' from LD_PRELOAD cannot be preloaded (wrong ELF class: ELFCLASS64): ignored.
testing $random aa374254
== Loading device model file '/home/rsaravan/chipyard/generators/testchipip/src/main/resources/dramsim2_ini/DDR3_micron_64M_8B_x4_sg15.ini' == 
== Loading system model file '/home/rsaravan/chipyard/generators/testchipip/src/main/resources/dramsim2_ini/system.ini' == 
===== MemorySystem 0 =====
CH. 0 TOTAL_STORAGE : 4096MB | 1 Ranks | 16 Devices per rank
DRAMSim2 Clock Frequency =666666666Hz, CPU Clock Frequency=500000000Hz
C0:         19 [1] pc=[0000000000010040] W[r10=0000000000010040][1] R[r 0=0000000000000000] R[r 0=0000000000000000] inst=[00000517] auipc   a0, 0x0
C0:         20 [1] pc=[0000000000010044] W[r10=0000000000010000][1] R[r10=0000000000010040] R[r 0=0000000000000000] inst=[fc050513] addi    a0, a0, -64
C0:         21 [1] pc=[0000000000010048] W[r 0=0000000000000000][1] R[r10=0000000000010000] R[r 0=0000000000000000] inst=[30551073] csrw    mtvec, a0
C0:         26 [1] pc=[000000000001004c] W[r 5=800000000094112d][1] R[r 0=0000000000000000] R[r 0=0000000000000000] inst=[301022f3] csrr    t0, misa
C0:         29 [1] pc=[0000000000010050] W[r 5=ffffe00000000025][1] R[r 5=800000000094112d] R[r 0=0000000000000000] inst=[4122d293] srai    t0, t0, 18
C0:         30 [1] pc=[0000000000010054] W[r 5=0000000000000001][1] R[r 5=ffffe00000000025] R[r 0=0000000000000000] inst=[0012f293] andi    t0, t0, 1
C0:         31 [1] pc=[0000000000010058] W[r 0=0000000000000000][0] R[r 5=0000000000000001] R[r 0=0000000000000000] inst=[00028463] beqz    t0, pc + 8
C0:         32 [1] pc=[000000000001005c] W[r 0=0000000000000202][1] R[r 0=0000000000000000] R[r 0=0000000000000000] inst=[30301073] csrw    mideleg, zero
C0:         37 [1] pc=[0000000000010060] W[r10=0000000000000008][1] R[r 0=0000000000000000] R[r 0=0000000000000000] inst=[00800513] li      a0, 8
C0:         38 [1] pc=[0000000000010064] W[r 0=0021820f436e91f8][1] R[r10=0000000000000008] R[r 0=0000000000000000] inst=[30451073] csrw    mie, a0
C0:         43 [1] pc=[0000000000010068] W[r 0=0000000a00001800][1] R[r10=0000000000000008] R[r 0=0000000000000000] inst=[30052073] csrs    mstatus, a0
C0:         48 [1] pc=[000000000001006c] W[r 0=0000000000000000][0] R[r 0=0000000000000000] R[r 0=0000000000000000] inst=[10500073] wfi
C0:         51 [0] pc=[0000000000010070] W[r 0=0000000000000000][0] R[r31=0000000000000008] R[r 0=0000000000000000] inst=[ffdff06f] j       pc - 0x4
C0:         70 [1] pc=[0000000000010000] W[r11=0000000002000000][1] R[r 0=0000000000000000] R[r 0=0000000000000000] inst=[020005b7] lui     a1, 0x2000
C0:         71 [1] pc=[0000000000010004] W[r10=0000000000000000][1] R[r 0=0000000000000000] R[r 0=0000000000000000] inst=[f1402573] csrr    a0, mhartid
C0:         74 [1] pc=[0000000000010008] W[r 0=0000000000000000][0] R[r10=0000000000000000] R[r 0=0000000000000000] inst=[00050463] beqz    a0, pc + 8
C0:         78 [1] pc=[0000000000010010] W[r12=0000000002000004][1] R[r11=0000000002000000] R[r 0=0000000000000000] inst=[00458613] addi    a2, a1, 4
C0:         79 [1] pc=[0000000000010014] W[r13=0000000000000001][1] R[r 0=0000000000000000] R[r 0=0000000000000000] inst=[00100693] li      a3, 1
C0:         80 [1] pc=[0000000000010018] W[r 0=0000000000000000][0] R[r12=0000000002000004] R[r13=0000000000000001] inst=[00d62023] sw      a3, 0(a2)
C0:         81 [1] pc=[000000000001001c] W[r12=0000000002000008][1] R[r12=0000000002000004] R[r 0=0000000000000000] inst=[00460613] addi    a2, a2, 4
C0:         87 [1] pc=[0000000000010020] W[r13=0000000000000000][0] R[r12=0000000002000008] R[r 0=0000000000000000] inst=[ffc62683] lw      a3, -4(a2)
C0:         95 [1] pc=[0000000000010024] W[r 0=0000000000000000][0] R[r13=0000000000000000] R[r 0=0000000000000000] inst=[fe069ae3] bnez    a3, pc - 12
C0:         96 [1] pc=[0000000000010028] W[r 0=000000000001002c][1] R[r 0=0000000000000000] R[r 0=0000000000000000] inst=[06c0006f] j       pc + 0x6c
C0:        116 [1] pc=[0000000000010094] W[r 0=0000000000000000][0] R[r11=0000000002000000] R[r 0=0000000000000000] inst=[0005a023] sw      zero, 0(a1)
C0:        117 [1] pc=[0000000000010098] W[r10=0000000000004000][1] R[r 0=0000000000000000] R[r 0=0000000000000000] inst=[00004537] lui     a0, 0x4
C0:        123 [1] pc=[000000000001009c] W[r10=0000000000000000][0] R[r10=0000000000004000] R[r 0=0000000000000000] inst=[00053503] ld      a0, 0(a0)
C0:        135 [1] pc=[00000000000100a0] W[r 0=0000000000010070][1] R[r10=0000000080000000] R[r 0=0000000000000000] inst=[34151073] csrw    mepc, a0
C0:        136 [1] pc=[00000000000100a4] W[r10=0000000000000000][1] R[r 0=0000000000000000] R[r 0=0000000000000000] inst=[f1402573] csrr    a0, mhartid
C0:        137 [1] pc=[00000000000100a8] W[r11=00000000000100a8][1] R[r 0=0000000000000000] R[r 0=0000000000000000] inst=[00000597] auipc   a1, 0x0
C0:        138 [1] pc=[00000000000100ac] W[r11=00000000000100c0][1] R[r11=00000000000100a8] R[r 0=0000000000000000] inst=[01858593] addi    a1, a1, 24
C0:        139 [1] pc=[00000000000100b0] W[r12=0000000000000080][1] R[r 0=0000000000000000] R[r 0=0000000000000000] inst=[08000613] li      a2, 128
C0:        140 [1] pc=[00000000000100b4] W[r 0=0000000a00001880][1] R[r12=0000000000000080] R[r 0=0000000000000000] inst=[30063073] csrc    mstatus, a2
C0:        145 [1] pc=[00000000000100b8] W[r 0=0000000000000000][0] R[r 0=0000000000000000] R[r 0=0000000000000000] inst=[30200073] mret
C0:        166 [1] pc=[0000000080000000] W[r31=0000000080010000][1] R[r 0=0000000000000000] R[r 0=0000000000000000] inst=[00010f97] auipc   t6, 0x10
C0:        167 [1] pc=[0000000080000004] W[r31=0000000080010000][1] R[r31=0000000080010000] R[r 0=0000000000000000] inst=[000f8f93] mv      t6, t6
C0:        184 [1] pc=[0000000080000008] W[r 1=7c69b8eb1dfa1a2e][1] R[r31=0000000080010000] R[r 0=0000000000000000] inst=[000fb083] ld      ra, 0(t6)
C0:        185 [1] pc=[000000008000000c] W[r 2=2695c7b0f01d4ad8][1] R[r31=0000000080010000] R[r 0=0000000000000000] inst=[008fb103] ld      sp, 8(t6)
C0:        186 [1] pc=[0000000080000010] W[r 3=887af3db2a850705][1] R[r31=0000000080010000] R[r 0=0000000000000000] inst=[010fb183] ld      gp, 16(t6)
C0:        187 [1] pc=[0000000080000014] W[r 4=9481a0e5fdf6bd7f][1] R[r31=0000000080010000] R[r 0=0000000000000000] inst=[018fb203] ld      tp, 24(t6)
C0:        188 [1] pc=[0000000080000018] W[r 5=5b68725b8c85966d][1] R[r31=0000000080010000] R[r 0=0000000000000000] inst=[020fb283] ld      t0, 32(t6)
C0:        189 [1] pc=[000000008000001c] W[r 6=e5ff71af8e458254][1] R[r31=0000000080010000] R[r 0=0000000000000000] inst=[028fb303] ld      t1, 40(t6)
C0:        190 [1] pc=[0000000080000020] W[r 7=c421785c57609e87][1] R[r31=0000000080010000] R[r 0=0000000000000000] inst=[030fb383] ld      t2, 48(t6)
C0:        191 [1] pc=[0000000080000024] W[r 8=2dc0c85534286682][1] R[r31=0000000080010000] R[r 0=0000000000000000] inst=[038fb403] ld      s0, 56(t6)
C0:        237 [1] pc=[0000000080000028] W[r 9=8cde7b222c06f257][1] R[r31=0000000080010000] R[r 0=0000000000000000] inst=[040fb483] ld      s1, 64(t6)
C0:        238 [1] pc=[000000008000002c] W[r10=e70166633d52f761][1] R[r31=0000000080010000] R[r 0=0000000000000000] inst=[048fb503] ld      a0, 72(t6)
C0:        239 [1] pc=[0000000080000030] W[r11=17468bbe483492c4][1] R[r31=0000000080010000] R[r 0=0000000000000000] inst=[050fb583] ld      a1, 80(t6)
C0:        240 [1] pc=[0000000080000034] W[r12=baac83799ba72163][1] R[r31=0000000080010000] R[r 0=0000000000000000] inst=[058fb603] ld      a2, 88(t6)
C0:        241 [1] pc=[0000000080000038] W[r13=5cccbadfa6f4011e][1] R[r31=0000000080010000] R[r 0=0000000000000000] inst=[060fb683] ld      a3, 96(t6)
C0:        242 [1] pc=[000000008000003c] W[r14=bf49b952bb77d2d2][1] R[r31=0000000080010000] R[r 0=0000000000000000] inst=[068fb703] ld      a4, 104(t6)
C0:        264 [1] pc=[0000000080000040] W[r15=4f294e55f2038cba][1] R[r31=0000000080010000] R[r 0=0000000000000000] inst=[070fb783] ld      a5, 112(t6)
C0:        265 [1] pc=[0000000080000044] W[r16=a802278bd8da757f][1] R[r31=0000000080010000] R[r 0=0000000000000000] inst=[078fb803] ld      a6, 120(t6)
C0:        310 [1] pc=[0000000080000048] W[r17=fac8dc8708355a4c][1] R[r31=0000000080010000] R[r 0=0000000000000000] inst=[080fb883] ld      a7, 128(t6)
C0:        311 [1] pc=[000000008000004c] W[r18=3d0ee12585fc25ad][1] R[r31=0000000080010000] R[r 0=0000000000000000] inst=[088fb903] ld      s2, 136(t6)
C0:        312 [1] pc=[0000000080000050] W[r19=a4c00b05c5cc0bd7][1] R[r31=0000000080010000] R[r 0=0000000000000000] inst=[090fb983] ld      s3, 144(t6)
C0:        313 [1] pc=[0000000080000054] W[r20=63c07f49b3f4c511][1] R[r31=0000000080010000] R[r 0=0000000000000000] inst=[098fba03] ld      s4, 152(t6)
C0:        314 [1] pc=[0000000080000058] W[r21=57f6f39a3d63525a][1] R[r31=0000000080010000] R[r 0=0000000000000000] inst=[0a0fba83] ld      s5, 160(t6)
C0:        315 [1] pc=[000000008000005c] W[r22=44a3b4fe24058a18][1] R[r31=0000000080010000] R[r 0=0000000000000000] inst=[0a8fbb03] ld      s6, 168(t6)
C0:        316 [1] pc=[0000000080000060] W[r23=e6a5c17f8e75ea8b][1] R[r31=0000000080010000] R[r 0=0000000000000000] inst=[0b0fbb83] ld      s7, 176(t6)
C0:        317 [1] pc=[0000000080000064] W[r24=12dfd01f72164ddb][1] R[r31=0000000080010000] R[r 0=0000000000000000] inst=[0b8fbc03] ld      s8, 184(t6)
C0:        361 [1] pc=[0000000080000068] W[r25=aaba73ff4fb1dd28][1] R[r31=0000000080010000] R[r 0=0000000000000000] inst=[0c0fbc83] ld      s9, 192(t6)
C0:        362 [1] pc=[000000008000006c] W[r26=7422741042a8db2f][1] R[r31=0000000080010000] R[r 0=0000000000000000] inst=[0c8fbd03] ld      s10, 200(t6)
C0:        363 [1] pc=[0000000080000070] W[r27=25477d456d88efc7][1] R[r31=0000000080010000] R[r 0=0000000000000000] inst=[0d0fbd83] ld      s11, 208(t6)
C0:        364 [1] pc=[0000000080000074] W[r28=5a2fc134529f20c0][1] R[r31=0000000080010000] R[r 0=0000000000000000] inst=[0d8fbe03] ld      t3, 216(t6)
C0:        365 [1] pc=[0000000080000078] W[r29=d31f12c3694d25a7][1] R[r31=0000000080010000] R[r 0=0000000000000000] inst=[0e0fbe83] ld      t4, 224(t6)
C0:        366 [1] pc=[000000008000007c] W[r30=0805304efd5c5f4a][1] R[r31=0000000080010000] R[r 0=0000000000000000] inst=[0e8fbf03] ld      t5, 232(t6)
C0:        388 [1] pc=[0000000080000080] W[r31=3438914702710f13][1] R[r31=0000000080010000] R[r 0=0000000000000000] inst=[0f0fbf83] ld      t6, 240(t6)
C0:        389 [1] pc=[0000000080000084] W[r 0=0000000080000088][1] R[r 0=0000000000000000] R[r 0=0000000000000000] inst=[2d80006f] j       pc + 0x2d8
C0:        412 [1] pc=[000000008000035c] W[r 0=0000000a00000080][1] R[r 0=0000000000000000] R[r 0=0000000000000000] inst=[30005073] csrwi   mstatus, 0
C0:        417 [1] pc=[0000000080000360] W[r10=0000000000000000][1] R[r 0=0000000000000000] R[r 0=0000000000000000] inst=[f1402573] csrr    a0, mhartid
C0:        420 [1] pc=[0000000080000364] W[r 0=0000000000000000][0] R[r10=0000000000000000] R[r 0=0000000000000000] inst=[00051063] bnez    a0, pc + 0
C0:        421 [1] pc=[0000000080000368] W[r 5=0000000080000368][1] R[r 0=0000000000000000] R[r 0=0000000000000000] inst=[00000297] auipc   t0, 0x0
C0:        422 [1] pc=[000000008000036c] W[r 5=0000000080000380][1] R[r 5=0000000080000368] R[r 0=0000000000000000] inst=[01828293] addi    t0, t0, 24
C0:        423 [1] pc=[0000000080000370] W[r 0=0000000000010000][1] R[r 5=0000000080000380] R[r 0=0000000000000000] inst=[30529073] csrw    mtvec, t0
C0:        428 [1] pc=[0000000080000374] W[r 0=0000000000e0355d][1] R[r 0=0000000000000000] R[r 0=0000000000000000] inst=[30205073] csrwi   medeleg, 0
C0:        433 [1] pc=[0000000080000378] W[r 0=0000000000000000][1] R[r 0=0000000000000000] R[r 0=0000000000000000] inst=[30305073] csrwi   mideleg, 0
C0:        438 [1] pc=[000000008000037c] W[r 0=0000000000000008][1] R[r 0=0000000000000000] R[r 0=0000000000000000] inst=[30405073] csrwi   mie, 0
C0:        455 [1] pc=[0000000080000380] W[r 5=0000000080000380][1] R[r 0=0000000000000000] R[r 0=0000000000000000] inst=[00000297] auipc   t0, 0x0
C0:        456 [1] pc=[0000000080000384] W[r 5=0000000080000390][1] R[r 5=0000000080000380] R[r 0=0000000000000000] inst=[01028293] addi    t0, t0, 16
C0:        457 [1] pc=[0000000080000388] W[r 0=0000000080000380][1] R[r 5=0000000080000390] R[r 0=0000000000000000] inst=[30529073] csrw    mtvec, t0
C0:        462 [1] pc=[000000008000038c] W[r 0=0000024673b8f237][1] R[r 0=0000000000000000] R[r 0=0000000000000000] inst=[18005073] csrwi   satp, 0
C0:        467 [1] pc=[0000000080000390] W[r 5=0000000080000390][1] R[r 0=0000000000000000] R[r 0=0000000000000000] inst=[00000297] auipc   t0, 0x0
C0:        468 [1] pc=[0000000080000394] W[r 5=00000000800003b4][1] R[r 5=0000000080000390] R[r 0=0000000000000000] inst=[02428293] addi    t0, t0, 36
C0:        469 [1] pc=[0000000080000398] W[r 0=0000000080000390][1] R[r 5=00000000800003b4] R[r 0=0000000000000000] inst=[30529073] csrw    mtvec, t0
C0:        474 [1] pc=[000000008000039c] W[r 5=0000000000000001][1] R[r 0=0000000000000000] R[r 0=0000000000000000] inst=[0010029b] addiw   t0, zero, 1
C0:        475 [1] pc=[00000000800003a0] W[r 5=0020000000000000][1] R[r 5=0000000000000001] R[r 0=0000000000000000] inst=[03529293] slli    t0, t0, 53
C0:        476 [1] pc=[00000000800003a4] W[r 5=001fffffffffffff][1] R[r 5=0020000000000000] R[r 0=0000000000000000] inst=[fff28293] addi    t0, t0, -1
C0:        477 [1] pc=[00000000800003a8] W[r 0=0000000028d90b3c][1] R[r 5=001fffffffffffff] R[r 0=0000000000000000] inst=[3b029073] csrw    pmpaddr0, t0
C0:        482 [1] pc=[00000000800003ac] W[r 5=000000000000001f][1] R[r 0=0000000000000000] R[r 0=0000000000000000] inst=[01f00293] li      t0, 31
C0:        483 [1] pc=[00000000800003b0] W[r 0=0007010003050304][1] R[r 5=000000000000001f] R[r 0=0000000000000000] inst=[3a029073] csrw    pmpcfg0, t0
C0:        488 [1] pc=[00000000800003b4] W[r 5=00000000800003b4][1] R[r 0=0000000000000000] R[r 0=0000000000000000] inst=[00000297] auipc   t0, 0x0
C0:        489 [1] pc=[00000000800003b8] W[r 5=0000000080000118][1] R[r 5=00000000800003b4] R[r 0=0000000000000000] inst=[d6428293] addi    t0, t0, -668
C0:        490 [1] pc=[00000000800003bc] W[r 0=00000000800003b4][1] R[r 5=0000000080000118] R[r 0=0000000000000000] inst=[30529073] csrw    mtvec, t0
C0:        511 [1] pc=[00000000800003c0] W[r 3=0000000000000000][1] R[r 0=0000000000000000] R[r 0=0000000000000000] inst=[00000193] li      gp, 0
C0:        512 [1] pc=[00000000800003c4] W[r10=0000000000000001][1] R[r 0=0000000000000000] R[r 0=0000000000000000] inst=[00100513] li      a0, 1
C0:        513 [1] pc=[00000000800003c8] W[r10=0000000080000000][1] R[r10=0000000000000001] R[r 0=0000000000000000] inst=[01f51513] slli    a0, a0, 31
C0:        514 [1] pc=[00000000800003cc] W[r 0=0000000000000000][0] R[r10=0000000080000000] R[r 0=0000000000000000] inst=[00055c63] bgez    a0, pc + 24
C0:        518 [1] pc=[00000000800003e4] W[r 5=00000000800003e4][1] R[r 0=0000000000000000] R[r 0=0000000000000000] inst=[00000297] auipc   t0, 0x0
C0:        519 [1] pc=[00000000800003e8] W[r 5=0000000080000114][1] R[r 5=00000000800003e4] R[r 0=0000000000000000] inst=[d3028293] addi    t0, t0, -720
C0:        520 [1] pc=[00000000800003ec] W[r 0=ffffffd6f995f0c8][1] R[r 5=0000000080000114] R[r 0=0000000000000000] inst=[10529073] csrw    stvec, t0
C0:        525 [1] pc=[00000000800003f0] W[r 5=000000000000b000][1] R[r 0=0000000000000000] R[r 0=0000000000000000] inst=[0000b2b7] lui     t0, 0xb
C0:        526 [1] pc=[00000000800003f4] W[r 5=000000000000b109][1] R[r 5=000000000000b000] R[r 0=0000000000000000] inst=[1092829b] addiw   t0, t0, 265
C0:        527 [1] pc=[00000000800003f8] W[r 0=0000000000000000][1] R[r 5=000000000000b109] R[r 0=0000000000000000] inst=[3022a073] csrs    medeleg, t0
C0:        532 [1] pc=[00000000800003fc] W[r10=0000000000008000][1] R[r 0=0000000000000000] R[r 0=0000000000000000] inst=[00008537] lui     a0, 0x8
C0:        549 [1] pc=[0000000080000400] W[r10=0000000000007800][1] R[r10=0000000000008000] R[r 0=0000000000000000] inst=[8005051b] addiw   a0, a0, -2048
C0:        550 [1] pc=[0000000080000404] W[r 0=0000000a00000000][1] R[r10=0000000000007800] R[r 0=0000000000000000] inst=[30052073] csrs    mstatus, a0
C0:        555 [1] pc=[0000000080000408] W[r 0=000000000000003f][1] R[r 0=0000000000000000] R[r 0=0000000000000000] inst=[00305073] csrwi   fcsr, 0
C0:        560 [1] pc=[000000008000040c] W[r 1=0000000080000410][1] R[r 0=0000000000000000] R[r 0=0000000000000000] inst=[c7dff0ef] jal     pc - 0x384
C0:        561 [1] pc=[0000000080000088] W[r31=0000000080020088][1] R[r 0=0000000000000000] R[r 0=0000000000000000] inst=[00020f97] auipc   t6, 0x20
C0:        562 [1] pc=[000000008000008c] W[r31=0000000080020000][1] R[r31=0000000080020088] R[r 0=0000000000000000] inst=[f78f8f93] addi    t6, t6, -136
C0:        607 [1] pc=[0000000080000090] W[r 0=0000000000000000][0] R[r31=0000000080020000] R[r 0=0000000000000000] inst=[000fa007] flw     ft0, 0(t6)
C0:        608 [1] pc=[0000000080000094] W[r 1=0000000000000000][0] R[r31=0000000080020000] R[r 0=0000000000000000] inst=[008fa087] flw     ft1, 8(t6)
C0:        609 [1] pc=[0000000080000098] W[r 2=0000000000000000][0] R[r31=0000000080020000] R[r 0=0000000000000000] inst=[010fa107] flw     ft2, 16(t6)
C0:        610 [1] pc=[000000008000009c] W[r 3=0000000000000000][0] R[r31=0000000080020000] R[r 0=0000000000000000] inst=[018fb187] fld     ft3, 24(t6)
C0:        611 [1] pc=[00000000800000a0] W[r 4=0000000000000000][0] R[r31=0000000080020000] R[r 0=0000000000000000] inst=[020fb207] fld     ft4, 32(t6)
C0:        612 [1] pc=[00000000800000a4] W[r 5=0000000000000000][0] R[r31=0000000080020000] R[r 0=0000000000000000] inst=[028fb287] fld     ft5, 40(t6)
C0:        613 [1] pc=[00000000800000a8] W[r 6=0000000000000000][0] R[r31=0000000080020000] R[r 0=0000000000000000] inst=[030fb307] fld     ft6, 48(t6)
C0:        614 [1] pc=[00000000800000ac] W[r 7=0000000000000000][0] R[r31=0000000080020000] R[r 0=0000000000000000] inst=[038fa387] flw     ft7, 56(t6)
C0:        661 [1] pc=[00000000800000b0] W[r 8=0000000000000000][0] R[r31=0000000080020000] R[r 0=0000000000000000] inst=[040fb407] fld     fs0, 64(t6)
C0:        662 [1] pc=[00000000800000b4] W[r 9=0000000000000000][0] R[r31=0000000080020000] R[r 0=0000000000000000] inst=[048fb487] fld     fs1, 72(t6)
C0:        663 [1] pc=[00000000800000b8] W[r10=0000000000000000][0] R[r31=0000000080020000] R[r 0=0000000000000000] inst=[050fa507] flw     fa0, 80(t6)
C0:        664 [1] pc=[00000000800000bc] W[r11=0000000000000000][0] R[r31=0000000080020000] R[r 0=0000000000000000] inst=[058fb587] fld     fa1, 88(t6)
C0:        686 [1] pc=[00000000800000c0] W[r12=0000000000000000][0] R[r31=0000000080020000] R[r 0=0000000000000000] inst=[060fb607] fld     fa2, 96(t6)
C0:        687 [1] pc=[00000000800000c4] W[r13=0000000000000000][0] R[r31=0000000080020000] R[r 0=0000000000000000] inst=[068fb687] fld     fa3, 104(t6)
C0:        688 [1] pc=[00000000800000c8] W[r14=0000000000000000][0] R[r31=0000000080020000] R[r 0=0000000000000000] inst=[070fa707] flw     fa4, 112(t6)
C0:        689 [1] pc=[00000000800000cc] W[r15=0000000000000000][0] R[r31=0000000080020000] R[r 0=0000000000000000] inst=[078fb787] fld     fa5, 120(t6)
C0:        706 [1] pc=[00000000800000d0] W[r16=0000000000000000][0] R[r31=0000000080020000] R[r 0=0000000000000000] inst=[080fb807] fld     fa6, 128(t6)
C0:        707 [1] pc=[00000000800000d4] W[r17=0000000000000000][0] R[r31=0000000080020000] R[r 0=0000000000000000] inst=[088fa887] flw     fa7, 136(t6)
C0:        708 [1] pc=[00000000800000d8] W[r18=0000000000000000][0] R[r31=0000000080020000] R[r 0=0000000000000000] inst=[090fa907] flw     fs2, 144(t6)
C0:        709 [1] pc=[00000000800000dc] W[r19=0000000000000000][0] R[r31=0000000080020000] R[r 0=0000000000000000] inst=[098fa987] flw     fs3, 152(t6)
C0:        710 [1] pc=[00000000800000e0] W[r20=0000000000000000][0] R[r31=0000000080020000] R[r 0=0000000000000000] inst=[0a0fba07] fld     fs4, 160(t6)
C0:        711 [1] pc=[00000000800000e4] W[r21=0000000000000000][0] R[r31=0000000080020000] R[r 0=0000000000000000] inst=[0a8faa87] flw     fs5, 168(t6)
C0:        712 [1] pc=[00000000800000e8] W[r22=0000000000000000][0] R[r31=0000000080020000] R[r 0=0000000000000000] inst=[0b0fbb07] fld     fs6, 176(t6)
C0:        713 [1] pc=[00000000800000ec] W[r23=0000000000000000][0] R[r31=0000000080020000] R[r 0=0000000000000000] inst=[0b8fbb87] fld     fs7, 184(t6)
C0:        759 [1] pc=[00000000800000f0] W[r24=0000000000000000][0] R[r31=0000000080020000] R[r 0=0000000000000000] inst=[0c0fbc07] fld     fs8, 192(t6)
C0:        760 [1] pc=[00000000800000f4] W[r25=0000000000000000][0] R[r31=0000000080020000] R[r 0=0000000000000000] inst=[0c8fbc87] fld     fs9, 200(t6)
C0:        761 [1] pc=[00000000800000f8] W[r26=0000000000000000][0] R[r31=0000000080020000] R[r 0=0000000000000000] inst=[0d0fbd07] fld     fs10, 208(t6)
C0:        762 [1] pc=[00000000800000fc] W[r27=0000000000000000][0] R[r31=0000000080020000] R[r 0=0000000000000000] inst=[0d8fbd87] fld     fs11, 216(t6)
C0:        812 [1] pc=[0000000080000100] W[r28=0000000000000000][0] R[r31=0000000080020000] R[r 0=0000000000000000] inst=[0e0fbe07] fld     ft8, 224(t6)
C0:        813 [1] pc=[0000000080000104] W[r29=0000000000000000][0] R[r31=0000000080020000] R[r 0=0000000000000000] inst=[0e8fae87] flw     ft9, 232(t6)
C0:        814 [1] pc=[0000000080000108] W[r30=0000000000000000][0] R[r31=0000000080020000] R[r 0=0000000000000000] inst=[0f0faf07] flw     ft10, 240(t6)
C0:        815 [1] pc=[000000008000010c] W[r31=0000000000000000][0] R[r31=0000000080020000] R[r 0=0000000000000000] inst=[0f8faf87] flw     ft11, 248(t6)
C0:        816 [1] pc=[0000000080000110] W[r 0=0000000080000114][1] R[r 1=0000000080000410] R[r 0=0000000000000000] inst=[00008067] ret
C0:        818 [1] pc=[0000000080000410] W[r 0=000000000000008d][1] R[r 0=0000000000000000] R[r 0=0000000000000000] inst=[b0201073] csrw    minstret, zero
C0:        823 [1] pc=[0000000080000414] W[r10=0000000000000000][1] R[r 0=0000000000000000] R[r 0=0000000000000000] inst=[f1402573] csrr    a0, mhartid
C0:        824 [1] pc=[0000000080000418] W[r13=000000001a73e500][1] R[r 0=0000000000000000] R[r 0=0000000000000000] inst=[3b79d6f3] csrrwi  a3, pmpaddr7, 19
C0:        829 [1] pc=[000000008000041c] W[r10=000000008001041c][1] R[r 0=0000000000000000] R[r 0=0000000000000000] inst=[00010517] auipc   a0, 0x10
C0:        830 [1] pc=[0000000080000420] W[r10=0000000080010140][1] R[r10=000000008001041c] R[r 0=0000000000000000] inst=[d2450513] addi    a0, a0, -732
C0:        831 [1] pc=[0000000080000424] W[r10=00000000400080a0][1] R[r10=0000000080010140] R[r 0=0000000000000000] inst=[40155513] srai    a0, a0, 1
C0:        832 [1] pc=[0000000080000428] W[r14=000000000e7595dc][1] R[r10=00000000400080a0] R[r 0=0000000000000000] inst=[3b353773] csrrc   a4, pmpaddr3, a0
C0:        837 [1] pc=[000000008000042c] W[r13=0000000000000000][1] R[r13=000000001a73e500] R[r13=000000001a73e500] inst=[00d6c6b3] xor     a3, a3, a3
C0:        838 [1] pc=[0000000080000430] W[r12=8000000200006000][1] R[r13=0000000000000000] R[r 0=0000000000000000] inst=[1006b673] csrrc   a2, sstatus, a3
C0:        843 [1] pc=[0000000080000434] W[r 5=0000000080000434][1] R[r 0=0000000000000000] R[r 0=0000000000000000] inst=[00000297] auipc   t0, 0x0
C0:        844 [1] pc=[0000000080000438] W[r 5=0000000080000480][1] R[r 5=0000000080000434] R[r 0=0000000000000000] inst=[04c28293] addi    t0, t0, 76
C0:        845 [1] pc=[000000008000043c] W[r 0=0000000080000000][1] R[r 5=0000000080000480] R[r 0=0000000000000000] inst=[34129073] csrw    mepc, t0
C0:        867 [1] pc=[0000000080000440] W[r 5=0000000000000000][1] R[r 0=0000000000000000] R[r 0=0000000000000000] inst=[00000293] li      t0, 0
C0:        868 [1] pc=[0000000080000444] W[r 0=0000000000000000][0] R[r 0=0000000000000000] R[r 0=0000000000000000] inst=[30200073] mret
C0:        889 [1] pc=[0000000080000480] W[r12=0000000080010480][1] R[r 0=0000000000000000] R[r 0=0000000000000000] inst=[00010617] auipc   a2, 0x10
C0:        890 [1] pc=[0000000080000484] W[r12=00000000800101a0][1] R[r12=0000000080010480] R[r 0=0000000000000000] inst=[d2060613] addi    a2, a2, -736
C0:        936 [1] pc=[0000000080000488] W[r11=00000000000054bc][1] R[r12=00000000800101a0] R[r 0=0000000000000000] inst=[00061583] lh      a1, 0(a2)
C0:        937 [1] pc=[000000008000048c] W[r27=000000008004048c][1] R[r 0=0000000000000000] R[r 0=0000000000000000] inst=[00040d97] auipc   s11, 0x40
C0:        938 [1] pc=[0000000080000490] W[r27=0000000080040170][1] R[r27=000000008004048c] R[r 0=0000000000000000] inst=[ce4d8d93] addi    s11, s11, -796
C0:        939 [1] pc=[0000000080000494] W[r27=0000000080040158][1] R[r27=0000000080040170] R[r 0=0000000000000000] inst=[fe8d8d93] addi    s11, s11, -24
C0:        956 [1] pc=[0000000080000498] W[r11=00000000635dcdd4][1] R[r27=0000000080040158] R[r 3=0000000000000000] inst=[c03da5af] amominu.w a1, gp, (s11)
C0:        957 [1] pc=[000000008000049c] W[r 1=000000008004049c][1] R[r 0=0000000000000000] R[r 0=0000000000000000] inst=[00040097] auipc   ra, 0x40
C0:        958 [1] pc=[00000000800004a0] W[r 1=00000000800400d0][1] R[r 1=000000008004049c] R[r 0=0000000000000000] inst=[c3408093] addi    ra, ra, -972
C0:        959 [1] pc=[00000000800004a4] W[r 1=00000000800400d8][1] R[r 1=00000000800400d0] R[r 0=0000000000000000] inst=[00808093] addi    ra, ra, 8
C0:        976 [1] pc=[00000000800004a8] W[r24=f78722eaf2953a5e][1] R[r 1=00000000800400d8] R[r26=7422741042a8db2f] inst=[09a0bc2f] amoswap.d s8, s10, (ra)
C0:        977 [1] pc=[00000000800004ac] W[r 5=00000000000007ff][1] R[r 0=0000000000000000] R[r 0=0000000000000000] inst=[7ff04293] xori    t0, zero, 2047
C0:        978 [1] pc=[00000000800004b0] W[r11=0000000000000000][0] R[r19=00000000800400db] R[r30=7422741042a8db2f] inst=[21e9a5d3] fsgnjx.s fa1, fs3, ft10
C0:        979 [1] pc=[00000000800004b4] W[r 6=0000000042a0aefe][1] R[r27=0000000080040158] R[r21=57f6f39a3d63525a] inst=[415d833b] subw    t1, s11, s5
C0:        980 [1] pc=[00000000800004b8] W[r 3=00000000800404b8][1] R[r 0=0000000000000000] R[r 0=0000000000000000] inst=[00040197] auipc   gp, 0x40
C0:        981 [1] pc=[00000000800004bc] W[r 3=00000000800400c0][1] R[r 3=00000000800404b8] R[r 0=0000000000000000] inst=[c0818193] addi    gp, gp, -1016
C0:       1048 [1] pc=[00000000800004c0] W[r 5=ffffffffffffa426][1] R[r 3=00000000800400c0] R[r 0=0000000000000000] inst=[ff419283] lh      t0, -12(gp)
C0:       1049 [1] pc=[00000000800004c4] W[r14=0000000000000000][0] R[r12=00000000800101a0] R[r 0=0000000000000000] inst=[d0260753] fcvt.s.l fa4, a2
C0:       1050 [1] pc=[00000000800004c8] W[r11=0000000000000000][0] R[r19=00000000800101a3] R[r30=57f6f39a3d63525b] inst=[29e995d3] fmax.s  fa1, fs3, ft10
C0:       1051 [1] pc=[00000000800004cc] W[r 0=0000000000000000][0] R[r28=5a2fc134529f20c0] R[r 1=00000000800400d8] inst=[0c1e7863] bgeu    t3, ra, pc + 208
C0:       1076 [1] pc=[000000008000059c] W[r 8=2dc0c85534286afd][1] R[r 8=2dc0c85534286682] R[r 0=0000000000000000] inst=[47b40413] addi    s0, s0, 1147
C0:       1077 [1] pc=[00000000800005a0] W[r25=00000000342862fe][1] R[r 8=2dc0c85534286afd] R[r 0=0000000000000000] inst=[80140c9b] addiw   s9, s0, -2047
C0:       1078 [1] pc=[00000000800005a4] W[r27=000000000ef3e850][1] R[r30=2dc0c85534286683] R[r 0=0000000000000000] inst=[c03f1dd3] fcvt.lu.s s11, ft10
C0:       1079 [1] pc=[00000000800005a8] W[r12=3d0ee12585fc27b8][1] R[r18=3d0ee12585fc25ad] R[r 0=0000000000000000] inst=[20b90613] addi    a2, s2, 523
C0:       1080 [1] pc=[00000000800005ac] W[r 9=0805304efd5c5f4a][1] R[r30=0805304efd5c5f4a] R[r 0=0000000000000000] inst=[000f1493] slli    s1, t5, 0
C0:       1081 [1] pc=[00000000800005b0] W[r13=00000000800005b0][1] R[r 0=0000000000000000] R[r 0=0000000000000000] inst=[00000697] auipc   a3, 0x0
C0:       1082 [1] pc=[00000000800005b4] W[r13=0000000080000650][1] R[r13=00000000800005b0] R[r 0=0000000000000000] inst=[0a068693] addi    a3, a3, 160
C0:       1083 [1] pc=[00000000800005b8] W[r 0=0000000080000480][1] R[r13=0000000080000650] R[r 0=0000000000000000] inst=[34169073] csrw    mepc, a3
C0:       1084 [1] pc=[00000000800005bc] W[r 0=0000000000000000][0] R[r 0=0000000000000000] R[r 0=0000000000000000] inst=[30200073] mret
C0:       1105 [1] pc=[0000000080000650] W[r 6=0000000000000000][1] R[r 3=00000000800400c0] R[r 0=0000000000000000] inst=[c0f1a313] slti    t1, gp, -1009
C0:       1106 [1] pc=[0000000080000654] W[r21=ffffffff80000000][1] R[r20=63c07f49b3f4c511] R[r 0=0000000000000000] inst=[01fa1a9b] slliw   s5, s4, 31
C0:       1107 [1] pc=[0000000080000658] W[r22=0000000000000200][1] R[r16=63c07f49b3f4c513] R[r 0=0000000000000000] inst=[e0081b53] fclass.s s6, fa6
C0:       1108 [1] pc=[000000008000065c] W[r27=ffffffffffffffff][1] R[r21=ffffffff80000000] R[r 0=0000000000000000] inst=[c01a8dd3] fcvt.wu.s s11, fs5
C0:       1109 [0] pc=[0000000080000660] W[r18=0000000000000000][0] R[r 0=0000000000000000] R[r 0=0000000000000000] inst=[3b3fd973] csrrwi  s2, pmpaddr3, 31
C0:       1114 [1] pc=[0000000080000118] W[r 1=0000000080002118][1] R[r 0=0000000000000000] R[r 0=0000000000000000] inst=[00002097] auipc   ra, 0x2
C0:       1115 [1] pc=[000000008000011c] W[r 1=0000000080002200][1] R[r 1=0000000080002118] R[r 0=0000000000000000] inst=[0e808093] addi    ra, ra, 232
C0:       1116 [1] pc=[0000000080000120] W[r 2=8000000200006000][1] R[r 0=0000000000000000] R[r 0=0000000000000000] inst=[10002173] csrr    sp, sstatus
C0:       1135 [1] pc=[0000000080000124] W[r 0=0000000000000000][0] R[r 1=0000000080002200] R[r 2=8000000200006000] inst=[0420bc23] sd      sp, 88(ra)
C0:       1136 [1] pc=[0000000080000128] W[r 2=0000000000000000][1] R[r 0=0000000000000000] R[r 0=0000000000000000] inst=[10402173] csrr    sp, sie
C0:       1139 [1] pc=[000000008000012c] W[r 0=0000000000000000][0] R[r 1=0000000080002200] R[r 2=0000000000000000] inst=[0620b823] sd      sp, 112(ra)
C0:       1140 [1] pc=[0000000080000130] W[r 2=0000000080000114][1] R[r 0=0000000000000000] R[r 0=0000000000000000] inst=[10502173] csrr    sp, stvec
C0:       1143 [1] pc=[0000000080000134] W[r 0=0000000000000000][0] R[r 1=0000000080002200] R[r 2=0000000080000114] inst=[0620bc23] sd      sp, 120(ra)
C0:       1144 [1] pc=[0000000080000138] W[r 2=0000000000000005][1] R[r 0=0000000000000000] R[r 0=0000000000000000] inst=[10602173] csrr    sp, scounteren
C0:       1163 [1] pc=[000000008000013c] W[r 0=0000000000000000][0] R[r 1=0000000080002200] R[r 2=0000000000000005] inst=[0820b023] sd      sp, 128(ra)
C0:       1198 [1] pc=[0000000080000140] W[r 2=03705509c02a405b][1] R[r 0=0000000000000000] R[r 0=0000000000000000] inst=[14002173] csrr    sp, sscratch
C0:       1201 [1] pc=[0000000080000144] W[r 0=0000000000000000][0] R[r 1=0000000080002200] R[r 2=03705509c02a405b] inst=[0820b423] sd      sp, 136(ra)
C0:       1202 [1] pc=[0000000080000148] W[r 2=ffffffe8c44d51a4][1] R[r 0=0000000000000000] R[r 0=0000000000000000] inst=[14102173] csrr    sp, sepc
C0:       1205 [1] pc=[000000008000014c] W[r 0=0000000000000000][0] R[r 1=0000000080002200] R[r 2=ffffffe8c44d51a4] inst=[0820b823] sd      sp, 144(ra)
C0:       1206 [1] pc=[0000000080000150] W[r 2=5243e39961efb2ea][1] R[r 0=0000000000000000] R[r 0=0000000000000000] inst=[14202173] csrr    sp, scause
C0:       1209 [1] pc=[0000000080000154] W[r 0=0000000000000000][0] R[r 1=0000000080002200] R[r 2=5243e39961efb2ea] inst=[0820bc23] sd      sp, 152(ra)
C0:       1210 [1] pc=[0000000080000158] W[r 2=000000753c17b906][1] R[r 0=0000000000000000] R[r 0=0000000000000000] inst=[14302173] csrr    sp, stval
C0:       1213 [1] pc=[000000008000015c] W[r 0=0000000000000000][0] R[r 1=0000000080002200] R[r 2=000000753c17b906] inst=[0a20b023] sd      sp, 160(ra)
C0:       1214 [1] pc=[0000000080000160] W[r 2=0000000000000000][1] R[r 0=0000000000000000] R[r 0=0000000000000000] inst=[14402173] csrr    sp, sip
C0:       1217 [1] pc=[0000000080000164] W[r 2=0000000000000000][1] R[r 2=0000000000000000] R[r 0=0000000000000000] inst=[f7f17113] andi    sp, sp, -129
C0:       1218 [1] pc=[0000000080000168] W[r 0=0000000000000000][0] R[r 1=0000000080002200] R[r 2=0000000000000000] inst=[0a20b423] sd      sp, 168(ra)
C0:       1219 [1] pc=[000000008000016c] W[r 2=0000000000000000][1] R[r 0=0000000000000000] R[r 0=0000000000000000] inst=[18002173] csrr    sp, satp
C0:       1222 [1] pc=[0000000080000170] W[r 0=0000000000000000][0] R[r 1=0000000080002200] R[r 2=0000000000000000] inst=[0a20b823] sd      sp, 176(ra)
C0:       1223 [1] pc=[0000000080000174] W[r 2=0000000000000000][1] R[r 0=0000000000000000] R[r 0=0000000000000000] inst=[f1402173] csrr    sp, mhartid
C0:       1226 [1] pc=[0000000080000178] W[r 0=0000000000000000][0] R[r 1=0000000080002200] R[r 2=0000000000000000] inst=[0a20bc23] sd      sp, 184(ra)
C0:       1227 [1] pc=[000000008000017c] W[r 2=8000000a00006080][1] R[r 0=0000000000000000] R[r 0=0000000000000000] inst=[30002173] csrr    sp, mstatus
C0:       1265 [1] pc=[0000000080000180] W[r 0=0000000000000000][0] R[r 1=0000000080002200] R[r 2=8000000a00006080] inst=[0c20b023] sd      sp, 192(ra)
C0:       1266 [1] pc=[0000000080000184] W[r 2=000000000000b109][1] R[r 0=0000000000000000] R[r 0=0000000000000000] inst=[30202173] csrr    sp, medeleg
C0:       1269 [1] pc=[0000000080000188] W[r 0=0000000000000000][0] R[r 1=0000000080002200] R[r 2=000000000000b109] inst=[0c20b423] sd      sp, 200(ra)
C0:       1270 [1] pc=[000000008000018c] W[r 2=0000000000000000][1] R[r 0=0000000000000000] R[r 0=0000000000000000] inst=[30302173] csrr    sp, mideleg
C0:       1273 [1] pc=[0000000080000190] W[r 0=0000000000000000][0] R[r 1=0000000080002200] R[r 2=0000000000000000] inst=[0c20b823] sd      sp, 208(ra)
C0:       1274 [1] pc=[0000000080000194] W[r 2=0000000000000000][1] R[r 0=0000000000000000] R[r 0=0000000000000000] inst=[30402173] csrr    sp, mie
C0:       1277 [1] pc=[0000000080000198] W[r 0=0000000000000000][0] R[r 1=0000000080002200] R[r 2=0000000000000000] inst=[0c20bc23] sd      sp, 216(ra)
C0:       1278 [1] pc=[000000008000019c] W[r 2=0000000080000118][1] R[r 0=0000000000000000] R[r 0=0000000000000000] inst=[30502173] csrr    sp, mtvec
C0:       1281 [1] pc=[00000000800001a0] W[r 0=0000000000000000][0] R[r 1=0000000080002200] R[r 2=0000000080000118] inst=[0e20b023] sd      sp, 224(ra)
C0:       1282 [1] pc=[00000000800001a4] W[r 2=0000000000000003][1] R[r 0=0000000000000000] R[r 0=0000000000000000] inst=[30602173] csrr    sp, mcounteren
C0:       1285 [1] pc=[00000000800001a8] W[r 0=0000000000000000][0] R[r 1=0000000080002200] R[r 2=0000000000000003] inst=[0e20b423] sd      sp, 232(ra)
C0:       1286 [1] pc=[00000000800001ac] W[r 2=892fc0120650df0c][1] R[r 0=0000000000000000] R[r 0=0000000000000000] inst=[34002173] csrr    sp, mscratch
C0:       1289 [1] pc=[00000000800001b0] W[r 0=0000000000000000][0] R[r 1=0000000080002200] R[r 2=892fc0120650df0c] inst=[0e20b823] sd      sp, 240(ra)
C0:       1290 [1] pc=[00000000800001b4] W[r 2=0000000080000660][1] R[r 0=0000000000000000] R[r 0=0000000000000000] inst=[34102173] csrr    sp, mepc
C0:       1293 [1] pc=[00000000800001b8] W[r 0=0000000000000000][0] R[r 1=0000000080002200] R[r 2=0000000080000660] inst=[0e20bc23] sd      sp, 248(ra)
C0:       1294 [1] pc=[00000000800001bc] W[r 2=0000000000000002][1] R[r 0=0000000000000000] R[r 0=0000000000000000] inst=[34202173] csrr    sp, mcause
C0:       1362 [1] pc=[00000000800001c0] W[r 0=0000000000000000][0] R[r 1=0000000080002200] R[r 2=0000000000000002] inst=[1020b023] sd      sp, 256(ra)
C0:       1363 [1] pc=[00000000800001c4] W[r 2=000000003b3fd973][1] R[r 0=0000000000000000] R[r 0=0000000000000000] inst=[34302173] csrr    sp, mtval
C0:       1366 [1] pc=[00000000800001c8] W[r 0=0000000000000000][0] R[r 1=0000000080002200] R[r 2=000000003b3fd973] inst=[1020b423] sd      sp, 264(ra)
C0:       1367 [1] pc=[00000000800001cc] W[r 2=0000000000000020][1] R[r 0=0000000000000000] R[r 0=0000000000000000] inst=[34402173] csrr    sp, mip
C0:       1370 [1] pc=[00000000800001d0] W[r 2=0000000000000020][1] R[r 2=0000000000000020] R[r 0=0000000000000000] inst=[f7f17113] andi    sp, sp, -129
C0:       1371 [1] pc=[00000000800001d4] W[r 0=0000000000000000][0] R[r 1=0000000080002200] R[r 2=0000000000000020] inst=[1020b823] sd      sp, 272(ra)
C0:       1372 [1] pc=[00000000800001d8] W[r 2=000000000000001f][1] R[r 0=0000000000000000] R[r 0=0000000000000000] inst=[3a002173] csrr    sp, pmpcfg0
C0:       1375 [1] pc=[00000000800001dc] W[r 0=0000000000000000][0] R[r 1=0000000080002200] R[r 2=000000000000001f] inst=[1020bc23] sd      sp, 280(ra)
C0:       1376 [1] pc=[00000000800001e0] W[r 2=000000003fffffff][1] R[r 0=0000000000000000] R[r 0=0000000000000000] inst=[3b002173] csrr    sp, pmpaddr0
C0:       1379 [1] pc=[00000000800001e4] W[r 0=0000000000000000][0] R[r 1=0000000080002200] R[r 2=000000003fffffff] inst=[1220bc23] sd      sp, 312(ra)
C0:       1380 [1] pc=[00000000800001e8] W[r 2=0000000007955f37][1] R[r 0=0000000000000000] R[r 0=0000000000000000] inst=[3b102173] csrr    sp, pmpaddr1
C0:       1399 [1] pc=[00000000800001ec] W[r 0=0000000000000000][0] R[r 1=0000000080002200] R[r 2=0000000007955f37] inst=[1420b023] sd      sp, 320(ra)
C0:       1400 [1] pc=[00000000800001f0] W[r 2=00000000040c5558][1] R[r 0=0000000000000000] R[r 0=0000000000000000] inst=[3b202173] csrr    sp, pmpaddr2
C0:       1403 [1] pc=[00000000800001f4] W[r 0=0000000000000000][0] R[r 1=0000000080002200] R[r 2=00000000040c5558] inst=[1420b423] sd      sp, 328(ra)
C0:       1404 [1] pc=[00000000800001f8] W[r 2=000000000e75155c][1] R[r 0=0000000000000000] R[r 0=0000000000000000] inst=[3b302173] csrr    sp, pmpaddr3
C0:       1407 [1] pc=[00000000800001fc] W[r 0=0000000000000000][0] R[r 1=0000000080002200] R[r 2=000000000e75155c] inst=[1420b823] sd      sp, 336(ra)
C0:       1429 [1] pc=[0000000080000200] W[r 2=0000000021de349c][1] R[r 0=0000000000000000] R[r 0=0000000000000000] inst=[3b402173] csrr    sp, pmpaddr4
C0:       1432 [1] pc=[0000000080000204] W[r 0=0000000000000000][0] R[r 1=0000000080002200] R[r 2=0000000021de349c] inst=[1420bc23] sd      sp, 344(ra)
C0:       1433 [1] pc=[0000000080000208] W[r 2=000000001b9b4330][1] R[r 0=0000000000000000] R[r 0=0000000000000000] inst=[3b502173] csrr    sp, pmpaddr5
C0:       1436 [1] pc=[000000008000020c] W[r 0=0000000000000000][0] R[r 1=0000000080002200] R[r 2=000000001b9b4330] inst=[1620b023] sd      sp, 352(ra)
C0:       1437 [1] pc=[0000000080000210] W[r 2=00000000060df5d0][1] R[r 0=0000000000000000] R[r 0=0000000000000000] inst=[3b602173] csrr    sp, pmpaddr6
C0:       1440 [1] pc=[0000000080000214] W[r 0=0000000000000000][0] R[r 1=0000000080002200] R[r 2=00000000060df5d0] inst=[1620b423] sd      sp, 360(ra)
C0:       1441 [1] pc=[0000000080000218] W[r 2=0000000000000013][1] R[r 0=0000000000000000] R[r 0=0000000000000000] inst=[3b702173] csrr    sp, pmpaddr7
C0:       1444 [1] pc=[000000008000021c] W[r 0=0000000000000000][0] R[r 1=0000000080002200] R[r 2=0000000000000013] inst=[1620b823] sd      sp, 368(ra)
C0:       1445 [1] pc=[0000000080000220] W[r10=0000000000006000][1] R[r 0=0000000000000000] R[r 0=0000000000000000] inst=[00006537] lui     a0, 0x6
C0:       1446 [1] pc=[0000000080000224] W[r 0=8000000a00006080][1] R[r10=0000000000006000] R[r 0=0000000000000000] inst=[30052073] csrs    mstatus, a0
C0:       1451 [1] pc=[0000000080000228] W[r 2=0000000000000011][1] R[r 0=0000000000000000] R[r 0=0000000000000000] inst=[00102173] csrr    sp, fflags
C0:       1454 [1] pc=[000000008000022c] W[r 0=0000000000000000][0] R[r 1=0000000080002200] R[r 2=0000000000000011] inst=[0420b023] sd      sp, 64(ra)
C0:       1455 [1] pc=[0000000080000230] W[r 2=0000000000000000][1] R[r 0=0000000000000000] R[r 0=0000000000000000] inst=[00202173] csrr    sp, frm
C0:       1458 [1] pc=[0000000080000234] W[r 0=0000000000000000][0] R[r 1=0000000080002200] R[r 2=0000000000000000] inst=[0420b423] sd      sp, 72(ra)
C0:       1459 [1] pc=[0000000080000238] W[r 2=0000000000000011][1] R[r 0=0000000000000000] R[r 0=0000000000000000] inst=[00302173] csrr    sp, fcsr
C0:       1462 [1] pc=[000000008000023c] W[r 0=0000000000000000][0] R[r 1=0000000080002200] R[r 2=0000000000000011] inst=[0420b823] sd      sp, 80(ra)
C0:       1484 [1] pc=[0000000080000240] W[r 1=0000000080002240][1] R[r 0=0000000000000000] R[r 0=0000000000000000] inst=[00002097] auipc   ra, 0x2
C0:       1485 [1] pc=[0000000080000244] W[r 1=0000000080002000][1] R[r 1=0000000080002240] R[r 0=0000000000000000] inst=[dc008093] addi    ra, ra, -576
C0:       1502 [1] pc=[0000000080000248] W[r 0=0000000000000000][0] R[r 1=0000000080002000] R[r 0=0000000000000000] inst=[0000b023] sd      zero, 0(ra)
C0:       1503 [1] pc=[000000008000024c] W[r 0=0000000000000000][0] R[r 1=0000000080002000] R[r 2=0000000000000011] inst=[0020b823] sd      sp, 16(ra)
C0:       1504 [1] pc=[0000000080000250] W[r 0=0000000000000000][0] R[r 1=0000000080002000] R[r 3=00000000800400c0] inst=[0030bc23] sd      gp, 24(ra)
C0:       1505 [1] pc=[0000000080000254] W[r 0=0000000000000000][0] R[r 1=0000000080002000] R[r 4=9481a0e5fdf6bd7f] inst=[0240b023] sd      tp, 32(ra)
C0:       1506 [1] pc=[0000000080000258] W[r 0=0000000000000000][0] R[r 1=0000000080002000] R[r 5=ffffffffffffa426] inst=[0250b423] sd      t0, 40(ra)
C0:       1507 [1] pc=[000000008000025c] W[r 0=0000000000000000][0] R[r 1=0000000080002000] R[r 6=0000000000000000] inst=[0260b823] sd      t1, 48(ra)
C0:       1508 [1] pc=[0000000080000260] W[r 0=0000000000000000][0] R[r 1=0000000080002000] R[r 7=c421785c57609e87] inst=[0270bc23] sd      t2, 56(ra)
C0:       1525 [1] pc=[0000000080000264] W[r 0=0000000000000000][0] R[r 1=0000000080002000] R[r 8=2dc0c85534286afd] inst=[0480b023] sd      s0, 64(ra)
C0:       1526 [1] pc=[0000000080000268] W[r 0=0000000000000000][0] R[r 1=0000000080002000] R[r 9=0805304efd5c5f4a] inst=[0490b423] sd      s1, 72(ra)
C0:       1527 [1] pc=[000000008000026c] W[r 0=0000000000000000][0] R[r 1=0000000080002000] R[r10=0000000000006000] inst=[04a0b823] sd      a0, 80(ra)
C0:       1528 [1] pc=[0000000080000270] W[r 0=0000000000000000][0] R[r 1=0000000080002000] R[r11=00000000635dcdd4] inst=[04b0bc23] sd      a1, 88(ra)
C0:       1529 [1] pc=[0000000080000274] W[r 0=0000000000000000][0] R[r 1=0000000080002000] R[r12=3d0ee12585fc27b8] inst=[06c0b023] sd      a2, 96(ra)
C0:       1530 [1] pc=[0000000080000278] W[r 0=0000000000000000][0] R[r 1=0000000080002000] R[r13=0000000080000650] inst=[06d0b423] sd      a3, 104(ra)
C0:       1531 [1] pc=[000000008000027c] W[r 0=0000000000000000][0] R[r 1=0000000080002000] R[r14=000000000e7595dc] inst=[06e0b823] sd      a4, 112(ra)
C0:       1553 [1] pc=[0000000080000280] W[r 0=0000000000000000][0] R[r 1=0000000080002000] R[r15=4f294e55f2038cba] inst=[06f0bc23] sd      a5, 120(ra)
C0:       1570 [1] pc=[0000000080000284] W[r 0=0000000000000000][0] R[r 1=0000000080002000] R[r16=a802278bd8da757f] inst=[0900b023] sd      a6, 128(ra)
C0:       1571 [1] pc=[0000000080000288] W[r 0=0000000000000000][0] R[r 1=0000000080002000] R[r17=fac8dc8708355a4c] inst=[0910b423] sd      a7, 136(ra)
C0:       1572 [1] pc=[000000008000028c] W[r 0=0000000000000000][0] R[r 1=0000000080002000] R[r18=3d0ee12585fc25ad] inst=[0920b823] sd      s2, 144(ra)
C0:       1573 [1] pc=[0000000080000290] W[r 0=0000000000000000][0] R[r 1=0000000080002000] R[r19=a4c00b05c5cc0bd7] inst=[0930bc23] sd      s3, 152(ra)
C0:       1574 [1] pc=[0000000080000294] W[r 0=0000000000000000][0] R[r 1=0000000080002000] R[r20=63c07f49b3f4c511] inst=[0b40b023] sd      s4, 160(ra)
C0:       1575 [1] pc=[0000000080000298] W[r 0=0000000000000000][0] R[r 1=0000000080002000] R[r21=ffffffff80000000] inst=[0b50b423] sd      s5, 168(ra)
C0:       1576 [1] pc=[000000008000029c] W[r 0=0000000000000000][0] R[r 1=0000000080002000] R[r22=0000000000000200] inst=[0b60b823] sd      s6, 176(ra)
C0:       1577 [1] pc=[00000000800002a0] W[r 0=0000000000000000][0] R[r 1=0000000080002000] R[r23=e6a5c17f8e75ea8b] inst=[0b70bc23] sd      s7, 184(ra)
C0:       1612 [1] pc=[00000000800002a4] W[r 0=0000000000000000][0] R[r 1=0000000080002000] R[r24=f78722eaf2953a5e] inst=[0d80b023] sd      s8, 192(ra)
C0:       1613 [1] pc=[00000000800002a8] W[r 0=0000000000000000][0] R[r 1=0000000080002000] R[r25=00000000342862fe] inst=[0d90b423] sd      s9, 200(ra)
C0:       1614 [1] pc=[00000000800002ac] W[r 0=0000000000000000][0] R[r 1=0000000080002000] R[r27=ffffffffffffffff] inst=[0db0bc23] sd      s11, 216(ra)
C0:       1615 [1] pc=[00000000800002b0] W[r 0=0000000000000000][0] R[r 1=0000000080002000] R[r28=5a2fc134529f20c0] inst=[0fc0b023] sd      t3, 224(ra)
C0:       1616 [1] pc=[00000000800002b4] W[r 0=0000000000000000][0] R[r 1=0000000080002000] R[r29=d31f12c3694d25a7] inst=[0fd0b423] sd      t4, 232(ra)
C0:       1617 [1] pc=[00000000800002b8] W[r 0=0000000000000000][0] R[r 1=0000000080002000] R[r30=0805304efd5c5f4a] inst=[0fe0b823] sd      t5, 240(ra)
C0:       1618 [1] pc=[00000000800002bc] W[r 1=00000000800022bc][1] R[r 0=0000000000000000] R[r 0=0000000000000000] inst=[00002097] auipc   ra, 0x2
C0:       1640 [1] pc=[00000000800002c0] W[r 1=0000000080002100][1] R[r 1=00000000800022bc] R[r 0=0000000000000000] inst=[e4408093] addi    ra, ra, -444
C0:       1657 [1] pc=[00000000800002c4] W[r 0=0000000000000000][0] R[r 1=0000000080002100] R[r 1=0805304efd5c5f4b] inst=[0010a427] fsw     ft1, 8(ra)
C0:       1658 [1] pc=[00000000800002c8] W[r 0=0000000000000000][0] R[r 1=0000000080002100] R[r 2=0805304efd5c5f4b] inst=[0020a827] fsw     ft2, 16(ra)
C0:       1659 [1] pc=[00000000800002cc] W[r 0=0000000000000000][0] R[r 1=0000000080002100] R[r 7=0805304efd5c5f4b] inst=[0270ac27] fsw     ft7, 56(ra)
C0:       1676 [1] pc=[00000000800002d0] W[r 0=0000000000000000][0] R[r 1=0000000080002100] R[r 9=0805304efd5c5f4b] inst=[0490a427] fsw     fs1, 72(ra)
C0:       1677 [1] pc=[00000000800002d4] W[r 0=0000000000000000][0] R[r 1=0000000080002100] R[r10=0805304efd5c5f4b] inst=[04a0a827] fsw     fa0, 80(ra)
C0:       1678 [1] pc=[00000000800002d8] W[r 0=0000000000000000][0] R[r 1=0000000080002100] R[r12=0805304efd5c5f4b] inst=[06c0a027] fsw     fa2, 96(ra)
C0:       1679 [1] pc=[00000000800002dc] W[r 0=0000000000000000][0] R[r 1=0000000080002100] R[r13=0805304efd5c5f4b] inst=[06d0a427] fsw     fa3, 104(ra)
C0:       1696 [1] pc=[00000000800002e0] W[r 0=0000000000000000][0] R[r 1=0000000080002100] R[r21=0805304efd5c5f4b] inst=[0b50a427] fsw     fs5, 168(ra)
C0:       1697 [1] pc=[00000000800002e4] W[r 0=0000000000000000][0] R[r 1=0000000080002100] R[r22=0805304efd5c5f4b] inst=[0b60a827] fsw     fs6, 176(ra)
C0:       1714 [1] pc=[00000000800002e8] W[r 0=0000000000000000][0] R[r 1=0000000080002100] R[r25=0805304efd5c5f4b] inst=[0d90a427] fsw     fs9, 200(ra)
C0:       1715 [1] pc=[00000000800002ec] W[r 0=0000000000000000][0] R[r 1=0000000080002100] R[r26=0805304efd5c5f4b] inst=[0da0a827] fsw     fs10, 208(ra)
C0:       1716 [1] pc=[00000000800002f0] W[r 0=0000000000000000][0] R[r 1=0000000080002100] R[r28=0805304efd5c5f4b] inst=[0fc0a027] fsw     ft8, 224(ra)
C0:       1717 [1] pc=[00000000800002f4] W[r 0=0000000000000000][0] R[r 1=0000000080002100] R[r29=0805304efd5c5f4b] inst=[0fd0a427] fsw     ft9, 232(ra)
C0:       1718 [1] pc=[00000000800002f8] W[r 0=0000000000000000][0] R[r 1=0000000080002100] R[r30=0805304efd5c5f4b] inst=[0fe0a827] fsw     ft10, 240(ra)
C0:       1719 [1] pc=[00000000800002fc] W[r 0=0000000000000000][0] R[r 1=0000000080002100] R[r31=0805304efd5c5f4b] inst=[0ff0ac27] fsw     ft11, 248(ra)
C0:       1741 [1] pc=[0000000080000300] W[r 1=0000000080002300][1] R[r 0=0000000000000000] R[r 0=0000000000000000] inst=[00002097] auipc   ra, 0x2
C0:       1742 [1] pc=[0000000080000304] W[r 1=0000000080002100][1] R[r 1=0000000080002300] R[r 0=0000000000000000] inst=[e0008093] addi    ra, ra, -512
C0:       1743 [1] pc=[0000000080000308] W[r 0=0000000000000000][0] R[r 1=0000000080002100] R[r 0=0000000000000000] inst=[0000b027] fsd     ft0, 0(ra)
C0:       1744 [1] pc=[000000008000030c] W[r 0=0000000000000000][0] R[r 1=0000000080002100] R[r 3=0805304efd5c5f4b] inst=[0030bc27] fsd     ft3, 24(ra)
C0:       1745 [1] pc=[0000000080000310] W[r 0=0000000000000000][0] R[r 1=0000000080002100] R[r 4=0805304efd5c5f4b] inst=[0240b027] fsd     ft4, 32(ra)
C0:       1746 [1] pc=[0000000080000314] W[r 0=0000000000000000][0] R[r 1=0000000080002100] R[r 5=0805304efd5c5f4b] inst=[0250b427] fsd     ft5, 40(ra)
C0:       1747 [1] pc=[0000000080000318] W[r 0=0000000000000000][0] R[r 1=0000000080002100] R[r 6=0805304efd5c5f4b] inst=[0260b827] fsd     ft6, 48(ra)
C0:       1748 [1] pc=[000000008000031c] W[r 0=0000000000000000][0] R[r 1=0000000080002100] R[r 8=0805304efd5c5f4b] inst=[0480b027] fsd     fs0, 64(ra)
C0:       1749 [1] pc=[0000000080000320] W[r 0=0000000000000000][0] R[r 1=0000000080002100] R[r11=0805304efd5c5f4b] inst=[04b0bc27] fsd     fa1, 88(ra)
C0:       1750 [1] pc=[0000000080000324] W[r 0=0000000000000000][0] R[r 1=0000000080002100] R[r14=0805304efd5c5f4b] inst=[06e0b827] fsd     fa4, 112(ra)
C0:       1751 [1] pc=[0000000080000328] W[r 0=0000000000000000][0] R[r 1=0000000080002100] R[r15=0805304efd5c5f4b] inst=[06f0bc27] fsd     fa5, 120(ra)
C0:       1752 [1] pc=[000000008000032c] W[r 0=0000000000000000][0] R[r 1=0000000080002100] R[r16=0805304efd5c5f4b] inst=[0900b027] fsd     fa6, 128(ra)
C0:       1753 [1] pc=[0000000080000330] W[r 0=0000000000000000][0] R[r 1=0000000080002100] R[r17=0805304efd5c5f4b] inst=[0910b427] fsd     fa7, 136(ra)
C0:       1754 [1] pc=[0000000080000334] W[r 0=0000000000000000][0] R[r 1=0000000080002100] R[r18=0805304efd5c5f4b] inst=[0920b827] fsd     fs2, 144(ra)
C0:       1755 [1] pc=[0000000080000338] W[r 0=0000000000000000][0] R[r 1=0000000080002100] R[r19=0805304efd5c5f4b] inst=[0930bc27] fsd     fs3, 152(ra)
C0:       1756 [1] pc=[000000008000033c] W[r 0=0000000000000000][0] R[r 1=0000000080002100] R[r20=0805304efd5c5f4b] inst=[0b40b027] fsd     fs4, 160(ra)
C0:       1757 [1] pc=[0000000080000340] W[r 0=0000000000000000][0] R[r 1=0000000080002100] R[r23=0805304efd5c5f4b] inst=[0b70bc27] fsd     fs7, 184(ra)
C0:       1758 [1] pc=[0000000080000344] W[r 0=0000000000000000][0] R[r 1=0000000080002100] R[r24=0805304efd5c5f4b] inst=[0d80b027] fsd     fs8, 192(ra)
C0:       1759 [1] pc=[0000000080000348] W[r 0=0000000000000000][0] R[r 1=0000000080002100] R[r27=0805304efd5c5f4b] inst=[0db0bc27] fsd     fs11, 216(ra)
C0:       1760 [1] pc=[000000008000034c] W[r 3=0000000000000001][1] R[r 0=0000000000000000] R[r 0=0000000000000000] inst=[00100193] li      gp, 1
C0:       1761 [1] pc=[0000000080000350] W[r30=0000000080001350][1] R[r 0=0000000000000000] R[r 0=0000000000000000] inst=[00001f17] auipc   t5, 0x1
C0:       1778 [1] pc=[0000000080000354] W[r 0=0000000000000000][0] R[r30=0000000080001350] R[r 3=0000000000000001] inst=[ca3f2823] sw      gp, -848(t5)
C0:       1779 [1] pc=[0000000080000358] W[r 0=000000008000035c][1] R[r 0=0000000000000000] R[r 0=0000000000000000] inst=[0000006f] j       pc + 0x0
C0:       1783 [1] pc=[0000000080000358] W[r 0=000000008000035c][1] R[r 0=0000000000000000] R[r 0=0000000000000000] inst=[0000006f] j       pc + 0x0
C0:       1785 [1] pc=[0000000080000358] W[r 0=000000008000035c][1] R[r 0=0000000000000000] R[r 0=0000000000000000] inst=[0000006f] j       pc + 0x0
C0:       1786 [1] pc=[0000000080000358] W[r 0=000000008000035c][1] R[r 0=0000000000000000] R[r 0=0000000000000000] inst=[0000006f] j       pc + 0x0
C0:       1787 [1] pc=[0000000080000358] W[r 0=000000008000035c][1] R[r 0=0000000000000000] R[r 0=0000000000000000] inst=[0000006f] j       pc + 0x0
C0:       1789 [1] pc=[0000000080000358] W[r 0=000000008000035c][1] R[r 0=0000000000000000] R[r 0=0000000000000000] inst=[0000006f] j       pc + 0x0
C0:       1791 [1] pc=[0000000080000358] W[r 0=000000008000035c][1] R[r 0=0000000000000000] R[r 0=0000000000000000] inst=[0000006f] j       pc + 0x0
C0:       1792 [1] pc=[0000000080000358] W[r 0=000000008000035c][1] R[r 0=0000000000000000] R[r 0=0000000000000000] inst=[0000006f] j       pc + 0x0
C0:       1793 [1] pc=[0000000080000358] W[r 0=000000008000035c][1] R[r 0=0000000000000000] R[r 0=0000000000000000] inst=[0000006f] j       pc + 0x0
C0:       1795 [1] pc=[0000000080000358] W[r 0=000000008000035c][1] R[r 0=0000000000000000] R[r 0=0000000000000000] inst=[0000006f] j       pc + 0x0
C0:       1797 [1] pc=[0000000080000358] W[r 0=000000008000035c][1] R[r 0=0000000000000000] R[r 0=0000000000000000] inst=[0000006f] j       pc + 0x0
C0:       1798 [1] pc=[0000000080000358] W[r 0=000000008000035c][1] R[r 0=0000000000000000] R[r 0=0000000000000000] inst=[0000006f] j       pc + 0x0
C0:       1799 [1] pc=[0000000080000358] W[r 0=000000008000035c][1] R[r 0=0000000000000000] R[r 0=0000000000000000] inst=[0000006f] j       pc + 0x0
C0:       1801 [1] pc=[0000000080000358] W[r 0=000000008000035c][1] R[r 0=0000000000000000] R[r 0=0000000000000000] inst=[0000006f] j       pc + 0x0
C0:       1803 [1] pc=[0000000080000358] W[r 0=000000008000035c][1] R[r 0=0000000000000000] R[r 0=0000000000000000] inst=[0000006f] j       pc + 0x0
C0:       1804 [1] pc=[0000000080000358] W[r 0=000000008000035c][1] R[r 0=0000000000000000] R[r 0=0000000000000000] inst=[0000006f] j       pc + 0x0
C0:       1805 [1] pc=[0000000080000358] W[r 0=000000008000035c][1] R[r 0=0000000000000000] R[r 0=0000000000000000] inst=[0000006f] j       pc + 0x0
C0:       1807 [1] pc=[0000000080000358] W[r 0=000000008000035c][1] R[r 0=0000000000000000] R[r 0=0000000000000000] inst=[0000006f] j       pc + 0x0
C0:       1809 [1] pc=[0000000080000358] W[r 0=000000008000035c][1] R[r 0=0000000000000000] R[r 0=0000000000000000] inst=[0000006f] j       pc + 0x0
C0:       1810 [1] pc=[0000000080000358] W[r 0=000000008000035c][1] R[r 0=0000000000000000] R[r 0=0000000000000000] inst=[0000006f] j       pc + 0x0
C0:       1811 [1] pc=[0000000080000358] W[r 0=000000008000035c][1] R[r 0=0000000000000000] R[r 0=0000000000000000] inst=[0000006f] j       pc + 0x0
C0:       1813 [1] pc=[0000000080000358] W[r 0=000000008000035c][1] R[r 0=0000000000000000] R[r 0=0000000000000000] inst=[0000006f] j       pc + 0x0
C0:       1815 [1] pc=[0000000080000358] W[r 0=000000008000035c][1] R[r 0=0000000000000000] R[r 0=0000000000000000] inst=[0000006f] j       pc + 0x0
C0:       1816 [1] pc=[0000000080000358] W[r 0=000000008000035c][1] R[r 0=0000000000000000] R[r 0=0000000000000000] inst=[0000006f] j       pc + 0x0
C0:       1817 [1] pc=[0000000080000358] W[r 0=000000008000035c][1] R[r 0=0000000000000000] R[r 0=0000000000000000] inst=[0000006f] j       pc + 0x0
C0:       1819 [1] pc=[0000000080000358] W[r 0=000000008000035c][1] R[r 0=0000000000000000] R[r 0=0000000000000000] inst=[0000006f] j       pc + 0x0
C0:       1821 [1] pc=[0000000080000358] W[r 0=000000008000035c][1] R[r 0=0000000000000000] R[r 0=0000000000000000] inst=[0000006f] j       pc + 0x0
C0:       1822 [1] pc=[0000000080000358] W[r 0=000000008000035c][1] R[r 0=0000000000000000] R[r 0=0000000000000000] inst=[0000006f] j       pc + 0x0
C0:       1823 [1] pc=[0000000080000358] W[r 0=000000008000035c][1] R[r 0=0000000000000000] R[r 0=0000000000000000] inst=[0000006f] j       pc + 0x0
C0:       1825 [1] pc=[0000000080000358] W[r 0=000000008000035c][1] R[r 0=0000000000000000] R[r 0=0000000000000000] inst=[0000006f] j       pc + 0x0
C0:       1827 [1] pc=[0000000080000358] W[r 0=000000008000035c][1] R[r 0=0000000000000000] R[r 0=0000000000000000] inst=[0000006f] j       pc + 0x0
C0:       1828 [1] pc=[0000000080000358] W[r 0=000000008000035c][1] R[r 0=0000000000000000] R[r 0=0000000000000000] inst=[0000006f] j       pc + 0x0
C0:       1829 [1] pc=[0000000080000358] W[r 0=000000008000035c][1] R[r 0=0000000000000000] R[r 0=0000000000000000] inst=[0000006f] j       pc + 0x0
C0:       1831 [1] pc=[0000000080000358] W[r 0=000000008000035c][1] R[r 0=0000000000000000] R[r 0=0000000000000000] inst=[0000006f] j       pc + 0x0
C0:       1833 [1] pc=[0000000080000358] W[r 0=000000008000035c][1] R[r 0=0000000000000000] R[r 0=0000000000000000] inst=[0000006f] j       pc + 0x0
C0:       1834 [1] pc=[0000000080000358] W[r 0=000000008000035c][1] R[r 0=0000000000000000] R[r 0=0000000000000000] inst=[0000006f] j       pc + 0x0
C0:       1835 [1] pc=[0000000080000358] W[r 0=000000008000035c][1] R[r 0=0000000000000000] R[r 0=0000000000000000] inst=[0000006f] j       pc + 0x0
C0:       1837 [1] pc=[0000000080000358] W[r 0=000000008000035c][1] R[r 0=0000000000000000] R[r 0=0000000000000000] inst=[0000006f] j       pc + 0x0
C0:       1839 [1] pc=[0000000080000358] W[r 0=000000008000035c][1] R[r 0=0000000000000000] R[r 0=0000000000000000] inst=[0000006f] j       pc + 0x0
C0:       1840 [1] pc=[0000000080000358] W[r 0=000000008000035c][1] R[r 0=0000000000000000] R[r 0=0000000000000000] inst=[0000006f] j       pc + 0x0
C0:       1841 [1] pc=[0000000080000358] W[r 0=000000008000035c][1] R[r 0=0000000000000000] R[r 0=0000000000000000] inst=[0000006f] j       pc + 0x0
C0:       1843 [1] pc=[0000000080000358] W[r 0=000000008000035c][1] R[r 0=0000000000000000] R[r 0=0000000000000000] inst=[0000006f] j       pc + 0x0
C0:       1845 [1] pc=[0000000080000358] W[r 0=000000008000035c][1] R[r 0=0000000000000000] R[r 0=0000000000000000] inst=[0000006f] j       pc + 0x0
C0:       1846 [1] pc=[0000000080000358] W[r 0=000000008000035c][1] R[r 0=0000000000000000] R[r 0=0000000000000000] inst=[0000006f] j       pc + 0x0
C0:       1847 [1] pc=[0000000080000358] W[r 0=000000008000035c][1] R[r 0=0000000000000000] R[r 0=0000000000000000] inst=[0000006f] j       pc + 0x0
C0:       1849 [1] pc=[0000000080000358] W[r 0=000000008000035c][1] R[r 0=0000000000000000] R[r 0=0000000000000000] inst=[0000006f] j       pc + 0x0
C0:       1851 [1] pc=[0000000080000358] W[r 0=000000008000035c][1] R[r 0=0000000000000000] R[r 0=0000000000000000] inst=[0000006f] j       pc + 0x0
C0:       1852 [1] pc=[0000000080000358] W[r 0=000000008000035c][1] R[r 0=0000000000000000] R[r 0=0000000000000000] inst=[0000006f] j       pc + 0x0
C0:       1853 [1] pc=[0000000080000358] W[r 0=000000008000035c][1] R[r 0=0000000000000000] R[r 0=0000000000000000] inst=[0000006f] j       pc + 0x0
C0:       1855 [1] pc=[0000000080000358] W[r 0=000000008000035c][1] R[r 0=0000000000000000] R[r 0=0000000000000000] inst=[0000006f] j       pc + 0x0
C0:       1857 [1] pc=[0000000080000358] W[r 0=000000008000035c][1] R[r 0=0000000000000000] R[r 0=0000000000000000] inst=[0000006f] j       pc + 0x0
C0:       1858 [1] pc=[0000000080000358] W[r 0=000000008000035c][1] R[r 0=0000000000000000] R[r 0=0000000000000000] inst=[0000006f] j       pc + 0x0
C0:       1859 [1] pc=[0000000080000358] W[r 0=000000008000035c][1] R[r 0=0000000000000000] R[r 0=0000000000000000] inst=[0000006f] j       pc + 0x0
C0:       1861 [1] pc=[0000000080000358] W[r 0=000000008000035c][1] R[r 0=0000000000000000] R[r 0=0000000000000000] inst=[0000006f] j       pc + 0x0
C0:       1863 [1] pc=[0000000080000358] W[r 0=000000008000035c][1] R[r 0=0000000000000000] R[r 0=0000000000000000] inst=[0000006f] j       pc + 0x0
C0:       1864 [1] pc=[0000000080000358] W[r 0=000000008000035c][1] R[r 0=0000000000000000] R[r 0=0000000000000000] inst=[0000006f] j       pc + 0x0
C0:       1865 [1] pc=[0000000080000358] W[r 0=000000008000035c][1] R[r 0=0000000000000000] R[r 0=0000000000000000] inst=[0000006f] j       pc + 0x0
C0:       1867 [1] pc=[0000000080000358] W[r 0=000000008000035c][1] R[r 0=0000000000000000] R[r 0=0000000000000000] inst=[0000006f] j       pc + 0x0
C0:       1869 [1] pc=[0000000080000358] W[r 0=000000008000035c][1] R[r 0=0000000000000000] R[r 0=0000000000000000] inst=[0000006f] j       pc + 0x0
C0:       1870 [1] pc=[0000000080000358] W[r 0=000000008000035c][1] R[r 0=0000000000000000] R[r 0=0000000000000000] inst=[0000006f] j       pc + 0x0
C0:       1871 [1] pc=[0000000080000358] W[r 0=000000008000035c][1] R[r 0=0000000000000000] R[r 0=0000000000000000] inst=[0000006f] j       pc + 0x0
C0:       1873 [1] pc=[0000000080000358] W[r 0=000000008000035c][1] R[r 0=0000000000000000] R[r 0=0000000000000000] inst=[0000006f] j       pc + 0x0
C0:       1875 [1] pc=[0000000080000358] W[r 0=000000008000035c][1] R[r 0=0000000000000000] R[r 0=0000000000000000] inst=[0000006f] j       pc + 0x0
C0:       1876 [1] pc=[0000000080000358] W[r 0=000000008000035c][1] R[r 0=0000000000000000] R[r 0=0000000000000000] inst=[0000006f] j       pc + 0x0
C0:       1877 [1] pc=[0000000080000358] W[r 0=000000008000035c][1] R[r 0=0000000000000000] R[r 0=0000000000000000] inst=[0000006f] j       pc + 0x0
C0:       1879 [1] pc=[0000000080000358] W[r 0=000000008000035c][1] R[r 0=0000000000000000] R[r 0=0000000000000000] inst=[0000006f] j       pc + 0x0
C0:       1881 [1] pc=[0000000080000358] W[r 0=000000008000035c][1] R[r 0=0000000000000000] R[r 0=0000000000000000] inst=[0000006f] j       pc + 0x0
C0:       1882 [1] pc=[0000000080000358] W[r 0=000000008000035c][1] R[r 0=0000000000000000] R[r 0=0000000000000000] inst=[0000006f] j       pc + 0x0
C0:       1883 [1] pc=[0000000080000358] W[r 0=000000008000035c][1] R[r 0=0000000000000000] R[r 0=0000000000000000] inst=[0000006f] j       pc + 0x0
C0:       1885 [1] pc=[0000000080000358] W[r 0=000000008000035c][1] R[r 0=0000000000000000] R[r 0=0000000000000000] inst=[0000006f] j       pc + 0x0
C0:       1887 [1] pc=[0000000080000358] W[r 0=000000008000035c][1] R[r 0=0000000000000000] R[r 0=0000000000000000] inst=[0000006f] j       pc + 0x0
C0:       1888 [1] pc=[0000000080000358] W[r 0=000000008000035c][1] R[r 0=0000000000000000] R[r 0=0000000000000000] inst=[0000006f] j       pc + 0x0
C0:       1889 [1] pc=[0000000080000358] W[r 0=000000008000035c][1] R[r 0=0000000000000000] R[r 0=0000000000000000] inst=[0000006f] j       pc + 0x0
C0:       1891 [1] pc=[0000000080000358] W[r 0=000000008000035c][1] R[r 0=0000000000000000] R[r 0=0000000000000000] inst=[0000006f] j       pc + 0x0
C0:       1893 [1] pc=[0000000080000358] W[r 0=000000008000035c][1] R[r 0=0000000000000000] R[r 0=0000000000000000] inst=[0000006f] j       pc + 0x0
C0:       1894 [1] pc=[0000000080000358] W[r 0=000000008000035c][1] R[r 0=0000000000000000] R[r 0=0000000000000000] inst=[0000006f] j       pc + 0x0
C0:       1895 [1] pc=[0000000080000358] W[r 0=000000008000035c][1] R[r 0=0000000000000000] R[r 0=0000000000000000] inst=[0000006f] j       pc + 0x0
C0:       1897 [1] pc=[0000000080000358] W[r 0=000000008000035c][1] R[r 0=0000000000000000] R[r 0=0000000000000000] inst=[0000006f] j       pc + 0x0
C0:       1899 [1] pc=[0000000080000358] W[r 0=000000008000035c][1] R[r 0=0000000000000000] R[r 0=0000000000000000] inst=[0000006f] j       pc + 0x0
C0:       1900 [1] pc=[0000000080000358] W[r 0=000000008000035c][1] R[r 0=0000000000000000] R[r 0=0000000000000000] inst=[0000006f] j       pc + 0x0
C0:       1901 [1] pc=[0000000080000358] W[r 0=000000008000035c][1] R[r 0=0000000000000000] R[r 0=0000000000000000] inst=[0000006f] j       pc + 0x0
C0:       1903 [1] pc=[0000000080000358] W[r 0=000000008000035c][1] R[r 0=0000000000000000] R[r 0=0000000000000000] inst=[0000006f] j       pc + 0x0
C0:       1905 [1] pc=[0000000080000358] W[r 0=000000008000035c][1] R[r 0=0000000000000000] R[r 0=0000000000000000] inst=[0000006f] j       pc + 0x0
C0:       1906 [1] pc=[0000000080000358] W[r 0=000000008000035c][1] R[r 0=0000000000000000] R[r 0=0000000000000000] inst=[0000006f] j       pc + 0x0
C0:       1907 [1] pc=[0000000080000358] W[r 0=000000008000035c][1] R[r 0=0000000000000000] R[r 0=0000000000000000] inst=[0000006f] j       pc + 0x0
C0:       1909 [1] pc=[0000000080000358] W[r 0=000000008000035c][1] R[r 0=0000000000000000] R[r 0=0000000000000000] inst=[0000006f] j       pc + 0x0
C0:       1911 [1] pc=[0000000080000358] W[r 0=000000008000035c][1] R[r 0=0000000000000000] R[r 0=0000000000000000] inst=[0000006f] j       pc + 0x0
C0:       1912 [1] pc=[0000000080000358] W[r 0=000000008000035c][1] R[r 0=0000000000000000] R[r 0=0000000000000000] inst=[0000006f] j       pc + 0x0
C0:       1913 [1] pc=[0000000080000358] W[r 0=000000008000035c][1] R[r 0=0000000000000000] R[r 0=0000000000000000] inst=[0000006f] j       pc + 0x0
C0:       1915 [1] pc=[0000000080000358] W[r 0=000000008000035c][1] R[r 0=0000000000000000] R[r 0=0000000000000000] inst=[0000006f] j       pc + 0x0
C0:       1917 [1] pc=[0000000080000358] W[r 0=000000008000035c][1] R[r 0=0000000000000000] R[r 0=0000000000000000] inst=[0000006f] j       pc + 0x0
C0:       1918 [1] pc=[0000000080000358] W[r 0=000000008000035c][1] R[r 0=0000000000000000] R[r 0=0000000000000000] inst=[0000006f] j       pc + 0x0
C0:       1919 [1] pc=[0000000080000358] W[r 0=000000008000035c][1] R[r 0=0000000000000000] R[r 0=0000000000000000] inst=[0000006f] j       pc + 0x0
C0:       1921 [1] pc=[0000000080000358] W[r 0=000000008000035c][1] R[r 0=0000000000000000] R[r 0=0000000000000000] inst=[0000006f] j       pc + 0x0
C0:       1923 [1] pc=[0000000080000358] W[r 0=000000008000035c][1] R[r 0=0000000000000000] R[r 0=0000000000000000] inst=[0000006f] j       pc + 0x0
C0:       1924 [1] pc=[0000000080000358] W[r 0=000000008000035c][1] R[r 0=0000000000000000] R[r 0=0000000000000000] inst=[0000006f] j       pc + 0x0
C0:       1925 [1] pc=[0000000080000358] W[r 0=000000008000035c][1] R[r 0=0000000000000000] R[r 0=0000000000000000] inst=[0000006f] j       pc + 0x0
C0:       1927 [1] pc=[0000000080000358] W[r 0=000000008000035c][1] R[r 0=0000000000000000] R[r 0=0000000000000000] inst=[0000006f] j       pc + 0x0
C0:       1929 [1] pc=[0000000080000358] W[r 0=000000008000035c][1] R[r 0=0000000000000000] R[r 0=0000000000000000] inst=[0000006f] j       pc + 0x0
C0:       1930 [1] pc=[0000000080000358] W[r 0=000000008000035c][1] R[r 0=0000000000000000] R[r 0=0000000000000000] inst=[0000006f] j       pc + 0x0
C0:       1931 [1] pc=[0000000080000358] W[r 0=000000008000035c][1] R[r 0=0000000000000000] R[r 0=0000000000000000] inst=[0000006f] j       pc + 0x0
C0:       1933 [1] pc=[0000000080000358] W[r 0=000000008000035c][1] R[r 0=0000000000000000] R[r 0=0000000000000000] inst=[0000006f] j       pc + 0x0
C0:       1935 [1] pc=[0000000080000358] W[r 0=000000008000035c][1] R[r 0=0000000000000000] R[r 0=0000000000000000] inst=[0000006f] j       pc + 0x0
C0:       1936 [1] pc=[0000000080000358] W[r 0=000000008000035c][1] R[r 0=0000000000000000] R[r 0=0000000000000000] inst=[0000006f] j       pc + 0x0
C0:       1937 [1] pc=[0000000080000358] W[r 0=000000008000035c][1] R[r 0=0000000000000000] R[r 0=0000000000000000] inst=[0000006f] j       pc + 0x0
C0:       1939 [1] pc=[0000000080000358] W[r 0=000000008000035c][1] R[r 0=0000000000000000] R[r 0=0000000000000000] inst=[0000006f] j       pc + 0x0
C0:       1941 [1] pc=[0000000080000358] W[r 0=000000008000035c][1] R[r 0=0000000000000000] R[r 0=0000000000000000] inst=[0000006f] j       pc + 0x0
C0:       1942 [1] pc=[0000000080000358] W[r 0=000000008000035c][1] R[r 0=0000000000000000] R[r 0=0000000000000000] inst=[0000006f] j       pc + 0x0
C0:       1943 [1] pc=[0000000080000358] W[r 0=000000008000035c][1] R[r 0=0000000000000000] R[r 0=0000000000000000] inst=[0000006f] j       pc + 0x0
C0:       1945 [1] pc=[0000000080000358] W[r 0=000000008000035c][1] R[r 0=0000000000000000] R[r 0=0000000000000000] inst=[0000006f] j       pc + 0x0
C0:       1947 [1] pc=[0000000080000358] W[r 0=000000008000035c][1] R[r 0=0000000000000000] R[r 0=0000000000000000] inst=[0000006f] j       pc + 0x0
C0:       1948 [1] pc=[0000000080000358] W[r 0=000000008000035c][1] R[r 0=0000000000000000] R[r 0=0000000000000000] inst=[0000006f] j       pc + 0x0
C0:       1949 [1] pc=[0000000080000358] W[r 0=000000008000035c][1] R[r 0=0000000000000000] R[r 0=0000000000000000] inst=[0000006f] j       pc + 0x0
C0:       1951 [1] pc=[0000000080000358] W[r 0=000000008000035c][1] R[r 0=0000000000000000] R[r 0=0000000000000000] inst=[0000006f] j       pc + 0x0
C0:       1953 [1] pc=[0000000080000358] W[r 0=000000008000035c][1] R[r 0=0000000000000000] R[r 0=0000000000000000] inst=[0000006f] j       pc + 0x0
C0:       1954 [1] pc=[0000000080000358] W[r 0=000000008000035c][1] R[r 0=0000000000000000] R[r 0=0000000000000000] inst=[0000006f] j       pc + 0x0
C0:       1955 [1] pc=[0000000080000358] W[r 0=000000008000035c][1] R[r 0=0000000000000000] R[r 0=0000000000000000] inst=[0000006f] j       pc + 0x0
C0:       1957 [1] pc=[0000000080000358] W[r 0=000000008000035c][1] R[r 0=0000000000000000] R[r 0=0000000000000000] inst=[0000006f] j       pc + 0x0
C0:       1959 [1] pc=[0000000080000358] W[r 0=000000008000035c][1] R[r 0=0000000000000000] R[r 0=0000000000000000] inst=[0000006f] j       pc + 0x0
C0:       1960 [1] pc=[0000000080000358] W[r 0=000000008000035c][1] R[r 0=0000000000000000] R[r 0=0000000000000000] inst=[0000006f] j       pc + 0x0
C0:       1961 [1] pc=[0000000080000358] W[r 0=000000008000035c][1] R[r 0=0000000000000000] R[r 0=0000000000000000] inst=[0000006f] j       pc + 0x0
C0:       1963 [1] pc=[0000000080000358] W[r 0=000000008000035c][1] R[r 0=0000000000000000] R[r 0=0000000000000000] inst=[0000006f] j       pc + 0x0
C0:       1965 [1] pc=[0000000080000358] W[r 0=000000008000035c][1] R[r 0=0000000000000000] R[r 0=0000000000000000] inst=[0000006f] j       pc + 0x0
C0:       1966 [1] pc=[0000000080000358] W[r 0=000000008000035c][1] R[r 0=0000000000000000] R[r 0=0000000000000000] inst=[0000006f] j       pc + 0x0
C0:       1967 [1] pc=[0000000080000358] W[r 0=000000008000035c][1] R[r 0=0000000000000000] R[r 0=0000000000000000] inst=[0000006f] j       pc + 0x0
C0:       1969 [1] pc=[0000000080000358] W[r 0=000000008000035c][1] R[r 0=0000000000000000] R[r 0=0000000000000000] inst=[0000006f] j       pc + 0x0
C0:       1971 [1] pc=[0000000080000358] W[r 0=000000008000035c][1] R[r 0=0000000000000000] R[r 0=0000000000000000] inst=[0000006f] j       pc + 0x0
C0:       1972 [1] pc=[0000000080000358] W[r 0=000000008000035c][1] R[r 0=0000000000000000] R[r 0=0000000000000000] inst=[0000006f] j       pc + 0x0
*** PASSED *** Completed after               332556 simulation cycles
