ERROR: ld.so: object '/home/rsaravan/chipyard/.conda-env/lib/libstdc++.so.6' from LD_PRELOAD cannot be preloaded (wrong ELF class: ELFCLASS64): ignored.
testing $random aa374254
== Loading device model file '/home/rsaravan/chipyard/generators/testchipip/src/main/resources/dramsim2_ini/DDR3_micron_64M_8B_x4_sg15.ini' == 
== Loading system model file '/home/rsaravan/chipyard/generators/testchipip/src/main/resources/dramsim2_ini/system.ini' == 
===== MemorySystem 0 =====
CH. 0 TOTAL_STORAGE : 4096MB | 1 Ranks | 16 Devices per rank
DRAMSim2 Clock Frequency =666666666Hz, CPU Clock Frequency=500000000Hz
C0:         19 [1] pc=[0000000000010040] W[r10=0000000000010040][1] R[r 0=0000000000000000] R[r 0=0000000000000000] inst=[00000517] auipc   a0, 0x0
C0:         20 [1] pc=[0000000000010044] W[r10=0000000000010000][1] R[r10=0000000000010040] R[r 0=0000000000000000] inst=[fc050513] addi    a0, a0, -64
C0:         21 [1] pc=[0000000000010048] W[r 0=0000000000000000][1] R[r10=0000000000010000] R[r 0=0000000000000000] inst=[30551073] csrw    mtvec, a0
C0:         26 [1] pc=[000000000001004c] W[r 5=800000000094112d][1] R[r 0=0000000000000000] R[r 0=0000000000000000] inst=[301022f3] csrr    t0, misa
C0:         29 [1] pc=[0000000000010050] W[r 5=ffffe00000000025][1] R[r 5=800000000094112d] R[r 0=0000000000000000] inst=[4122d293] srai    t0, t0, 18
C0:         30 [1] pc=[0000000000010054] W[r 5=0000000000000001][1] R[r 5=ffffe00000000025] R[r 0=0000000000000000] inst=[0012f293] andi    t0, t0, 1
C0:         31 [1] pc=[0000000000010058] W[r 0=0000000000000000][0] R[r 5=0000000000000001] R[r 0=0000000000000000] inst=[00028463] beqz    t0, pc + 8
C0:         32 [1] pc=[000000000001005c] W[r 0=0000000000000202][1] R[r 0=0000000000000000] R[r 0=0000000000000000] inst=[30301073] csrw    mideleg, zero
C0:         37 [1] pc=[0000000000010060] W[r10=0000000000000008][1] R[r 0=0000000000000000] R[r 0=0000000000000000] inst=[00800513] li      a0, 8
C0:         38 [1] pc=[0000000000010064] W[r 0=0021820f436e91f8][1] R[r10=0000000000000008] R[r 0=0000000000000000] inst=[30451073] csrw    mie, a0
C0:         43 [1] pc=[0000000000010068] W[r 0=0000000a00001800][1] R[r10=0000000000000008] R[r 0=0000000000000000] inst=[30052073] csrs    mstatus, a0
C0:         48 [1] pc=[000000000001006c] W[r 0=0000000000000000][0] R[r 0=0000000000000000] R[r 0=0000000000000000] inst=[10500073] wfi
C0:         51 [0] pc=[0000000000010070] W[r 0=0000000000000000][0] R[r31=0000000000000008] R[r 0=0000000000000000] inst=[ffdff06f] j       pc - 0x4
C0:         70 [1] pc=[0000000000010000] W[r11=0000000002000000][1] R[r 0=0000000000000000] R[r 0=0000000000000000] inst=[020005b7] lui     a1, 0x2000
C0:         71 [1] pc=[0000000000010004] W[r10=0000000000000000][1] R[r 0=0000000000000000] R[r 0=0000000000000000] inst=[f1402573] csrr    a0, mhartid
C0:         74 [1] pc=[0000000000010008] W[r 0=0000000000000000][0] R[r10=0000000000000000] R[r 0=0000000000000000] inst=[00050463] beqz    a0, pc + 8
C0:         78 [1] pc=[0000000000010010] W[r12=0000000002000004][1] R[r11=0000000002000000] R[r 0=0000000000000000] inst=[00458613] addi    a2, a1, 4
C0:         79 [1] pc=[0000000000010014] W[r13=0000000000000001][1] R[r 0=0000000000000000] R[r 0=0000000000000000] inst=[00100693] li      a3, 1
C0:         80 [1] pc=[0000000000010018] W[r 0=0000000000000000][0] R[r12=0000000002000004] R[r13=0000000000000001] inst=[00d62023] sw      a3, 0(a2)
C0:         81 [1] pc=[000000000001001c] W[r12=0000000002000008][1] R[r12=0000000002000004] R[r 0=0000000000000000] inst=[00460613] addi    a2, a2, 4
C0:         87 [1] pc=[0000000000010020] W[r13=0000000000000000][0] R[r12=0000000002000008] R[r 0=0000000000000000] inst=[ffc62683] lw      a3, -4(a2)
C0:         95 [1] pc=[0000000000010024] W[r 0=0000000000000000][0] R[r13=0000000000000000] R[r 0=0000000000000000] inst=[fe069ae3] bnez    a3, pc - 12
C0:         96 [1] pc=[0000000000010028] W[r 0=000000000001002c][1] R[r 0=0000000000000000] R[r 0=0000000000000000] inst=[06c0006f] j       pc + 0x6c
C0:        116 [1] pc=[0000000000010094] W[r 0=0000000000000000][0] R[r11=0000000002000000] R[r 0=0000000000000000] inst=[0005a023] sw      zero, 0(a1)
C0:        117 [1] pc=[0000000000010098] W[r10=0000000000004000][1] R[r 0=0000000000000000] R[r 0=0000000000000000] inst=[00004537] lui     a0, 0x4
C0:        123 [1] pc=[000000000001009c] W[r10=0000000000000000][0] R[r10=0000000000004000] R[r 0=0000000000000000] inst=[00053503] ld      a0, 0(a0)
C0:        135 [1] pc=[00000000000100a0] W[r 0=0000000000010070][1] R[r10=0000000080000000] R[r 0=0000000000000000] inst=[34151073] csrw    mepc, a0
C0:        136 [1] pc=[00000000000100a4] W[r10=0000000000000000][1] R[r 0=0000000000000000] R[r 0=0000000000000000] inst=[f1402573] csrr    a0, mhartid
C0:        137 [1] pc=[00000000000100a8] W[r11=00000000000100a8][1] R[r 0=0000000000000000] R[r 0=0000000000000000] inst=[00000597] auipc   a1, 0x0
C0:        138 [1] pc=[00000000000100ac] W[r11=00000000000100c0][1] R[r11=00000000000100a8] R[r 0=0000000000000000] inst=[01858593] addi    a1, a1, 24
C0:        139 [1] pc=[00000000000100b0] W[r12=0000000000000080][1] R[r 0=0000000000000000] R[r 0=0000000000000000] inst=[08000613] li      a2, 128
C0:        140 [1] pc=[00000000000100b4] W[r 0=0000000a00001880][1] R[r12=0000000000000080] R[r 0=0000000000000000] inst=[30063073] csrc    mstatus, a2
C0:        145 [1] pc=[00000000000100b8] W[r 0=0000000000000000][0] R[r 0=0000000000000000] R[r 0=0000000000000000] inst=[30200073] mret
C0:        194 [1] pc=[0000000080000000] W[r31=0000000080010000][1] R[r 0=0000000000000000] R[r 0=0000000000000000] inst=[00010f97] auipc   t6, 0x10
C0:        195 [1] pc=[0000000080000004] W[r31=0000000080010000][1] R[r31=0000000080010000] R[r 0=0000000000000000] inst=[000f8f93] mv      t6, t6
C0:        212 [1] pc=[0000000080000008] W[r 1=0ee2ef4ced34271c][1] R[r31=0000000080010000] R[r 0=0000000000000000] inst=[000fb083] ld      ra, 0(t6)
C0:        213 [1] pc=[000000008000000c] W[r 2=72eb3d6dbeffc4b8][1] R[r31=0000000080010000] R[r 0=0000000000000000] inst=[008fb103] ld      sp, 8(t6)
C0:        214 [1] pc=[0000000080000010] W[r 3=f7b62c1cb44e8a64][1] R[r31=0000000080010000] R[r 0=0000000000000000] inst=[010fb183] ld      gp, 16(t6)
C0:        215 [1] pc=[0000000080000014] W[r 4=0c3d7430eb48c224][1] R[r31=0000000080010000] R[r 0=0000000000000000] inst=[018fb203] ld      tp, 24(t6)
C0:        216 [1] pc=[0000000080000018] W[r 5=1ee6daf662805a2e][1] R[r31=0000000080010000] R[r 0=0000000000000000] inst=[020fb283] ld      t0, 32(t6)
C0:        217 [1] pc=[000000008000001c] W[r 6=d4aa290584c50b4a][1] R[r31=0000000080010000] R[r 0=0000000000000000] inst=[028fb303] ld      t1, 40(t6)
C0:        218 [1] pc=[0000000080000020] W[r 7=71f59d4537cf3faf][1] R[r31=0000000080010000] R[r 0=0000000000000000] inst=[030fb383] ld      t2, 48(t6)
C0:        219 [1] pc=[0000000080000024] W[r 8=93baf65a853ed736][1] R[r31=0000000080010000] R[r 0=0000000000000000] inst=[038fb403] ld      s0, 56(t6)
C0:        265 [1] pc=[0000000080000028] W[r 9=5242b4b6c7e63cdf][1] R[r31=0000000080010000] R[r 0=0000000000000000] inst=[040fb483] ld      s1, 64(t6)
C0:        266 [1] pc=[000000008000002c] W[r10=a63fa10552a8b5d5][1] R[r31=0000000080010000] R[r 0=0000000000000000] inst=[048fb503] ld      a0, 72(t6)
C0:        267 [1] pc=[0000000080000030] W[r11=b5a636c293e5bbbd][1] R[r31=0000000080010000] R[r 0=0000000000000000] inst=[050fb583] ld      a1, 80(t6)
C0:        268 [1] pc=[0000000080000034] W[r12=86bec956dec245ef][1] R[r31=0000000080010000] R[r 0=0000000000000000] inst=[058fb603] ld      a2, 88(t6)
C0:        269 [1] pc=[0000000080000038] W[r13=52559885f74ceed3][1] R[r31=0000000080010000] R[r 0=0000000000000000] inst=[060fb683] ld      a3, 96(t6)
C0:        270 [1] pc=[000000008000003c] W[r14=42e53ce50afd0855][1] R[r31=0000000080010000] R[r 0=0000000000000000] inst=[068fb703] ld      a4, 104(t6)
C0:        320 [1] pc=[0000000080000040] W[r15=8d9ca54e4bb0b653][1] R[r31=0000000080010000] R[r 0=0000000000000000] inst=[070fb783] ld      a5, 112(t6)
C0:        321 [1] pc=[0000000080000044] W[r16=b99d695451b7b05e][1] R[r31=0000000080010000] R[r 0=0000000000000000] inst=[078fb803] ld      a6, 120(t6)
C0:        338 [1] pc=[0000000080000048] W[r17=59819077ed947dad][1] R[r31=0000000080010000] R[r 0=0000000000000000] inst=[080fb883] ld      a7, 128(t6)
C0:        339 [1] pc=[000000008000004c] W[r18=ebc999a296b1716e][1] R[r31=0000000080010000] R[r 0=0000000000000000] inst=[088fb903] ld      s2, 136(t6)
C0:        340 [1] pc=[0000000080000050] W[r19=c2ea78c7232ff7df][1] R[r31=0000000080010000] R[r 0=0000000000000000] inst=[090fb983] ld      s3, 144(t6)
C0:        341 [1] pc=[0000000080000054] W[r20=90412fdb884b8386][1] R[r31=0000000080010000] R[r 0=0000000000000000] inst=[098fba03] ld      s4, 152(t6)
C0:        342 [1] pc=[0000000080000058] W[r21=7095ab59d3a97c1a][1] R[r31=0000000080010000] R[r 0=0000000000000000] inst=[0a0fba83] ld      s5, 160(t6)
C0:        343 [1] pc=[000000008000005c] W[r22=55d12c7799a6b7af][1] R[r31=0000000080010000] R[r 0=0000000000000000] inst=[0a8fbb03] ld      s6, 168(t6)
C0:        344 [1] pc=[0000000080000060] W[r23=294f18bba99622bd][1] R[r31=0000000080010000] R[r 0=0000000000000000] inst=[0b0fbb83] ld      s7, 176(t6)
C0:        345 [1] pc=[0000000080000064] W[r24=724657c2ecdcb5c8][1] R[r31=0000000080010000] R[r 0=0000000000000000] inst=[0b8fbc03] ld      s8, 184(t6)
C0:        362 [1] pc=[0000000080000068] W[r25=a4074a2f365e0bad][1] R[r31=0000000080010000] R[r 0=0000000000000000] inst=[0c0fbc83] ld      s9, 192(t6)
C0:        363 [1] pc=[000000008000006c] W[r26=44c9a08fb6caefa8][1] R[r31=0000000080010000] R[r 0=0000000000000000] inst=[0c8fbd03] ld      s10, 200(t6)
C0:        364 [1] pc=[0000000080000070] W[r27=af5e5d9d6b192d3a][1] R[r31=0000000080010000] R[r 0=0000000000000000] inst=[0d0fbd83] ld      s11, 208(t6)
C0:        365 [1] pc=[0000000080000074] W[r28=cf0332358db24e01][1] R[r31=0000000080010000] R[r 0=0000000000000000] inst=[0d8fbe03] ld      t3, 216(t6)
C0:        366 [1] pc=[0000000080000078] W[r29=04f84e3b3ff63027][1] R[r31=0000000080010000] R[r 0=0000000000000000] inst=[0e0fbe83] ld      t4, 224(t6)
C0:        367 [1] pc=[000000008000007c] W[r30=b9519a59b8897cb2][1] R[r31=0000000080010000] R[r 0=0000000000000000] inst=[0e8fbf03] ld      t5, 232(t6)
C0:        417 [1] pc=[0000000080000080] W[r31=1d45b1a6ba0b003f][1] R[r31=0000000080010000] R[r 0=0000000000000000] inst=[0f0fbf83] ld      t6, 240(t6)
C0:        418 [1] pc=[0000000080000084] W[r 0=0000000080000088][1] R[r 0=0000000000000000] R[r 0=0000000000000000] inst=[3100006f] j       pc + 0x310
C0:        441 [1] pc=[0000000080000394] W[r 0=0000000a00000080][1] R[r 0=0000000000000000] R[r 0=0000000000000000] inst=[30005073] csrwi   mstatus, 0
C0:        446 [1] pc=[0000000080000398] W[r10=0000000000000000][1] R[r 0=0000000000000000] R[r 0=0000000000000000] inst=[f1402573] csrr    a0, mhartid
C0:        449 [1] pc=[000000008000039c] W[r 0=0000000000000000][0] R[r10=0000000000000000] R[r 0=0000000000000000] inst=[00051063] bnez    a0, pc + 0
C0:        450 [1] pc=[00000000800003a0] W[r 5=00000000800003a0][1] R[r 0=0000000000000000] R[r 0=0000000000000000] inst=[00000297] auipc   t0, 0x0
C0:        451 [1] pc=[00000000800003a4] W[r 5=00000000800003b8][1] R[r 5=00000000800003a0] R[r 0=0000000000000000] inst=[01828293] addi    t0, t0, 24
C0:        452 [1] pc=[00000000800003a8] W[r 0=0000000000010000][1] R[r 5=00000000800003b8] R[r 0=0000000000000000] inst=[30529073] csrw    mtvec, t0
C0:        457 [1] pc=[00000000800003ac] W[r 0=0000000000e0355d][1] R[r 0=0000000000000000] R[r 0=0000000000000000] inst=[30205073] csrwi   medeleg, 0
C0:        462 [1] pc=[00000000800003b0] W[r 0=0000000000000000][1] R[r 0=0000000000000000] R[r 0=0000000000000000] inst=[30305073] csrwi   mideleg, 0
C0:        467 [1] pc=[00000000800003b4] W[r 0=0000000000000008][1] R[r 0=0000000000000000] R[r 0=0000000000000000] inst=[30405073] csrwi   mie, 0
C0:        472 [1] pc=[00000000800003b8] W[r 5=00000000800003b8][1] R[r 0=0000000000000000] R[r 0=0000000000000000] inst=[00000297] auipc   t0, 0x0
C0:        473 [1] pc=[00000000800003bc] W[r 5=00000000800003c8][1] R[r 5=00000000800003b8] R[r 0=0000000000000000] inst=[01028293] addi    t0, t0, 16
C0:        495 [1] pc=[00000000800003c0] W[r 0=00000000800003b8][1] R[r 5=00000000800003c8] R[r 0=0000000000000000] inst=[30529073] csrw    mtvec, t0
C0:        500 [1] pc=[00000000800003c4] W[r 0=0000024673b8f237][1] R[r 0=0000000000000000] R[r 0=0000000000000000] inst=[18005073] csrwi   satp, 0
C0:        505 [1] pc=[00000000800003c8] W[r 5=00000000800003c8][1] R[r 0=0000000000000000] R[r 0=0000000000000000] inst=[00000297] auipc   t0, 0x0
C0:        506 [1] pc=[00000000800003cc] W[r 5=00000000800003ec][1] R[r 5=00000000800003c8] R[r 0=0000000000000000] inst=[02428293] addi    t0, t0, 36
C0:        507 [1] pc=[00000000800003d0] W[r 0=00000000800003c8][1] R[r 5=00000000800003ec] R[r 0=0000000000000000] inst=[30529073] csrw    mtvec, t0
C0:        512 [1] pc=[00000000800003d4] W[r 5=0000000000000001][1] R[r 0=0000000000000000] R[r 0=0000000000000000] inst=[0010029b] addiw   t0, zero, 1
C0:        513 [1] pc=[00000000800003d8] W[r 5=0020000000000000][1] R[r 5=0000000000000001] R[r 0=0000000000000000] inst=[03529293] slli    t0, t0, 53
C0:        514 [1] pc=[00000000800003dc] W[r 5=001fffffffffffff][1] R[r 5=0020000000000000] R[r 0=0000000000000000] inst=[fff28293] addi    t0, t0, -1
C0:        515 [1] pc=[00000000800003e0] W[r 0=0000000028d90b3c][1] R[r 5=001fffffffffffff] R[r 0=0000000000000000] inst=[3b029073] csrw    pmpaddr0, t0
C0:        520 [1] pc=[00000000800003e4] W[r 5=000000000000001f][1] R[r 0=0000000000000000] R[r 0=0000000000000000] inst=[01f00293] li      t0, 31
C0:        521 [1] pc=[00000000800003e8] W[r 0=0007010003050304][1] R[r 5=000000000000001f] R[r 0=0000000000000000] inst=[3a029073] csrw    pmpcfg0, t0
C0:        526 [1] pc=[00000000800003ec] W[r 5=00000000800003ec][1] R[r 0=0000000000000000] R[r 0=0000000000000000] inst=[00000297] auipc   t0, 0x0
C0:        527 [1] pc=[00000000800003f0] W[r 5=0000000080000150][1] R[r 5=00000000800003ec] R[r 0=0000000000000000] inst=[d6428293] addi    t0, t0, -668
C0:        528 [1] pc=[00000000800003f4] W[r 0=00000000800003ec][1] R[r 5=0000000080000150] R[r 0=0000000000000000] inst=[30529073] csrw    mtvec, t0
C0:        533 [1] pc=[00000000800003f8] W[r 3=0000000000000000][1] R[r 0=0000000000000000] R[r 0=0000000000000000] inst=[00000193] li      gp, 0
C0:        534 [1] pc=[00000000800003fc] W[r10=0000000000000001][1] R[r 0=0000000000000000] R[r 0=0000000000000000] inst=[00100513] li      a0, 1
C0:        556 [1] pc=[0000000080000400] W[r10=0000000080000000][1] R[r10=0000000000000001] R[r 0=0000000000000000] inst=[01f51513] slli    a0, a0, 31
C0:        557 [1] pc=[0000000080000404] W[r 0=0000000000000000][0] R[r10=0000000080000000] R[r 0=0000000000000000] inst=[00055c63] bgez    a0, pc + 24
C0:        561 [1] pc=[000000008000041c] W[r 5=000000008000041c][1] R[r 0=0000000000000000] R[r 0=0000000000000000] inst=[00000297] auipc   t0, 0x0
C0:        562 [1] pc=[0000000080000420] W[r 5=0000000080000114][1] R[r 5=000000008000041c] R[r 0=0000000000000000] inst=[cf828293] addi    t0, t0, -776
C0:        563 [1] pc=[0000000080000424] W[r 0=ffffffd6f995f0c8][1] R[r 5=0000000080000114] R[r 0=0000000000000000] inst=[10529073] csrw    stvec, t0
C0:        568 [1] pc=[0000000080000428] W[r 5=000000000000b000][1] R[r 0=0000000000000000] R[r 0=0000000000000000] inst=[0000b2b7] lui     t0, 0xb
C0:        569 [1] pc=[000000008000042c] W[r 5=000000000000b109][1] R[r 5=000000000000b000] R[r 0=0000000000000000] inst=[1092829b] addiw   t0, t0, 265
C0:        570 [1] pc=[0000000080000430] W[r 0=0000000000000000][1] R[r 5=000000000000b109] R[r 0=0000000000000000] inst=[3022a073] csrs    medeleg, t0
C0:        575 [1] pc=[0000000080000434] W[r10=0000000000007000][1] R[r 0=0000000000000000] R[r 0=0000000000000000] inst=[00007537] lui     a0, 0x7
C0:        576 [1] pc=[0000000080000438] W[r10=0000000000006800][1] R[r10=0000000000007000] R[r 0=0000000000000000] inst=[8005051b] addiw   a0, a0, -2048
C0:        577 [1] pc=[000000008000043c] W[r 0=0000000a00000000][1] R[r10=0000000000006800] R[r 0=0000000000000000] inst=[30052073] csrs    mstatus, a0
C0:        598 [1] pc=[0000000080000440] W[r 0=000000000000003f][1] R[r 0=0000000000000000] R[r 0=0000000000000000] inst=[00305073] csrwi   fcsr, 0
C0:        603 [1] pc=[0000000080000444] W[r 1=0000000080000448][1] R[r 0=0000000000000000] R[r 0=0000000000000000] inst=[c45ff0ef] jal     pc - 0x3bc
C0:        604 [1] pc=[0000000080000088] W[r31=0000000080020088][1] R[r 0=0000000000000000] R[r 0=0000000000000000] inst=[00020f97] auipc   t6, 0x20
C0:        605 [1] pc=[000000008000008c] W[r31=0000000080020000][1] R[r31=0000000080020088] R[r 0=0000000000000000] inst=[f78f8f93] addi    t6, t6, -136
C0:        622 [1] pc=[0000000080000090] W[r 0=0000000000000000][0] R[r31=0000000080020000] R[r 0=0000000000000000] inst=[000fa007] flw     ft0, 0(t6)
C0:        623 [1] pc=[0000000080000094] W[r 1=0000000000000000][0] R[r31=0000000080020000] R[r 0=0000000000000000] inst=[008fa087] flw     ft1, 8(t6)
C0:        624 [1] pc=[0000000080000098] W[r 2=0000000000000000][0] R[r31=0000000080020000] R[r 0=0000000000000000] inst=[010fa107] flw     ft2, 16(t6)
C0:        625 [1] pc=[000000008000009c] W[r 3=0000000000000000][0] R[r31=0000000080020000] R[r 0=0000000000000000] inst=[018fb187] fld     ft3, 24(t6)
C0:        626 [1] pc=[00000000800000a0] W[r 4=0000000000000000][0] R[r31=0000000080020000] R[r 0=0000000000000000] inst=[020fb207] fld     ft4, 32(t6)
C0:        627 [1] pc=[00000000800000a4] W[r 5=0000000000000000][0] R[r31=0000000080020000] R[r 0=0000000000000000] inst=[028fb287] fld     ft5, 40(t6)
C0:        628 [1] pc=[00000000800000a8] W[r 6=0000000000000000][0] R[r31=0000000080020000] R[r 0=0000000000000000] inst=[030fb307] fld     ft6, 48(t6)
C0:        629 [1] pc=[00000000800000ac] W[r 7=0000000000000000][0] R[r31=0000000080020000] R[r 0=0000000000000000] inst=[038fa387] flw     ft7, 56(t6)
C0:        674 [1] pc=[00000000800000b0] W[r 8=0000000000000000][0] R[r31=0000000080020000] R[r 0=0000000000000000] inst=[040fb407] fld     fs0, 64(t6)
C0:        675 [1] pc=[00000000800000b4] W[r 9=0000000000000000][0] R[r31=0000000080020000] R[r 0=0000000000000000] inst=[048fb487] fld     fs1, 72(t6)
C0:        676 [1] pc=[00000000800000b8] W[r10=0000000000000000][0] R[r31=0000000080020000] R[r 0=0000000000000000] inst=[050fa507] flw     fa0, 80(t6)
C0:        677 [1] pc=[00000000800000bc] W[r11=0000000000000000][0] R[r31=0000000080020000] R[r 0=0000000000000000] inst=[058fb587] fld     fa1, 88(t6)
C0:        727 [1] pc=[00000000800000c0] W[r12=0000000000000000][0] R[r31=0000000080020000] R[r 0=0000000000000000] inst=[060fb607] fld     fa2, 96(t6)
C0:        728 [1] pc=[00000000800000c4] W[r13=0000000000000000][0] R[r31=0000000080020000] R[r 0=0000000000000000] inst=[068fb687] fld     fa3, 104(t6)
C0:        729 [1] pc=[00000000800000c8] W[r14=0000000000000000][0] R[r31=0000000080020000] R[r 0=0000000000000000] inst=[070fa707] flw     fa4, 112(t6)
C0:        730 [1] pc=[00000000800000cc] W[r15=0000000000000000][0] R[r31=0000000080020000] R[r 0=0000000000000000] inst=[078fb787] fld     fa5, 120(t6)
C0:        775 [1] pc=[00000000800000d0] W[r16=0000000000000000][0] R[r31=0000000080020000] R[r 0=0000000000000000] inst=[080fb807] fld     fa6, 128(t6)
C0:        776 [1] pc=[00000000800000d4] W[r17=0000000000000000][0] R[r31=0000000080020000] R[r 0=0000000000000000] inst=[088fa887] flw     fa7, 136(t6)
C0:        777 [1] pc=[00000000800000d8] W[r18=0000000000000000][0] R[r31=0000000080020000] R[r 0=0000000000000000] inst=[090fa907] flw     fs2, 144(t6)
C0:        778 [1] pc=[00000000800000dc] W[r19=0000000000000000][0] R[r31=0000000080020000] R[r 0=0000000000000000] inst=[098fa987] flw     fs3, 152(t6)
C0:        779 [1] pc=[00000000800000e0] W[r20=0000000000000000][0] R[r31=0000000080020000] R[r 0=0000000000000000] inst=[0a0fba07] fld     fs4, 160(t6)
C0:        780 [1] pc=[00000000800000e4] W[r21=0000000000000000][0] R[r31=0000000080020000] R[r 0=0000000000000000] inst=[0a8faa87] flw     fs5, 168(t6)
C0:        781 [1] pc=[00000000800000e8] W[r22=0000000000000000][0] R[r31=0000000080020000] R[r 0=0000000000000000] inst=[0b0fbb07] fld     fs6, 176(t6)
C0:        782 [1] pc=[00000000800000ec] W[r23=0000000000000000][0] R[r31=0000000080020000] R[r 0=0000000000000000] inst=[0b8fbb87] fld     fs7, 184(t6)
C0:        827 [1] pc=[00000000800000f0] W[r24=0000000000000000][0] R[r31=0000000080020000] R[r 0=0000000000000000] inst=[0c0fbc07] fld     fs8, 192(t6)
C0:        828 [1] pc=[00000000800000f4] W[r25=0000000000000000][0] R[r31=0000000080020000] R[r 0=0000000000000000] inst=[0c8fbc87] fld     fs9, 200(t6)
C0:        829 [1] pc=[00000000800000f8] W[r26=0000000000000000][0] R[r31=0000000080020000] R[r 0=0000000000000000] inst=[0d0fbd07] fld     fs10, 208(t6)
C0:        830 [1] pc=[00000000800000fc] W[r27=0000000000000000][0] R[r31=0000000080020000] R[r 0=0000000000000000] inst=[0d8fbd87] fld     fs11, 216(t6)
C0:        852 [1] pc=[0000000080000100] W[r28=0000000000000000][0] R[r31=0000000080020000] R[r 0=0000000000000000] inst=[0e0fbe07] fld     ft8, 224(t6)
C0:        853 [1] pc=[0000000080000104] W[r29=0000000000000000][0] R[r31=0000000080020000] R[r 0=0000000000000000] inst=[0e8fae87] flw     ft9, 232(t6)
C0:        854 [1] pc=[0000000080000108] W[r30=0000000000000000][0] R[r31=0000000080020000] R[r 0=0000000000000000] inst=[0f0faf07] flw     ft10, 240(t6)
C0:        855 [1] pc=[000000008000010c] W[r31=0000000000000000][0] R[r31=0000000080020000] R[r 0=0000000000000000] inst=[0f8faf87] flw     ft11, 248(t6)
C0:        856 [1] pc=[0000000080000110] W[r 0=0000000080000114][1] R[r 1=0000000080000448] R[r 0=0000000000000000] inst=[00008067] ret
C0:        858 [1] pc=[0000000080000448] W[r 0=000000000000008d][1] R[r 0=0000000000000000] R[r 0=0000000000000000] inst=[b0201073] csrw    minstret, zero
C0:        863 [1] pc=[000000008000044c] W[r10=0000000000000000][1] R[r 0=0000000000000000] R[r 0=0000000000000000] inst=[f1402573] csrr    a0, mhartid
C0:        864 [1] pc=[0000000080000450] W[r11=0000000000000000][1] R[r 0=0000000000000000] R[r 0=0000000000000000] inst=[343c75f3] csrrci  a1, mtval, 24
C0:        865 [1] pc=[0000000080000454] W[r13=0000000000000000][1] R[r13=52559885f74ceed3] R[r13=52559885f74ceed3] inst=[00d6c6b3] xor     a3, a3, a3
C0:        866 [1] pc=[0000000080000458] W[r14=ffffffe8c44d51a4][1] R[r13=0000000000000000] R[r 0=0000000000000000] inst=[1416b773] csrrc   a4, sepc, a3
C0:        867 [1] pc=[000000008000045c] W[r10=892fc0120650df0c][1] R[r 0=0000000000000000] R[r 0=0000000000000000] inst=[340c5573] csrrwi  a0, mscratch, 24
C0:        868 [1] pc=[0000000080000460] W[r 5=0000000080000460][1] R[r 0=0000000000000000] R[r 0=0000000000000000] inst=[00000297] auipc   t0, 0x0
C0:        869 [1] pc=[0000000080000464] W[r 5=0000000080000480][1] R[r 5=0000000080000460] R[r 0=0000000000000000] inst=[02028293] addi    t0, t0, 32
C0:        870 [1] pc=[0000000080000468] W[r 0=0000000080000000][1] R[r 5=0000000080000480] R[r 0=0000000000000000] inst=[34129073] csrw    mepc, t0
C0:        871 [1] pc=[000000008000046c] W[r 5=0000000000000000][1] R[r 0=0000000000000000] R[r 0=0000000000000000] inst=[00000293] li      t0, 0
C0:        872 [1] pc=[0000000080000470] W[r 0=0000000000000000][0] R[r 0=0000000000000000] R[r 0=0000000000000000] inst=[30200073] mret
C0:        893 [1] pc=[0000000080000480] W[r23=0000000000000000][0] R[r 0=0000000000000000] R[r23=52559885f74ceed3] inst=[01707bd3] fadd.s  fs7, ft0, fs7
C0:        894 [1] pc=[0000000080000484] W[r 9=0000000080000484][1] R[r 0=0000000000000000] R[r 0=0000000000000000] inst=[00000497] auipc   s1, 0x0
C0:        895 [1] pc=[0000000080000488] W[r 9=0000000080000648][1] R[r 9=0000000080000484] R[r 0=0000000000000000] inst=[1c448493] addi    s1, s1, 452
C0:        912 [1] pc=[000000008000048c] W[r 8=00000000b5848493][1] R[r 9=0000000080000648] R[r 0=0000000000000000] inst=[fe44e403] lwu     s0, -28(s1)
C0:        913 [1] pc=[0000000080000490] W[r 5=0000000080060490][1] R[r 0=0000000000000000] R[r 0=0000000000000000] inst=[00060297] auipc   t0, 0x60
C0:        914 [1] pc=[0000000080000494] W[r 5=0000000080060150][1] R[r 5=0000000080060490] R[r 0=0000000000000000] inst=[cc028293] addi    t0, t0, -832
C0:        931 [1] pc=[0000000080000498] W[r 0=0000000000000000][0] R[r 5=0000000080060150] R[r 3=0000000000000000] inst=[00328023] sb      gp, 0(t0)
C0:        932 [1] pc=[000000008000049c] W[r 5=0000000000000000][1] R[r27=0000000080060153] R[r28=0000000000000003] inst=[a1cda2d3] feq.s   t0, fs11, ft8
C0:        933 [1] pc=[00000000800004a0] W[r 3=0000000000000000][1] R[r25=0000000080060153] R[r 3=0000000000000003] inst=[a03ca1d3] feq.s   gp, fs9, ft3
C0:        934 [1] pc=[00000000800004a4] W[r24=00000000800504a4][1] R[r 0=0000000000000000] R[r 0=0000000000000000] inst=[00050c17] auipc   s8, 0x50
C0:        935 [1] pc=[00000000800004a8] W[r24=0000000080050100][1] R[r24=00000000800504a4] R[r 0=0000000000000000] inst=[c5cc0c13] addi    s8, s8, -932
C0:        936 [1] pc=[00000000800004ac] W[r24=0000000080050118][1] R[r24=0000000080050100] R[r 0=0000000000000000] inst=[018c0c13] addi    s8, s8, 24
C0:        953 [1] pc=[00000000800004b0] W[r24=b81927b8ba06543e][1] R[r24=0000000080050118] R[r29=04f84e3b3ff63027] inst=[e1dc3c2f] amomaxu.d s8, t4, (s8)
C0:        954 [1] pc=[00000000800004b4] W[r18=00000000800404b4][1] R[r 0=0000000000000000] R[r 0=0000000000000000] inst=[00040917] auipc   s2, 0x40
C0:        955 [1] pc=[00000000800004b8] W[r18=00000000800401a0][1] R[r18=00000000800404b4] R[r 0=0000000000000000] inst=[cec90913] addi    s2, s2, -788
C0:        956 [1] pc=[00000000800004bc] W[r18=00000000800401ac][1] R[r18=00000000800401a0] R[r 0=0000000000000000] inst=[00c90913] addi    s2, s2, 12
C0:        994 [1] pc=[00000000800004c0] W[r 2=fffffffffcad3d47][1] R[r18=00000000800401ac] R[r24=b81927b8ba06543e] inst=[0189212f] amoadd.w sp, s8, (s2)
C0:        995 [1] pc=[00000000800004c4] W[r 5=00000000800404c4][1] R[r 0=0000000000000000] R[r 0=0000000000000000] inst=[00040297] auipc   t0, 0x40
C0:        996 [1] pc=[00000000800004c8] W[r 5=0000000080040030][1] R[r 5=00000000800404c4] R[r 0=0000000000000000] inst=[b6c28293] addi    t0, t0, -1172
C0:       1013 [1] pc=[00000000800004cc] W[r 8=ffffffffffffffcc][1] R[r 5=0000000080040030] R[r 0=0000000000000000] inst=[00228403] lb      s0, 2(t0)
C0:       1014 [1] pc=[00000000800004d0] W[r27=0000000000000000][0] R[r30=0000000080040033] R[r10=b81927b8ba06543f] inst=[10af7dd3] fmul.s  fs11, ft10, fa0
C0:       1015 [1] pc=[00000000800004d4] W[r 6=00000000800404d4][1] R[r 0=0000000000000000] R[r 0=0000000000000000] inst=[00040317] auipc   t1, 0x40
C0:       1016 [1] pc=[00000000800004d8] W[r 6=0000000080040140][1] R[r 6=00000000800404d4] R[r 0=0000000000000000] inst=[c6c30313] addi    t1, t1, -916
C0:       1017 [1] pc=[00000000800004dc] W[r 6=0000000080040130][1] R[r 6=0000000080040140] R[r 0=0000000000000000] inst=[ff030313] addi    t1, t1, -16
C0:       1034 [1] pc=[00000000800004e0] W[r 1=8f314de7ece9937b][1] R[r 6=0000000080040130] R[r12=86bec956dec245ef] inst=[08c330af] amoswap.d ra, a2, (t1)
C0:       1035 [1] pc=[00000000800004e4] W[r11=00000000800104e4][1] R[r 0=0000000000000000] R[r 0=0000000000000000] inst=[00010597] auipc   a1, 0x10
C0:       1036 [1] pc=[00000000800004e8] W[r11=0000000080010120][1] R[r11=00000000800104e4] R[r 0=0000000000000000] inst=[c3c58593] addi    a1, a1, -964
C0:       1037 [1] pc=[00000000800004ec] W[r11=0000000080010130][1] R[r11=0000000080010120] R[r 0=0000000000000000] inst=[01058593] addi    a1, a1, 16
C0:       1054 [1] pc=[00000000800004f0] W[r20=a6056e0097a63a57][1] R[r11=0000000080010130] R[r22=55d12c7799a6b7af] inst=[4165ba2f] amoor.d s4, s6, (a1)
C0:       1055 [1] pc=[00000000800004f4] W[r29=0000000000000000][0] R[r26=0000000080010133] R[r27=55d12c7799a6b7af] inst=[91bd3ecb] fnmsub.s ft9, fs10, fs11, fs2
C0:       1061 [1] pc=[00000000800004f8] W[r30=0000000000000000][0] R[r11=0000000080010130] R[r 0=0000000000000000] inst=[d015cf53] fcvt.s.wu ft10, a1
C0:       1062 [1] pc=[00000000800004fc] W[r17=00000000800204fc][1] R[r 0=0000000000000000] R[r 0=0000000000000000] inst=[00020897] auipc   a7, 0x20
C0:       1084 [1] pc=[0000000080000500] W[r17=0000000080020030][1] R[r17=00000000800204fc] R[r 0=0000000000000000] inst=[b3488893] addi    a7, a7, -1228
C0:       1085 [1] pc=[0000000080000504] W[r17=0000000080020034][1] R[r17=0000000080020030] R[r 0=0000000000000000] inst=[00488893] addi    a7, a7, 4
C0:       1086 [1] pc=[0000000080000508] W[r25=0000000000000001][1] R[r17=0000000080020034] R[r 6=0000000080040130] inst=[1868acaf] sc.w    s9, t1, (a7)
C0:       1087 [1] pc=[000000008000050c] W[r11=ffffffffffffffff][1] R[r 1=00000000800204ff] R[r 0=0000000000000000] inst=[c010f5d3] fcvt.wu.s a1, ft1
C0:       1089 [1] pc=[0000000080000510] W[r 5=0000000000000000][1] R[r25=0000000000000001] R[r 0=0000000000000000] inst=[03acd293] srli    t0, s9, 58
C0:       1090 [1] pc=[0000000080000514] W[r 9=0000000080040514][1] R[r 0=0000000000000000] R[r 0=0000000000000000] inst=[00040497] auipc   s1, 0x40
C0:       1091 [1] pc=[0000000080000518] W[r 9=00000000800400a0][1] R[r 9=0000000080040514] R[r 0=0000000000000000] inst=[b8c48493] addi    s1, s1, -1140
C0:       1092 [1] pc=[000000008000051c] W[r 9=00000000800400a0][1] R[r 9=00000000800400a0] R[r 0=0000000000000000] inst=[00048493] mv      s1, s1
C0:       1109 [1] pc=[0000000080000520] W[r 1=0000000000000001][1] R[r 9=00000000800400a0] R[r 9=00000000800400a0] inst=[1894b0af] sc.d    ra, s1, (s1)
C0:       1113 [1] pc=[0000000080000524] W[r 0=0000000000000000][0] R[r 0=0000000000000000] R[r 0=0000000000000000] inst=[0000100f] fence.i
C0:       1134 [1] pc=[0000000080000528] W[r17=0000000000000000][1] R[r 0=0000000000000000] R[r 6=00000000800400a3] inst=[a06008d3] fle.s   a7, ft0, ft6
C0:       1135 [1] pc=[000000008000052c] W[r 6=ffffffffffffffff][1] R[r15=00000000800400a3] R[r 0=0000000000000000] inst=[c0178353] fcvt.wu.s t1, fa5
C0:       1136 [1] pc=[0000000080000530] W[r23=0000000000000000][0] R[r 3=00000000800400a3] R[r29=00000000800400a3] inst=[51d18bcb] fnmsub.s fs7, ft3, ft9, fa0
C0:       1137 [1] pc=[0000000080000534] W[r29=0000000000000000][1] R[r18=00000000800401ac] R[r 0=0000000000000000] inst=[e9392e93] slti    t4, s2, -365
C0:       1138 [1] pc=[0000000080000538] W[r 2=0000000080060538][1] R[r 0=0000000000000000] R[r 0=0000000000000000] inst=[00060117] auipc   sp, 0x60
C0:       1139 [1] pc=[000000008000053c] W[r 2=0000000080060020][1] R[r 2=0000000080060538] R[r 0=0000000000000000] inst=[ae810113] addi    sp, sp, -1304
C0:       1177 [1] pc=[0000000080000540] W[r 0=0000000000000000][0] R[r 2=0000000080060020] R[r28=cf0332358db24e01] inst=[01c12423] sw      t3, 8(sp)
C0:       1178 [1] pc=[0000000080000544] W[r26=0000000000000000][1] R[r13=0000000000000000] R[r 2=0000000080060020] inst=[4026dd3b] sraw    s10, a3, sp
C0:       1179 [1] pc=[0000000080000548] W[r19=0000000000000000][1] R[r29=0000000000000000] R[r 0=0000000000000000] inst=[03ee9993] slli    s3, t4, 62
C0:       1180 [1] pc=[000000008000054c] W[r24=ffffffffd9048f80][1] R[r14=ffffffe8c44d51a4] R[r 4=0c3d7430eb48c224] inst=[40470c3b] subw    s8, a4, tp
C0:       1181 [1] pc=[0000000080000550] W[r21=0000000000000000][0] R[r 4=ffffffe8c44d51a7] R[r23=0c3d7430eb48c227] inst=[21722ad3] fsgnjx.s fs5, ft4, fs7
C0:       1182 [1] pc=[0000000080000554] W[r 3=0000000080040554][1] R[r 0=0000000000000000] R[r 0=0000000000000000] inst=[00040197] auipc   gp, 0x40
C0:       1183 [1] pc=[0000000080000558] W[r 3=00000000800401d0][1] R[r 3=0000000080040554] R[r 0=0000000000000000] inst=[c7c18193] addi    gp, gp, -900
C0:       1184 [1] pc=[000000008000055c] W[r 3=00000000800401c0][1] R[r 3=00000000800401d0] R[r 0=0000000000000000] inst=[ff018193] addi    gp, gp, -16
C0:       1229 [1] pc=[0000000080000560] W[r13=ffffffffd974ac1c][1] R[r 3=00000000800401c0] R[r19=0000000000000000] inst=[2131a6af] amoxor.w a3, s3, (gp)
C0:       1230 [1] pc=[0000000080000564] W[r27=0000000000000000][0] R[r12=00000000800401c3] R[r21=0000000000000003] inst=[01563dd3] fadd.s  fs11, fa2, fs5
C0:       1231 [1] pc=[0000000080000568] W[r29=0000000080050568][1] R[r 0=0000000000000000] R[r 0=0000000000000000] inst=[00050e97] auipc   t4, 0x50
C0:       1232 [1] pc=[000000008000056c] W[r29=00000000800501b0][1] R[r29=0000000080050568] R[r 0=0000000000000000] inst=[c48e8e93] addi    t4, t4, -952
C0:       1233 [1] pc=[0000000080000570] W[r29=00000000800501b0][1] R[r29=00000000800501b0] R[r 0=0000000000000000] inst=[000e8e93] mv      t4, t4
C0:       1250 [1] pc=[0000000080000574] W[r26=01353d56081356fd][1] R[r29=00000000800501b0] R[r22=55d12c7799a6b7af] inst=[616ebd2f] amoand.d s10, s6, (t4)
C0:       1251 [1] pc=[0000000080000578] W[r13=0000000080030578][1] R[r 0=0000000000000000] R[r 0=0000000000000000] inst=[00030697] auipc   a3, 0x30
C0:       1252 [1] pc=[000000008000057c] W[r13=00000000800300e0][1] R[r13=0000000080030578] R[r 0=0000000000000000] inst=[b6868693] addi    a3, a3, -1176
C0:       1274 [1] pc=[0000000080000580] W[r13=00000000800300dc][1] R[r13=00000000800300e0] R[r 0=0000000000000000] inst=[ffc68693] addi    a3, a3, -4
C0:       1275 [1] pc=[0000000080000584] W[r 5=ffffffffffe00000][1] R[r 0=0000000000000000] R[r 0=0000000000000000] inst=[ffe002b7] lui     t0, 0xffe00
C0:       1276 [1] pc=[0000000080000588] W[r13=ffffffff7fe300dc][1] R[r13=00000000800300dc] R[r 5=ffffffffffe00000] inst=[0056c6b3] xor     a3, a3, t0
C0:       1277 [0] pc=[000000008000058c] W[r24=0000000000000000][0] R[r13=ffffffff7fe300dc] R[r 5=ffffffffffe00000] inst=[0056ac2f] amoadd.w s8, t0, (a3)
C0:       1298 [1] pc=[0000000080000150] W[r 1=0000000080002150][1] R[r 0=0000000000000000] R[r 0=0000000000000000] inst=[00002097] auipc   ra, 0x2
C0:       1299 [1] pc=[0000000080000154] W[r 1=0000000080002200][1] R[r 1=0000000080002150] R[r 0=0000000000000000] inst=[0b008093] addi    ra, ra, 176
C0:       1300 [1] pc=[0000000080000158] W[r 2=8000000200006000][1] R[r 0=0000000000000000] R[r 0=0000000000000000] inst=[10002173] csrr    sp, sstatus
C0:       1319 [1] pc=[000000008000015c] W[r 0=0000000000000000][0] R[r 1=0000000080002200] R[r 2=8000000200006000] inst=[0420bc23] sd      sp, 88(ra)
C0:       1320 [1] pc=[0000000080000160] W[r 2=0000000000000000][1] R[r 0=0000000000000000] R[r 0=0000000000000000] inst=[10402173] csrr    sp, sie
C0:       1323 [1] pc=[0000000080000164] W[r 0=0000000000000000][0] R[r 1=0000000080002200] R[r 2=0000000000000000] inst=[0620b823] sd      sp, 112(ra)
C0:       1324 [1] pc=[0000000080000168] W[r 2=0000000080000114][1] R[r 0=0000000000000000] R[r 0=0000000000000000] inst=[10502173] csrr    sp, stvec
C0:       1327 [1] pc=[000000008000016c] W[r 0=0000000000000000][0] R[r 1=0000000080002200] R[r 2=0000000080000114] inst=[0620bc23] sd      sp, 120(ra)
C0:       1328 [1] pc=[0000000080000170] W[r 2=0000000000000005][1] R[r 0=0000000000000000] R[r 0=0000000000000000] inst=[10602173] csrr    sp, scounteren
C0:       1347 [1] pc=[0000000080000174] W[r 0=0000000000000000][0] R[r 1=0000000080002200] R[r 2=0000000000000005] inst=[0820b023] sd      sp, 128(ra)
C0:       1348 [1] pc=[0000000080000178] W[r 2=03705509c02a405b][1] R[r 0=0000000000000000] R[r 0=0000000000000000] inst=[14002173] csrr    sp, sscratch
C0:       1351 [1] pc=[000000008000017c] W[r 0=0000000000000000][0] R[r 1=0000000080002200] R[r 2=03705509c02a405b] inst=[0820b423] sd      sp, 136(ra)
C0:       1401 [1] pc=[0000000080000180] W[r 2=ffffffe8c44d51a4][1] R[r 0=0000000000000000] R[r 0=0000000000000000] inst=[14102173] csrr    sp, sepc
C0:       1404 [1] pc=[0000000080000184] W[r 0=0000000000000000][0] R[r 1=0000000080002200] R[r 2=ffffffe8c44d51a4] inst=[0820b823] sd      sp, 144(ra)
C0:       1405 [1] pc=[0000000080000188] W[r 2=5243e39961efb2ea][1] R[r 0=0000000000000000] R[r 0=0000000000000000] inst=[14202173] csrr    sp, scause
C0:       1408 [1] pc=[000000008000018c] W[r 0=0000000000000000][0] R[r 1=0000000080002200] R[r 2=5243e39961efb2ea] inst=[0820bc23] sd      sp, 152(ra)
C0:       1409 [1] pc=[0000000080000190] W[r 2=000000753c17b906][1] R[r 0=0000000000000000] R[r 0=0000000000000000] inst=[14302173] csrr    sp, stval
C0:       1412 [1] pc=[0000000080000194] W[r 0=0000000000000000][0] R[r 1=0000000080002200] R[r 2=000000753c17b906] inst=[0a20b023] sd      sp, 160(ra)
C0:       1413 [1] pc=[0000000080000198] W[r 2=0000000000000000][1] R[r 0=0000000000000000] R[r 0=0000000000000000] inst=[14402173] csrr    sp, sip
C0:       1416 [1] pc=[000000008000019c] W[r 2=0000000000000000][1] R[r 2=0000000000000000] R[r 0=0000000000000000] inst=[f7f17113] andi    sp, sp, -129
C0:       1417 [1] pc=[00000000800001a0] W[r 0=0000000000000000][0] R[r 1=0000000080002200] R[r 2=0000000000000000] inst=[0a20b423] sd      sp, 168(ra)
C0:       1418 [1] pc=[00000000800001a4] W[r 2=0000000000000000][1] R[r 0=0000000000000000] R[r 0=0000000000000000] inst=[18002173] csrr    sp, satp
C0:       1421 [1] pc=[00000000800001a8] W[r 0=0000000000000000][0] R[r 1=0000000080002200] R[r 2=0000000000000000] inst=[0a20b823] sd      sp, 176(ra)
C0:       1422 [1] pc=[00000000800001ac] W[r 2=0000000000000000][1] R[r 0=0000000000000000] R[r 0=0000000000000000] inst=[f1402173] csrr    sp, mhartid
C0:       1425 [1] pc=[00000000800001b0] W[r 0=0000000000000000][0] R[r 1=0000000080002200] R[r 2=0000000000000000] inst=[0a20bc23] sd      sp, 184(ra)
C0:       1426 [1] pc=[00000000800001b4] W[r 2=8000000a00006800][1] R[r 0=0000000000000000] R[r 0=0000000000000000] inst=[30002173] csrr    sp, mstatus
C0:       1445 [1] pc=[00000000800001b8] W[r 0=0000000000000000][0] R[r 1=0000000080002200] R[r 2=8000000a00006800] inst=[0c20b023] sd      sp, 192(ra)
C0:       1446 [1] pc=[00000000800001bc] W[r 2=000000000000b109][1] R[r 0=0000000000000000] R[r 0=0000000000000000] inst=[30202173] csrr    sp, medeleg
C0:       1506 [1] pc=[00000000800001c0] W[r 0=0000000000000000][0] R[r 1=0000000080002200] R[r 2=000000000000b109] inst=[0c20b423] sd      sp, 200(ra)
C0:       1507 [1] pc=[00000000800001c4] W[r 2=0000000000000000][1] R[r 0=0000000000000000] R[r 0=0000000000000000] inst=[30302173] csrr    sp, mideleg
C0:       1510 [1] pc=[00000000800001c8] W[r 0=0000000000000000][0] R[r 1=0000000080002200] R[r 2=0000000000000000] inst=[0c20b823] sd      sp, 208(ra)
C0:       1511 [1] pc=[00000000800001cc] W[r 2=0000000000000000][1] R[r 0=0000000000000000] R[r 0=0000000000000000] inst=[30402173] csrr    sp, mie
C0:       1514 [1] pc=[00000000800001d0] W[r 0=0000000000000000][0] R[r 1=0000000080002200] R[r 2=0000000000000000] inst=[0c20bc23] sd      sp, 216(ra)
C0:       1515 [1] pc=[00000000800001d4] W[r 2=0000000080000150][1] R[r 0=0000000000000000] R[r 0=0000000000000000] inst=[30502173] csrr    sp, mtvec
C0:       1518 [1] pc=[00000000800001d8] W[r 0=0000000000000000][0] R[r 1=0000000080002200] R[r 2=0000000080000150] inst=[0e20b023] sd      sp, 224(ra)
C0:       1519 [1] pc=[00000000800001dc] W[r 2=0000000000000003][1] R[r 0=0000000000000000] R[r 0=0000000000000000] inst=[30602173] csrr    sp, mcounteren
C0:       1522 [1] pc=[00000000800001e0] W[r 0=0000000000000000][0] R[r 1=0000000080002200] R[r 2=0000000000000003] inst=[0e20b423] sd      sp, 232(ra)
C0:       1523 [1] pc=[00000000800001e4] W[r 2=0000000000000018][1] R[r 0=0000000000000000] R[r 0=0000000000000000] inst=[34002173] csrr    sp, mscratch
C0:       1526 [1] pc=[00000000800001e8] W[r 0=0000000000000000][0] R[r 1=0000000080002200] R[r 2=0000000000000018] inst=[0e20b823] sd      sp, 240(ra)
C0:       1527 [1] pc=[00000000800001ec] W[r 2=000000008000058c][1] R[r 0=0000000000000000] R[r 0=0000000000000000] inst=[34102173] csrr    sp, mepc
C0:       1530 [1] pc=[00000000800001f0] W[r 0=0000000000000000][0] R[r 1=0000000080002200] R[r 2=000000008000058c] inst=[0e20bc23] sd      sp, 248(ra)
C0:       1531 [1] pc=[00000000800001f4] W[r 2=0000000000000007][1] R[r 0=0000000000000000] R[r 0=0000000000000000] inst=[34202173] csrr    sp, mcause
C0:       1550 [1] pc=[00000000800001f8] W[r 0=0000000000000000][0] R[r 1=0000000080002200] R[r 2=0000000000000007] inst=[1020b023] sd      sp, 256(ra)
C0:       1551 [1] pc=[00000000800001fc] W[r 2=ffffffff7fe300dc][1] R[r 0=0000000000000000] R[r 0=0000000000000000] inst=[34302173] csrr    sp, mtval
C0:       1573 [1] pc=[0000000080000200] W[r 0=0000000000000000][0] R[r 1=0000000080002200] R[r 2=ffffffff7fe300dc] inst=[1020b423] sd      sp, 264(ra)
C0:       1574 [1] pc=[0000000080000204] W[r 2=0000000000000020][1] R[r 0=0000000000000000] R[r 0=0000000000000000] inst=[34402173] csrr    sp, mip
C0:       1577 [1] pc=[0000000080000208] W[r 2=0000000000000020][1] R[r 2=0000000000000020] R[r 0=0000000000000000] inst=[f7f17113] andi    sp, sp, -129
C0:       1578 [1] pc=[000000008000020c] W[r 0=0000000000000000][0] R[r 1=0000000080002200] R[r 2=0000000000000020] inst=[1020b823] sd      sp, 272(ra)
C0:       1579 [1] pc=[0000000080000210] W[r 2=000000000000001f][1] R[r 0=0000000000000000] R[r 0=0000000000000000] inst=[3a002173] csrr    sp, pmpcfg0
C0:       1582 [1] pc=[0000000080000214] W[r 0=0000000000000000][0] R[r 1=0000000080002200] R[r 2=000000000000001f] inst=[1020bc23] sd      sp, 280(ra)
C0:       1583 [1] pc=[0000000080000218] W[r 2=000000003fffffff][1] R[r 0=0000000000000000] R[r 0=0000000000000000] inst=[3b002173] csrr    sp, pmpaddr0
C0:       1586 [1] pc=[000000008000021c] W[r 0=0000000000000000][0] R[r 1=0000000080002200] R[r 2=000000003fffffff] inst=[1220bc23] sd      sp, 312(ra)
C0:       1587 [1] pc=[0000000080000220] W[r 2=0000000007955f37][1] R[r 0=0000000000000000] R[r 0=0000000000000000] inst=[3b102173] csrr    sp, pmpaddr1
C0:       1606 [1] pc=[0000000080000224] W[r 0=0000000000000000][0] R[r 1=0000000080002200] R[r 2=0000000007955f37] inst=[1420b023] sd      sp, 320(ra)
C0:       1607 [1] pc=[0000000080000228] W[r 2=00000000040c5558][1] R[r 0=0000000000000000] R[r 0=0000000000000000] inst=[3b202173] csrr    sp, pmpaddr2
C0:       1610 [1] pc=[000000008000022c] W[r 0=0000000000000000][0] R[r 1=0000000080002200] R[r 2=00000000040c5558] inst=[1420b423] sd      sp, 328(ra)
C0:       1611 [1] pc=[0000000080000230] W[r 2=000000000e7595dc][1] R[r 0=0000000000000000] R[r 0=0000000000000000] inst=[3b302173] csrr    sp, pmpaddr3
C0:       1614 [1] pc=[0000000080000234] W[r 0=0000000000000000][0] R[r 1=0000000080002200] R[r 2=000000000e7595dc] inst=[1420b823] sd      sp, 336(ra)
C0:       1615 [1] pc=[0000000080000238] W[r 2=0000000021de349c][1] R[r 0=0000000000000000] R[r 0=0000000000000000] inst=[3b402173] csrr    sp, pmpaddr4
C0:       1618 [1] pc=[000000008000023c] W[r 0=0000000000000000][0] R[r 1=0000000080002200] R[r 2=0000000021de349c] inst=[1420bc23] sd      sp, 344(ra)
C0:       1640 [1] pc=[0000000080000240] W[r 2=000000001b9b4330][1] R[r 0=0000000000000000] R[r 0=0000000000000000] inst=[3b502173] csrr    sp, pmpaddr5
C0:       1643 [1] pc=[0000000080000244] W[r 0=0000000000000000][0] R[r 1=0000000080002200] R[r 2=000000001b9b4330] inst=[1620b023] sd      sp, 352(ra)
C0:       1644 [1] pc=[0000000080000248] W[r 2=00000000060df5d0][1] R[r 0=0000000000000000] R[r 0=0000000000000000] inst=[3b602173] csrr    sp, pmpaddr6
C0:       1647 [1] pc=[000000008000024c] W[r 0=0000000000000000][0] R[r 1=0000000080002200] R[r 2=00000000060df5d0] inst=[1620b423] sd      sp, 360(ra)
C0:       1648 [1] pc=[0000000080000250] W[r 2=000000001a73e500][1] R[r 0=0000000000000000] R[r 0=0000000000000000] inst=[3b702173] csrr    sp, pmpaddr7
C0:       1651 [1] pc=[0000000080000254] W[r 0=0000000000000000][0] R[r 1=0000000080002200] R[r 2=000000001a73e500] inst=[1620b823] sd      sp, 368(ra)
C0:       1652 [1] pc=[0000000080000258] W[r10=0000000000006000][1] R[r 0=0000000000000000] R[r 0=0000000000000000] inst=[00006537] lui     a0, 0x6
C0:       1653 [1] pc=[000000008000025c] W[r 0=8000000a00006800][1] R[r10=0000000000006000] R[r 0=0000000000000000] inst=[30052073] csrs    mstatus, a0
C0:       1658 [1] pc=[0000000080000260] W[r 2=0000000000000011][1] R[r 0=0000000000000000] R[r 0=0000000000000000] inst=[00102173] csrr    sp, fflags
C0:       1661 [1] pc=[0000000080000264] W[r 0=0000000000000000][0] R[r 1=0000000080002200] R[r 2=0000000000000011] inst=[0420b023] sd      sp, 64(ra)
C0:       1662 [1] pc=[0000000080000268] W[r 2=0000000000000000][1] R[r 0=0000000000000000] R[r 0=0000000000000000] inst=[00202173] csrr    sp, frm
C0:       1665 [1] pc=[000000008000026c] W[r 0=0000000000000000][0] R[r 1=0000000080002200] R[r 2=0000000000000000] inst=[0420b423] sd      sp, 72(ra)
C0:       1666 [1] pc=[0000000080000270] W[r 2=0000000000000011][1] R[r 0=0000000000000000] R[r 0=0000000000000000] inst=[00302173] csrr    sp, fcsr
C0:       1669 [1] pc=[0000000080000274] W[r 0=0000000000000000][0] R[r 1=0000000080002200] R[r 2=0000000000000011] inst=[0420b823] sd      sp, 80(ra)
C0:       1670 [1] pc=[0000000080000278] W[r 1=0000000080002278][1] R[r 0=0000000000000000] R[r 0=0000000000000000] inst=[00002097] auipc   ra, 0x2
C0:       1671 [1] pc=[000000008000027c] W[r 1=0000000080002000][1] R[r 1=0000000080002278] R[r 0=0000000000000000] inst=[d8808093] addi    ra, ra, -632
C0:       1727 [1] pc=[0000000080000280] W[r 0=0000000000000000][0] R[r 1=0000000080002000] R[r 0=0000000000000000] inst=[0000b023] sd      zero, 0(ra)
C0:       1728 [1] pc=[0000000080000284] W[r 0=0000000000000000][0] R[r 1=0000000080002000] R[r 2=0000000000000011] inst=[0020b823] sd      sp, 16(ra)
C0:       1729 [1] pc=[0000000080000288] W[r 0=0000000000000000][0] R[r 1=0000000080002000] R[r 3=00000000800401c0] inst=[0030bc23] sd      gp, 24(ra)
C0:       1730 [1] pc=[000000008000028c] W[r 0=0000000000000000][0] R[r 1=0000000080002000] R[r 4=0c3d7430eb48c224] inst=[0240b023] sd      tp, 32(ra)
C0:       1731 [1] pc=[0000000080000290] W[r 0=0000000000000000][0] R[r 1=0000000080002000] R[r 5=ffffffffffe00000] inst=[0250b423] sd      t0, 40(ra)
C0:       1732 [1] pc=[0000000080000294] W[r 0=0000000000000000][0] R[r 1=0000000080002000] R[r 6=ffffffffffffffff] inst=[0260b823] sd      t1, 48(ra)
C0:       1733 [1] pc=[0000000080000298] W[r 0=0000000000000000][0] R[r 1=0000000080002000] R[r 7=71f59d4537cf3faf] inst=[0270bc23] sd      t2, 56(ra)
C0:       1750 [1] pc=[000000008000029c] W[r 0=0000000000000000][0] R[r 1=0000000080002000] R[r 8=ffffffffffffffcc] inst=[0480b023] sd      s0, 64(ra)
C0:       1751 [1] pc=[00000000800002a0] W[r 0=0000000000000000][0] R[r 1=0000000080002000] R[r 9=00000000800400a0] inst=[0490b423] sd      s1, 72(ra)
C0:       1752 [1] pc=[00000000800002a4] W[r 0=0000000000000000][0] R[r 1=0000000080002000] R[r10=0000000000006000] inst=[04a0b823] sd      a0, 80(ra)
C0:       1753 [1] pc=[00000000800002a8] W[r 0=0000000000000000][0] R[r 1=0000000080002000] R[r11=ffffffffffffffff] inst=[04b0bc23] sd      a1, 88(ra)
C0:       1754 [1] pc=[00000000800002ac] W[r 0=0000000000000000][0] R[r 1=0000000080002000] R[r12=86bec956dec245ef] inst=[06c0b023] sd      a2, 96(ra)
C0:       1755 [1] pc=[00000000800002b0] W[r 0=0000000000000000][0] R[r 1=0000000080002000] R[r13=ffffffff7fe300dc] inst=[06d0b423] sd      a3, 104(ra)
C0:       1756 [1] pc=[00000000800002b4] W[r 0=0000000000000000][0] R[r 1=0000000080002000] R[r14=ffffffe8c44d51a4] inst=[06e0b823] sd      a4, 112(ra)
C0:       1757 [1] pc=[00000000800002b8] W[r 0=0000000000000000][0] R[r 1=0000000080002000] R[r15=8d9ca54e4bb0b653] inst=[06f0bc23] sd      a5, 120(ra)
C0:       1774 [1] pc=[00000000800002bc] W[r 0=0000000000000000][0] R[r 1=0000000080002000] R[r16=b99d695451b7b05e] inst=[0900b023] sd      a6, 128(ra)
C0:       1785 [1] pc=[00000000800002c0] W[r 0=0000000000000000][0] R[r 1=0000000080002000] R[r17=0000000000000000] inst=[0910b423] sd      a7, 136(ra)
C0:       1786 [1] pc=[00000000800002c4] W[r 0=0000000000000000][0] R[r 1=0000000080002000] R[r18=00000000800401ac] inst=[0920b823] sd      s2, 144(ra)
C0:       1787 [1] pc=[00000000800002c8] W[r 0=0000000000000000][0] R[r 1=0000000080002000] R[r19=0000000000000000] inst=[0930bc23] sd      s3, 152(ra)
C0:       1788 [1] pc=[00000000800002cc] W[r 0=0000000000000000][0] R[r 1=0000000080002000] R[r20=a6056e0097a63a57] inst=[0b40b023] sd      s4, 160(ra)
C0:       1789 [1] pc=[00000000800002d0] W[r 0=0000000000000000][0] R[r 1=0000000080002000] R[r21=7095ab59d3a97c1a] inst=[0b50b423] sd      s5, 168(ra)
C0:       1790 [1] pc=[00000000800002d4] W[r 0=0000000000000000][0] R[r 1=0000000080002000] R[r22=55d12c7799a6b7af] inst=[0b60b823] sd      s6, 176(ra)
C0:       1791 [1] pc=[00000000800002d8] W[r 0=0000000000000000][0] R[r 1=0000000080002000] R[r23=294f18bba99622bd] inst=[0b70bc23] sd      s7, 184(ra)
C0:       1808 [1] pc=[00000000800002dc] W[r 0=0000000000000000][0] R[r 1=0000000080002000] R[r24=ffffffffd9048f80] inst=[0d80b023] sd      s8, 192(ra)
C0:       1809 [1] pc=[00000000800002e0] W[r 0=0000000000000000][0] R[r 1=0000000080002000] R[r25=0000000000000001] inst=[0d90b423] sd      s9, 200(ra)
C0:       1810 [1] pc=[00000000800002e4] W[r 0=0000000000000000][0] R[r 1=0000000080002000] R[r27=af5e5d9d6b192d3a] inst=[0db0bc23] sd      s11, 216(ra)
C0:       1811 [1] pc=[00000000800002e8] W[r 0=0000000000000000][0] R[r 1=0000000080002000] R[r28=cf0332358db24e01] inst=[0fc0b023] sd      t3, 224(ra)
C0:       1812 [1] pc=[00000000800002ec] W[r 0=0000000000000000][0] R[r 1=0000000080002000] R[r29=00000000800501b0] inst=[0fd0b423] sd      t4, 232(ra)
C0:       1813 [1] pc=[00000000800002f0] W[r 0=0000000000000000][0] R[r 1=0000000080002000] R[r30=b9519a59b8897cb2] inst=[0fe0b823] sd      t5, 240(ra)
C0:       1814 [1] pc=[00000000800002f4] W[r 1=00000000800022f4][1] R[r 0=0000000000000000] R[r 0=0000000000000000] inst=[00002097] auipc   ra, 0x2
C0:       1815 [1] pc=[00000000800002f8] W[r 1=0000000080002100][1] R[r 1=00000000800022f4] R[r 0=0000000000000000] inst=[e0c08093] addi    ra, ra, -500
C0:       1851 [1] pc=[00000000800002fc] W[r 0=0000000000000000][0] R[r 1=0000000080002100] R[r 1=b9519a59b8897cb3] inst=[0010a427] fsw     ft1, 8(ra)
C0:       1852 [1] pc=[0000000080000300] W[r 0=0000000000000000][0] R[r 1=0000000080002100] R[r 2=b9519a59b8897cb3] inst=[0020a827] fsw     ft2, 16(ra)
C0:       1853 [1] pc=[0000000080000304] W[r 0=0000000000000000][0] R[r 1=0000000080002100] R[r 7=b9519a59b8897cb3] inst=[0270ac27] fsw     ft7, 56(ra)
C0:       1870 [1] pc=[0000000080000308] W[r 0=0000000000000000][0] R[r 1=0000000080002100] R[r 9=b9519a59b8897cb3] inst=[0490a427] fsw     fs1, 72(ra)
C0:       1871 [1] pc=[000000008000030c] W[r 0=0000000000000000][0] R[r 1=0000000080002100] R[r10=b9519a59b8897cb3] inst=[04a0a827] fsw     fa0, 80(ra)
C0:       1872 [1] pc=[0000000080000310] W[r 0=0000000000000000][0] R[r 1=0000000080002100] R[r12=b9519a59b8897cb3] inst=[06c0a027] fsw     fa2, 96(ra)
C0:       1873 [1] pc=[0000000080000314] W[r 0=0000000000000000][0] R[r 1=0000000080002100] R[r13=b9519a59b8897cb3] inst=[06d0a427] fsw     fa3, 104(ra)
C0:       1908 [1] pc=[0000000080000318] W[r 0=0000000000000000][0] R[r 1=0000000080002100] R[r21=b9519a59b8897cb3] inst=[0b50a427] fsw     fs5, 168(ra)
C0:       1909 [1] pc=[000000008000031c] W[r 0=0000000000000000][0] R[r 1=0000000080002100] R[r22=b9519a59b8897cb3] inst=[0b60a827] fsw     fs6, 176(ra)
C0:       1926 [1] pc=[0000000080000320] W[r 0=0000000000000000][0] R[r 1=0000000080002100] R[r25=b9519a59b8897cb3] inst=[0d90a427] fsw     fs9, 200(ra)
C0:       1927 [1] pc=[0000000080000324] W[r 0=0000000000000000][0] R[r 1=0000000080002100] R[r26=b9519a59b8897cb3] inst=[0da0a827] fsw     fs10, 208(ra)
C0:       1928 [1] pc=[0000000080000328] W[r 0=0000000000000000][0] R[r 1=0000000080002100] R[r28=b9519a59b8897cb3] inst=[0fc0a027] fsw     ft8, 224(ra)
C0:       1929 [1] pc=[000000008000032c] W[r 0=0000000000000000][0] R[r 1=0000000080002100] R[r29=b9519a59b8897cb3] inst=[0fd0a427] fsw     ft9, 232(ra)
C0:       1930 [1] pc=[0000000080000330] W[r 0=0000000000000000][0] R[r 1=0000000080002100] R[r30=b9519a59b8897cb3] inst=[0fe0a827] fsw     ft10, 240(ra)
C0:       1931 [1] pc=[0000000080000334] W[r 0=0000000000000000][0] R[r 1=0000000080002100] R[r31=b9519a59b8897cb3] inst=[0ff0ac27] fsw     ft11, 248(ra)
C0:       1932 [1] pc=[0000000080000338] W[r 1=0000000080002338][1] R[r 0=0000000000000000] R[r 0=0000000000000000] inst=[00002097] auipc   ra, 0x2
C0:       1933 [1] pc=[000000008000033c] W[r 1=0000000080002100][1] R[r 1=0000000080002338] R[r 0=0000000000000000] inst=[dc808093] addi    ra, ra, -568
C0:       1955 [1] pc=[0000000080000340] W[r 0=0000000000000000][0] R[r 1=0000000080002100] R[r 0=0000000000000000] inst=[0000b027] fsd     ft0, 0(ra)
C0:       1956 [1] pc=[0000000080000344] W[r 0=0000000000000000][0] R[r 1=0000000080002100] R[r 3=b9519a59b8897cb3] inst=[0030bc27] fsd     ft3, 24(ra)
C0:       1957 [1] pc=[0000000080000348] W[r 0=0000000000000000][0] R[r 1=0000000080002100] R[r 4=b9519a59b8897cb3] inst=[0240b027] fsd     ft4, 32(ra)
C0:       1958 [1] pc=[000000008000034c] W[r 0=0000000000000000][0] R[r 1=0000000080002100] R[r 5=b9519a59b8897cb3] inst=[0250b427] fsd     ft5, 40(ra)
C0:       1959 [1] pc=[0000000080000350] W[r 0=0000000000000000][0] R[r 1=0000000080002100] R[r 6=b9519a59b8897cb3] inst=[0260b827] fsd     ft6, 48(ra)
C0:       1960 [1] pc=[0000000080000354] W[r 0=0000000000000000][0] R[r 1=0000000080002100] R[r 8=b9519a59b8897cb3] inst=[0480b027] fsd     fs0, 64(ra)
C0:       1961 [1] pc=[0000000080000358] W[r 0=0000000000000000][0] R[r 1=0000000080002100] R[r11=b9519a59b8897cb3] inst=[04b0bc27] fsd     fa1, 88(ra)
C0:       1962 [1] pc=[000000008000035c] W[r 0=0000000000000000][0] R[r 1=0000000080002100] R[r14=b9519a59b8897cb3] inst=[06e0b827] fsd     fa4, 112(ra)
C0:       1963 [1] pc=[0000000080000360] W[r 0=0000000000000000][0] R[r 1=0000000080002100] R[r15=b9519a59b8897cb3] inst=[06f0bc27] fsd     fa5, 120(ra)
C0:       1964 [1] pc=[0000000080000364] W[r 0=0000000000000000][0] R[r 1=0000000080002100] R[r16=b9519a59b8897cb3] inst=[0900b027] fsd     fa6, 128(ra)
C0:       1965 [1] pc=[0000000080000368] W[r 0=0000000000000000][0] R[r 1=0000000080002100] R[r17=b9519a59b8897cb3] inst=[0910b427] fsd     fa7, 136(ra)
C0:       1966 [1] pc=[000000008000036c] W[r 0=0000000000000000][0] R[r 1=0000000080002100] R[r18=b9519a59b8897cb3] inst=[0920b827] fsd     fs2, 144(ra)
C0:       1967 [1] pc=[0000000080000370] W[r 0=0000000000000000][0] R[r 1=0000000080002100] R[r19=b9519a59b8897cb3] inst=[0930bc27] fsd     fs3, 152(ra)
C0:       1968 [1] pc=[0000000080000374] W[r 0=0000000000000000][0] R[r 1=0000000080002100] R[r20=b9519a59b8897cb3] inst=[0b40b027] fsd     fs4, 160(ra)
C0:       1969 [1] pc=[0000000080000378] W[r 0=0000000000000000][0] R[r 1=0000000080002100] R[r23=b9519a59b8897cb3] inst=[0b70bc27] fsd     fs7, 184(ra)
C0:       1970 [1] pc=[000000008000037c] W[r 0=0000000000000000][0] R[r 1=0000000080002100] R[r24=b9519a59b8897cb3] inst=[0d80b027] fsd     fs8, 192(ra)
C0:       1992 [1] pc=[0000000080000380] W[r 0=0000000000000000][0] R[r 1=0000000080002100] R[r27=b9519a59b8897cb3] inst=[0db0bc27] fsd     fs11, 216(ra)
C0:       1993 [1] pc=[0000000080000384] W[r 3=0000000000000001][1] R[r 0=0000000000000000] R[r 0=0000000000000000] inst=[00100193] li      gp, 1
C0:       1994 [1] pc=[0000000080000388] W[r30=0000000080001388][1] R[r 0=0000000000000000] R[r 0=0000000000000000] inst=[00001f17] auipc   t5, 0x1
C0:       2029 [1] pc=[000000008000038c] W[r 0=0000000000000000][0] R[r30=0000000080001388] R[r 3=0000000000000001] inst=[c63f2c23] sw      gp, -904(t5)
C0:       2030 [1] pc=[0000000080000390] W[r 0=0000000080000394][1] R[r 0=0000000000000000] R[r 0=0000000000000000] inst=[0000006f] j       pc + 0x0
C0:       2034 [1] pc=[0000000080000390] W[r 0=0000000080000394][1] R[r 0=0000000000000000] R[r 0=0000000000000000] inst=[0000006f] j       pc + 0x0
C0:       2036 [1] pc=[0000000080000390] W[r 0=0000000080000394][1] R[r 0=0000000000000000] R[r 0=0000000000000000] inst=[0000006f] j       pc + 0x0
C0:       2037 [1] pc=[0000000080000390] W[r 0=0000000080000394][1] R[r 0=0000000000000000] R[r 0=0000000000000000] inst=[0000006f] j       pc + 0x0
C0:       2038 [1] pc=[0000000080000390] W[r 0=0000000080000394][1] R[r 0=0000000000000000] R[r 0=0000000000000000] inst=[0000006f] j       pc + 0x0
C0:       2040 [1] pc=[0000000080000390] W[r 0=0000000080000394][1] R[r 0=0000000000000000] R[r 0=0000000000000000] inst=[0000006f] j       pc + 0x0
C0:       2042 [1] pc=[0000000080000390] W[r 0=0000000080000394][1] R[r 0=0000000000000000] R[r 0=0000000000000000] inst=[0000006f] j       pc + 0x0
C0:       2043 [1] pc=[0000000080000390] W[r 0=0000000080000394][1] R[r 0=0000000000000000] R[r 0=0000000000000000] inst=[0000006f] j       pc + 0x0
C0:       2044 [1] pc=[0000000080000390] W[r 0=0000000080000394][1] R[r 0=0000000000000000] R[r 0=0000000000000000] inst=[0000006f] j       pc + 0x0
C0:       2046 [1] pc=[0000000080000390] W[r 0=0000000080000394][1] R[r 0=0000000000000000] R[r 0=0000000000000000] inst=[0000006f] j       pc + 0x0
C0:       2048 [1] pc=[0000000080000390] W[r 0=0000000080000394][1] R[r 0=0000000000000000] R[r 0=0000000000000000] inst=[0000006f] j       pc + 0x0
C0:       2049 [1] pc=[0000000080000390] W[r 0=0000000080000394][1] R[r 0=0000000000000000] R[r 0=0000000000000000] inst=[0000006f] j       pc + 0x0
C0:       2050 [1] pc=[0000000080000390] W[r 0=0000000080000394][1] R[r 0=0000000000000000] R[r 0=0000000000000000] inst=[0000006f] j       pc + 0x0
C0:       2052 [1] pc=[0000000080000390] W[r 0=0000000080000394][1] R[r 0=0000000000000000] R[r 0=0000000000000000] inst=[0000006f] j       pc + 0x0
C0:       2054 [1] pc=[0000000080000390] W[r 0=0000000080000394][1] R[r 0=0000000000000000] R[r 0=0000000000000000] inst=[0000006f] j       pc + 0x0
C0:       2055 [1] pc=[0000000080000390] W[r 0=0000000080000394][1] R[r 0=0000000000000000] R[r 0=0000000000000000] inst=[0000006f] j       pc + 0x0
C0:       2056 [1] pc=[0000000080000390] W[r 0=0000000080000394][1] R[r 0=0000000000000000] R[r 0=0000000000000000] inst=[0000006f] j       pc + 0x0
C0:       2058 [1] pc=[0000000080000390] W[r 0=0000000080000394][1] R[r 0=0000000000000000] R[r 0=0000000000000000] inst=[0000006f] j       pc + 0x0
C0:       2060 [1] pc=[0000000080000390] W[r 0=0000000080000394][1] R[r 0=0000000000000000] R[r 0=0000000000000000] inst=[0000006f] j       pc + 0x0
C0:       2061 [1] pc=[0000000080000390] W[r 0=0000000080000394][1] R[r 0=0000000000000000] R[r 0=0000000000000000] inst=[0000006f] j       pc + 0x0
C0:       2062 [1] pc=[0000000080000390] W[r 0=0000000080000394][1] R[r 0=0000000000000000] R[r 0=0000000000000000] inst=[0000006f] j       pc + 0x0
C0:       2064 [1] pc=[0000000080000390] W[r 0=0000000080000394][1] R[r 0=0000000000000000] R[r 0=0000000000000000] inst=[0000006f] j       pc + 0x0
C0:       2066 [1] pc=[0000000080000390] W[r 0=0000000080000394][1] R[r 0=0000000000000000] R[r 0=0000000000000000] inst=[0000006f] j       pc + 0x0
C0:       2067 [1] pc=[0000000080000390] W[r 0=0000000080000394][1] R[r 0=0000000000000000] R[r 0=0000000000000000] inst=[0000006f] j       pc + 0x0
C0:       2068 [1] pc=[0000000080000390] W[r 0=0000000080000394][1] R[r 0=0000000000000000] R[r 0=0000000000000000] inst=[0000006f] j       pc + 0x0
C0:       2070 [1] pc=[0000000080000390] W[r 0=0000000080000394][1] R[r 0=0000000000000000] R[r 0=0000000000000000] inst=[0000006f] j       pc + 0x0
C0:       2072 [1] pc=[0000000080000390] W[r 0=0000000080000394][1] R[r 0=0000000000000000] R[r 0=0000000000000000] inst=[0000006f] j       pc + 0x0
C0:       2073 [1] pc=[0000000080000390] W[r 0=0000000080000394][1] R[r 0=0000000000000000] R[r 0=0000000000000000] inst=[0000006f] j       pc + 0x0
C0:       2074 [1] pc=[0000000080000390] W[r 0=0000000080000394][1] R[r 0=0000000000000000] R[r 0=0000000000000000] inst=[0000006f] j       pc + 0x0
C0:       2076 [1] pc=[0000000080000390] W[r 0=0000000080000394][1] R[r 0=0000000000000000] R[r 0=0000000000000000] inst=[0000006f] j       pc + 0x0
C0:       2078 [1] pc=[0000000080000390] W[r 0=0000000080000394][1] R[r 0=0000000000000000] R[r 0=0000000000000000] inst=[0000006f] j       pc + 0x0
C0:       2079 [1] pc=[0000000080000390] W[r 0=0000000080000394][1] R[r 0=0000000000000000] R[r 0=0000000000000000] inst=[0000006f] j       pc + 0x0
C0:       2080 [1] pc=[0000000080000390] W[r 0=0000000080000394][1] R[r 0=0000000000000000] R[r 0=0000000000000000] inst=[0000006f] j       pc + 0x0
C0:       2082 [1] pc=[0000000080000390] W[r 0=0000000080000394][1] R[r 0=0000000000000000] R[r 0=0000000000000000] inst=[0000006f] j       pc + 0x0
C0:       2084 [1] pc=[0000000080000390] W[r 0=0000000080000394][1] R[r 0=0000000000000000] R[r 0=0000000000000000] inst=[0000006f] j       pc + 0x0
C0:       2085 [1] pc=[0000000080000390] W[r 0=0000000080000394][1] R[r 0=0000000000000000] R[r 0=0000000000000000] inst=[0000006f] j       pc + 0x0
C0:       2086 [1] pc=[0000000080000390] W[r 0=0000000080000394][1] R[r 0=0000000000000000] R[r 0=0000000000000000] inst=[0000006f] j       pc + 0x0
C0:       2088 [1] pc=[0000000080000390] W[r 0=0000000080000394][1] R[r 0=0000000000000000] R[r 0=0000000000000000] inst=[0000006f] j       pc + 0x0
C0:       2090 [1] pc=[0000000080000390] W[r 0=0000000080000394][1] R[r 0=0000000000000000] R[r 0=0000000000000000] inst=[0000006f] j       pc + 0x0
C0:       2091 [1] pc=[0000000080000390] W[r 0=0000000080000394][1] R[r 0=0000000000000000] R[r 0=0000000000000000] inst=[0000006f] j       pc + 0x0
C0:       2092 [1] pc=[0000000080000390] W[r 0=0000000080000394][1] R[r 0=0000000000000000] R[r 0=0000000000000000] inst=[0000006f] j       pc + 0x0
C0:       2094 [1] pc=[0000000080000390] W[r 0=0000000080000394][1] R[r 0=0000000000000000] R[r 0=0000000000000000] inst=[0000006f] j       pc + 0x0
C0:       2096 [1] pc=[0000000080000390] W[r 0=0000000080000394][1] R[r 0=0000000000000000] R[r 0=0000000000000000] inst=[0000006f] j       pc + 0x0
C0:       2097 [1] pc=[0000000080000390] W[r 0=0000000080000394][1] R[r 0=0000000000000000] R[r 0=0000000000000000] inst=[0000006f] j       pc + 0x0
C0:       2098 [1] pc=[0000000080000390] W[r 0=0000000080000394][1] R[r 0=0000000000000000] R[r 0=0000000000000000] inst=[0000006f] j       pc + 0x0
C0:       2100 [1] pc=[0000000080000390] W[r 0=0000000080000394][1] R[r 0=0000000000000000] R[r 0=0000000000000000] inst=[0000006f] j       pc + 0x0
C0:       2102 [1] pc=[0000000080000390] W[r 0=0000000080000394][1] R[r 0=0000000000000000] R[r 0=0000000000000000] inst=[0000006f] j       pc + 0x0
C0:       2103 [1] pc=[0000000080000390] W[r 0=0000000080000394][1] R[r 0=0000000000000000] R[r 0=0000000000000000] inst=[0000006f] j       pc + 0x0
C0:       2104 [1] pc=[0000000080000390] W[r 0=0000000080000394][1] R[r 0=0000000000000000] R[r 0=0000000000000000] inst=[0000006f] j       pc + 0x0
C0:       2106 [1] pc=[0000000080000390] W[r 0=0000000080000394][1] R[r 0=0000000000000000] R[r 0=0000000000000000] inst=[0000006f] j       pc + 0x0
C0:       2108 [1] pc=[0000000080000390] W[r 0=0000000080000394][1] R[r 0=0000000000000000] R[r 0=0000000000000000] inst=[0000006f] j       pc + 0x0
C0:       2109 [1] pc=[0000000080000390] W[r 0=0000000080000394][1] R[r 0=0000000000000000] R[r 0=0000000000000000] inst=[0000006f] j       pc + 0x0
C0:       2110 [1] pc=[0000000080000390] W[r 0=0000000080000394][1] R[r 0=0000000000000000] R[r 0=0000000000000000] inst=[0000006f] j       pc + 0x0
C0:       2112 [1] pc=[0000000080000390] W[r 0=0000000080000394][1] R[r 0=0000000000000000] R[r 0=0000000000000000] inst=[0000006f] j       pc + 0x0
C0:       2114 [1] pc=[0000000080000390] W[r 0=0000000080000394][1] R[r 0=0000000000000000] R[r 0=0000000000000000] inst=[0000006f] j       pc + 0x0
C0:       2115 [1] pc=[0000000080000390] W[r 0=0000000080000394][1] R[r 0=0000000000000000] R[r 0=0000000000000000] inst=[0000006f] j       pc + 0x0
C0:       2116 [1] pc=[0000000080000390] W[r 0=0000000080000394][1] R[r 0=0000000000000000] R[r 0=0000000000000000] inst=[0000006f] j       pc + 0x0
C0:       2118 [1] pc=[0000000080000390] W[r 0=0000000080000394][1] R[r 0=0000000000000000] R[r 0=0000000000000000] inst=[0000006f] j       pc + 0x0
C0:       2120 [1] pc=[0000000080000390] W[r 0=0000000080000394][1] R[r 0=0000000000000000] R[r 0=0000000000000000] inst=[0000006f] j       pc + 0x0
C0:       2121 [1] pc=[0000000080000390] W[r 0=0000000080000394][1] R[r 0=0000000000000000] R[r 0=0000000000000000] inst=[0000006f] j       pc + 0x0
C0:       2122 [1] pc=[0000000080000390] W[r 0=0000000080000394][1] R[r 0=0000000000000000] R[r 0=0000000000000000] inst=[0000006f] j       pc + 0x0
C0:       2124 [1] pc=[0000000080000390] W[r 0=0000000080000394][1] R[r 0=0000000000000000] R[r 0=0000000000000000] inst=[0000006f] j       pc + 0x0
C0:       2126 [1] pc=[0000000080000390] W[r 0=0000000080000394][1] R[r 0=0000000000000000] R[r 0=0000000000000000] inst=[0000006f] j       pc + 0x0
C0:       2127 [1] pc=[0000000080000390] W[r 0=0000000080000394][1] R[r 0=0000000000000000] R[r 0=0000000000000000] inst=[0000006f] j       pc + 0x0
*** PASSED *** Completed after               337466 simulation cycles
