ERROR: ld.so: object '/home/rsaravan/chipyard/.conda-env/lib/libstdc++.so.6' from LD_PRELOAD cannot be preloaded (wrong ELF class: ELFCLASS64): ignored.
testing $random aa374254
== Loading device model file '/home/rsaravan/chipyard/generators/testchipip/src/main/resources/dramsim2_ini/DDR3_micron_64M_8B_x4_sg15.ini' == 
== Loading system model file '/home/rsaravan/chipyard/generators/testchipip/src/main/resources/dramsim2_ini/system.ini' == 
===== MemorySystem 0 =====
CH. 0 TOTAL_STORAGE : 4096MB | 1 Ranks | 16 Devices per rank
DRAMSim2 Clock Frequency =666666666Hz, CPU Clock Frequency=500000000Hz
C0:         19 [1] pc=[0000000000010040] W[r10=0000000000010040][1] R[r 0=0000000000000000] R[r 0=0000000000000000] inst=[00000517] auipc   a0, 0x0
C0:         20 [1] pc=[0000000000010044] W[r10=0000000000010000][1] R[r10=0000000000010040] R[r 0=0000000000000000] inst=[fc050513] addi    a0, a0, -64
C0:         21 [1] pc=[0000000000010048] W[r 0=0000000000000000][1] R[r10=0000000000010000] R[r 0=0000000000000000] inst=[30551073] csrw    mtvec, a0
C0:         26 [1] pc=[000000000001004c] W[r 5=800000000094112d][1] R[r 0=0000000000000000] R[r 0=0000000000000000] inst=[301022f3] csrr    t0, misa
C0:         29 [1] pc=[0000000000010050] W[r 5=ffffe00000000025][1] R[r 5=800000000094112d] R[r 0=0000000000000000] inst=[4122d293] srai    t0, t0, 18
C0:         30 [1] pc=[0000000000010054] W[r 5=0000000000000001][1] R[r 5=ffffe00000000025] R[r 0=0000000000000000] inst=[0012f293] andi    t0, t0, 1
C0:         31 [1] pc=[0000000000010058] W[r 0=0000000000000000][0] R[r 5=0000000000000001] R[r 0=0000000000000000] inst=[00028463] beqz    t0, pc + 8
C0:         32 [1] pc=[000000000001005c] W[r 0=0000000000000202][1] R[r 0=0000000000000000] R[r 0=0000000000000000] inst=[30301073] csrw    mideleg, zero
C0:         37 [1] pc=[0000000000010060] W[r10=0000000000000008][1] R[r 0=0000000000000000] R[r 0=0000000000000000] inst=[00800513] li      a0, 8
C0:         38 [1] pc=[0000000000010064] W[r 0=0021820f436e91f8][1] R[r10=0000000000000008] R[r 0=0000000000000000] inst=[30451073] csrw    mie, a0
C0:         43 [1] pc=[0000000000010068] W[r 0=0000000a00001800][1] R[r10=0000000000000008] R[r 0=0000000000000000] inst=[30052073] csrs    mstatus, a0
C0:         48 [1] pc=[000000000001006c] W[r 0=0000000000000000][0] R[r 0=0000000000000000] R[r 0=0000000000000000] inst=[10500073] wfi
C0:         51 [0] pc=[0000000000010070] W[r 0=0000000000000000][0] R[r31=0000000000000008] R[r 0=0000000000000000] inst=[ffdff06f] j       pc - 0x4
C0:         70 [1] pc=[0000000000010000] W[r11=0000000002000000][1] R[r 0=0000000000000000] R[r 0=0000000000000000] inst=[020005b7] lui     a1, 0x2000
C0:         71 [1] pc=[0000000000010004] W[r10=0000000000000000][1] R[r 0=0000000000000000] R[r 0=0000000000000000] inst=[f1402573] csrr    a0, mhartid
C0:         74 [1] pc=[0000000000010008] W[r 0=0000000000000000][0] R[r10=0000000000000000] R[r 0=0000000000000000] inst=[00050463] beqz    a0, pc + 8
C0:         78 [1] pc=[0000000000010010] W[r12=0000000002000004][1] R[r11=0000000002000000] R[r 0=0000000000000000] inst=[00458613] addi    a2, a1, 4
C0:         79 [1] pc=[0000000000010014] W[r13=0000000000000001][1] R[r 0=0000000000000000] R[r 0=0000000000000000] inst=[00100693] li      a3, 1
C0:         80 [1] pc=[0000000000010018] W[r 0=0000000000000000][0] R[r12=0000000002000004] R[r13=0000000000000001] inst=[00d62023] sw      a3, 0(a2)
C0:         81 [1] pc=[000000000001001c] W[r12=0000000002000008][1] R[r12=0000000002000004] R[r 0=0000000000000000] inst=[00460613] addi    a2, a2, 4
C0:         87 [1] pc=[0000000000010020] W[r13=0000000000000000][0] R[r12=0000000002000008] R[r 0=0000000000000000] inst=[ffc62683] lw      a3, -4(a2)
C0:         95 [1] pc=[0000000000010024] W[r 0=0000000000000000][0] R[r13=0000000000000000] R[r 0=0000000000000000] inst=[fe069ae3] bnez    a3, pc - 12
C0:         96 [1] pc=[0000000000010028] W[r 0=000000000001002c][1] R[r 0=0000000000000000] R[r 0=0000000000000000] inst=[06c0006f] j       pc + 0x6c
C0:        116 [1] pc=[0000000000010094] W[r 0=0000000000000000][0] R[r11=0000000002000000] R[r 0=0000000000000000] inst=[0005a023] sw      zero, 0(a1)
C0:        117 [1] pc=[0000000000010098] W[r10=0000000000004000][1] R[r 0=0000000000000000] R[r 0=0000000000000000] inst=[00004537] lui     a0, 0x4
C0:        123 [1] pc=[000000000001009c] W[r10=0000000000000000][0] R[r10=0000000000004000] R[r 0=0000000000000000] inst=[00053503] ld      a0, 0(a0)
C0:        135 [1] pc=[00000000000100a0] W[r 0=0000000000010070][1] R[r10=0000000080000000] R[r 0=0000000000000000] inst=[34151073] csrw    mepc, a0
C0:        136 [1] pc=[00000000000100a4] W[r10=0000000000000000][1] R[r 0=0000000000000000] R[r 0=0000000000000000] inst=[f1402573] csrr    a0, mhartid
C0:        137 [1] pc=[00000000000100a8] W[r11=00000000000100a8][1] R[r 0=0000000000000000] R[r 0=0000000000000000] inst=[00000597] auipc   a1, 0x0
C0:        138 [1] pc=[00000000000100ac] W[r11=00000000000100c0][1] R[r11=00000000000100a8] R[r 0=0000000000000000] inst=[01858593] addi    a1, a1, 24
C0:        139 [1] pc=[00000000000100b0] W[r12=0000000000000080][1] R[r 0=0000000000000000] R[r 0=0000000000000000] inst=[08000613] li      a2, 128
C0:        140 [1] pc=[00000000000100b4] W[r 0=0000000a00001880][1] R[r12=0000000000000080] R[r 0=0000000000000000] inst=[30063073] csrc    mstatus, a2
C0:        145 [1] pc=[00000000000100b8] W[r 0=0000000000000000][0] R[r 0=0000000000000000] R[r 0=0000000000000000] inst=[30200073] mret
C0:        196 [1] pc=[0000000080000000] W[r31=0000000080010000][1] R[r 0=0000000000000000] R[r 0=0000000000000000] inst=[00010f97] auipc   t6, 0x10
C0:        197 [1] pc=[0000000080000004] W[r31=0000000080010000][1] R[r31=0000000080010000] R[r 0=0000000000000000] inst=[000f8f93] mv      t6, t6
C0:        214 [1] pc=[0000000080000008] W[r 1=4a90d5727ae3db73][1] R[r31=0000000080010000] R[r 0=0000000000000000] inst=[000fb083] ld      ra, 0(t6)
C0:        215 [1] pc=[000000008000000c] W[r 2=e52394b6ceb5d515][1] R[r31=0000000080010000] R[r 0=0000000000000000] inst=[008fb103] ld      sp, 8(t6)
C0:        216 [1] pc=[0000000080000010] W[r 3=3c2e32c742f0774f][1] R[r31=0000000080010000] R[r 0=0000000000000000] inst=[010fb183] ld      gp, 16(t6)
C0:        217 [1] pc=[0000000080000014] W[r 4=90491a49bf69e125][1] R[r31=0000000080010000] R[r 0=0000000000000000] inst=[018fb203] ld      tp, 24(t6)
C0:        218 [1] pc=[0000000080000018] W[r 5=f21e8001404eb070][1] R[r31=0000000080010000] R[r 0=0000000000000000] inst=[020fb283] ld      t0, 32(t6)
C0:        219 [1] pc=[000000008000001c] W[r 6=16489ac98eaa11f7][1] R[r31=0000000080010000] R[r 0=0000000000000000] inst=[028fb303] ld      t1, 40(t6)
C0:        220 [1] pc=[0000000080000020] W[r 7=ac7aaab3aa710dd7][1] R[r31=0000000080010000] R[r 0=0000000000000000] inst=[030fb383] ld      t2, 48(t6)
C0:        221 [1] pc=[0000000080000024] W[r 8=2f83fe19a9c866e5][1] R[r31=0000000080010000] R[r 0=0000000000000000] inst=[038fb403] ld      s0, 56(t6)
C0:        238 [1] pc=[0000000080000028] W[r 9=fbd8551d4fde55ed][1] R[r31=0000000080010000] R[r 0=0000000000000000] inst=[040fb483] ld      s1, 64(t6)
C0:        239 [1] pc=[000000008000002c] W[r10=f15dcae9b5365b29][1] R[r31=0000000080010000] R[r 0=0000000000000000] inst=[048fb503] ld      a0, 72(t6)
C0:        240 [1] pc=[0000000080000030] W[r11=e89e5f6f9ccc45e9][1] R[r31=0000000080010000] R[r 0=0000000000000000] inst=[050fb583] ld      a1, 80(t6)
C0:        241 [1] pc=[0000000080000034] W[r12=8c890e3d67609fd5][1] R[r31=0000000080010000] R[r 0=0000000000000000] inst=[058fb603] ld      a2, 88(t6)
C0:        242 [1] pc=[0000000080000038] W[r13=d8d4f136301836fa][1] R[r31=0000000080010000] R[r 0=0000000000000000] inst=[060fb683] ld      a3, 96(t6)
C0:        243 [1] pc=[000000008000003c] W[r14=1cc8213457f8d185][1] R[r31=0000000080010000] R[r 0=0000000000000000] inst=[068fb703] ld      a4, 104(t6)
C0:        293 [1] pc=[0000000080000040] W[r15=d2302faa87e2c111][1] R[r31=0000000080010000] R[r 0=0000000000000000] inst=[070fb783] ld      a5, 112(t6)
C0:        294 [1] pc=[0000000080000044] W[r16=4f525c0edf7b6bc9][1] R[r31=0000000080010000] R[r 0=0000000000000000] inst=[078fb803] ld      a6, 120(t6)
C0:        311 [1] pc=[0000000080000048] W[r17=0e00453d1d07a476][1] R[r31=0000000080010000] R[r 0=0000000000000000] inst=[080fb883] ld      a7, 128(t6)
C0:        312 [1] pc=[000000008000004c] W[r18=7598d2649864094c][1] R[r31=0000000080010000] R[r 0=0000000000000000] inst=[088fb903] ld      s2, 136(t6)
C0:        313 [1] pc=[0000000080000050] W[r19=a35a6d4a127dc6c4][1] R[r31=0000000080010000] R[r 0=0000000000000000] inst=[090fb983] ld      s3, 144(t6)
C0:        314 [1] pc=[0000000080000054] W[r20=0d926cf6287e59ce][1] R[r31=0000000080010000] R[r 0=0000000000000000] inst=[098fba03] ld      s4, 152(t6)
C0:        315 [1] pc=[0000000080000058] W[r21=e45a04d2f6f9f290][1] R[r31=0000000080010000] R[r 0=0000000000000000] inst=[0a0fba83] ld      s5, 160(t6)
C0:        316 [1] pc=[000000008000005c] W[r22=53202011e214888a][1] R[r31=0000000080010000] R[r 0=0000000000000000] inst=[0a8fbb03] ld      s6, 168(t6)
C0:        317 [1] pc=[0000000080000060] W[r23=4e638990f6d54c0c][1] R[r31=0000000080010000] R[r 0=0000000000000000] inst=[0b0fbb83] ld      s7, 176(t6)
C0:        318 [1] pc=[0000000080000064] W[r24=b6fbe74dca7c3fef][1] R[r31=0000000080010000] R[r 0=0000000000000000] inst=[0b8fbc03] ld      s8, 184(t6)
C0:        335 [1] pc=[0000000080000068] W[r25=c1bd5824dcf4c89d][1] R[r31=0000000080010000] R[r 0=0000000000000000] inst=[0c0fbc83] ld      s9, 192(t6)
C0:        336 [1] pc=[000000008000006c] W[r26=53e8b467759587d3][1] R[r31=0000000080010000] R[r 0=0000000000000000] inst=[0c8fbd03] ld      s10, 200(t6)
C0:        337 [1] pc=[0000000080000070] W[r27=bcbc101610ae3ac4][1] R[r31=0000000080010000] R[r 0=0000000000000000] inst=[0d0fbd83] ld      s11, 208(t6)
C0:        338 [1] pc=[0000000080000074] W[r28=57dc1b9de7818912][1] R[r31=0000000080010000] R[r 0=0000000000000000] inst=[0d8fbe03] ld      t3, 216(t6)
C0:        339 [1] pc=[0000000080000078] W[r29=d8e7d6392031650f][1] R[r31=0000000080010000] R[r 0=0000000000000000] inst=[0e0fbe83] ld      t4, 224(t6)
C0:        340 [1] pc=[000000008000007c] W[r30=61b6b648ca259060][1] R[r31=0000000080010000] R[r 0=0000000000000000] inst=[0e8fbf03] ld      t5, 232(t6)
C0:        444 [1] pc=[0000000080000080] W[r31=8e1286b117554045][1] R[r31=0000000080010000] R[r 0=0000000000000000] inst=[0f0fbf83] ld      t6, 240(t6)
C0:        445 [1] pc=[0000000080000084] W[r 0=0000000080000088][1] R[r 0=0000000000000000] R[r 0=0000000000000000] inst=[2d80006f] j       pc + 0x2d8
C0:        468 [1] pc=[000000008000035c] W[r 0=0000000a00000080][1] R[r 0=0000000000000000] R[r 0=0000000000000000] inst=[30005073] csrwi   mstatus, 0
C0:        473 [1] pc=[0000000080000360] W[r10=0000000000000000][1] R[r 0=0000000000000000] R[r 0=0000000000000000] inst=[f1402573] csrr    a0, mhartid
C0:        476 [1] pc=[0000000080000364] W[r 0=0000000000000000][0] R[r10=0000000000000000] R[r 0=0000000000000000] inst=[00051063] bnez    a0, pc + 0
C0:        477 [1] pc=[0000000080000368] W[r 5=0000000080000368][1] R[r 0=0000000000000000] R[r 0=0000000000000000] inst=[00000297] auipc   t0, 0x0
C0:        478 [1] pc=[000000008000036c] W[r 5=0000000080000380][1] R[r 5=0000000080000368] R[r 0=0000000000000000] inst=[01828293] addi    t0, t0, 24
C0:        479 [1] pc=[0000000080000370] W[r 0=0000000000010000][1] R[r 5=0000000080000380] R[r 0=0000000000000000] inst=[30529073] csrw    mtvec, t0
C0:        484 [1] pc=[0000000080000374] W[r 0=0000000000e0355d][1] R[r 0=0000000000000000] R[r 0=0000000000000000] inst=[30205073] csrwi   medeleg, 0
C0:        489 [1] pc=[0000000080000378] W[r 0=0000000000000000][1] R[r 0=0000000000000000] R[r 0=0000000000000000] inst=[30305073] csrwi   mideleg, 0
C0:        494 [1] pc=[000000008000037c] W[r 0=0000000000000008][1] R[r 0=0000000000000000] R[r 0=0000000000000000] inst=[30405073] csrwi   mie, 0
C0:        511 [1] pc=[0000000080000380] W[r 5=0000000080000380][1] R[r 0=0000000000000000] R[r 0=0000000000000000] inst=[00000297] auipc   t0, 0x0
C0:        512 [1] pc=[0000000080000384] W[r 5=0000000080000390][1] R[r 5=0000000080000380] R[r 0=0000000000000000] inst=[01028293] addi    t0, t0, 16
C0:        513 [1] pc=[0000000080000388] W[r 0=0000000080000380][1] R[r 5=0000000080000390] R[r 0=0000000000000000] inst=[30529073] csrw    mtvec, t0
C0:        518 [1] pc=[000000008000038c] W[r 0=0000024673b8f237][1] R[r 0=0000000000000000] R[r 0=0000000000000000] inst=[18005073] csrwi   satp, 0
C0:        523 [1] pc=[0000000080000390] W[r 5=0000000080000390][1] R[r 0=0000000000000000] R[r 0=0000000000000000] inst=[00000297] auipc   t0, 0x0
C0:        524 [1] pc=[0000000080000394] W[r 5=00000000800003b4][1] R[r 5=0000000080000390] R[r 0=0000000000000000] inst=[02428293] addi    t0, t0, 36
C0:        525 [1] pc=[0000000080000398] W[r 0=0000000080000390][1] R[r 5=00000000800003b4] R[r 0=0000000000000000] inst=[30529073] csrw    mtvec, t0
C0:        530 [1] pc=[000000008000039c] W[r 5=0000000000000001][1] R[r 0=0000000000000000] R[r 0=0000000000000000] inst=[0010029b] addiw   t0, zero, 1
C0:        531 [1] pc=[00000000800003a0] W[r 5=0020000000000000][1] R[r 5=0000000000000001] R[r 0=0000000000000000] inst=[03529293] slli    t0, t0, 53
C0:        532 [1] pc=[00000000800003a4] W[r 5=001fffffffffffff][1] R[r 5=0020000000000000] R[r 0=0000000000000000] inst=[fff28293] addi    t0, t0, -1
C0:        533 [1] pc=[00000000800003a8] W[r 0=0000000028d90b3c][1] R[r 5=001fffffffffffff] R[r 0=0000000000000000] inst=[3b029073] csrw    pmpaddr0, t0
C0:        538 [1] pc=[00000000800003ac] W[r 5=000000000000001f][1] R[r 0=0000000000000000] R[r 0=0000000000000000] inst=[01f00293] li      t0, 31
C0:        539 [1] pc=[00000000800003b0] W[r 0=0007010003050304][1] R[r 5=000000000000001f] R[r 0=0000000000000000] inst=[3a029073] csrw    pmpcfg0, t0
C0:        544 [1] pc=[00000000800003b4] W[r 5=00000000800003b4][1] R[r 0=0000000000000000] R[r 0=0000000000000000] inst=[00000297] auipc   t0, 0x0
C0:        545 [1] pc=[00000000800003b8] W[r 5=0000000080000118][1] R[r 5=00000000800003b4] R[r 0=0000000000000000] inst=[d6428293] addi    t0, t0, -668
C0:        546 [1] pc=[00000000800003bc] W[r 0=00000000800003b4][1] R[r 5=0000000080000118] R[r 0=0000000000000000] inst=[30529073] csrw    mtvec, t0
C0:        567 [1] pc=[00000000800003c0] W[r 3=0000000000000000][1] R[r 0=0000000000000000] R[r 0=0000000000000000] inst=[00000193] li      gp, 0
C0:        568 [1] pc=[00000000800003c4] W[r10=0000000000000001][1] R[r 0=0000000000000000] R[r 0=0000000000000000] inst=[00100513] li      a0, 1
C0:        569 [1] pc=[00000000800003c8] W[r10=0000000080000000][1] R[r10=0000000000000001] R[r 0=0000000000000000] inst=[01f51513] slli    a0, a0, 31
C0:        570 [1] pc=[00000000800003cc] W[r 0=0000000000000000][0] R[r10=0000000080000000] R[r 0=0000000000000000] inst=[00055c63] bgez    a0, pc + 24
C0:        574 [1] pc=[00000000800003e4] W[r 5=00000000800003e4][1] R[r 0=0000000000000000] R[r 0=0000000000000000] inst=[00000297] auipc   t0, 0x0
C0:        575 [1] pc=[00000000800003e8] W[r 5=0000000080000114][1] R[r 5=00000000800003e4] R[r 0=0000000000000000] inst=[d3028293] addi    t0, t0, -720
C0:        576 [1] pc=[00000000800003ec] W[r 0=ffffffd6f995f0c8][1] R[r 5=0000000080000114] R[r 0=0000000000000000] inst=[10529073] csrw    stvec, t0
C0:        581 [1] pc=[00000000800003f0] W[r 5=000000000000b000][1] R[r 0=0000000000000000] R[r 0=0000000000000000] inst=[0000b2b7] lui     t0, 0xb
C0:        582 [1] pc=[00000000800003f4] W[r 5=000000000000b109][1] R[r 5=000000000000b000] R[r 0=0000000000000000] inst=[1092829b] addiw   t0, t0, 265
C0:        583 [1] pc=[00000000800003f8] W[r 0=0000000000000000][1] R[r 5=000000000000b109] R[r 0=0000000000000000] inst=[3022a073] csrs    medeleg, t0
C0:        588 [1] pc=[00000000800003fc] W[r10=0000000000008000][1] R[r 0=0000000000000000] R[r 0=0000000000000000] inst=[00008537] lui     a0, 0x8
C0:        605 [1] pc=[0000000080000400] W[r10=0000000000007800][1] R[r10=0000000000008000] R[r 0=0000000000000000] inst=[8005051b] addiw   a0, a0, -2048
C0:        606 [1] pc=[0000000080000404] W[r 0=0000000a00000000][1] R[r10=0000000000007800] R[r 0=0000000000000000] inst=[30052073] csrs    mstatus, a0
C0:        611 [1] pc=[0000000080000408] W[r 0=000000000000003f][1] R[r 0=0000000000000000] R[r 0=0000000000000000] inst=[00305073] csrwi   fcsr, 0
C0:        616 [1] pc=[000000008000040c] W[r 1=0000000080000410][1] R[r 0=0000000000000000] R[r 0=0000000000000000] inst=[c7dff0ef] jal     pc - 0x384
C0:        617 [1] pc=[0000000080000088] W[r31=0000000080020088][1] R[r 0=0000000000000000] R[r 0=0000000000000000] inst=[00020f97] auipc   t6, 0x20
C0:        618 [1] pc=[000000008000008c] W[r31=0000000080020000][1] R[r31=0000000080020088] R[r 0=0000000000000000] inst=[f78f8f93] addi    t6, t6, -136
C0:        663 [1] pc=[0000000080000090] W[r 0=0000000000000000][0] R[r31=0000000080020000] R[r 0=0000000000000000] inst=[000fa007] flw     ft0, 0(t6)
C0:        664 [1] pc=[0000000080000094] W[r 1=0000000000000000][0] R[r31=0000000080020000] R[r 0=0000000000000000] inst=[008fa087] flw     ft1, 8(t6)
C0:        665 [1] pc=[0000000080000098] W[r 2=0000000000000000][0] R[r31=0000000080020000] R[r 0=0000000000000000] inst=[010fa107] flw     ft2, 16(t6)
C0:        666 [1] pc=[000000008000009c] W[r 3=0000000000000000][0] R[r31=0000000080020000] R[r 0=0000000000000000] inst=[018fb187] fld     ft3, 24(t6)
C0:        667 [1] pc=[00000000800000a0] W[r 4=0000000000000000][0] R[r31=0000000080020000] R[r 0=0000000000000000] inst=[020fb207] fld     ft4, 32(t6)
C0:        668 [1] pc=[00000000800000a4] W[r 5=0000000000000000][0] R[r31=0000000080020000] R[r 0=0000000000000000] inst=[028fb287] fld     ft5, 40(t6)
C0:        669 [1] pc=[00000000800000a8] W[r 6=0000000000000000][0] R[r31=0000000080020000] R[r 0=0000000000000000] inst=[030fb307] fld     ft6, 48(t6)
C0:        670 [1] pc=[00000000800000ac] W[r 7=0000000000000000][0] R[r31=0000000080020000] R[r 0=0000000000000000] inst=[038fa387] flw     ft7, 56(t6)
C0:        716 [1] pc=[00000000800000b0] W[r 8=0000000000000000][0] R[r31=0000000080020000] R[r 0=0000000000000000] inst=[040fb407] fld     fs0, 64(t6)
C0:        717 [1] pc=[00000000800000b4] W[r 9=0000000000000000][0] R[r31=0000000080020000] R[r 0=0000000000000000] inst=[048fb487] fld     fs1, 72(t6)
C0:        718 [1] pc=[00000000800000b8] W[r10=0000000000000000][0] R[r31=0000000080020000] R[r 0=0000000000000000] inst=[050fa507] flw     fa0, 80(t6)
C0:        719 [1] pc=[00000000800000bc] W[r11=0000000000000000][0] R[r31=0000000080020000] R[r 0=0000000000000000] inst=[058fb587] fld     fa1, 88(t6)
C0:        741 [1] pc=[00000000800000c0] W[r12=0000000000000000][0] R[r31=0000000080020000] R[r 0=0000000000000000] inst=[060fb607] fld     fa2, 96(t6)
C0:        742 [1] pc=[00000000800000c4] W[r13=0000000000000000][0] R[r31=0000000080020000] R[r 0=0000000000000000] inst=[068fb687] fld     fa3, 104(t6)
C0:        743 [1] pc=[00000000800000c8] W[r14=0000000000000000][0] R[r31=0000000080020000] R[r 0=0000000000000000] inst=[070fa707] flw     fa4, 112(t6)
C0:        744 [1] pc=[00000000800000cc] W[r15=0000000000000000][0] R[r31=0000000080020000] R[r 0=0000000000000000] inst=[078fb787] fld     fa5, 120(t6)
C0:        789 [1] pc=[00000000800000d0] W[r16=0000000000000000][0] R[r31=0000000080020000] R[r 0=0000000000000000] inst=[080fb807] fld     fa6, 128(t6)
C0:        790 [1] pc=[00000000800000d4] W[r17=0000000000000000][0] R[r31=0000000080020000] R[r 0=0000000000000000] inst=[088fa887] flw     fa7, 136(t6)
C0:        791 [1] pc=[00000000800000d8] W[r18=0000000000000000][0] R[r31=0000000080020000] R[r 0=0000000000000000] inst=[090fa907] flw     fs2, 144(t6)
C0:        792 [1] pc=[00000000800000dc] W[r19=0000000000000000][0] R[r31=0000000080020000] R[r 0=0000000000000000] inst=[098fa987] flw     fs3, 152(t6)
C0:        793 [1] pc=[00000000800000e0] W[r20=0000000000000000][0] R[r31=0000000080020000] R[r 0=0000000000000000] inst=[0a0fba07] fld     fs4, 160(t6)
C0:        794 [1] pc=[00000000800000e4] W[r21=0000000000000000][0] R[r31=0000000080020000] R[r 0=0000000000000000] inst=[0a8faa87] flw     fs5, 168(t6)
C0:        795 [1] pc=[00000000800000e8] W[r22=0000000000000000][0] R[r31=0000000080020000] R[r 0=0000000000000000] inst=[0b0fbb07] fld     fs6, 176(t6)
C0:        796 [1] pc=[00000000800000ec] W[r23=0000000000000000][0] R[r31=0000000080020000] R[r 0=0000000000000000] inst=[0b8fbb87] fld     fs7, 184(t6)
C0:        848 [1] pc=[00000000800000f0] W[r24=0000000000000000][0] R[r31=0000000080020000] R[r 0=0000000000000000] inst=[0c0fbc07] fld     fs8, 192(t6)
C0:        849 [1] pc=[00000000800000f4] W[r25=0000000000000000][0] R[r31=0000000080020000] R[r 0=0000000000000000] inst=[0c8fbc87] fld     fs9, 200(t6)
C0:        850 [1] pc=[00000000800000f8] W[r26=0000000000000000][0] R[r31=0000000080020000] R[r 0=0000000000000000] inst=[0d0fbd07] fld     fs10, 208(t6)
C0:        851 [1] pc=[00000000800000fc] W[r27=0000000000000000][0] R[r31=0000000080020000] R[r 0=0000000000000000] inst=[0d8fbd87] fld     fs11, 216(t6)
C0:        873 [1] pc=[0000000080000100] W[r28=0000000000000000][0] R[r31=0000000080020000] R[r 0=0000000000000000] inst=[0e0fbe07] fld     ft8, 224(t6)
C0:        874 [1] pc=[0000000080000104] W[r29=0000000000000000][0] R[r31=0000000080020000] R[r 0=0000000000000000] inst=[0e8fae87] flw     ft9, 232(t6)
C0:        875 [1] pc=[0000000080000108] W[r30=0000000000000000][0] R[r31=0000000080020000] R[r 0=0000000000000000] inst=[0f0faf07] flw     ft10, 240(t6)
C0:        876 [1] pc=[000000008000010c] W[r31=0000000000000000][0] R[r31=0000000080020000] R[r 0=0000000000000000] inst=[0f8faf87] flw     ft11, 248(t6)
C0:        877 [1] pc=[0000000080000110] W[r 0=0000000080000114][1] R[r 1=0000000080000410] R[r 0=0000000000000000] inst=[00008067] ret
C0:        879 [1] pc=[0000000080000410] W[r 0=000000000000008d][1] R[r 0=0000000000000000] R[r 0=0000000000000000] inst=[b0201073] csrw    minstret, zero
C0:        884 [1] pc=[0000000080000414] W[r10=0000000000000000][1] R[r 0=0000000000000000] R[r 0=0000000000000000] inst=[f1402573] csrr    a0, mhartid
C0:        885 [1] pc=[0000000080000418] W[r13=03705509c02a405b][1] R[r 0=0000000000000000] R[r 0=0000000000000000] inst=[140c76f3] csrrci  a3, sscratch, 24
C0:        887 [1] pc=[000000008000041c] W[r10=0000000000000000][1] R[r10=0000000000000000] R[r10=0000000000000000] inst=[00a54533] xor     a0, a0, a0
C0:        888 [1] pc=[0000000080000420] W[r14=0000000000000003][1] R[r 0=0000000000000000] R[r 0=0000000000000000] inst=[00300713] li      a4, 3
C0:        889 [1] pc=[0000000080000424] W[r14=000000000000000c][1] R[r14=0000000000000003] R[r 0=0000000000000000] inst=[00271713] slli    a4, a4, 2
C0:        890 [1] pc=[0000000080000428] W[r10=000000000000000c][1] R[r10=0000000000000000] R[r14=000000000000000c] inst=[00e50533] add     a0, a0, a4
C0:        891 [1] pc=[000000008000042c] W[r10=0000000000000003][1] R[r 0=0000000000000000] R[r 0=0000000000000000] inst=[00300513] li      a0, 3
C0:        892 [1] pc=[0000000080000430] W[r10=0000000000006000][1] R[r10=0000000000000003] R[r 0=0000000000000000] inst=[00d51513] slli    a0, a0, 13
C0:        893 [1] pc=[0000000080000434] W[r10=000000000000c000][1] R[r10=0000000000006000] R[r10=0000000000006000] inst=[00a50533] add     a0, a0, a0
C0:        894 [1] pc=[0000000080000438] W[r13=ffffffe8c44d51a4][1] R[r10=000000000000c000] R[r 0=0000000000000000] inst=[141526f3] csrrs   a3, sepc, a0
C0:        895 [1] pc=[000000008000043c] W[r14=0000000000000000][1] R[r14=000000000000000c] R[r14=000000000000000c] inst=[00e74733] xor     a4, a4, a4
C0:        917 [1] pc=[0000000080000440] W[r14=0000000000000001][1] R[r 0=0000000000000000] R[r 0=0000000000000000] inst=[00100713] li      a4, 1
C0:        918 [1] pc=[0000000080000444] W[r14=0000000000000040][1] R[r14=0000000000000001] R[r 0=0000000000000000] inst=[00671713] slli    a4, a4, 6
C0:        919 [1] pc=[0000000080000448] W[r14=0000000000000080][1] R[r14=0000000000000040] R[r14=0000000000000040] inst=[00e70733] add     a4, a4, a4
C0:        920 [1] pc=[000000008000044c] W[r13=0000000000000000][1] R[r14=0000000000000080] R[r 0=0000000000000000] inst=[001736f3] csrrc   a3, fflags, a4
C0:        925 [1] pc=[0000000080000450] W[r 5=0000000080000450][1] R[r 0=0000000000000000] R[r 0=0000000000000000] inst=[00000297] auipc   t0, 0x0
C0:        926 [1] pc=[0000000080000454] W[r 5=0000000080000480][1] R[r 5=0000000080000450] R[r 0=0000000000000000] inst=[03028293] addi    t0, t0, 48
C0:        927 [1] pc=[0000000080000458] W[r 0=0000000080000000][1] R[r 5=0000000080000480] R[r 0=0000000000000000] inst=[34129073] csrw    mepc, t0
C0:        928 [1] pc=[000000008000045c] W[r 5=0000000000000000][1] R[r 0=0000000000000000] R[r 0=0000000000000000] inst=[00000293] li      t0, 0
C0:        929 [1] pc=[0000000080000460] W[r 0=0000000000000000][0] R[r 0=0000000000000000] R[r 0=0000000000000000] inst=[30200073] mret
C0:        950 [1] pc=[0000000080000480] W[r 1=0000000000000000][0] R[r 3=000000000000000f] R[r 0=0000000000000000] inst=[280190d3] fmax.s  ft1, ft3, ft0
C0:        951 [1] pc=[0000000080000484] W[r15=0000000000000000][0] R[r15=000000000000000f] R[r13=000000000000000f] inst=[20d7a7d3] fsgnjx.s fa5, fa5, fa3
C0:        952 [1] pc=[0000000080000488] W[r13=8000000000000000][1] R[r29=000000000000000f] R[r 0=0000000000000000] inst=[c02ef6d3] fcvt.l.s a3, ft9
C0:        953 [1] pc=[000000008000048c] W[r24=000000008006048c][1] R[r 0=0000000000000000] R[r 0=0000000000000000] inst=[00060c17] auipc   s8, 0x60
C0:        954 [1] pc=[0000000080000490] W[r24=0000000080060120][1] R[r24=000000008006048c] R[r 0=0000000000000000] inst=[c94c0c13] addi    s8, s8, -876
C0:        955 [1] pc=[0000000080000494] W[r24=0000000080060118][1] R[r24=0000000080060120] R[r 0=0000000000000000] inst=[ff8c0c13] addi    s8, s8, -8
C0:        972 [1] pc=[0000000080000498] W[r 3=000000003d9c3877][1] R[r24=0000000080060118] R[r16=4f525c0edf7b6bc9] inst=[810c21af] amomin.w gp, a6, (s8)
C0:        973 [1] pc=[000000008000049c] W[r 7=0000000000000000][0] R[r 0=0000000000000000] R[r 0=0000000000000000] inst=[580013d3] fsqrt.s ft7, ft0
C0:        999 [1] pc=[00000000800004a0] W[r 6=0000000000000000][1] R[r19=53e8b467759587d3] R[r13=4f525c0edf7b6bcb] inst=[a0d99353] flt.s   t1, fs3, fa3
C0:       1000 [1] pc=[00000000800004a4] W[r30=00000000759584cb][1] R[r26=53e8b467759587d3] R[r 0=0000000000000000] inst=[cf8d0f1b] addiw   t5, s10, -776
C0:       1001 [1] pc=[00000000800004a8] W[r20=0000000000000000][0] R[r20=53e8b467759587d3] R[r 4=4f525c0edf7b6bcb] inst=[204a2a53] fsgnjx.s fs4, fs4, ft4
C0:       1003 [1] pc=[00000000800004ac] W[r 6=0000000000000011][1] R[r 0=0000000000000000] R[r 0=0000000000000000] inst=[003ed373] csrrwi  t1, fcsr, 29
C0:       1008 [1] pc=[00000000800004b0] W[r26=0000000000000000][0] R[r29=0d926cf6287e59cf] R[r26=0d926cf6287e59cf] inst=[19aefd53] fdiv.s  fs10, ft9, fs10
C0:       1009 [1] pc=[00000000800004b4] W[r 5=0000000050fcb39c][1] R[r20=0d926cf6287e59ce] R[r20=0d926cf6287e59ce] inst=[014a02bb] addw    t0, s4, s4
C0:       1010 [1] pc=[00000000800004b8] W[r24=0000000000000000][1] R[r28=0d926cf6287e59cf] R[r 3=0d926cf6287e59cf] inst=[a03e1c53] flt.s   s8, ft8, ft3
C0:       1011 [1] pc=[00000000800004bc] W[r 0=0000000000000000][0] R[r27=bcbc101610ae3ac4] R[r13=8000000000000000] inst=[20ddd663] bge     s11, a3, pc + 524
C0:       1036 [1] pc=[00000000800006c8] W[r10=fffffffff2900000][1] R[r21=e45a04d2f6f9f290] R[r 0=0000000000000000] inst=[010a951b] slliw   a0, s5, 16
C0:       1037 [1] pc=[00000000800006cc] W[r24=0000000000000200][1] R[r 4=e45a04d2f6f9f293] R[r 0=0000000000000000] inst=[e0021c53] fclass.s s8, ft4
C0:       1038 [1] pc=[00000000800006d0] W[r11=0000000000015000][1] R[r 0=0000000000000000] R[r 0=0000000000000000] inst=[000155b7] lui     a1, 0x15
C0:       1039 [1] pc=[00000000800006d4] W[r 1=00000000800406d4][1] R[r 0=0000000000000000] R[r 0=0000000000000000] inst=[00040097] auipc   ra, 0x40
C0:       1040 [1] pc=[00000000800006d8] W[r 1=0000000080040180][1] R[r 1=00000000800406d4] R[r 0=0000000000000000] inst=[aac08093] addi    ra, ra, -1364
C0:       1041 [1] pc=[00000000800006dc] W[r 1=0000000080040180][1] R[r 1=0000000080040180] R[r 0=0000000000000000] inst=[00008093] mv      ra, ra
C0:       1058 [1] pc=[00000000800006e0] W[r19=000000000b1f6279][1] R[r 1=0000000080040180] R[r26=53e8b467759587d3] inst=[21a0a9af] amoxor.w s3, s10, (ra)
C0:       1062 [1] pc=[00000000800006e4] W[r 0=0000000000000000][0] R[r 0=0000000000000000] R[r 0=0000000000000000] inst=[0000100f] fence.i
C0:       1083 [1] pc=[00000000800006e8] W[r10=00000000800506e8][1] R[r 0=0000000000000000] R[r 0=0000000000000000] inst=[00050517] auipc   a0, 0x50
C0:       1084 [1] pc=[00000000800006ec] W[r10=00000000800501b0][1] R[r10=00000000800506e8] R[r 0=0000000000000000] inst=[ac850513] addi    a0, a0, -1336
C0:       1119 [1] pc=[00000000800006f0] W[r12=0000000000000000][0] R[r10=00000000800501b0] R[r 0=0000000000000000] inst=[ff852607] flw     fa2, -8(a0)
C0:       1120 [1] pc=[00000000800006f4] W[r28=ffffffffffffffff][1] R[r25=c1bd5824dcf4c89d] R[r 0=0000000000000000] inst=[41fcde1b] sraiw   t3, s9, 31
C0:       1121 [1] pc=[00000000800006f8] W[r10=0000000000000000][0] R[r24=c1bd5824dcf4c89f] R[r19=53e8b467759587d3] inst=[b93c354b] fnmsub.s fa0, fs8, fs3, fs7
C0:       1122 [1] pc=[00000000800006fc] W[r19=00000000040c5558][1] R[r 0=0000000000000000] R[r 0=0000000000000000] inst=[3b20f9f3] csrrci  s3, pmpaddr2, 1
C0:       1143 [1] pc=[0000000080000700] W[r 0=0000000000000000][0] R[r14=0000000000000080] R[r11=0000000000015000] inst=[00b76463] bltu    a4, a1, pc + 8
C0:       1147 [1] pc=[0000000080000708] W[r16=0000000000000000][0] R[r29=0000000000000083] R[r 0=0000000000000000] inst=[580ef853] fsqrt.s fa6, ft9
C0:       1148 [1] pc=[000000008000070c] W[r 0=0000000000000000][0] R[r 0=0000000000000000] R[r 0=0000000000000000] inst=[0ff0000f] fence   iorw,iorw
C0:       1149 [1] pc=[0000000080000710] W[r30=0000000080030710][1] R[r 0=0000000000000000] R[r 0=0000000000000000] inst=[00030f17] auipc   t5, 0x30
C0:       1150 [1] pc=[0000000080000714] W[r30=0000000080030030][1] R[r30=0000000080030710] R[r 0=0000000000000000] inst=[920f0f13] addi    t5, t5, -1760
C0:       1151 [1] pc=[0000000080000718] W[r30=0000000080030020][1] R[r30=0000000080030030] R[r 0=0000000000000000] inst=[ff0f0f13] addi    t5, t5, -16
C0:       1168 [1] pc=[000000008000071c] W[r27=24c4467f7f8c85af][1] R[r30=0000000080030020] R[r30=0000000080030020] inst=[e1ef3daf] amomaxu.d s11, t5, (t5)
C0:       1169 [1] pc=[0000000080000720] W[r11=0000000000000000][0] R[r 8=0000000080030023] R[r 0=0000000000000000] inst=[580415d3] fsqrt.s fa1, fs0
C0:       1170 [1] pc=[0000000080000724] W[r 7=0000000000000002][1] R[r 2=0000000080030023] R[r 0=0000000000000000] inst=[e00113d3] fclass.s t2, ft2
C0:       1171 [1] pc=[0000000080000728] W[r 2=00000000000050fc][1] R[r 5=0000000050fcb39c] R[r 0=0000000000000000] inst=[0102d11b] srliw   sp, t0, 16
C0:       1172 [1] pc=[000000008000072c] W[r 7=0000000000000000][0] R[r16=0000000050fcb39f] R[r30=0000000080030023] inst=[01e803d3] fadd.s  ft7, fa6, ft10
C0:       1178 [1] pc=[0000000080000730] W[r23=0000000000000000][0] R[r16=0000000080030023] R[r28=4f525c0edf7b6bcb] inst=[21c80bd3] fsgnj.s fs7, fa6, ft8
C0:       1179 [1] pc=[0000000080000734] W[r27=0000000000000000][0] R[r30=0000000080030020] R[r16=4f525c0edf7b6bc9] inst=[030f3db3] mulhu   s11, t5, a6
C0:       1180 [1] pc=[0000000080000738] W[r17=0000000000000000][0] R[r29=0000000080030023] R[r 2=4f525c0edf7b6bcb] inst=[182e98d3] fdiv.s  fa7, ft9, ft2
C0:       1181 [1] pc=[000000008000073c] W[r 5=000000001deb7776][1] R[r13=8000000000000000] R[r22=53202011e214888a] inst=[416682bb] subw    t0, a3, s6
C0:       1203 [1] pc=[0000000080000740] W[r25=0000000000000000][0] R[r 0=0000000000000000] R[r 5=000000001deb7776] inst=[02506cb3] rem     s9, zero, t0
C0:       1204 [0] pc=[0000000080000744] W[r 0=0000000000000000][0] R[r 0=0000000000000000] R[r 0=0000000000000000] inst=[00000073] ecall
C0:       1225 [1] pc=[0000000080000118] W[r 1=0000000080002118][1] R[r 0=0000000000000000] R[r 0=0000000000000000] inst=[00002097] auipc   ra, 0x2
C0:       1226 [1] pc=[000000008000011c] W[r 1=0000000080002200][1] R[r 1=0000000080002118] R[r 0=0000000000000000] inst=[0e808093] addi    ra, ra, 232
C0:       1227 [1] pc=[0000000080000120] W[r 2=8000000200006000][1] R[r 0=0000000000000000] R[r 0=0000000000000000] inst=[10002173] csrr    sp, sstatus
C0:       1246 [1] pc=[0000000080000124] W[r 0=0000000000000000][0] R[r 1=0000000080002200] R[r 2=8000000200006000] inst=[0420bc23] sd      sp, 88(ra)
C0:       1247 [1] pc=[0000000080000128] W[r 2=0000000000000000][1] R[r 0=0000000000000000] R[r 0=0000000000000000] inst=[10402173] csrr    sp, sie
C0:       1250 [1] pc=[000000008000012c] W[r 0=0000000000000000][0] R[r 1=0000000080002200] R[r 2=0000000000000000] inst=[0620b823] sd      sp, 112(ra)
C0:       1251 [1] pc=[0000000080000130] W[r 2=0000000080000114][1] R[r 0=0000000000000000] R[r 0=0000000000000000] inst=[10502173] csrr    sp, stvec
C0:       1254 [1] pc=[0000000080000134] W[r 0=0000000000000000][0] R[r 1=0000000080002200] R[r 2=0000000080000114] inst=[0620bc23] sd      sp, 120(ra)
C0:       1255 [1] pc=[0000000080000138] W[r 2=0000000000000005][1] R[r 0=0000000000000000] R[r 0=0000000000000000] inst=[10602173] csrr    sp, scounteren
C0:       1274 [1] pc=[000000008000013c] W[r 0=0000000000000000][0] R[r 1=0000000080002200] R[r 2=0000000000000005] inst=[0820b023] sd      sp, 128(ra)
C0:       1285 [1] pc=[0000000080000140] W[r 2=03705509c02a4043][1] R[r 0=0000000000000000] R[r 0=0000000000000000] inst=[14002173] csrr    sp, sscratch
C0:       1288 [1] pc=[0000000080000144] W[r 0=0000000000000000][0] R[r 1=0000000080002200] R[r 2=03705509c02a4043] inst=[0820b423] sd      sp, 136(ra)
C0:       1289 [1] pc=[0000000080000148] W[r 2=ffffffe8c44dd1a4][1] R[r 0=0000000000000000] R[r 0=0000000000000000] inst=[14102173] csrr    sp, sepc
C0:       1292 [1] pc=[000000008000014c] W[r 0=0000000000000000][0] R[r 1=0000000080002200] R[r 2=ffffffe8c44dd1a4] inst=[0820b823] sd      sp, 144(ra)
C0:       1293 [1] pc=[0000000080000150] W[r 2=5243e39961efb2ea][1] R[r 0=0000000000000000] R[r 0=0000000000000000] inst=[14202173] csrr    sp, scause
C0:       1296 [1] pc=[0000000080000154] W[r 0=0000000000000000][0] R[r 1=0000000080002200] R[r 2=5243e39961efb2ea] inst=[0820bc23] sd      sp, 152(ra)
C0:       1297 [1] pc=[0000000080000158] W[r 2=000000753c17b906][1] R[r 0=0000000000000000] R[r 0=0000000000000000] inst=[14302173] csrr    sp, stval
C0:       1300 [1] pc=[000000008000015c] W[r 0=0000000000000000][0] R[r 1=0000000080002200] R[r 2=000000753c17b906] inst=[0a20b023] sd      sp, 160(ra)
C0:       1301 [1] pc=[0000000080000160] W[r 2=0000000000000000][1] R[r 0=0000000000000000] R[r 0=0000000000000000] inst=[14402173] csrr    sp, sip
C0:       1304 [1] pc=[0000000080000164] W[r 2=0000000000000000][1] R[r 2=0000000000000000] R[r 0=0000000000000000] inst=[f7f17113] andi    sp, sp, -129
C0:       1305 [1] pc=[0000000080000168] W[r 0=0000000000000000][0] R[r 1=0000000080002200] R[r 2=0000000000000000] inst=[0a20b423] sd      sp, 168(ra)
C0:       1306 [1] pc=[000000008000016c] W[r 2=0000000000000000][1] R[r 0=0000000000000000] R[r 0=0000000000000000] inst=[18002173] csrr    sp, satp
C0:       1309 [1] pc=[0000000080000170] W[r 0=0000000000000000][0] R[r 1=0000000080002200] R[r 2=0000000000000000] inst=[0a20b823] sd      sp, 176(ra)
C0:       1310 [1] pc=[0000000080000174] W[r 2=0000000000000000][1] R[r 0=0000000000000000] R[r 0=0000000000000000] inst=[f1402173] csrr    sp, mhartid
C0:       1313 [1] pc=[0000000080000178] W[r 0=0000000000000000][0] R[r 1=0000000080002200] R[r 2=0000000000000000] inst=[0a20bc23] sd      sp, 184(ra)
C0:       1314 [1] pc=[000000008000017c] W[r 2=8000000a00007800][1] R[r 0=0000000000000000] R[r 0=0000000000000000] inst=[30002173] csrr    sp, mstatus
C0:       1380 [1] pc=[0000000080000180] W[r 0=0000000000000000][0] R[r 1=0000000080002200] R[r 2=8000000a00007800] inst=[0c20b023] sd      sp, 192(ra)
C0:       1381 [1] pc=[0000000080000184] W[r 2=000000000000b109][1] R[r 0=0000000000000000] R[r 0=0000000000000000] inst=[30202173] csrr    sp, medeleg
C0:       1384 [1] pc=[0000000080000188] W[r 0=0000000000000000][0] R[r 1=0000000080002200] R[r 2=000000000000b109] inst=[0c20b423] sd      sp, 200(ra)
C0:       1385 [1] pc=[000000008000018c] W[r 2=0000000000000000][1] R[r 0=0000000000000000] R[r 0=0000000000000000] inst=[30302173] csrr    sp, mideleg
C0:       1388 [1] pc=[0000000080000190] W[r 0=0000000000000000][0] R[r 1=0000000080002200] R[r 2=0000000000000000] inst=[0c20b823] sd      sp, 208(ra)
C0:       1389 [1] pc=[0000000080000194] W[r 2=0000000000000000][1] R[r 0=0000000000000000] R[r 0=0000000000000000] inst=[30402173] csrr    sp, mie
C0:       1392 [1] pc=[0000000080000198] W[r 0=0000000000000000][0] R[r 1=0000000080002200] R[r 2=0000000000000000] inst=[0c20bc23] sd      sp, 216(ra)
C0:       1393 [1] pc=[000000008000019c] W[r 2=0000000080000118][1] R[r 0=0000000000000000] R[r 0=0000000000000000] inst=[30502173] csrr    sp, mtvec
C0:       1396 [1] pc=[00000000800001a0] W[r 0=0000000000000000][0] R[r 1=0000000080002200] R[r 2=0000000080000118] inst=[0e20b023] sd      sp, 224(ra)
C0:       1397 [1] pc=[00000000800001a4] W[r 2=0000000000000003][1] R[r 0=0000000000000000] R[r 0=0000000000000000] inst=[30602173] csrr    sp, mcounteren
C0:       1400 [1] pc=[00000000800001a8] W[r 0=0000000000000000][0] R[r 1=0000000080002200] R[r 2=0000000000000003] inst=[0e20b423] sd      sp, 232(ra)
C0:       1401 [1] pc=[00000000800001ac] W[r 2=892fc0120650df0c][1] R[r 0=0000000000000000] R[r 0=0000000000000000] inst=[34002173] csrr    sp, mscratch
C0:       1404 [1] pc=[00000000800001b0] W[r 0=0000000000000000][0] R[r 1=0000000080002200] R[r 2=892fc0120650df0c] inst=[0e20b823] sd      sp, 240(ra)
C0:       1405 [1] pc=[00000000800001b4] W[r 2=0000000080000744][1] R[r 0=0000000000000000] R[r 0=0000000000000000] inst=[34102173] csrr    sp, mepc
C0:       1408 [1] pc=[00000000800001b8] W[r 0=0000000000000000][0] R[r 1=0000000080002200] R[r 2=0000000080000744] inst=[0e20bc23] sd      sp, 248(ra)
C0:       1409 [1] pc=[00000000800001bc] W[r 2=000000000000000b][1] R[r 0=0000000000000000] R[r 0=0000000000000000] inst=[34202173] csrr    sp, mcause
C0:       1477 [1] pc=[00000000800001c0] W[r 0=0000000000000000][0] R[r 1=0000000080002200] R[r 2=000000000000000b] inst=[1020b023] sd      sp, 256(ra)
C0:       1478 [1] pc=[00000000800001c4] W[r 2=0000000000000000][1] R[r 0=0000000000000000] R[r 0=0000000000000000] inst=[34302173] csrr    sp, mtval
C0:       1481 [1] pc=[00000000800001c8] W[r 0=0000000000000000][0] R[r 1=0000000080002200] R[r 2=0000000000000000] inst=[1020b423] sd      sp, 264(ra)
C0:       1482 [1] pc=[00000000800001cc] W[r 2=0000000000000020][1] R[r 0=0000000000000000] R[r 0=0000000000000000] inst=[34402173] csrr    sp, mip
C0:       1485 [1] pc=[00000000800001d0] W[r 2=0000000000000020][1] R[r 2=0000000000000020] R[r 0=0000000000000000] inst=[f7f17113] andi    sp, sp, -129
C0:       1486 [1] pc=[00000000800001d4] W[r 0=0000000000000000][0] R[r 1=0000000080002200] R[r 2=0000000000000020] inst=[1020b823] sd      sp, 272(ra)
C0:       1487 [1] pc=[00000000800001d8] W[r 2=000000000000001f][1] R[r 0=0000000000000000] R[r 0=0000000000000000] inst=[3a002173] csrr    sp, pmpcfg0
C0:       1490 [1] pc=[00000000800001dc] W[r 0=0000000000000000][0] R[r 1=0000000080002200] R[r 2=000000000000001f] inst=[1020bc23] sd      sp, 280(ra)
C0:       1491 [1] pc=[00000000800001e0] W[r 2=000000003fffffff][1] R[r 0=0000000000000000] R[r 0=0000000000000000] inst=[3b002173] csrr    sp, pmpaddr0
C0:       1494 [1] pc=[00000000800001e4] W[r 0=0000000000000000][0] R[r 1=0000000080002200] R[r 2=000000003fffffff] inst=[1220bc23] sd      sp, 312(ra)
C0:       1495 [1] pc=[00000000800001e8] W[r 2=0000000007955f37][1] R[r 0=0000000000000000] R[r 0=0000000000000000] inst=[3b102173] csrr    sp, pmpaddr1
C0:       1514 [1] pc=[00000000800001ec] W[r 0=0000000000000000][0] R[r 1=0000000080002200] R[r 2=0000000007955f37] inst=[1420b023] sd      sp, 320(ra)
C0:       1515 [1] pc=[00000000800001f0] W[r 2=00000000040c5558][1] R[r 0=0000000000000000] R[r 0=0000000000000000] inst=[3b202173] csrr    sp, pmpaddr2
C0:       1518 [1] pc=[00000000800001f4] W[r 0=0000000000000000][0] R[r 1=0000000080002200] R[r 2=00000000040c5558] inst=[1420b423] sd      sp, 328(ra)
C0:       1519 [1] pc=[00000000800001f8] W[r 2=000000000e7595dc][1] R[r 0=0000000000000000] R[r 0=0000000000000000] inst=[3b302173] csrr    sp, pmpaddr3
C0:       1522 [1] pc=[00000000800001fc] W[r 0=0000000000000000][0] R[r 1=0000000080002200] R[r 2=000000000e7595dc] inst=[1420b823] sd      sp, 336(ra)
C0:       1544 [1] pc=[0000000080000200] W[r 2=0000000021de349c][1] R[r 0=0000000000000000] R[r 0=0000000000000000] inst=[3b402173] csrr    sp, pmpaddr4
C0:       1547 [1] pc=[0000000080000204] W[r 0=0000000000000000][0] R[r 1=0000000080002200] R[r 2=0000000021de349c] inst=[1420bc23] sd      sp, 344(ra)
C0:       1548 [1] pc=[0000000080000208] W[r 2=000000001b9b4330][1] R[r 0=0000000000000000] R[r 0=0000000000000000] inst=[3b502173] csrr    sp, pmpaddr5
C0:       1551 [1] pc=[000000008000020c] W[r 0=0000000000000000][0] R[r 1=0000000080002200] R[r 2=000000001b9b4330] inst=[1620b023] sd      sp, 352(ra)
C0:       1552 [1] pc=[0000000080000210] W[r 2=00000000060df5d0][1] R[r 0=0000000000000000] R[r 0=0000000000000000] inst=[3b602173] csrr    sp, pmpaddr6
C0:       1555 [1] pc=[0000000080000214] W[r 0=0000000000000000][0] R[r 1=0000000080002200] R[r 2=00000000060df5d0] inst=[1620b423] sd      sp, 360(ra)
C0:       1556 [1] pc=[0000000080000218] W[r 2=000000001a73e500][1] R[r 0=0000000000000000] R[r 0=0000000000000000] inst=[3b702173] csrr    sp, pmpaddr7
C0:       1559 [1] pc=[000000008000021c] W[r 0=0000000000000000][0] R[r 1=0000000080002200] R[r 2=000000001a73e500] inst=[1620b823] sd      sp, 368(ra)
C0:       1560 [1] pc=[0000000080000220] W[r10=0000000000006000][1] R[r 0=0000000000000000] R[r 0=0000000000000000] inst=[00006537] lui     a0, 0x6
C0:       1561 [1] pc=[0000000080000224] W[r 0=8000000a00007800][1] R[r10=0000000000006000] R[r 0=0000000000000000] inst=[30052073] csrs    mstatus, a0
C0:       1566 [1] pc=[0000000080000228] W[r 2=000000000000001d][1] R[r 0=0000000000000000] R[r 0=0000000000000000] inst=[00102173] csrr    sp, fflags
C0:       1569 [1] pc=[000000008000022c] W[r 0=0000000000000000][0] R[r 1=0000000080002200] R[r 2=000000000000001d] inst=[0420b023] sd      sp, 64(ra)
C0:       1570 [1] pc=[0000000080000230] W[r 2=0000000000000000][1] R[r 0=0000000000000000] R[r 0=0000000000000000] inst=[00202173] csrr    sp, frm
C0:       1573 [1] pc=[0000000080000234] W[r 0=0000000000000000][0] R[r 1=0000000080002200] R[r 2=0000000000000000] inst=[0420b423] sd      sp, 72(ra)
C0:       1574 [1] pc=[0000000080000238] W[r 2=000000000000001d][1] R[r 0=0000000000000000] R[r 0=0000000000000000] inst=[00302173] csrr    sp, fcsr
C0:       1577 [1] pc=[000000008000023c] W[r 0=0000000000000000][0] R[r 1=0000000080002200] R[r 2=000000000000001d] inst=[0420b823] sd      sp, 80(ra)
C0:       1599 [1] pc=[0000000080000240] W[r 1=0000000080002240][1] R[r 0=0000000000000000] R[r 0=0000000000000000] inst=[00002097] auipc   ra, 0x2
C0:       1600 [1] pc=[0000000080000244] W[r 1=0000000080002000][1] R[r 1=0000000080002240] R[r 0=0000000000000000] inst=[dc008093] addi    ra, ra, -576
C0:       1617 [1] pc=[0000000080000248] W[r 0=0000000000000000][0] R[r 1=0000000080002000] R[r 0=0000000000000000] inst=[0000b023] sd      zero, 0(ra)
C0:       1618 [1] pc=[000000008000024c] W[r 0=0000000000000000][0] R[r 1=0000000080002000] R[r 2=000000000000001d] inst=[0020b823] sd      sp, 16(ra)
C0:       1619 [1] pc=[0000000080000250] W[r 0=0000000000000000][0] R[r 1=0000000080002000] R[r 3=000000003d9c3877] inst=[0030bc23] sd      gp, 24(ra)
C0:       1620 [1] pc=[0000000080000254] W[r 0=0000000000000000][0] R[r 1=0000000080002000] R[r 4=90491a49bf69e125] inst=[0240b023] sd      tp, 32(ra)
C0:       1621 [1] pc=[0000000080000258] W[r 0=0000000000000000][0] R[r 1=0000000080002000] R[r 5=000000001deb7776] inst=[0250b423] sd      t0, 40(ra)
C0:       1622 [1] pc=[000000008000025c] W[r 0=0000000000000000][0] R[r 1=0000000080002000] R[r 6=0000000000000011] inst=[0260b823] sd      t1, 48(ra)
C0:       1623 [1] pc=[0000000080000260] W[r 0=0000000000000000][0] R[r 1=0000000080002000] R[r 7=0000000000000002] inst=[0270bc23] sd      t2, 56(ra)
C0:       1640 [1] pc=[0000000080000264] W[r 0=0000000000000000][0] R[r 1=0000000080002000] R[r 8=2f83fe19a9c866e5] inst=[0480b023] sd      s0, 64(ra)
C0:       1641 [1] pc=[0000000080000268] W[r 0=0000000000000000][0] R[r 1=0000000080002000] R[r 9=fbd8551d4fde55ed] inst=[0490b423] sd      s1, 72(ra)
C0:       1642 [1] pc=[000000008000026c] W[r 0=0000000000000000][0] R[r 1=0000000080002000] R[r10=0000000000006000] inst=[04a0b823] sd      a0, 80(ra)
C0:       1643 [1] pc=[0000000080000270] W[r 0=0000000000000000][0] R[r 1=0000000080002000] R[r11=0000000000015000] inst=[04b0bc23] sd      a1, 88(ra)
C0:       1644 [1] pc=[0000000080000274] W[r 0=0000000000000000][0] R[r 1=0000000080002000] R[r12=8c890e3d67609fd5] inst=[06c0b023] sd      a2, 96(ra)
C0:       1645 [1] pc=[0000000080000278] W[r 0=0000000000000000][0] R[r 1=0000000080002000] R[r13=8000000000000000] inst=[06d0b423] sd      a3, 104(ra)
C0:       1646 [1] pc=[000000008000027c] W[r 0=0000000000000000][0] R[r 1=0000000080002000] R[r14=0000000000000080] inst=[06e0b823] sd      a4, 112(ra)
C0:       1668 [1] pc=[0000000080000280] W[r 0=0000000000000000][0] R[r 1=0000000080002000] R[r15=d2302faa87e2c111] inst=[06f0bc23] sd      a5, 120(ra)
C0:       1685 [1] pc=[0000000080000284] W[r 0=0000000000000000][0] R[r 1=0000000080002000] R[r16=4f525c0edf7b6bc9] inst=[0900b023] sd      a6, 128(ra)
C0:       1686 [1] pc=[0000000080000288] W[r 0=0000000000000000][0] R[r 1=0000000080002000] R[r17=0e00453d1d07a476] inst=[0910b423] sd      a7, 136(ra)
C0:       1687 [1] pc=[000000008000028c] W[r 0=0000000000000000][0] R[r 1=0000000080002000] R[r18=7598d2649864094c] inst=[0920b823] sd      s2, 144(ra)
C0:       1688 [1] pc=[0000000080000290] W[r 0=0000000000000000][0] R[r 1=0000000080002000] R[r19=00000000040c5558] inst=[0930bc23] sd      s3, 152(ra)
C0:       1689 [1] pc=[0000000080000294] W[r 0=0000000000000000][0] R[r 1=0000000080002000] R[r20=0d926cf6287e59ce] inst=[0b40b023] sd      s4, 160(ra)
C0:       1690 [1] pc=[0000000080000298] W[r 0=0000000000000000][0] R[r 1=0000000080002000] R[r21=e45a04d2f6f9f290] inst=[0b50b423] sd      s5, 168(ra)
C0:       1691 [1] pc=[000000008000029c] W[r 0=0000000000000000][0] R[r 1=0000000080002000] R[r22=53202011e214888a] inst=[0b60b823] sd      s6, 176(ra)
C0:       1692 [1] pc=[00000000800002a0] W[r 0=0000000000000000][0] R[r 1=0000000080002000] R[r23=4e638990f6d54c0c] inst=[0b70bc23] sd      s7, 184(ra)
C0:       1709 [1] pc=[00000000800002a4] W[r 0=0000000000000000][0] R[r 1=0000000080002000] R[r24=0000000000000200] inst=[0d80b023] sd      s8, 192(ra)
C0:       1710 [1] pc=[00000000800002a8] W[r 0=0000000000000000][0] R[r 1=0000000080002000] R[r25=0000000000000000] inst=[0d90b423] sd      s9, 200(ra)
C0:       1711 [1] pc=[00000000800002ac] W[r 0=0000000000000000][0] R[r 1=0000000080002000] R[r27=0000000027aa1c08] inst=[0db0bc23] sd      s11, 216(ra)
C0:       1712 [1] pc=[00000000800002b0] W[r 0=0000000000000000][0] R[r 1=0000000080002000] R[r28=ffffffffffffffff] inst=[0fc0b023] sd      t3, 224(ra)
C0:       1713 [1] pc=[00000000800002b4] W[r 0=0000000000000000][0] R[r 1=0000000080002000] R[r29=d8e7d6392031650f] inst=[0fd0b423] sd      t4, 232(ra)
C0:       1714 [1] pc=[00000000800002b8] W[r 0=0000000000000000][0] R[r 1=0000000080002000] R[r30=0000000080030020] inst=[0fe0b823] sd      t5, 240(ra)
C0:       1715 [1] pc=[00000000800002bc] W[r 1=00000000800022bc][1] R[r 0=0000000000000000] R[r 0=0000000000000000] inst=[00002097] auipc   ra, 0x2
C0:       1737 [1] pc=[00000000800002c0] W[r 1=0000000080002100][1] R[r 1=00000000800022bc] R[r 0=0000000000000000] inst=[e4408093] addi    ra, ra, -444
C0:       1772 [1] pc=[00000000800002c4] W[r 0=0000000000000000][0] R[r 1=0000000080002100] R[r 1=0000000080030023] inst=[0010a427] fsw     ft1, 8(ra)
C0:       1773 [1] pc=[00000000800002c8] W[r 0=0000000000000000][0] R[r 1=0000000080002100] R[r 2=0000000080030023] inst=[0020a827] fsw     ft2, 16(ra)
C0:       1774 [1] pc=[00000000800002cc] W[r 0=0000000000000000][0] R[r 1=0000000080002100] R[r 7=0000000080030023] inst=[0270ac27] fsw     ft7, 56(ra)
C0:       1791 [1] pc=[00000000800002d0] W[r 0=0000000000000000][0] R[r 1=0000000080002100] R[r 9=0000000080030023] inst=[0490a427] fsw     fs1, 72(ra)
C0:       1792 [1] pc=[00000000800002d4] W[r 0=0000000000000000][0] R[r 1=0000000080002100] R[r10=0000000080030023] inst=[04a0a827] fsw     fa0, 80(ra)
C0:       1793 [1] pc=[00000000800002d8] W[r 0=0000000000000000][0] R[r 1=0000000080002100] R[r12=0000000080030023] inst=[06c0a027] fsw     fa2, 96(ra)
C0:       1794 [1] pc=[00000000800002dc] W[r 0=0000000000000000][0] R[r 1=0000000080002100] R[r13=0000000080030023] inst=[06d0a427] fsw     fa3, 104(ra)
C0:       1811 [1] pc=[00000000800002e0] W[r 0=0000000000000000][0] R[r 1=0000000080002100] R[r21=0000000080030023] inst=[0b50a427] fsw     fs5, 168(ra)
C0:       1812 [1] pc=[00000000800002e4] W[r 0=0000000000000000][0] R[r 1=0000000080002100] R[r22=0000000080030023] inst=[0b60a827] fsw     fs6, 176(ra)
C0:       1829 [1] pc=[00000000800002e8] W[r 0=0000000000000000][0] R[r 1=0000000080002100] R[r25=0000000080030023] inst=[0d90a427] fsw     fs9, 200(ra)
C0:       1830 [1] pc=[00000000800002ec] W[r 0=0000000000000000][0] R[r 1=0000000080002100] R[r26=0000000080030023] inst=[0da0a827] fsw     fs10, 208(ra)
C0:       1831 [1] pc=[00000000800002f0] W[r 0=0000000000000000][0] R[r 1=0000000080002100] R[r28=0000000080030023] inst=[0fc0a027] fsw     ft8, 224(ra)
C0:       1832 [1] pc=[00000000800002f4] W[r 0=0000000000000000][0] R[r 1=0000000080002100] R[r29=0000000080030023] inst=[0fd0a427] fsw     ft9, 232(ra)
C0:       1833 [1] pc=[00000000800002f8] W[r 0=0000000000000000][0] R[r 1=0000000080002100] R[r30=0000000080030023] inst=[0fe0a827] fsw     ft10, 240(ra)
C0:       1834 [1] pc=[00000000800002fc] W[r 0=0000000000000000][0] R[r 1=0000000080002100] R[r31=0000000080030023] inst=[0ff0ac27] fsw     ft11, 248(ra)
C0:       1856 [1] pc=[0000000080000300] W[r 1=0000000080002300][1] R[r 0=0000000000000000] R[r 0=0000000000000000] inst=[00002097] auipc   ra, 0x2
C0:       1857 [1] pc=[0000000080000304] W[r 1=0000000080002100][1] R[r 1=0000000080002300] R[r 0=0000000000000000] inst=[e0008093] addi    ra, ra, -512
C0:       1858 [1] pc=[0000000080000308] W[r 0=0000000000000000][0] R[r 1=0000000080002100] R[r 0=0000000000000000] inst=[0000b027] fsd     ft0, 0(ra)
C0:       1859 [1] pc=[000000008000030c] W[r 0=0000000000000000][0] R[r 1=0000000080002100] R[r 3=0000000080030023] inst=[0030bc27] fsd     ft3, 24(ra)
C0:       1860 [1] pc=[0000000080000310] W[r 0=0000000000000000][0] R[r 1=0000000080002100] R[r 4=0000000080030023] inst=[0240b027] fsd     ft4, 32(ra)
C0:       1861 [1] pc=[0000000080000314] W[r 0=0000000000000000][0] R[r 1=0000000080002100] R[r 5=0000000080030023] inst=[0250b427] fsd     ft5, 40(ra)
C0:       1862 [1] pc=[0000000080000318] W[r 0=0000000000000000][0] R[r 1=0000000080002100] R[r 6=0000000080030023] inst=[0260b827] fsd     ft6, 48(ra)
C0:       1863 [1] pc=[000000008000031c] W[r 0=0000000000000000][0] R[r 1=0000000080002100] R[r 8=0000000080030023] inst=[0480b027] fsd     fs0, 64(ra)
C0:       1864 [1] pc=[0000000080000320] W[r 0=0000000000000000][0] R[r 1=0000000080002100] R[r11=0000000080030023] inst=[04b0bc27] fsd     fa1, 88(ra)
C0:       1865 [1] pc=[0000000080000324] W[r 0=0000000000000000][0] R[r 1=0000000080002100] R[r14=0000000080030023] inst=[06e0b827] fsd     fa4, 112(ra)
C0:       1866 [1] pc=[0000000080000328] W[r 0=0000000000000000][0] R[r 1=0000000080002100] R[r15=0000000080030023] inst=[06f0bc27] fsd     fa5, 120(ra)
C0:       1867 [1] pc=[000000008000032c] W[r 0=0000000000000000][0] R[r 1=0000000080002100] R[r16=0000000080030023] inst=[0900b027] fsd     fa6, 128(ra)
C0:       1868 [1] pc=[0000000080000330] W[r 0=0000000000000000][0] R[r 1=0000000080002100] R[r17=0000000080030023] inst=[0910b427] fsd     fa7, 136(ra)
C0:       1869 [1] pc=[0000000080000334] W[r 0=0000000000000000][0] R[r 1=0000000080002100] R[r18=0000000080030023] inst=[0920b827] fsd     fs2, 144(ra)
C0:       1870 [1] pc=[0000000080000338] W[r 0=0000000000000000][0] R[r 1=0000000080002100] R[r19=0000000080030023] inst=[0930bc27] fsd     fs3, 152(ra)
C0:       1871 [1] pc=[000000008000033c] W[r 0=0000000000000000][0] R[r 1=0000000080002100] R[r20=0000000080030023] inst=[0b40b027] fsd     fs4, 160(ra)
C0:       1893 [1] pc=[0000000080000340] W[r 0=0000000000000000][0] R[r 1=0000000080002100] R[r23=0000000080030023] inst=[0b70bc27] fsd     fs7, 184(ra)
C0:       1894 [1] pc=[0000000080000344] W[r 0=0000000000000000][0] R[r 1=0000000080002100] R[r24=0000000080030023] inst=[0d80b027] fsd     fs8, 192(ra)
C0:       1895 [1] pc=[0000000080000348] W[r 0=0000000000000000][0] R[r 1=0000000080002100] R[r27=0000000080030023] inst=[0db0bc27] fsd     fs11, 216(ra)
C0:       1896 [1] pc=[000000008000034c] W[r 3=0000000000000001][1] R[r 0=0000000000000000] R[r 0=0000000000000000] inst=[00100193] li      gp, 1
C0:       1897 [1] pc=[0000000080000350] W[r30=0000000080001350][1] R[r 0=0000000000000000] R[r 0=0000000000000000] inst=[00001f17] auipc   t5, 0x1
C0:       1914 [1] pc=[0000000080000354] W[r 0=0000000000000000][0] R[r30=0000000080001350] R[r 3=0000000000000001] inst=[ca3f2823] sw      gp, -848(t5)
C0:       1915 [1] pc=[0000000080000358] W[r 0=000000008000035c][1] R[r 0=0000000000000000] R[r 0=0000000000000000] inst=[0000006f] j       pc + 0x0
C0:       1919 [1] pc=[0000000080000358] W[r 0=000000008000035c][1] R[r 0=0000000000000000] R[r 0=0000000000000000] inst=[0000006f] j       pc + 0x0
C0:       1921 [1] pc=[0000000080000358] W[r 0=000000008000035c][1] R[r 0=0000000000000000] R[r 0=0000000000000000] inst=[0000006f] j       pc + 0x0
C0:       1922 [1] pc=[0000000080000358] W[r 0=000000008000035c][1] R[r 0=0000000000000000] R[r 0=0000000000000000] inst=[0000006f] j       pc + 0x0
C0:       1923 [1] pc=[0000000080000358] W[r 0=000000008000035c][1] R[r 0=0000000000000000] R[r 0=0000000000000000] inst=[0000006f] j       pc + 0x0
C0:       1925 [1] pc=[0000000080000358] W[r 0=000000008000035c][1] R[r 0=0000000000000000] R[r 0=0000000000000000] inst=[0000006f] j       pc + 0x0
C0:       1927 [1] pc=[0000000080000358] W[r 0=000000008000035c][1] R[r 0=0000000000000000] R[r 0=0000000000000000] inst=[0000006f] j       pc + 0x0
C0:       1928 [1] pc=[0000000080000358] W[r 0=000000008000035c][1] R[r 0=0000000000000000] R[r 0=0000000000000000] inst=[0000006f] j       pc + 0x0
C0:       1929 [1] pc=[0000000080000358] W[r 0=000000008000035c][1] R[r 0=0000000000000000] R[r 0=0000000000000000] inst=[0000006f] j       pc + 0x0
C0:       1931 [1] pc=[0000000080000358] W[r 0=000000008000035c][1] R[r 0=0000000000000000] R[r 0=0000000000000000] inst=[0000006f] j       pc + 0x0
C0:       1933 [1] pc=[0000000080000358] W[r 0=000000008000035c][1] R[r 0=0000000000000000] R[r 0=0000000000000000] inst=[0000006f] j       pc + 0x0
C0:       1934 [1] pc=[0000000080000358] W[r 0=000000008000035c][1] R[r 0=0000000000000000] R[r 0=0000000000000000] inst=[0000006f] j       pc + 0x0
C0:       1935 [1] pc=[0000000080000358] W[r 0=000000008000035c][1] R[r 0=0000000000000000] R[r 0=0000000000000000] inst=[0000006f] j       pc + 0x0
C0:       1937 [1] pc=[0000000080000358] W[r 0=000000008000035c][1] R[r 0=0000000000000000] R[r 0=0000000000000000] inst=[0000006f] j       pc + 0x0
C0:       1939 [1] pc=[0000000080000358] W[r 0=000000008000035c][1] R[r 0=0000000000000000] R[r 0=0000000000000000] inst=[0000006f] j       pc + 0x0
C0:       1940 [1] pc=[0000000080000358] W[r 0=000000008000035c][1] R[r 0=0000000000000000] R[r 0=0000000000000000] inst=[0000006f] j       pc + 0x0
C0:       1941 [1] pc=[0000000080000358] W[r 0=000000008000035c][1] R[r 0=0000000000000000] R[r 0=0000000000000000] inst=[0000006f] j       pc + 0x0
C0:       1943 [1] pc=[0000000080000358] W[r 0=000000008000035c][1] R[r 0=0000000000000000] R[r 0=0000000000000000] inst=[0000006f] j       pc + 0x0
C0:       1945 [1] pc=[0000000080000358] W[r 0=000000008000035c][1] R[r 0=0000000000000000] R[r 0=0000000000000000] inst=[0000006f] j       pc + 0x0
C0:       1946 [1] pc=[0000000080000358] W[r 0=000000008000035c][1] R[r 0=0000000000000000] R[r 0=0000000000000000] inst=[0000006f] j       pc + 0x0
C0:       1947 [1] pc=[0000000080000358] W[r 0=000000008000035c][1] R[r 0=0000000000000000] R[r 0=0000000000000000] inst=[0000006f] j       pc + 0x0
C0:       1949 [1] pc=[0000000080000358] W[r 0=000000008000035c][1] R[r 0=0000000000000000] R[r 0=0000000000000000] inst=[0000006f] j       pc + 0x0
C0:       1951 [1] pc=[0000000080000358] W[r 0=000000008000035c][1] R[r 0=0000000000000000] R[r 0=0000000000000000] inst=[0000006f] j       pc + 0x0
C0:       1952 [1] pc=[0000000080000358] W[r 0=000000008000035c][1] R[r 0=0000000000000000] R[r 0=0000000000000000] inst=[0000006f] j       pc + 0x0
C0:       1953 [1] pc=[0000000080000358] W[r 0=000000008000035c][1] R[r 0=0000000000000000] R[r 0=0000000000000000] inst=[0000006f] j       pc + 0x0
C0:       1955 [1] pc=[0000000080000358] W[r 0=000000008000035c][1] R[r 0=0000000000000000] R[r 0=0000000000000000] inst=[0000006f] j       pc + 0x0
C0:       1957 [1] pc=[0000000080000358] W[r 0=000000008000035c][1] R[r 0=0000000000000000] R[r 0=0000000000000000] inst=[0000006f] j       pc + 0x0
C0:       1958 [1] pc=[0000000080000358] W[r 0=000000008000035c][1] R[r 0=0000000000000000] R[r 0=0000000000000000] inst=[0000006f] j       pc + 0x0
C0:       1959 [1] pc=[0000000080000358] W[r 0=000000008000035c][1] R[r 0=0000000000000000] R[r 0=0000000000000000] inst=[0000006f] j       pc + 0x0
C0:       1961 [1] pc=[0000000080000358] W[r 0=000000008000035c][1] R[r 0=0000000000000000] R[r 0=0000000000000000] inst=[0000006f] j       pc + 0x0
C0:       1963 [1] pc=[0000000080000358] W[r 0=000000008000035c][1] R[r 0=0000000000000000] R[r 0=0000000000000000] inst=[0000006f] j       pc + 0x0
C0:       1964 [1] pc=[0000000080000358] W[r 0=000000008000035c][1] R[r 0=0000000000000000] R[r 0=0000000000000000] inst=[0000006f] j       pc + 0x0
C0:       1965 [1] pc=[0000000080000358] W[r 0=000000008000035c][1] R[r 0=0000000000000000] R[r 0=0000000000000000] inst=[0000006f] j       pc + 0x0
C0:       1967 [1] pc=[0000000080000358] W[r 0=000000008000035c][1] R[r 0=0000000000000000] R[r 0=0000000000000000] inst=[0000006f] j       pc + 0x0
C0:       1969 [1] pc=[0000000080000358] W[r 0=000000008000035c][1] R[r 0=0000000000000000] R[r 0=0000000000000000] inst=[0000006f] j       pc + 0x0
C0:       1970 [1] pc=[0000000080000358] W[r 0=000000008000035c][1] R[r 0=0000000000000000] R[r 0=0000000000000000] inst=[0000006f] j       pc + 0x0
C0:       1971 [1] pc=[0000000080000358] W[r 0=000000008000035c][1] R[r 0=0000000000000000] R[r 0=0000000000000000] inst=[0000006f] j       pc + 0x0
C0:       1973 [1] pc=[0000000080000358] W[r 0=000000008000035c][1] R[r 0=0000000000000000] R[r 0=0000000000000000] inst=[0000006f] j       pc + 0x0
C0:       1975 [1] pc=[0000000080000358] W[r 0=000000008000035c][1] R[r 0=0000000000000000] R[r 0=0000000000000000] inst=[0000006f] j       pc + 0x0
C0:       1976 [1] pc=[0000000080000358] W[r 0=000000008000035c][1] R[r 0=0000000000000000] R[r 0=0000000000000000] inst=[0000006f] j       pc + 0x0
C0:       1977 [1] pc=[0000000080000358] W[r 0=000000008000035c][1] R[r 0=0000000000000000] R[r 0=0000000000000000] inst=[0000006f] j       pc + 0x0
C0:       1979 [1] pc=[0000000080000358] W[r 0=000000008000035c][1] R[r 0=0000000000000000] R[r 0=0000000000000000] inst=[0000006f] j       pc + 0x0
C0:       1981 [1] pc=[0000000080000358] W[r 0=000000008000035c][1] R[r 0=0000000000000000] R[r 0=0000000000000000] inst=[0000006f] j       pc + 0x0
C0:       1982 [1] pc=[0000000080000358] W[r 0=000000008000035c][1] R[r 0=0000000000000000] R[r 0=0000000000000000] inst=[0000006f] j       pc + 0x0
C0:       1983 [1] pc=[0000000080000358] W[r 0=000000008000035c][1] R[r 0=0000000000000000] R[r 0=0000000000000000] inst=[0000006f] j       pc + 0x0
C0:       1985 [1] pc=[0000000080000358] W[r 0=000000008000035c][1] R[r 0=0000000000000000] R[r 0=0000000000000000] inst=[0000006f] j       pc + 0x0
C0:       1987 [1] pc=[0000000080000358] W[r 0=000000008000035c][1] R[r 0=0000000000000000] R[r 0=0000000000000000] inst=[0000006f] j       pc + 0x0
C0:       1988 [1] pc=[0000000080000358] W[r 0=000000008000035c][1] R[r 0=0000000000000000] R[r 0=0000000000000000] inst=[0000006f] j       pc + 0x0
C0:       1989 [1] pc=[0000000080000358] W[r 0=000000008000035c][1] R[r 0=0000000000000000] R[r 0=0000000000000000] inst=[0000006f] j       pc + 0x0
C0:       1991 [1] pc=[0000000080000358] W[r 0=000000008000035c][1] R[r 0=0000000000000000] R[r 0=0000000000000000] inst=[0000006f] j       pc + 0x0
C0:       1993 [1] pc=[0000000080000358] W[r 0=000000008000035c][1] R[r 0=0000000000000000] R[r 0=0000000000000000] inst=[0000006f] j       pc + 0x0
C0:       1994 [1] pc=[0000000080000358] W[r 0=000000008000035c][1] R[r 0=0000000000000000] R[r 0=0000000000000000] inst=[0000006f] j       pc + 0x0
C0:       1995 [1] pc=[0000000080000358] W[r 0=000000008000035c][1] R[r 0=0000000000000000] R[r 0=0000000000000000] inst=[0000006f] j       pc + 0x0
C0:       1997 [1] pc=[0000000080000358] W[r 0=000000008000035c][1] R[r 0=0000000000000000] R[r 0=0000000000000000] inst=[0000006f] j       pc + 0x0
C0:       1999 [1] pc=[0000000080000358] W[r 0=000000008000035c][1] R[r 0=0000000000000000] R[r 0=0000000000000000] inst=[0000006f] j       pc + 0x0
C0:       2000 [1] pc=[0000000080000358] W[r 0=000000008000035c][1] R[r 0=0000000000000000] R[r 0=0000000000000000] inst=[0000006f] j       pc + 0x0
C0:       2001 [1] pc=[0000000080000358] W[r 0=000000008000035c][1] R[r 0=0000000000000000] R[r 0=0000000000000000] inst=[0000006f] j       pc + 0x0
C0:       2003 [1] pc=[0000000080000358] W[r 0=000000008000035c][1] R[r 0=0000000000000000] R[r 0=0000000000000000] inst=[0000006f] j       pc + 0x0
C0:       2005 [1] pc=[0000000080000358] W[r 0=000000008000035c][1] R[r 0=0000000000000000] R[r 0=0000000000000000] inst=[0000006f] j       pc + 0x0
C0:       2006 [1] pc=[0000000080000358] W[r 0=000000008000035c][1] R[r 0=0000000000000000] R[r 0=0000000000000000] inst=[0000006f] j       pc + 0x0
C0:       2007 [1] pc=[0000000080000358] W[r 0=000000008000035c][1] R[r 0=0000000000000000] R[r 0=0000000000000000] inst=[0000006f] j       pc + 0x0
C0:       2009 [1] pc=[0000000080000358] W[r 0=000000008000035c][1] R[r 0=0000000000000000] R[r 0=0000000000000000] inst=[0000006f] j       pc + 0x0
C0:       2011 [1] pc=[0000000080000358] W[r 0=000000008000035c][1] R[r 0=0000000000000000] R[r 0=0000000000000000] inst=[0000006f] j       pc + 0x0
C0:       2012 [1] pc=[0000000080000358] W[r 0=000000008000035c][1] R[r 0=0000000000000000] R[r 0=0000000000000000] inst=[0000006f] j       pc + 0x0
C0:       2013 [1] pc=[0000000080000358] W[r 0=000000008000035c][1] R[r 0=0000000000000000] R[r 0=0000000000000000] inst=[0000006f] j       pc + 0x0
C0:       2015 [1] pc=[0000000080000358] W[r 0=000000008000035c][1] R[r 0=0000000000000000] R[r 0=0000000000000000] inst=[0000006f] j       pc + 0x0
C0:       2017 [1] pc=[0000000080000358] W[r 0=000000008000035c][1] R[r 0=0000000000000000] R[r 0=0000000000000000] inst=[0000006f] j       pc + 0x0
C0:       2018 [1] pc=[0000000080000358] W[r 0=000000008000035c][1] R[r 0=0000000000000000] R[r 0=0000000000000000] inst=[0000006f] j       pc + 0x0
C0:       2019 [1] pc=[0000000080000358] W[r 0=000000008000035c][1] R[r 0=0000000000000000] R[r 0=0000000000000000] inst=[0000006f] j       pc + 0x0
C0:       2021 [1] pc=[0000000080000358] W[r 0=000000008000035c][1] R[r 0=0000000000000000] R[r 0=0000000000000000] inst=[0000006f] j       pc + 0x0
C0:       2023 [1] pc=[0000000080000358] W[r 0=000000008000035c][1] R[r 0=0000000000000000] R[r 0=0000000000000000] inst=[0000006f] j       pc + 0x0
C0:       2024 [1] pc=[0000000080000358] W[r 0=000000008000035c][1] R[r 0=0000000000000000] R[r 0=0000000000000000] inst=[0000006f] j       pc + 0x0
C0:       2025 [1] pc=[0000000080000358] W[r 0=000000008000035c][1] R[r 0=0000000000000000] R[r 0=0000000000000000] inst=[0000006f] j       pc + 0x0
C0:       2027 [1] pc=[0000000080000358] W[r 0=000000008000035c][1] R[r 0=0000000000000000] R[r 0=0000000000000000] inst=[0000006f] j       pc + 0x0
C0:       2029 [1] pc=[0000000080000358] W[r 0=000000008000035c][1] R[r 0=0000000000000000] R[r 0=0000000000000000] inst=[0000006f] j       pc + 0x0
C0:       2030 [1] pc=[0000000080000358] W[r 0=000000008000035c][1] R[r 0=0000000000000000] R[r 0=0000000000000000] inst=[0000006f] j       pc + 0x0
C0:       2031 [1] pc=[0000000080000358] W[r 0=000000008000035c][1] R[r 0=0000000000000000] R[r 0=0000000000000000] inst=[0000006f] j       pc + 0x0
C0:       2033 [1] pc=[0000000080000358] W[r 0=000000008000035c][1] R[r 0=0000000000000000] R[r 0=0000000000000000] inst=[0000006f] j       pc + 0x0
C0:       2035 [1] pc=[0000000080000358] W[r 0=000000008000035c][1] R[r 0=0000000000000000] R[r 0=0000000000000000] inst=[0000006f] j       pc + 0x0
C0:       2036 [1] pc=[0000000080000358] W[r 0=000000008000035c][1] R[r 0=0000000000000000] R[r 0=0000000000000000] inst=[0000006f] j       pc + 0x0
C0:       2037 [1] pc=[0000000080000358] W[r 0=000000008000035c][1] R[r 0=0000000000000000] R[r 0=0000000000000000] inst=[0000006f] j       pc + 0x0
C0:       2039 [1] pc=[0000000080000358] W[r 0=000000008000035c][1] R[r 0=0000000000000000] R[r 0=0000000000000000] inst=[0000006f] j       pc + 0x0
C0:       2041 [1] pc=[0000000080000358] W[r 0=000000008000035c][1] R[r 0=0000000000000000] R[r 0=0000000000000000] inst=[0000006f] j       pc + 0x0
C0:       2042 [1] pc=[0000000080000358] W[r 0=000000008000035c][1] R[r 0=0000000000000000] R[r 0=0000000000000000] inst=[0000006f] j       pc + 0x0
C0:       2043 [1] pc=[0000000080000358] W[r 0=000000008000035c][1] R[r 0=0000000000000000] R[r 0=0000000000000000] inst=[0000006f] j       pc + 0x0
C0:       2045 [1] pc=[0000000080000358] W[r 0=000000008000035c][1] R[r 0=0000000000000000] R[r 0=0000000000000000] inst=[0000006f] j       pc + 0x0
C0:       2047 [1] pc=[0000000080000358] W[r 0=000000008000035c][1] R[r 0=0000000000000000] R[r 0=0000000000000000] inst=[0000006f] j       pc + 0x0
C0:       2048 [1] pc=[0000000080000358] W[r 0=000000008000035c][1] R[r 0=0000000000000000] R[r 0=0000000000000000] inst=[0000006f] j       pc + 0x0
C0:       2049 [1] pc=[0000000080000358] W[r 0=000000008000035c][1] R[r 0=0000000000000000] R[r 0=0000000000000000] inst=[0000006f] j       pc + 0x0
C0:       2051 [1] pc=[0000000080000358] W[r 0=000000008000035c][1] R[r 0=0000000000000000] R[r 0=0000000000000000] inst=[0000006f] j       pc + 0x0
C0:       2053 [1] pc=[0000000080000358] W[r 0=000000008000035c][1] R[r 0=0000000000000000] R[r 0=0000000000000000] inst=[0000006f] j       pc + 0x0
C0:       2054 [1] pc=[0000000080000358] W[r 0=000000008000035c][1] R[r 0=0000000000000000] R[r 0=0000000000000000] inst=[0000006f] j       pc + 0x0
C0:       2055 [1] pc=[0000000080000358] W[r 0=000000008000035c][1] R[r 0=0000000000000000] R[r 0=0000000000000000] inst=[0000006f] j       pc + 0x0
C0:       2057 [1] pc=[0000000080000358] W[r 0=000000008000035c][1] R[r 0=0000000000000000] R[r 0=0000000000000000] inst=[0000006f] j       pc + 0x0
C0:       2059 [1] pc=[0000000080000358] W[r 0=000000008000035c][1] R[r 0=0000000000000000] R[r 0=0000000000000000] inst=[0000006f] j       pc + 0x0
C0:       2060 [1] pc=[0000000080000358] W[r 0=000000008000035c][1] R[r 0=0000000000000000] R[r 0=0000000000000000] inst=[0000006f] j       pc + 0x0
C0:       2061 [1] pc=[0000000080000358] W[r 0=000000008000035c][1] R[r 0=0000000000000000] R[r 0=0000000000000000] inst=[0000006f] j       pc + 0x0
C0:       2063 [1] pc=[0000000080000358] W[r 0=000000008000035c][1] R[r 0=0000000000000000] R[r 0=0000000000000000] inst=[0000006f] j       pc + 0x0
C0:       2065 [1] pc=[0000000080000358] W[r 0=000000008000035c][1] R[r 0=0000000000000000] R[r 0=0000000000000000] inst=[0000006f] j       pc + 0x0
C0:       2066 [1] pc=[0000000080000358] W[r 0=000000008000035c][1] R[r 0=0000000000000000] R[r 0=0000000000000000] inst=[0000006f] j       pc + 0x0
C0:       2067 [1] pc=[0000000080000358] W[r 0=000000008000035c][1] R[r 0=0000000000000000] R[r 0=0000000000000000] inst=[0000006f] j       pc + 0x0
C0:       2069 [1] pc=[0000000080000358] W[r 0=000000008000035c][1] R[r 0=0000000000000000] R[r 0=0000000000000000] inst=[0000006f] j       pc + 0x0
C0:       2071 [1] pc=[0000000080000358] W[r 0=000000008000035c][1] R[r 0=0000000000000000] R[r 0=0000000000000000] inst=[0000006f] j       pc + 0x0
C0:       2072 [1] pc=[0000000080000358] W[r 0=000000008000035c][1] R[r 0=0000000000000000] R[r 0=0000000000000000] inst=[0000006f] j       pc + 0x0
C0:       2073 [1] pc=[0000000080000358] W[r 0=000000008000035c][1] R[r 0=0000000000000000] R[r 0=0000000000000000] inst=[0000006f] j       pc + 0x0
C0:       2075 [1] pc=[0000000080000358] W[r 0=000000008000035c][1] R[r 0=0000000000000000] R[r 0=0000000000000000] inst=[0000006f] j       pc + 0x0
C0:       2077 [1] pc=[0000000080000358] W[r 0=000000008000035c][1] R[r 0=0000000000000000] R[r 0=0000000000000000] inst=[0000006f] j       pc + 0x0
C0:       2078 [1] pc=[0000000080000358] W[r 0=000000008000035c][1] R[r 0=0000000000000000] R[r 0=0000000000000000] inst=[0000006f] j       pc + 0x0
C0:       2079 [1] pc=[0000000080000358] W[r 0=000000008000035c][1] R[r 0=0000000000000000] R[r 0=0000000000000000] inst=[0000006f] j       pc + 0x0
C0:       2081 [1] pc=[0000000080000358] W[r 0=000000008000035c][1] R[r 0=0000000000000000] R[r 0=0000000000000000] inst=[0000006f] j       pc + 0x0
C0:       2083 [1] pc=[0000000080000358] W[r 0=000000008000035c][1] R[r 0=0000000000000000] R[r 0=0000000000000000] inst=[0000006f] j       pc + 0x0
C0:       2084 [1] pc=[0000000080000358] W[r 0=000000008000035c][1] R[r 0=0000000000000000] R[r 0=0000000000000000] inst=[0000006f] j       pc + 0x0
C0:       2085 [1] pc=[0000000080000358] W[r 0=000000008000035c][1] R[r 0=0000000000000000] R[r 0=0000000000000000] inst=[0000006f] j       pc + 0x0
C0:       2087 [1] pc=[0000000080000358] W[r 0=000000008000035c][1] R[r 0=0000000000000000] R[r 0=0000000000000000] inst=[0000006f] j       pc + 0x0
C0:       2089 [1] pc=[0000000080000358] W[r 0=000000008000035c][1] R[r 0=0000000000000000] R[r 0=0000000000000000] inst=[0000006f] j       pc + 0x0
C0:       2090 [1] pc=[0000000080000358] W[r 0=000000008000035c][1] R[r 0=0000000000000000] R[r 0=0000000000000000] inst=[0000006f] j       pc + 0x0
C0:       2091 [1] pc=[0000000080000358] W[r 0=000000008000035c][1] R[r 0=0000000000000000] R[r 0=0000000000000000] inst=[0000006f] j       pc + 0x0
C0:       2093 [1] pc=[0000000080000358] W[r 0=000000008000035c][1] R[r 0=0000000000000000] R[r 0=0000000000000000] inst=[0000006f] j       pc + 0x0
C0:       2095 [1] pc=[0000000080000358] W[r 0=000000008000035c][1] R[r 0=0000000000000000] R[r 0=0000000000000000] inst=[0000006f] j       pc + 0x0
C0:       2096 [1] pc=[0000000080000358] W[r 0=000000008000035c][1] R[r 0=0000000000000000] R[r 0=0000000000000000] inst=[0000006f] j       pc + 0x0
C0:       2097 [1] pc=[0000000080000358] W[r 0=000000008000035c][1] R[r 0=0000000000000000] R[r 0=0000000000000000] inst=[0000006f] j       pc + 0x0
C0:       2099 [1] pc=[0000000080000358] W[r 0=000000008000035c][1] R[r 0=0000000000000000] R[r 0=0000000000000000] inst=[0000006f] j       pc + 0x0
C0:       2101 [1] pc=[0000000080000358] W[r 0=000000008000035c][1] R[r 0=0000000000000000] R[r 0=0000000000000000] inst=[0000006f] j       pc + 0x0
C0:       2102 [1] pc=[0000000080000358] W[r 0=000000008000035c][1] R[r 0=0000000000000000] R[r 0=0000000000000000] inst=[0000006f] j       pc + 0x0
C0:       2103 [1] pc=[0000000080000358] W[r 0=000000008000035c][1] R[r 0=0000000000000000] R[r 0=0000000000000000] inst=[0000006f] j       pc + 0x0
C0:       2105 [1] pc=[0000000080000358] W[r 0=000000008000035c][1] R[r 0=0000000000000000] R[r 0=0000000000000000] inst=[0000006f] j       pc + 0x0
C0:       2107 [1] pc=[0000000080000358] W[r 0=000000008000035c][1] R[r 0=0000000000000000] R[r 0=0000000000000000] inst=[0000006f] j       pc + 0x0
C0:       2108 [1] pc=[0000000080000358] W[r 0=000000008000035c][1] R[r 0=0000000000000000] R[r 0=0000000000000000] inst=[0000006f] j       pc + 0x0
C0:       2109 [1] pc=[0000000080000358] W[r 0=000000008000035c][1] R[r 0=0000000000000000] R[r 0=0000000000000000] inst=[0000006f] j       pc + 0x0
C0:       2111 [1] pc=[0000000080000358] W[r 0=000000008000035c][1] R[r 0=0000000000000000] R[r 0=0000000000000000] inst=[0000006f] j       pc + 0x0
C0:       2113 [1] pc=[0000000080000358] W[r 0=000000008000035c][1] R[r 0=0000000000000000] R[r 0=0000000000000000] inst=[0000006f] j       pc + 0x0
C0:       2114 [1] pc=[0000000080000358] W[r 0=000000008000035c][1] R[r 0=0000000000000000] R[r 0=0000000000000000] inst=[0000006f] j       pc + 0x0
C0:       2115 [1] pc=[0000000080000358] W[r 0=000000008000035c][1] R[r 0=0000000000000000] R[r 0=0000000000000000] inst=[0000006f] j       pc + 0x0
C0:       2117 [1] pc=[0000000080000358] W[r 0=000000008000035c][1] R[r 0=0000000000000000] R[r 0=0000000000000000] inst=[0000006f] j       pc + 0x0
C0:       2119 [1] pc=[0000000080000358] W[r 0=000000008000035c][1] R[r 0=0000000000000000] R[r 0=0000000000000000] inst=[0000006f] j       pc + 0x0
C0:       2120 [1] pc=[0000000080000358] W[r 0=000000008000035c][1] R[r 0=0000000000000000] R[r 0=0000000000000000] inst=[0000006f] j       pc + 0x0
C0:       2121 [1] pc=[0000000080000358] W[r 0=000000008000035c][1] R[r 0=0000000000000000] R[r 0=0000000000000000] inst=[0000006f] j       pc + 0x0
C0:       2123 [1] pc=[0000000080000358] W[r 0=000000008000035c][1] R[r 0=0000000000000000] R[r 0=0000000000000000] inst=[0000006f] j       pc + 0x0
C0:       2125 [1] pc=[0000000080000358] W[r 0=000000008000035c][1] R[r 0=0000000000000000] R[r 0=0000000000000000] inst=[0000006f] j       pc + 0x0
C0:       2126 [1] pc=[0000000080000358] W[r 0=000000008000035c][1] R[r 0=0000000000000000] R[r 0=0000000000000000] inst=[0000006f] j       pc + 0x0
C0:       2127 [1] pc=[0000000080000358] W[r 0=000000008000035c][1] R[r 0=0000000000000000] R[r 0=0000000000000000] inst=[0000006f] j       pc + 0x0
C0:       2129 [1] pc=[0000000080000358] W[r 0=000000008000035c][1] R[r 0=0000000000000000] R[r 0=0000000000000000] inst=[0000006f] j       pc + 0x0
C0:       2131 [1] pc=[0000000080000358] W[r 0=000000008000035c][1] R[r 0=0000000000000000] R[r 0=0000000000000000] inst=[0000006f] j       pc + 0x0
C0:       2132 [1] pc=[0000000080000358] W[r 0=000000008000035c][1] R[r 0=0000000000000000] R[r 0=0000000000000000] inst=[0000006f] j       pc + 0x0
C0:       2133 [1] pc=[0000000080000358] W[r 0=000000008000035c][1] R[r 0=0000000000000000] R[r 0=0000000000000000] inst=[0000006f] j       pc + 0x0
C0:       2135 [1] pc=[0000000080000358] W[r 0=000000008000035c][1] R[r 0=0000000000000000] R[r 0=0000000000000000] inst=[0000006f] j       pc + 0x0
C0:       2137 [1] pc=[0000000080000358] W[r 0=000000008000035c][1] R[r 0=0000000000000000] R[r 0=0000000000000000] inst=[0000006f] j       pc + 0x0
*** PASSED *** Completed after               332036 simulation cycles
