ERROR: ld.so: object '/home/rsaravan/chipyard/.conda-env/lib/libstdc++.so.6' from LD_PRELOAD cannot be preloaded (wrong ELF class: ELFCLASS64): ignored.
testing $random aa374254
== Loading device model file '/home/rsaravan/chipyard/generators/testchipip/src/main/resources/dramsim2_ini/DDR3_micron_64M_8B_x4_sg15.ini' == 
== Loading system model file '/home/rsaravan/chipyard/generators/testchipip/src/main/resources/dramsim2_ini/system.ini' == 
===== MemorySystem 0 =====
CH. 0 TOTAL_STORAGE : 4096MB | 1 Ranks | 16 Devices per rank
DRAMSim2 Clock Frequency =666666666Hz, CPU Clock Frequency=500000000Hz
C0:         19 [1] pc=[0000000000010040] W[r10=0000000000010040][1] R[r 0=0000000000000000] R[r 0=0000000000000000] inst=[00000517] auipc   a0, 0x0
C0:         20 [1] pc=[0000000000010044] W[r10=0000000000010000][1] R[r10=0000000000010040] R[r 0=0000000000000000] inst=[fc050513] addi    a0, a0, -64
C0:         21 [1] pc=[0000000000010048] W[r 0=0000000000000000][1] R[r10=0000000000010000] R[r 0=0000000000000000] inst=[30551073] csrw    mtvec, a0
C0:         26 [1] pc=[000000000001004c] W[r 5=800000000094112d][1] R[r 0=0000000000000000] R[r 0=0000000000000000] inst=[301022f3] csrr    t0, misa
C0:         29 [1] pc=[0000000000010050] W[r 5=ffffe00000000025][1] R[r 5=800000000094112d] R[r 0=0000000000000000] inst=[4122d293] srai    t0, t0, 18
C0:         30 [1] pc=[0000000000010054] W[r 5=0000000000000001][1] R[r 5=ffffe00000000025] R[r 0=0000000000000000] inst=[0012f293] andi    t0, t0, 1
C0:         31 [1] pc=[0000000000010058] W[r 0=0000000000000000][0] R[r 5=0000000000000001] R[r 0=0000000000000000] inst=[00028463] beqz    t0, pc + 8
C0:         32 [1] pc=[000000000001005c] W[r 0=0000000000000202][1] R[r 0=0000000000000000] R[r 0=0000000000000000] inst=[30301073] csrw    mideleg, zero
C0:         37 [1] pc=[0000000000010060] W[r10=0000000000000008][1] R[r 0=0000000000000000] R[r 0=0000000000000000] inst=[00800513] li      a0, 8
C0:         38 [1] pc=[0000000000010064] W[r 0=0021820f436e91f8][1] R[r10=0000000000000008] R[r 0=0000000000000000] inst=[30451073] csrw    mie, a0
C0:         43 [1] pc=[0000000000010068] W[r 0=0000000a00001800][1] R[r10=0000000000000008] R[r 0=0000000000000000] inst=[30052073] csrs    mstatus, a0
C0:         48 [1] pc=[000000000001006c] W[r 0=0000000000000000][0] R[r 0=0000000000000000] R[r 0=0000000000000000] inst=[10500073] wfi
C0:         51 [0] pc=[0000000000010070] W[r 0=0000000000000000][0] R[r31=0000000000000008] R[r 0=0000000000000000] inst=[ffdff06f] j       pc - 0x4
C0:         70 [1] pc=[0000000000010000] W[r11=0000000002000000][1] R[r 0=0000000000000000] R[r 0=0000000000000000] inst=[020005b7] lui     a1, 0x2000
C0:         71 [1] pc=[0000000000010004] W[r10=0000000000000000][1] R[r 0=0000000000000000] R[r 0=0000000000000000] inst=[f1402573] csrr    a0, mhartid
C0:         74 [1] pc=[0000000000010008] W[r 0=0000000000000000][0] R[r10=0000000000000000] R[r 0=0000000000000000] inst=[00050463] beqz    a0, pc + 8
C0:         78 [1] pc=[0000000000010010] W[r12=0000000002000004][1] R[r11=0000000002000000] R[r 0=0000000000000000] inst=[00458613] addi    a2, a1, 4
C0:         79 [1] pc=[0000000000010014] W[r13=0000000000000001][1] R[r 0=0000000000000000] R[r 0=0000000000000000] inst=[00100693] li      a3, 1
C0:         80 [1] pc=[0000000000010018] W[r 0=0000000000000000][0] R[r12=0000000002000004] R[r13=0000000000000001] inst=[00d62023] sw      a3, 0(a2)
C0:         81 [1] pc=[000000000001001c] W[r12=0000000002000008][1] R[r12=0000000002000004] R[r 0=0000000000000000] inst=[00460613] addi    a2, a2, 4
C0:         87 [1] pc=[0000000000010020] W[r13=0000000000000000][0] R[r12=0000000002000008] R[r 0=0000000000000000] inst=[ffc62683] lw      a3, -4(a2)
C0:         95 [1] pc=[0000000000010024] W[r 0=0000000000000000][0] R[r13=0000000000000000] R[r 0=0000000000000000] inst=[fe069ae3] bnez    a3, pc - 12
C0:         96 [1] pc=[0000000000010028] W[r 0=000000000001002c][1] R[r 0=0000000000000000] R[r 0=0000000000000000] inst=[06c0006f] j       pc + 0x6c
C0:        116 [1] pc=[0000000000010094] W[r 0=0000000000000000][0] R[r11=0000000002000000] R[r 0=0000000000000000] inst=[0005a023] sw      zero, 0(a1)
C0:        117 [1] pc=[0000000000010098] W[r10=0000000000004000][1] R[r 0=0000000000000000] R[r 0=0000000000000000] inst=[00004537] lui     a0, 0x4
C0:        123 [1] pc=[000000000001009c] W[r10=0000000000000000][0] R[r10=0000000000004000] R[r 0=0000000000000000] inst=[00053503] ld      a0, 0(a0)
C0:        135 [1] pc=[00000000000100a0] W[r 0=0000000000010070][1] R[r10=0000000080000000] R[r 0=0000000000000000] inst=[34151073] csrw    mepc, a0
C0:        136 [1] pc=[00000000000100a4] W[r10=0000000000000000][1] R[r 0=0000000000000000] R[r 0=0000000000000000] inst=[f1402573] csrr    a0, mhartid
C0:        137 [1] pc=[00000000000100a8] W[r11=00000000000100a8][1] R[r 0=0000000000000000] R[r 0=0000000000000000] inst=[00000597] auipc   a1, 0x0
C0:        138 [1] pc=[00000000000100ac] W[r11=00000000000100c0][1] R[r11=00000000000100a8] R[r 0=0000000000000000] inst=[01858593] addi    a1, a1, 24
C0:        139 [1] pc=[00000000000100b0] W[r12=0000000000000080][1] R[r 0=0000000000000000] R[r 0=0000000000000000] inst=[08000613] li      a2, 128
C0:        140 [1] pc=[00000000000100b4] W[r 0=0000000a00001880][1] R[r12=0000000000000080] R[r 0=0000000000000000] inst=[30063073] csrc    mstatus, a2
C0:        145 [1] pc=[00000000000100b8] W[r 0=0000000000000000][0] R[r 0=0000000000000000] R[r 0=0000000000000000] inst=[30200073] mret
C0:        166 [1] pc=[0000000080000000] W[r31=0000000080010000][1] R[r 0=0000000000000000] R[r 0=0000000000000000] inst=[00010f97] auipc   t6, 0x10
C0:        167 [1] pc=[0000000080000004] W[r31=0000000080010000][1] R[r31=0000000080010000] R[r 0=0000000000000000] inst=[000f8f93] mv      t6, t6
C0:        184 [1] pc=[0000000080000008] W[r 1=b6ef631f5fda862d][1] R[r31=0000000080010000] R[r 0=0000000000000000] inst=[000fb083] ld      ra, 0(t6)
C0:        185 [1] pc=[000000008000000c] W[r 2=9455f09fcfb3909c][1] R[r31=0000000080010000] R[r 0=0000000000000000] inst=[008fb103] ld      sp, 8(t6)
C0:        186 [1] pc=[0000000080000010] W[r 3=d2c1ffa05e6bdb2f][1] R[r31=0000000080010000] R[r 0=0000000000000000] inst=[010fb183] ld      gp, 16(t6)
C0:        187 [1] pc=[0000000080000014] W[r 4=59cabe955ce577db][1] R[r31=0000000080010000] R[r 0=0000000000000000] inst=[018fb203] ld      tp, 24(t6)
C0:        188 [1] pc=[0000000080000018] W[r 5=a14865d72915aa83][1] R[r31=0000000080010000] R[r 0=0000000000000000] inst=[020fb283] ld      t0, 32(t6)
C0:        189 [1] pc=[000000008000001c] W[r 6=2b442b91c9982dd9][1] R[r31=0000000080010000] R[r 0=0000000000000000] inst=[028fb303] ld      t1, 40(t6)
C0:        190 [1] pc=[0000000080000020] W[r 7=b6b47e0ac58ecce1][1] R[r31=0000000080010000] R[r 0=0000000000000000] inst=[030fb383] ld      t2, 48(t6)
C0:        191 [1] pc=[0000000080000024] W[r 8=0310dc2bfc86cc85][1] R[r31=0000000080010000] R[r 0=0000000000000000] inst=[038fb403] ld      s0, 56(t6)
C0:        236 [1] pc=[0000000080000028] W[r 9=91bb1c4d7f979149][1] R[r31=0000000080010000] R[r 0=0000000000000000] inst=[040fb483] ld      s1, 64(t6)
C0:        237 [1] pc=[000000008000002c] W[r10=c23080d040bc9b37][1] R[r31=0000000080010000] R[r 0=0000000000000000] inst=[048fb503] ld      a0, 72(t6)
C0:        238 [1] pc=[0000000080000030] W[r11=c05a915c95258bac][1] R[r31=0000000080010000] R[r 0=0000000000000000] inst=[050fb583] ld      a1, 80(t6)
C0:        239 [1] pc=[0000000080000034] W[r12=e0d20fa6beeaee58][1] R[r31=0000000080010000] R[r 0=0000000000000000] inst=[058fb603] ld      a2, 88(t6)
C0:        240 [1] pc=[0000000080000038] W[r13=0b448c7eaf27471d][1] R[r31=0000000080010000] R[r 0=0000000000000000] inst=[060fb683] ld      a3, 96(t6)
C0:        241 [1] pc=[000000008000003c] W[r14=87000adc36f0c2e8][1] R[r31=0000000080010000] R[r 0=0000000000000000] inst=[068fb703] ld      a4, 104(t6)
C0:        263 [1] pc=[0000000080000040] W[r15=b62e27395a8d0f66][1] R[r31=0000000080010000] R[r 0=0000000000000000] inst=[070fb783] ld      a5, 112(t6)
C0:        264 [1] pc=[0000000080000044] W[r16=3721bb9720b532da][1] R[r31=0000000080010000] R[r 0=0000000000000000] inst=[078fb803] ld      a6, 120(t6)
C0:        281 [1] pc=[0000000080000048] W[r17=a76a95d60e6e9064][1] R[r31=0000000080010000] R[r 0=0000000000000000] inst=[080fb883] ld      a7, 128(t6)
C0:        282 [1] pc=[000000008000004c] W[r18=4f782ecf5ceae05f][1] R[r31=0000000080010000] R[r 0=0000000000000000] inst=[088fb903] ld      s2, 136(t6)
C0:        283 [1] pc=[0000000080000050] W[r19=7c07bc947154f6ba][1] R[r31=0000000080010000] R[r 0=0000000000000000] inst=[090fb983] ld      s3, 144(t6)
C0:        284 [1] pc=[0000000080000054] W[r20=848da5d26614b95e][1] R[r31=0000000080010000] R[r 0=0000000000000000] inst=[098fba03] ld      s4, 152(t6)
C0:        285 [1] pc=[0000000080000058] W[r21=6c558b366b58f863][1] R[r31=0000000080010000] R[r 0=0000000000000000] inst=[0a0fba83] ld      s5, 160(t6)
C0:        286 [1] pc=[000000008000005c] W[r22=fe8356854eabb04e][1] R[r31=0000000080010000] R[r 0=0000000000000000] inst=[0a8fbb03] ld      s6, 168(t6)
C0:        287 [1] pc=[0000000080000060] W[r23=4d5a0032846778dc][1] R[r31=0000000080010000] R[r 0=0000000000000000] inst=[0b0fbb83] ld      s7, 176(t6)
C0:        288 [1] pc=[0000000080000064] W[r24=f6f5e7c71993cb97][1] R[r31=0000000080010000] R[r 0=0000000000000000] inst=[0b8fbc03] ld      s8, 184(t6)
C0:        305 [1] pc=[0000000080000068] W[r25=a0933b2754c475d5][1] R[r31=0000000080010000] R[r 0=0000000000000000] inst=[0c0fbc83] ld      s9, 192(t6)
C0:        306 [1] pc=[000000008000006c] W[r26=a528fb826ba0fffd][1] R[r31=0000000080010000] R[r 0=0000000000000000] inst=[0c8fbd03] ld      s10, 200(t6)
C0:        307 [1] pc=[0000000080000070] W[r27=e78e5119cb94f826][1] R[r31=0000000080010000] R[r 0=0000000000000000] inst=[0d0fbd83] ld      s11, 208(t6)
C0:        308 [1] pc=[0000000080000074] W[r28=96c4a4125662db9d][1] R[r31=0000000080010000] R[r 0=0000000000000000] inst=[0d8fbe03] ld      t3, 216(t6)
C0:        309 [1] pc=[0000000080000078] W[r29=3107cafd2c232823][1] R[r31=0000000080010000] R[r 0=0000000000000000] inst=[0e0fbe83] ld      t4, 224(t6)
C0:        310 [1] pc=[000000008000007c] W[r30=01386cce83b77e7f][1] R[r31=0000000080010000] R[r 0=0000000000000000] inst=[0e8fbf03] ld      t5, 232(t6)
C0:        362 [1] pc=[0000000080000080] W[r31=323f50cd3e4e1897][1] R[r31=0000000080010000] R[r 0=0000000000000000] inst=[0f0fbf83] ld      t6, 240(t6)
C0:        363 [1] pc=[0000000080000084] W[r 0=0000000080000088][1] R[r 0=0000000000000000] R[r 0=0000000000000000] inst=[30c0006f] j       pc + 0x30c
C0:        386 [1] pc=[0000000080000390] W[r 0=0000000a00000080][1] R[r 0=0000000000000000] R[r 0=0000000000000000] inst=[30005073] csrwi   mstatus, 0
C0:        391 [1] pc=[0000000080000394] W[r10=0000000000000000][1] R[r 0=0000000000000000] R[r 0=0000000000000000] inst=[f1402573] csrr    a0, mhartid
C0:        394 [1] pc=[0000000080000398] W[r 0=0000000000000000][0] R[r10=0000000000000000] R[r 0=0000000000000000] inst=[00051063] bnez    a0, pc + 0
C0:        395 [1] pc=[000000008000039c] W[r 5=000000008000039c][1] R[r 0=0000000000000000] R[r 0=0000000000000000] inst=[00000297] auipc   t0, 0x0
C0:        396 [1] pc=[00000000800003a0] W[r 5=00000000800003b4][1] R[r 5=000000008000039c] R[r 0=0000000000000000] inst=[01828293] addi    t0, t0, 24
C0:        397 [1] pc=[00000000800003a4] W[r 0=0000000000010000][1] R[r 5=00000000800003b4] R[r 0=0000000000000000] inst=[30529073] csrw    mtvec, t0
C0:        402 [1] pc=[00000000800003a8] W[r 0=0000000000e0355d][1] R[r 0=0000000000000000] R[r 0=0000000000000000] inst=[30205073] csrwi   medeleg, 0
C0:        407 [1] pc=[00000000800003ac] W[r 0=0000000000000000][1] R[r 0=0000000000000000] R[r 0=0000000000000000] inst=[30305073] csrwi   mideleg, 0
C0:        412 [1] pc=[00000000800003b0] W[r 0=0000000000000008][1] R[r 0=0000000000000000] R[r 0=0000000000000000] inst=[30405073] csrwi   mie, 0
C0:        417 [1] pc=[00000000800003b4] W[r 5=00000000800003b4][1] R[r 0=0000000000000000] R[r 0=0000000000000000] inst=[00000297] auipc   t0, 0x0
C0:        418 [1] pc=[00000000800003b8] W[r 5=00000000800003c4][1] R[r 5=00000000800003b4] R[r 0=0000000000000000] inst=[01028293] addi    t0, t0, 16
C0:        419 [1] pc=[00000000800003bc] W[r 0=00000000800003b4][1] R[r 5=00000000800003c4] R[r 0=0000000000000000] inst=[30529073] csrw    mtvec, t0
C0:        440 [1] pc=[00000000800003c0] W[r 0=0000024673b8f237][1] R[r 0=0000000000000000] R[r 0=0000000000000000] inst=[18005073] csrwi   satp, 0
C0:        445 [1] pc=[00000000800003c4] W[r 5=00000000800003c4][1] R[r 0=0000000000000000] R[r 0=0000000000000000] inst=[00000297] auipc   t0, 0x0
C0:        446 [1] pc=[00000000800003c8] W[r 5=00000000800003e8][1] R[r 5=00000000800003c4] R[r 0=0000000000000000] inst=[02428293] addi    t0, t0, 36
C0:        447 [1] pc=[00000000800003cc] W[r 0=00000000800003c4][1] R[r 5=00000000800003e8] R[r 0=0000000000000000] inst=[30529073] csrw    mtvec, t0
C0:        452 [1] pc=[00000000800003d0] W[r 5=0000000000000001][1] R[r 0=0000000000000000] R[r 0=0000000000000000] inst=[0010029b] addiw   t0, zero, 1
C0:        453 [1] pc=[00000000800003d4] W[r 5=0020000000000000][1] R[r 5=0000000000000001] R[r 0=0000000000000000] inst=[03529293] slli    t0, t0, 53
C0:        454 [1] pc=[00000000800003d8] W[r 5=001fffffffffffff][1] R[r 5=0020000000000000] R[r 0=0000000000000000] inst=[fff28293] addi    t0, t0, -1
C0:        455 [1] pc=[00000000800003dc] W[r 0=0000000028d90b3c][1] R[r 5=001fffffffffffff] R[r 0=0000000000000000] inst=[3b029073] csrw    pmpaddr0, t0
C0:        460 [1] pc=[00000000800003e0] W[r 5=000000000000001f][1] R[r 0=0000000000000000] R[r 0=0000000000000000] inst=[01f00293] li      t0, 31
C0:        461 [1] pc=[00000000800003e4] W[r 0=0007010003050304][1] R[r 5=000000000000001f] R[r 0=0000000000000000] inst=[3a029073] csrw    pmpcfg0, t0
C0:        466 [1] pc=[00000000800003e8] W[r 5=00000000800003e8][1] R[r 0=0000000000000000] R[r 0=0000000000000000] inst=[00000297] auipc   t0, 0x0
C0:        467 [1] pc=[00000000800003ec] W[r 5=000000008000014c][1] R[r 5=00000000800003e8] R[r 0=0000000000000000] inst=[d6428293] addi    t0, t0, -668
C0:        468 [1] pc=[00000000800003f0] W[r 0=00000000800003e8][1] R[r 5=000000008000014c] R[r 0=0000000000000000] inst=[30529073] csrw    mtvec, t0
C0:        473 [1] pc=[00000000800003f4] W[r 3=0000000000000000][1] R[r 0=0000000000000000] R[r 0=0000000000000000] inst=[00000193] li      gp, 0
C0:        474 [1] pc=[00000000800003f8] W[r10=0000000000000001][1] R[r 0=0000000000000000] R[r 0=0000000000000000] inst=[00100513] li      a0, 1
C0:        475 [1] pc=[00000000800003fc] W[r10=0000000080000000][1] R[r10=0000000000000001] R[r 0=0000000000000000] inst=[01f51513] slli    a0, a0, 31
C0:        497 [1] pc=[0000000080000400] W[r 0=0000000000000000][0] R[r10=0000000080000000] R[r 0=0000000000000000] inst=[00055c63] bgez    a0, pc + 24
C0:        501 [1] pc=[0000000080000418] W[r 5=0000000080000418][1] R[r 0=0000000000000000] R[r 0=0000000000000000] inst=[00000297] auipc   t0, 0x0
C0:        502 [1] pc=[000000008000041c] W[r 5=0000000080000114][1] R[r 5=0000000080000418] R[r 0=0000000000000000] inst=[cfc28293] addi    t0, t0, -772
C0:        503 [1] pc=[0000000080000420] W[r 0=ffffffd6f995f0c8][1] R[r 5=0000000080000114] R[r 0=0000000000000000] inst=[10529073] csrw    stvec, t0
C0:        508 [1] pc=[0000000080000424] W[r 5=000000000000b000][1] R[r 0=0000000000000000] R[r 0=0000000000000000] inst=[0000b2b7] lui     t0, 0xb
C0:        509 [1] pc=[0000000080000428] W[r 5=000000000000b109][1] R[r 5=000000000000b000] R[r 0=0000000000000000] inst=[1092829b] addiw   t0, t0, 265
C0:        510 [1] pc=[000000008000042c] W[r 0=0000000000000000][1] R[r 5=000000000000b109] R[r 0=0000000000000000] inst=[3022a073] csrs    medeleg, t0
C0:        515 [1] pc=[0000000080000430] W[r10=0000000000006000][1] R[r 0=0000000000000000] R[r 0=0000000000000000] inst=[00006537] lui     a0, 0x6
C0:        516 [1] pc=[0000000080000434] W[r 0=0000000a00000000][1] R[r10=0000000000006000] R[r 0=0000000000000000] inst=[30052073] csrs    mstatus, a0
C0:        521 [1] pc=[0000000080000438] W[r 0=000000000000003f][1] R[r 0=0000000000000000] R[r 0=0000000000000000] inst=[00305073] csrwi   fcsr, 0
C0:        526 [1] pc=[000000008000043c] W[r 1=0000000080000440][1] R[r 0=0000000000000000] R[r 0=0000000000000000] inst=[c4dff0ef] jal     pc - 0x3b4
C0:        527 [1] pc=[0000000080000088] W[r31=0000000080020088][1] R[r 0=0000000000000000] R[r 0=0000000000000000] inst=[00020f97] auipc   t6, 0x20
C0:        528 [1] pc=[000000008000008c] W[r31=0000000080020000][1] R[r31=0000000080020088] R[r 0=0000000000000000] inst=[f78f8f93] addi    t6, t6, -136
C0:        574 [1] pc=[0000000080000090] W[r 0=0000000000000000][0] R[r31=0000000080020000] R[r 0=0000000000000000] inst=[000fa007] flw     ft0, 0(t6)
C0:        575 [1] pc=[0000000080000094] W[r 1=0000000000000000][0] R[r31=0000000080020000] R[r 0=0000000000000000] inst=[008fa087] flw     ft1, 8(t6)
C0:        576 [1] pc=[0000000080000098] W[r 2=0000000000000000][0] R[r31=0000000080020000] R[r 0=0000000000000000] inst=[010fa107] flw     ft2, 16(t6)
C0:        577 [1] pc=[000000008000009c] W[r 3=0000000000000000][0] R[r31=0000000080020000] R[r 0=0000000000000000] inst=[018fb187] fld     ft3, 24(t6)
C0:        578 [1] pc=[00000000800000a0] W[r 4=0000000000000000][0] R[r31=0000000080020000] R[r 0=0000000000000000] inst=[020fb207] fld     ft4, 32(t6)
C0:        579 [1] pc=[00000000800000a4] W[r 5=0000000000000000][0] R[r31=0000000080020000] R[r 0=0000000000000000] inst=[028fb287] fld     ft5, 40(t6)
C0:        580 [1] pc=[00000000800000a8] W[r 6=0000000000000000][0] R[r31=0000000080020000] R[r 0=0000000000000000] inst=[030fb307] fld     ft6, 48(t6)
C0:        581 [1] pc=[00000000800000ac] W[r 7=0000000000000000][0] R[r31=0000000080020000] R[r 0=0000000000000000] inst=[038fa387] flw     ft7, 56(t6)
C0:        632 [1] pc=[00000000800000b0] W[r 8=0000000000000000][0] R[r31=0000000080020000] R[r 0=0000000000000000] inst=[040fb407] fld     fs0, 64(t6)
C0:        633 [1] pc=[00000000800000b4] W[r 9=0000000000000000][0] R[r31=0000000080020000] R[r 0=0000000000000000] inst=[048fb487] fld     fs1, 72(t6)
C0:        634 [1] pc=[00000000800000b8] W[r10=0000000000000000][0] R[r31=0000000080020000] R[r 0=0000000000000000] inst=[050fa507] flw     fa0, 80(t6)
C0:        635 [1] pc=[00000000800000bc] W[r11=0000000000000000][0] R[r31=0000000080020000] R[r 0=0000000000000000] inst=[058fb587] fld     fa1, 88(t6)
C0:        657 [1] pc=[00000000800000c0] W[r12=0000000000000000][0] R[r31=0000000080020000] R[r 0=0000000000000000] inst=[060fb607] fld     fa2, 96(t6)
C0:        658 [1] pc=[00000000800000c4] W[r13=0000000000000000][0] R[r31=0000000080020000] R[r 0=0000000000000000] inst=[068fb687] fld     fa3, 104(t6)
C0:        659 [1] pc=[00000000800000c8] W[r14=0000000000000000][0] R[r31=0000000080020000] R[r 0=0000000000000000] inst=[070fa707] flw     fa4, 112(t6)
C0:        660 [1] pc=[00000000800000cc] W[r15=0000000000000000][0] R[r31=0000000080020000] R[r 0=0000000000000000] inst=[078fb787] fld     fa5, 120(t6)
C0:        677 [1] pc=[00000000800000d0] W[r16=0000000000000000][0] R[r31=0000000080020000] R[r 0=0000000000000000] inst=[080fb807] fld     fa6, 128(t6)
C0:        678 [1] pc=[00000000800000d4] W[r17=0000000000000000][0] R[r31=0000000080020000] R[r 0=0000000000000000] inst=[088fa887] flw     fa7, 136(t6)
C0:        679 [1] pc=[00000000800000d8] W[r18=0000000000000000][0] R[r31=0000000080020000] R[r 0=0000000000000000] inst=[090fa907] flw     fs2, 144(t6)
C0:        680 [1] pc=[00000000800000dc] W[r19=0000000000000000][0] R[r31=0000000080020000] R[r 0=0000000000000000] inst=[098fa987] flw     fs3, 152(t6)
C0:        681 [1] pc=[00000000800000e0] W[r20=0000000000000000][0] R[r31=0000000080020000] R[r 0=0000000000000000] inst=[0a0fba07] fld     fs4, 160(t6)
C0:        682 [1] pc=[00000000800000e4] W[r21=0000000000000000][0] R[r31=0000000080020000] R[r 0=0000000000000000] inst=[0a8faa87] flw     fs5, 168(t6)
C0:        683 [1] pc=[00000000800000e8] W[r22=0000000000000000][0] R[r31=0000000080020000] R[r 0=0000000000000000] inst=[0b0fbb07] fld     fs6, 176(t6)
C0:        684 [1] pc=[00000000800000ec] W[r23=0000000000000000][0] R[r31=0000000080020000] R[r 0=0000000000000000] inst=[0b8fbb87] fld     fs7, 184(t6)
C0:        730 [1] pc=[00000000800000f0] W[r24=0000000000000000][0] R[r31=0000000080020000] R[r 0=0000000000000000] inst=[0c0fbc07] fld     fs8, 192(t6)
C0:        731 [1] pc=[00000000800000f4] W[r25=0000000000000000][0] R[r31=0000000080020000] R[r 0=0000000000000000] inst=[0c8fbc87] fld     fs9, 200(t6)
C0:        732 [1] pc=[00000000800000f8] W[r26=0000000000000000][0] R[r31=0000000080020000] R[r 0=0000000000000000] inst=[0d0fbd07] fld     fs10, 208(t6)
C0:        733 [1] pc=[00000000800000fc] W[r27=0000000000000000][0] R[r31=0000000080020000] R[r 0=0000000000000000] inst=[0d8fbd87] fld     fs11, 216(t6)
C0:        783 [1] pc=[0000000080000100] W[r28=0000000000000000][0] R[r31=0000000080020000] R[r 0=0000000000000000] inst=[0e0fbe07] fld     ft8, 224(t6)
C0:        784 [1] pc=[0000000080000104] W[r29=0000000000000000][0] R[r31=0000000080020000] R[r 0=0000000000000000] inst=[0e8fae87] flw     ft9, 232(t6)
C0:        785 [1] pc=[0000000080000108] W[r30=0000000000000000][0] R[r31=0000000080020000] R[r 0=0000000000000000] inst=[0f0faf07] flw     ft10, 240(t6)
C0:        786 [1] pc=[000000008000010c] W[r31=0000000000000000][0] R[r31=0000000080020000] R[r 0=0000000000000000] inst=[0f8faf87] flw     ft11, 248(t6)
C0:        787 [1] pc=[0000000080000110] W[r 0=0000000080000114][1] R[r 1=0000000080000440] R[r 0=0000000000000000] inst=[00008067] ret
C0:        810 [1] pc=[0000000080000440] W[r 0=000000000000008c][1] R[r 0=0000000000000000] R[r 0=0000000000000000] inst=[b0201073] csrw    minstret, zero
C0:        815 [1] pc=[0000000080000444] W[r10=0000000000000000][1] R[r 0=0000000000000000] R[r 0=0000000000000000] inst=[f1402573] csrr    a0, mhartid
C0:        816 [1] pc=[0000000080000448] W[r14=0000000000000000][1] R[r 0=0000000000000000] R[r 0=0000000000000000] inst=[30447773] csrrci  a4, mie, 8
C0:        821 [1] pc=[000000008000044c] W[r 5=000000008000044c][1] R[r 0=0000000000000000] R[r 0=0000000000000000] inst=[00000297] auipc   t0, 0x0
C0:        822 [1] pc=[0000000080000450] W[r 5=0000000080000480][1] R[r 5=000000008000044c] R[r 0=0000000000000000] inst=[03428293] addi    t0, t0, 52
C0:        823 [1] pc=[0000000080000454] W[r 0=0000000080000000][1] R[r 5=0000000080000480] R[r 0=0000000000000000] inst=[34129073] csrw    mepc, t0
C0:        824 [1] pc=[0000000080000458] W[r 5=0000000000000000][1] R[r 0=0000000000000000] R[r 0=0000000000000000] inst=[00000293] li      t0, 0
C0:        825 [1] pc=[000000008000045c] W[r 0=0000000000000000][0] R[r 0=0000000000000000] R[r 0=0000000000000000] inst=[30200073] mret
C0:        846 [1] pc=[0000000080000480] W[r15=0000000000000000][0] R[r28=96c4a4125662db9d] R[r 4=59cabe955ce577db] inst=[024e67b3] rem     a5, t3, tp
C0:        847 [1] pc=[0000000080000484] W[r 2=0000000080000484][1] R[r 0=0000000000000000] R[r 0=0000000000000000] inst=[00000117] auipc   sp, 0x0
C0:        848 [1] pc=[0000000080000488] W[r 2=00000000800007f8][1] R[r 2=0000000080000484] R[r 0=0000000000000000] inst=[37410113] addi    sp, sp, 884
C0:        849 [1] pc=[000000008000048c] W[r10=0000000080000490][1] R[r 2=00000000800007f8] R[r 0=0000000000000000] inst=[00010567] jalr    a0, sp, 0
C0:        874 [1] pc=[00000000800007f8] W[r10=00000000666c38f9][1] R[r10=0000000080000490] R[r24=f6f5e7c71993cb97] inst=[4185053b] subw    a0, a0, s8
C0:        875 [1] pc=[00000000800007fc] W[r25=0000000000000000][0] R[r28=96c4a4125662db9d] R[r15=f08f62a7b3485378] inst=[02fe0cb3] mul     s9, t3, a5
C0:        897 [1] pc=[0000000080000800] W[r13=0000000000000000][0] R[r15=96c4a4125662db9f] R[r28=f08f62a7b348537b] inst=[21c796d3] fsgnjn.s fa3, fa5, ft8
C0:        898 [0] pc=[0000000080000804] W[r 0=0000000000000000][0] R[r 0=0000000000000000] R[r 0=0000000000000000] inst=[00000073] ecall
C0:        903 [1] pc=[0000000080000114] W[r28=7fffffffffffffff][1] R[r26=00000000c0001073] R[r 0=0000000000000000] inst=[c02d4e53] fcvt.l.s t3, fs10
C0:        904 [1] pc=[0000000080000118] W[r 7=0000000080010118][1] R[r 0=0000000000000000] R[r 0=0000000000000000] inst=[00010397] auipc   t2, 0x10
C0:        905 [1] pc=[000000008000011c] W[r 7=0000000080010040][1] R[r 7=0000000080010118] R[r 0=0000000000000000] inst=[f2838393] addi    t2, t2, -216
C0:        906 [1] pc=[0000000080000120] W[r 7=0000000080010030][1] R[r 7=0000000080010040] R[r 0=0000000000000000] inst=[ff038393] addi    t2, t2, -16
C0:        907 [1] pc=[0000000080000124] W[r 6=ffffffffffe00000][1] R[r 0=0000000000000000] R[r 0=0000000000000000] inst=[ffe00337] lui     t1, 0xffe00
C0:        908 [1] pc=[0000000080000128] W[r 7=ffffffff7fe10030][1] R[r 7=0000000080010030] R[r 6=ffffffffffe00000] inst=[0063c3b3] xor     t2, t2, t1
C0:        909 [0] pc=[000000008000012c] W[r31=0000000000000000][0] R[r 7=ffffffff7fe10030] R[r 6=ffffffffffe00000] inst=[a063afaf] amomax.w t6, t1, (t2)
C0:        930 [1] pc=[000000008000014c] W[r 1=000000008000214c][1] R[r 0=0000000000000000] R[r 0=0000000000000000] inst=[00002097] auipc   ra, 0x2
C0:        931 [1] pc=[0000000080000150] W[r 1=0000000080002200][1] R[r 1=000000008000214c] R[r 0=0000000000000000] inst=[0b408093] addi    ra, ra, 180
C0:        932 [1] pc=[0000000080000154] W[r 2=8000000200006000][1] R[r 0=0000000000000000] R[r 0=0000000000000000] inst=[10002173] csrr    sp, sstatus
C0:        951 [1] pc=[0000000080000158] W[r 0=0000000000000000][0] R[r 1=0000000080002200] R[r 2=8000000200006000] inst=[0420bc23] sd      sp, 88(ra)
C0:        952 [1] pc=[000000008000015c] W[r 2=0000000000000000][1] R[r 0=0000000000000000] R[r 0=0000000000000000] inst=[10402173] csrr    sp, sie
C0:        955 [1] pc=[0000000080000160] W[r 0=0000000000000000][0] R[r 1=0000000080002200] R[r 2=0000000000000000] inst=[0620b823] sd      sp, 112(ra)
C0:        956 [1] pc=[0000000080000164] W[r 2=0000000080000114][1] R[r 0=0000000000000000] R[r 0=0000000000000000] inst=[10502173] csrr    sp, stvec
C0:        959 [1] pc=[0000000080000168] W[r 0=0000000000000000][0] R[r 1=0000000080002200] R[r 2=0000000080000114] inst=[0620bc23] sd      sp, 120(ra)
C0:        960 [1] pc=[000000008000016c] W[r 2=0000000000000005][1] R[r 0=0000000000000000] R[r 0=0000000000000000] inst=[10602173] csrr    sp, scounteren
C0:        979 [1] pc=[0000000080000170] W[r 0=0000000000000000][0] R[r 1=0000000080002200] R[r 2=0000000000000005] inst=[0820b023] sd      sp, 128(ra)
C0:        980 [1] pc=[0000000080000174] W[r 2=03705509c02a405b][1] R[r 0=0000000000000000] R[r 0=0000000000000000] inst=[14002173] csrr    sp, sscratch
C0:        983 [1] pc=[0000000080000178] W[r 0=0000000000000000][0] R[r 1=0000000080002200] R[r 2=03705509c02a405b] inst=[0820b423] sd      sp, 136(ra)
C0:        984 [1] pc=[000000008000017c] W[r 2=0000000080000804][1] R[r 0=0000000000000000] R[r 0=0000000000000000] inst=[14102173] csrr    sp, sepc
C0:       1034 [1] pc=[0000000080000180] W[r 0=0000000000000000][0] R[r 1=0000000080002200] R[r 2=0000000080000804] inst=[0820b823] sd      sp, 144(ra)
C0:       1035 [1] pc=[0000000080000184] W[r 2=0000000000000008][1] R[r 0=0000000000000000] R[r 0=0000000000000000] inst=[14202173] csrr    sp, scause
C0:       1038 [1] pc=[0000000080000188] W[r 0=0000000000000000][0] R[r 1=0000000080002200] R[r 2=0000000000000008] inst=[0820bc23] sd      sp, 152(ra)
C0:       1039 [1] pc=[000000008000018c] W[r 2=0000000000000000][1] R[r 0=0000000000000000] R[r 0=0000000000000000] inst=[14302173] csrr    sp, stval
C0:       1042 [1] pc=[0000000080000190] W[r 0=0000000000000000][0] R[r 1=0000000080002200] R[r 2=0000000000000000] inst=[0a20b023] sd      sp, 160(ra)
C0:       1043 [1] pc=[0000000080000194] W[r 2=0000000000000000][1] R[r 0=0000000000000000] R[r 0=0000000000000000] inst=[14402173] csrr    sp, sip
C0:       1046 [1] pc=[0000000080000198] W[r 2=0000000000000000][1] R[r 2=0000000000000000] R[r 0=0000000000000000] inst=[f7f17113] andi    sp, sp, -129
C0:       1047 [1] pc=[000000008000019c] W[r 0=0000000000000000][0] R[r 1=0000000080002200] R[r 2=0000000000000000] inst=[0a20b423] sd      sp, 168(ra)
C0:       1048 [1] pc=[00000000800001a0] W[r 2=0000000000000000][1] R[r 0=0000000000000000] R[r 0=0000000000000000] inst=[18002173] csrr    sp, satp
C0:       1051 [1] pc=[00000000800001a4] W[r 0=0000000000000000][0] R[r 1=0000000080002200] R[r 2=0000000000000000] inst=[0a20b823] sd      sp, 176(ra)
C0:       1052 [1] pc=[00000000800001a8] W[r 2=0000000000000000][1] R[r 0=0000000000000000] R[r 0=0000000000000000] inst=[f1402173] csrr    sp, mhartid
C0:       1055 [1] pc=[00000000800001ac] W[r 0=0000000000000000][0] R[r 1=0000000080002200] R[r 2=0000000000000000] inst=[0a20bc23] sd      sp, 184(ra)
C0:       1056 [1] pc=[00000000800001b0] W[r 2=8000000a00006800][1] R[r 0=0000000000000000] R[r 0=0000000000000000] inst=[30002173] csrr    sp, mstatus
C0:       1075 [1] pc=[00000000800001b4] W[r 0=0000000000000000][0] R[r 1=0000000080002200] R[r 2=8000000a00006800] inst=[0c20b023] sd      sp, 192(ra)
C0:       1076 [1] pc=[00000000800001b8] W[r 2=000000000000b109][1] R[r 0=0000000000000000] R[r 0=0000000000000000] inst=[30202173] csrr    sp, medeleg
C0:       1079 [1] pc=[00000000800001bc] W[r 0=0000000000000000][0] R[r 1=0000000080002200] R[r 2=000000000000b109] inst=[0c20b423] sd      sp, 200(ra)
C0:       1101 [1] pc=[00000000800001c0] W[r 2=0000000000000000][1] R[r 0=0000000000000000] R[r 0=0000000000000000] inst=[30302173] csrr    sp, mideleg
C0:       1104 [1] pc=[00000000800001c4] W[r 0=0000000000000000][0] R[r 1=0000000080002200] R[r 2=0000000000000000] inst=[0c20b823] sd      sp, 208(ra)
C0:       1105 [1] pc=[00000000800001c8] W[r 2=0000000000000000][1] R[r 0=0000000000000000] R[r 0=0000000000000000] inst=[30402173] csrr    sp, mie
C0:       1108 [1] pc=[00000000800001cc] W[r 0=0000000000000000][0] R[r 1=0000000080002200] R[r 2=0000000000000000] inst=[0c20bc23] sd      sp, 216(ra)
C0:       1109 [1] pc=[00000000800001d0] W[r 2=000000008000014c][1] R[r 0=0000000000000000] R[r 0=0000000000000000] inst=[30502173] csrr    sp, mtvec
C0:       1112 [1] pc=[00000000800001d4] W[r 0=0000000000000000][0] R[r 1=0000000080002200] R[r 2=000000008000014c] inst=[0e20b023] sd      sp, 224(ra)
C0:       1113 [1] pc=[00000000800001d8] W[r 2=0000000000000003][1] R[r 0=0000000000000000] R[r 0=0000000000000000] inst=[30602173] csrr    sp, mcounteren
C0:       1116 [1] pc=[00000000800001dc] W[r 0=0000000000000000][0] R[r 1=0000000080002200] R[r 2=0000000000000003] inst=[0e20b423] sd      sp, 232(ra)
C0:       1117 [1] pc=[00000000800001e0] W[r 2=892fc0120650df0c][1] R[r 0=0000000000000000] R[r 0=0000000000000000] inst=[34002173] csrr    sp, mscratch
C0:       1120 [1] pc=[00000000800001e4] W[r 0=0000000000000000][0] R[r 1=0000000080002200] R[r 2=892fc0120650df0c] inst=[0e20b823] sd      sp, 240(ra)
C0:       1121 [1] pc=[00000000800001e8] W[r 2=000000008000012c][1] R[r 0=0000000000000000] R[r 0=0000000000000000] inst=[34102173] csrr    sp, mepc
C0:       1124 [1] pc=[00000000800001ec] W[r 0=0000000000000000][0] R[r 1=0000000080002200] R[r 2=000000008000012c] inst=[0e20bc23] sd      sp, 248(ra)
C0:       1125 [1] pc=[00000000800001f0] W[r 2=0000000000000007][1] R[r 0=0000000000000000] R[r 0=0000000000000000] inst=[34202173] csrr    sp, mcause
C0:       1144 [1] pc=[00000000800001f4] W[r 0=0000000000000000][0] R[r 1=0000000080002200] R[r 2=0000000000000007] inst=[1020b023] sd      sp, 256(ra)
C0:       1145 [1] pc=[00000000800001f8] W[r 2=ffffffff7fe10030][1] R[r 0=0000000000000000] R[r 0=0000000000000000] inst=[34302173] csrr    sp, mtval
C0:       1148 [1] pc=[00000000800001fc] W[r 0=0000000000000000][0] R[r 1=0000000080002200] R[r 2=ffffffff7fe10030] inst=[1020b423] sd      sp, 264(ra)
C0:       1170 [1] pc=[0000000080000200] W[r 2=0000000000000020][1] R[r 0=0000000000000000] R[r 0=0000000000000000] inst=[34402173] csrr    sp, mip
C0:       1173 [1] pc=[0000000080000204] W[r 2=0000000000000020][1] R[r 2=0000000000000020] R[r 0=0000000000000000] inst=[f7f17113] andi    sp, sp, -129
C0:       1174 [1] pc=[0000000080000208] W[r 0=0000000000000000][0] R[r 1=0000000080002200] R[r 2=0000000000000020] inst=[1020b823] sd      sp, 272(ra)
C0:       1175 [1] pc=[000000008000020c] W[r 2=000000000000001f][1] R[r 0=0000000000000000] R[r 0=0000000000000000] inst=[3a002173] csrr    sp, pmpcfg0
C0:       1178 [1] pc=[0000000080000210] W[r 0=0000000000000000][0] R[r 1=0000000080002200] R[r 2=000000000000001f] inst=[1020bc23] sd      sp, 280(ra)
C0:       1179 [1] pc=[0000000080000214] W[r 2=000000003fffffff][1] R[r 0=0000000000000000] R[r 0=0000000000000000] inst=[3b002173] csrr    sp, pmpaddr0
C0:       1182 [1] pc=[0000000080000218] W[r 0=0000000000000000][0] R[r 1=0000000080002200] R[r 2=000000003fffffff] inst=[1220bc23] sd      sp, 312(ra)
C0:       1183 [1] pc=[000000008000021c] W[r 2=0000000007955f37][1] R[r 0=0000000000000000] R[r 0=0000000000000000] inst=[3b102173] csrr    sp, pmpaddr1
C0:       1202 [1] pc=[0000000080000220] W[r 0=0000000000000000][0] R[r 1=0000000080002200] R[r 2=0000000007955f37] inst=[1420b023] sd      sp, 320(ra)
C0:       1203 [1] pc=[0000000080000224] W[r 2=00000000040c5558][1] R[r 0=0000000000000000] R[r 0=0000000000000000] inst=[3b202173] csrr    sp, pmpaddr2
C0:       1206 [1] pc=[0000000080000228] W[r 0=0000000000000000][0] R[r 1=0000000080002200] R[r 2=00000000040c5558] inst=[1420b423] sd      sp, 328(ra)
C0:       1207 [1] pc=[000000008000022c] W[r 2=000000000e7595dc][1] R[r 0=0000000000000000] R[r 0=0000000000000000] inst=[3b302173] csrr    sp, pmpaddr3
C0:       1210 [1] pc=[0000000080000230] W[r 0=0000000000000000][0] R[r 1=0000000080002200] R[r 2=000000000e7595dc] inst=[1420b823] sd      sp, 336(ra)
C0:       1211 [1] pc=[0000000080000234] W[r 2=0000000021de349c][1] R[r 0=0000000000000000] R[r 0=0000000000000000] inst=[3b402173] csrr    sp, pmpaddr4
C0:       1214 [1] pc=[0000000080000238] W[r 0=0000000000000000][0] R[r 1=0000000080002200] R[r 2=0000000021de349c] inst=[1420bc23] sd      sp, 344(ra)
C0:       1215 [1] pc=[000000008000023c] W[r 2=000000001b9b4330][1] R[r 0=0000000000000000] R[r 0=0000000000000000] inst=[3b502173] csrr    sp, pmpaddr5
C0:       1237 [1] pc=[0000000080000240] W[r 0=0000000000000000][0] R[r 1=0000000080002200] R[r 2=000000001b9b4330] inst=[1620b023] sd      sp, 352(ra)
C0:       1238 [1] pc=[0000000080000244] W[r 2=00000000060df5d0][1] R[r 0=0000000000000000] R[r 0=0000000000000000] inst=[3b602173] csrr    sp, pmpaddr6
C0:       1241 [1] pc=[0000000080000248] W[r 0=0000000000000000][0] R[r 1=0000000080002200] R[r 2=00000000060df5d0] inst=[1620b423] sd      sp, 360(ra)
C0:       1242 [1] pc=[000000008000024c] W[r 2=000000001a73e500][1] R[r 0=0000000000000000] R[r 0=0000000000000000] inst=[3b702173] csrr    sp, pmpaddr7
C0:       1245 [1] pc=[0000000080000250] W[r 0=0000000000000000][0] R[r 1=0000000080002200] R[r 2=000000001a73e500] inst=[1620b823] sd      sp, 368(ra)
C0:       1246 [1] pc=[0000000080000254] W[r10=0000000000006000][1] R[r 0=0000000000000000] R[r 0=0000000000000000] inst=[00006537] lui     a0, 0x6
C0:       1247 [1] pc=[0000000080000258] W[r 0=8000000a00006800][1] R[r10=0000000000006000] R[r 0=0000000000000000] inst=[30052073] csrs    mstatus, a0
C0:       1252 [1] pc=[000000008000025c] W[r 2=0000000000000010][1] R[r 0=0000000000000000] R[r 0=0000000000000000] inst=[00102173] csrr    sp, fflags
C0:       1255 [1] pc=[0000000080000260] W[r 0=0000000000000000][0] R[r 1=0000000080002200] R[r 2=0000000000000010] inst=[0420b023] sd      sp, 64(ra)
C0:       1256 [1] pc=[0000000080000264] W[r 2=0000000000000000][1] R[r 0=0000000000000000] R[r 0=0000000000000000] inst=[00202173] csrr    sp, frm
C0:       1259 [1] pc=[0000000080000268] W[r 0=0000000000000000][0] R[r 1=0000000080002200] R[r 2=0000000000000000] inst=[0420b423] sd      sp, 72(ra)
C0:       1260 [1] pc=[000000008000026c] W[r 2=0000000000000010][1] R[r 0=0000000000000000] R[r 0=0000000000000000] inst=[00302173] csrr    sp, fcsr
C0:       1263 [1] pc=[0000000080000270] W[r 0=0000000000000000][0] R[r 1=0000000080002200] R[r 2=0000000000000010] inst=[0420b823] sd      sp, 80(ra)
C0:       1264 [1] pc=[0000000080000274] W[r 1=0000000080002274][1] R[r 0=0000000000000000] R[r 0=0000000000000000] inst=[00002097] auipc   ra, 0x2
C0:       1265 [1] pc=[0000000080000278] W[r 1=0000000080002000][1] R[r 1=0000000080002274] R[r 0=0000000000000000] inst=[d8c08093] addi    ra, ra, -628
C0:       1282 [1] pc=[000000008000027c] W[r 0=0000000000000000][0] R[r 1=0000000080002000] R[r 0=0000000000000000] inst=[0000b023] sd      zero, 0(ra)
C0:       1293 [1] pc=[0000000080000280] W[r 0=0000000000000000][0] R[r 1=0000000080002000] R[r 2=0000000000000010] inst=[0020b823] sd      sp, 16(ra)
C0:       1294 [1] pc=[0000000080000284] W[r 0=0000000000000000][0] R[r 1=0000000080002000] R[r 3=0000000000000000] inst=[0030bc23] sd      gp, 24(ra)
C0:       1295 [1] pc=[0000000080000288] W[r 0=0000000000000000][0] R[r 1=0000000080002000] R[r 4=59cabe955ce577db] inst=[0240b023] sd      tp, 32(ra)
C0:       1296 [1] pc=[000000008000028c] W[r 0=0000000000000000][0] R[r 1=0000000080002000] R[r 5=0000000000000000] inst=[0250b423] sd      t0, 40(ra)
C0:       1297 [1] pc=[0000000080000290] W[r 0=0000000000000000][0] R[r 1=0000000080002000] R[r 6=ffffffffffe00000] inst=[0260b823] sd      t1, 48(ra)
C0:       1298 [1] pc=[0000000080000294] W[r 0=0000000000000000][0] R[r 1=0000000080002000] R[r 7=ffffffff7fe10030] inst=[0270bc23] sd      t2, 56(ra)
C0:       1315 [1] pc=[0000000080000298] W[r 0=0000000000000000][0] R[r 1=0000000080002000] R[r 8=0310dc2bfc86cc85] inst=[0480b023] sd      s0, 64(ra)
C0:       1316 [1] pc=[000000008000029c] W[r 0=0000000000000000][0] R[r 1=0000000080002000] R[r 9=91bb1c4d7f979149] inst=[0490b423] sd      s1, 72(ra)
C0:       1317 [1] pc=[00000000800002a0] W[r 0=0000000000000000][0] R[r 1=0000000080002000] R[r10=0000000000006000] inst=[04a0b823] sd      a0, 80(ra)
C0:       1318 [1] pc=[00000000800002a4] W[r 0=0000000000000000][0] R[r 1=0000000080002000] R[r11=c05a915c95258bac] inst=[04b0bc23] sd      a1, 88(ra)
C0:       1319 [1] pc=[00000000800002a8] W[r 0=0000000000000000][0] R[r 1=0000000080002000] R[r12=e0d20fa6beeaee58] inst=[06c0b023] sd      a2, 96(ra)
C0:       1320 [1] pc=[00000000800002ac] W[r 0=0000000000000000][0] R[r 1=0000000080002000] R[r13=0b448c7eaf27471d] inst=[06d0b423] sd      a3, 104(ra)
C0:       1321 [1] pc=[00000000800002b0] W[r 0=0000000000000000][0] R[r 1=0000000080002000] R[r14=0000000000000000] inst=[06e0b823] sd      a4, 112(ra)
C0:       1322 [1] pc=[00000000800002b4] W[r 0=0000000000000000][0] R[r 1=0000000080002000] R[r15=f08f62a7b3485378] inst=[06f0bc23] sd      a5, 120(ra)
C0:       1339 [1] pc=[00000000800002b8] W[r 0=0000000000000000][0] R[r 1=0000000080002000] R[r16=3721bb9720b532da] inst=[0900b023] sd      a6, 128(ra)
C0:       1340 [1] pc=[00000000800002bc] W[r 0=0000000000000000][0] R[r 1=0000000080002000] R[r17=a76a95d60e6e9064] inst=[0910b423] sd      a7, 136(ra)
C0:       1362 [1] pc=[00000000800002c0] W[r 0=0000000000000000][0] R[r 1=0000000080002000] R[r18=4f782ecf5ceae05f] inst=[0920b823] sd      s2, 144(ra)
C0:       1363 [1] pc=[00000000800002c4] W[r 0=0000000000000000][0] R[r 1=0000000080002000] R[r19=7c07bc947154f6ba] inst=[0930bc23] sd      s3, 152(ra)
C0:       1364 [1] pc=[00000000800002c8] W[r 0=0000000000000000][0] R[r 1=0000000080002000] R[r20=848da5d26614b95e] inst=[0b40b023] sd      s4, 160(ra)
C0:       1365 [1] pc=[00000000800002cc] W[r 0=0000000000000000][0] R[r 1=0000000080002000] R[r21=6c558b366b58f863] inst=[0b50b423] sd      s5, 168(ra)
C0:       1366 [1] pc=[00000000800002d0] W[r 0=0000000000000000][0] R[r 1=0000000080002000] R[r22=fe8356854eabb04e] inst=[0b60b823] sd      s6, 176(ra)
C0:       1367 [1] pc=[00000000800002d4] W[r 0=0000000000000000][0] R[r 1=0000000080002000] R[r23=4d5a0032846778dc] inst=[0b70bc23] sd      s7, 184(ra)
C0:       1384 [1] pc=[00000000800002d8] W[r 0=0000000000000000][0] R[r 1=0000000080002000] R[r24=f6f5e7c71993cb97] inst=[0d80b023] sd      s8, 192(ra)
C0:       1385 [1] pc=[00000000800002dc] W[r 0=0000000000000000][0] R[r 1=0000000080002000] R[r25=7430a36216b2d898] inst=[0d90b423] sd      s9, 200(ra)
C0:       1386 [1] pc=[00000000800002e0] W[r 0=0000000000000000][0] R[r 1=0000000080002000] R[r27=e78e5119cb94f826] inst=[0db0bc23] sd      s11, 216(ra)
C0:       1387 [1] pc=[00000000800002e4] W[r 0=0000000000000000][0] R[r 1=0000000080002000] R[r28=7fffffffffffffff] inst=[0fc0b023] sd      t3, 224(ra)
C0:       1388 [1] pc=[00000000800002e8] W[r 0=0000000000000000][0] R[r 1=0000000080002000] R[r29=3107cafd2c232823] inst=[0fd0b423] sd      t4, 232(ra)
C0:       1389 [1] pc=[00000000800002ec] W[r 0=0000000000000000][0] R[r 1=0000000080002000] R[r30=01386cce83b77e7f] inst=[0fe0b823] sd      t5, 240(ra)
C0:       1390 [1] pc=[00000000800002f0] W[r 1=00000000800022f0][1] R[r 0=0000000000000000] R[r 0=0000000000000000] inst=[00002097] auipc   ra, 0x2
C0:       1391 [1] pc=[00000000800002f4] W[r 1=0000000080002100][1] R[r 1=00000000800022f0] R[r 0=0000000000000000] inst=[e1008093] addi    ra, ra, -496
C0:       1408 [1] pc=[00000000800002f8] W[r 0=0000000000000000][0] R[r 1=0000000080002100] R[r 1=01386cce83b77e7f] inst=[0010a427] fsw     ft1, 8(ra)
C0:       1409 [1] pc=[00000000800002fc] W[r 0=0000000000000000][0] R[r 1=0000000080002100] R[r 2=01386cce83b77e7f] inst=[0020a827] fsw     ft2, 16(ra)
C0:       1431 [1] pc=[0000000080000300] W[r 0=0000000000000000][0] R[r 1=0000000080002100] R[r 7=01386cce83b77e7f] inst=[0270ac27] fsw     ft7, 56(ra)
C0:       1448 [1] pc=[0000000080000304] W[r 0=0000000000000000][0] R[r 1=0000000080002100] R[r 9=01386cce83b77e7f] inst=[0490a427] fsw     fs1, 72(ra)
C0:       1449 [1] pc=[0000000080000308] W[r 0=0000000000000000][0] R[r 1=0000000080002100] R[r10=01386cce83b77e7f] inst=[04a0a827] fsw     fa0, 80(ra)
C0:       1450 [1] pc=[000000008000030c] W[r 0=0000000000000000][0] R[r 1=0000000080002100] R[r12=01386cce83b77e7f] inst=[06c0a027] fsw     fa2, 96(ra)
C0:       1451 [1] pc=[0000000080000310] W[r 0=0000000000000000][0] R[r 1=0000000080002100] R[r13=01386cce83b77e7f] inst=[06d0a427] fsw     fa3, 104(ra)
C0:       1468 [1] pc=[0000000080000314] W[r 0=0000000000000000][0] R[r 1=0000000080002100] R[r21=01386cce83b77e7f] inst=[0b50a427] fsw     fs5, 168(ra)
C0:       1469 [1] pc=[0000000080000318] W[r 0=0000000000000000][0] R[r 1=0000000080002100] R[r22=01386cce83b77e7f] inst=[0b60a827] fsw     fs6, 176(ra)
C0:       1486 [1] pc=[000000008000031c] W[r 0=0000000000000000][0] R[r 1=0000000080002100] R[r25=01386cce83b77e7f] inst=[0d90a427] fsw     fs9, 200(ra)
C0:       1487 [1] pc=[0000000080000320] W[r 0=0000000000000000][0] R[r 1=0000000080002100] R[r26=01386cce83b77e7f] inst=[0da0a827] fsw     fs10, 208(ra)
C0:       1488 [1] pc=[0000000080000324] W[r 0=0000000000000000][0] R[r 1=0000000080002100] R[r28=01386cce83b77e7f] inst=[0fc0a027] fsw     ft8, 224(ra)
C0:       1489 [1] pc=[0000000080000328] W[r 0=0000000000000000][0] R[r 1=0000000080002100] R[r29=01386cce83b77e7f] inst=[0fd0a427] fsw     ft9, 232(ra)
C0:       1490 [1] pc=[000000008000032c] W[r 0=0000000000000000][0] R[r 1=0000000080002100] R[r30=01386cce83b77e7f] inst=[0fe0a827] fsw     ft10, 240(ra)
C0:       1491 [1] pc=[0000000080000330] W[r 0=0000000000000000][0] R[r 1=0000000080002100] R[r31=01386cce83b77e7f] inst=[0ff0ac27] fsw     ft11, 248(ra)
C0:       1492 [1] pc=[0000000080000334] W[r 1=0000000080002334][1] R[r 0=0000000000000000] R[r 0=0000000000000000] inst=[00002097] auipc   ra, 0x2
C0:       1493 [1] pc=[0000000080000338] W[r 1=0000000080002100][1] R[r 1=0000000080002334] R[r 0=0000000000000000] inst=[dcc08093] addi    ra, ra, -564
C0:       1494 [1] pc=[000000008000033c] W[r 0=0000000000000000][0] R[r 1=0000000080002100] R[r 0=0000000000000000] inst=[0000b027] fsd     ft0, 0(ra)
C0:       1516 [1] pc=[0000000080000340] W[r 0=0000000000000000][0] R[r 1=0000000080002100] R[r 3=01386cce83b77e7f] inst=[0030bc27] fsd     ft3, 24(ra)
C0:       1517 [1] pc=[0000000080000344] W[r 0=0000000000000000][0] R[r 1=0000000080002100] R[r 4=01386cce83b77e7f] inst=[0240b027] fsd     ft4, 32(ra)
C0:       1518 [1] pc=[0000000080000348] W[r 0=0000000000000000][0] R[r 1=0000000080002100] R[r 5=01386cce83b77e7f] inst=[0250b427] fsd     ft5, 40(ra)
C0:       1519 [1] pc=[000000008000034c] W[r 0=0000000000000000][0] R[r 1=0000000080002100] R[r 6=01386cce83b77e7f] inst=[0260b827] fsd     ft6, 48(ra)
C0:       1520 [1] pc=[0000000080000350] W[r 0=0000000000000000][0] R[r 1=0000000080002100] R[r 8=01386cce83b77e7f] inst=[0480b027] fsd     fs0, 64(ra)
C0:       1521 [1] pc=[0000000080000354] W[r 0=0000000000000000][0] R[r 1=0000000080002100] R[r11=01386cce83b77e7f] inst=[04b0bc27] fsd     fa1, 88(ra)
C0:       1522 [1] pc=[0000000080000358] W[r 0=0000000000000000][0] R[r 1=0000000080002100] R[r14=01386cce83b77e7f] inst=[06e0b827] fsd     fa4, 112(ra)
C0:       1523 [1] pc=[000000008000035c] W[r 0=0000000000000000][0] R[r 1=0000000080002100] R[r15=01386cce83b77e7f] inst=[06f0bc27] fsd     fa5, 120(ra)
C0:       1524 [1] pc=[0000000080000360] W[r 0=0000000000000000][0] R[r 1=0000000080002100] R[r16=01386cce83b77e7f] inst=[0900b027] fsd     fa6, 128(ra)
C0:       1525 [1] pc=[0000000080000364] W[r 0=0000000000000000][0] R[r 1=0000000080002100] R[r17=01386cce83b77e7f] inst=[0910b427] fsd     fa7, 136(ra)
C0:       1526 [1] pc=[0000000080000368] W[r 0=0000000000000000][0] R[r 1=0000000080002100] R[r18=01386cce83b77e7f] inst=[0920b827] fsd     fs2, 144(ra)
C0:       1527 [1] pc=[000000008000036c] W[r 0=0000000000000000][0] R[r 1=0000000080002100] R[r19=01386cce83b77e7f] inst=[0930bc27] fsd     fs3, 152(ra)
C0:       1528 [1] pc=[0000000080000370] W[r 0=0000000000000000][0] R[r 1=0000000080002100] R[r20=01386cce83b77e7f] inst=[0b40b027] fsd     fs4, 160(ra)
C0:       1529 [1] pc=[0000000080000374] W[r 0=0000000000000000][0] R[r 1=0000000080002100] R[r23=01386cce83b77e7f] inst=[0b70bc27] fsd     fs7, 184(ra)
C0:       1530 [1] pc=[0000000080000378] W[r 0=0000000000000000][0] R[r 1=0000000080002100] R[r24=01386cce83b77e7f] inst=[0d80b027] fsd     fs8, 192(ra)
C0:       1531 [1] pc=[000000008000037c] W[r 0=0000000000000000][0] R[r 1=0000000080002100] R[r27=01386cce83b77e7f] inst=[0db0bc27] fsd     fs11, 216(ra)
C0:       1532 [1] pc=[0000000080000380] W[r 3=0000000000000001][1] R[r 0=0000000000000000] R[r 0=0000000000000000] inst=[00100193] li      gp, 1
C0:       1533 [1] pc=[0000000080000384] W[r30=0000000080001384][1] R[r 0=0000000000000000] R[r 0=0000000000000000] inst=[00001f17] auipc   t5, 0x1
C0:       1550 [1] pc=[0000000080000388] W[r 0=0000000000000000][0] R[r30=0000000080001384] R[r 3=0000000000000001] inst=[c63f2e23] sw      gp, -900(t5)
C0:       1551 [1] pc=[000000008000038c] W[r 0=0000000080000390][1] R[r 0=0000000000000000] R[r 0=0000000000000000] inst=[0000006f] j       pc + 0x0
C0:       1552 [1] pc=[000000008000038c] W[r 0=0000000080000390][1] R[r 0=0000000000000000] R[r 0=0000000000000000] inst=[0000006f] j       pc + 0x0
C0:       1553 [1] pc=[000000008000038c] W[r 0=0000000080000390][1] R[r 0=0000000000000000] R[r 0=0000000000000000] inst=[0000006f] j       pc + 0x0
C0:       1554 [1] pc=[000000008000038c] W[r 0=0000000080000390][1] R[r 0=0000000000000000] R[r 0=0000000000000000] inst=[0000006f] j       pc + 0x0
C0:       1555 [1] pc=[000000008000038c] W[r 0=0000000080000390][1] R[r 0=0000000000000000] R[r 0=0000000000000000] inst=[0000006f] j       pc + 0x0
C0:       1556 [1] pc=[000000008000038c] W[r 0=0000000080000390][1] R[r 0=0000000000000000] R[r 0=0000000000000000] inst=[0000006f] j       pc + 0x0
C0:       1557 [1] pc=[000000008000038c] W[r 0=0000000080000390][1] R[r 0=0000000000000000] R[r 0=0000000000000000] inst=[0000006f] j       pc + 0x0
C0:       1559 [1] pc=[000000008000038c] W[r 0=0000000080000390][1] R[r 0=0000000000000000] R[r 0=0000000000000000] inst=[0000006f] j       pc + 0x0
C0:       1560 [1] pc=[000000008000038c] W[r 0=0000000080000390][1] R[r 0=0000000000000000] R[r 0=0000000000000000] inst=[0000006f] j       pc + 0x0
C0:       1561 [1] pc=[000000008000038c] W[r 0=0000000080000390][1] R[r 0=0000000000000000] R[r 0=0000000000000000] inst=[0000006f] j       pc + 0x0
C0:       1563 [1] pc=[000000008000038c] W[r 0=0000000080000390][1] R[r 0=0000000000000000] R[r 0=0000000000000000] inst=[0000006f] j       pc + 0x0
C0:       1565 [1] pc=[000000008000038c] W[r 0=0000000080000390][1] R[r 0=0000000000000000] R[r 0=0000000000000000] inst=[0000006f] j       pc + 0x0
C0:       1566 [1] pc=[000000008000038c] W[r 0=0000000080000390][1] R[r 0=0000000000000000] R[r 0=0000000000000000] inst=[0000006f] j       pc + 0x0
C0:       1567 [1] pc=[000000008000038c] W[r 0=0000000080000390][1] R[r 0=0000000000000000] R[r 0=0000000000000000] inst=[0000006f] j       pc + 0x0
C0:       1569 [1] pc=[000000008000038c] W[r 0=0000000080000390][1] R[r 0=0000000000000000] R[r 0=0000000000000000] inst=[0000006f] j       pc + 0x0
C0:       1571 [1] pc=[000000008000038c] W[r 0=0000000080000390][1] R[r 0=0000000000000000] R[r 0=0000000000000000] inst=[0000006f] j       pc + 0x0
C0:       1572 [1] pc=[000000008000038c] W[r 0=0000000080000390][1] R[r 0=0000000000000000] R[r 0=0000000000000000] inst=[0000006f] j       pc + 0x0
C0:       1573 [1] pc=[000000008000038c] W[r 0=0000000080000390][1] R[r 0=0000000000000000] R[r 0=0000000000000000] inst=[0000006f] j       pc + 0x0
C0:       1575 [1] pc=[000000008000038c] W[r 0=0000000080000390][1] R[r 0=0000000000000000] R[r 0=0000000000000000] inst=[0000006f] j       pc + 0x0
C0:       1577 [1] pc=[000000008000038c] W[r 0=0000000080000390][1] R[r 0=0000000000000000] R[r 0=0000000000000000] inst=[0000006f] j       pc + 0x0
C0:       1578 [1] pc=[000000008000038c] W[r 0=0000000080000390][1] R[r 0=0000000000000000] R[r 0=0000000000000000] inst=[0000006f] j       pc + 0x0
C0:       1579 [1] pc=[000000008000038c] W[r 0=0000000080000390][1] R[r 0=0000000000000000] R[r 0=0000000000000000] inst=[0000006f] j       pc + 0x0
C0:       1581 [1] pc=[000000008000038c] W[r 0=0000000080000390][1] R[r 0=0000000000000000] R[r 0=0000000000000000] inst=[0000006f] j       pc + 0x0
C0:       1583 [1] pc=[000000008000038c] W[r 0=0000000080000390][1] R[r 0=0000000000000000] R[r 0=0000000000000000] inst=[0000006f] j       pc + 0x0
C0:       1584 [1] pc=[000000008000038c] W[r 0=0000000080000390][1] R[r 0=0000000000000000] R[r 0=0000000000000000] inst=[0000006f] j       pc + 0x0
C0:       1585 [1] pc=[000000008000038c] W[r 0=0000000080000390][1] R[r 0=0000000000000000] R[r 0=0000000000000000] inst=[0000006f] j       pc + 0x0
C0:       1587 [1] pc=[000000008000038c] W[r 0=0000000080000390][1] R[r 0=0000000000000000] R[r 0=0000000000000000] inst=[0000006f] j       pc + 0x0
C0:       1589 [1] pc=[000000008000038c] W[r 0=0000000080000390][1] R[r 0=0000000000000000] R[r 0=0000000000000000] inst=[0000006f] j       pc + 0x0
C0:       1590 [1] pc=[000000008000038c] W[r 0=0000000080000390][1] R[r 0=0000000000000000] R[r 0=0000000000000000] inst=[0000006f] j       pc + 0x0
C0:       1591 [1] pc=[000000008000038c] W[r 0=0000000080000390][1] R[r 0=0000000000000000] R[r 0=0000000000000000] inst=[0000006f] j       pc + 0x0
C0:       1593 [1] pc=[000000008000038c] W[r 0=0000000080000390][1] R[r 0=0000000000000000] R[r 0=0000000000000000] inst=[0000006f] j       pc + 0x0
C0:       1595 [1] pc=[000000008000038c] W[r 0=0000000080000390][1] R[r 0=0000000000000000] R[r 0=0000000000000000] inst=[0000006f] j       pc + 0x0
C0:       1596 [1] pc=[000000008000038c] W[r 0=0000000080000390][1] R[r 0=0000000000000000] R[r 0=0000000000000000] inst=[0000006f] j       pc + 0x0
C0:       1597 [1] pc=[000000008000038c] W[r 0=0000000080000390][1] R[r 0=0000000000000000] R[r 0=0000000000000000] inst=[0000006f] j       pc + 0x0
C0:       1599 [1] pc=[000000008000038c] W[r 0=0000000080000390][1] R[r 0=0000000000000000] R[r 0=0000000000000000] inst=[0000006f] j       pc + 0x0
C0:       1601 [1] pc=[000000008000038c] W[r 0=0000000080000390][1] R[r 0=0000000000000000] R[r 0=0000000000000000] inst=[0000006f] j       pc + 0x0
C0:       1602 [1] pc=[000000008000038c] W[r 0=0000000080000390][1] R[r 0=0000000000000000] R[r 0=0000000000000000] inst=[0000006f] j       pc + 0x0
C0:       1603 [1] pc=[000000008000038c] W[r 0=0000000080000390][1] R[r 0=0000000000000000] R[r 0=0000000000000000] inst=[0000006f] j       pc + 0x0
C0:       1605 [1] pc=[000000008000038c] W[r 0=0000000080000390][1] R[r 0=0000000000000000] R[r 0=0000000000000000] inst=[0000006f] j       pc + 0x0
C0:       1607 [1] pc=[000000008000038c] W[r 0=0000000080000390][1] R[r 0=0000000000000000] R[r 0=0000000000000000] inst=[0000006f] j       pc + 0x0
C0:       1608 [1] pc=[000000008000038c] W[r 0=0000000080000390][1] R[r 0=0000000000000000] R[r 0=0000000000000000] inst=[0000006f] j       pc + 0x0
C0:       1609 [1] pc=[000000008000038c] W[r 0=0000000080000390][1] R[r 0=0000000000000000] R[r 0=0000000000000000] inst=[0000006f] j       pc + 0x0
C0:       1611 [1] pc=[000000008000038c] W[r 0=0000000080000390][1] R[r 0=0000000000000000] R[r 0=0000000000000000] inst=[0000006f] j       pc + 0x0
C0:       1613 [1] pc=[000000008000038c] W[r 0=0000000080000390][1] R[r 0=0000000000000000] R[r 0=0000000000000000] inst=[0000006f] j       pc + 0x0
C0:       1614 [1] pc=[000000008000038c] W[r 0=0000000080000390][1] R[r 0=0000000000000000] R[r 0=0000000000000000] inst=[0000006f] j       pc + 0x0
C0:       1615 [1] pc=[000000008000038c] W[r 0=0000000080000390][1] R[r 0=0000000000000000] R[r 0=0000000000000000] inst=[0000006f] j       pc + 0x0
C0:       1617 [1] pc=[000000008000038c] W[r 0=0000000080000390][1] R[r 0=0000000000000000] R[r 0=0000000000000000] inst=[0000006f] j       pc + 0x0
C0:       1619 [1] pc=[000000008000038c] W[r 0=0000000080000390][1] R[r 0=0000000000000000] R[r 0=0000000000000000] inst=[0000006f] j       pc + 0x0
C0:       1620 [1] pc=[000000008000038c] W[r 0=0000000080000390][1] R[r 0=0000000000000000] R[r 0=0000000000000000] inst=[0000006f] j       pc + 0x0
C0:       1621 [1] pc=[000000008000038c] W[r 0=0000000080000390][1] R[r 0=0000000000000000] R[r 0=0000000000000000] inst=[0000006f] j       pc + 0x0
C0:       1623 [1] pc=[000000008000038c] W[r 0=0000000080000390][1] R[r 0=0000000000000000] R[r 0=0000000000000000] inst=[0000006f] j       pc + 0x0
C0:       1625 [1] pc=[000000008000038c] W[r 0=0000000080000390][1] R[r 0=0000000000000000] R[r 0=0000000000000000] inst=[0000006f] j       pc + 0x0
C0:       1626 [1] pc=[000000008000038c] W[r 0=0000000080000390][1] R[r 0=0000000000000000] R[r 0=0000000000000000] inst=[0000006f] j       pc + 0x0
C0:       1627 [1] pc=[000000008000038c] W[r 0=0000000080000390][1] R[r 0=0000000000000000] R[r 0=0000000000000000] inst=[0000006f] j       pc + 0x0
C0:       1629 [1] pc=[000000008000038c] W[r 0=0000000080000390][1] R[r 0=0000000000000000] R[r 0=0000000000000000] inst=[0000006f] j       pc + 0x0
C0:       1631 [1] pc=[000000008000038c] W[r 0=0000000080000390][1] R[r 0=0000000000000000] R[r 0=0000000000000000] inst=[0000006f] j       pc + 0x0
C0:       1632 [1] pc=[000000008000038c] W[r 0=0000000080000390][1] R[r 0=0000000000000000] R[r 0=0000000000000000] inst=[0000006f] j       pc + 0x0
C0:       1633 [1] pc=[000000008000038c] W[r 0=0000000080000390][1] R[r 0=0000000000000000] R[r 0=0000000000000000] inst=[0000006f] j       pc + 0x0
C0:       1635 [1] pc=[000000008000038c] W[r 0=0000000080000390][1] R[r 0=0000000000000000] R[r 0=0000000000000000] inst=[0000006f] j       pc + 0x0
C0:       1637 [1] pc=[000000008000038c] W[r 0=0000000080000390][1] R[r 0=0000000000000000] R[r 0=0000000000000000] inst=[0000006f] j       pc + 0x0
C0:       1638 [1] pc=[000000008000038c] W[r 0=0000000080000390][1] R[r 0=0000000000000000] R[r 0=0000000000000000] inst=[0000006f] j       pc + 0x0
C0:       1639 [1] pc=[000000008000038c] W[r 0=0000000080000390][1] R[r 0=0000000000000000] R[r 0=0000000000000000] inst=[0000006f] j       pc + 0x0
C0:       1641 [1] pc=[000000008000038c] W[r 0=0000000080000390][1] R[r 0=0000000000000000] R[r 0=0000000000000000] inst=[0000006f] j       pc + 0x0
C0:       1643 [1] pc=[000000008000038c] W[r 0=0000000080000390][1] R[r 0=0000000000000000] R[r 0=0000000000000000] inst=[0000006f] j       pc + 0x0
C0:       1644 [1] pc=[000000008000038c] W[r 0=0000000080000390][1] R[r 0=0000000000000000] R[r 0=0000000000000000] inst=[0000006f] j       pc + 0x0
C0:       1645 [1] pc=[000000008000038c] W[r 0=0000000080000390][1] R[r 0=0000000000000000] R[r 0=0000000000000000] inst=[0000006f] j       pc + 0x0
C0:       1647 [1] pc=[000000008000038c] W[r 0=0000000080000390][1] R[r 0=0000000000000000] R[r 0=0000000000000000] inst=[0000006f] j       pc + 0x0
C0:       1649 [1] pc=[000000008000038c] W[r 0=0000000080000390][1] R[r 0=0000000000000000] R[r 0=0000000000000000] inst=[0000006f] j       pc + 0x0
C0:       1650 [1] pc=[000000008000038c] W[r 0=0000000080000390][1] R[r 0=0000000000000000] R[r 0=0000000000000000] inst=[0000006f] j       pc + 0x0
C0:       1651 [1] pc=[000000008000038c] W[r 0=0000000080000390][1] R[r 0=0000000000000000] R[r 0=0000000000000000] inst=[0000006f] j       pc + 0x0
C0:       1653 [1] pc=[000000008000038c] W[r 0=0000000080000390][1] R[r 0=0000000000000000] R[r 0=0000000000000000] inst=[0000006f] j       pc + 0x0
C0:       1655 [1] pc=[000000008000038c] W[r 0=0000000080000390][1] R[r 0=0000000000000000] R[r 0=0000000000000000] inst=[0000006f] j       pc + 0x0
C0:       1656 [1] pc=[000000008000038c] W[r 0=0000000080000390][1] R[r 0=0000000000000000] R[r 0=0000000000000000] inst=[0000006f] j       pc + 0x0
C0:       1657 [1] pc=[000000008000038c] W[r 0=0000000080000390][1] R[r 0=0000000000000000] R[r 0=0000000000000000] inst=[0000006f] j       pc + 0x0
C0:       1659 [1] pc=[000000008000038c] W[r 0=0000000080000390][1] R[r 0=0000000000000000] R[r 0=0000000000000000] inst=[0000006f] j       pc + 0x0
C0:       1661 [1] pc=[000000008000038c] W[r 0=0000000080000390][1] R[r 0=0000000000000000] R[r 0=0000000000000000] inst=[0000006f] j       pc + 0x0
C0:       1662 [1] pc=[000000008000038c] W[r 0=0000000080000390][1] R[r 0=0000000000000000] R[r 0=0000000000000000] inst=[0000006f] j       pc + 0x0
*** PASSED *** Completed after               337286 simulation cycles
